F1 33 00 88 00 1A 07 EA FF DD 00 04 FF F7 00 EF 03 6D 58 B9 
F1 34 00 88 00 18 07 F3 FF DE 00 02 FF F8 FF 13 04 02 BF FD 
F3 35 00 82 00 18 07 F0 FF DE 00 01 FF F9 00 3A 0A E2 B2 3C 
F1 36 00 8C 00 0C 07 B9 FF DF 00 02 FF F8 00 EC 04 2E DA 77 
F1 37 00 8F 00 0C 07 E5 FF DE 00 02 FF F8 FF 16 06 45 F4 2D 
F3 38 00 8B 00 0C 07 F1 FF DF 00 00 FF F6 00 3B 07 40 C6 D0 
F1 39 00 8B 00 08 07 EB FF DF 00 04 FF F8 00 E5 07 D9 16 B7 
F1 3A 00 8C 00 0F 07 D4 FF DE 00 03 FF F9 FF 12 0A 94 7B 18 
F3 3B 00 7D 00 15 07 A3 FF DF 00 03 FF F9 00 3C 06 47 1E F3 
F1 3C 00 83 00 1C 07 C6 FF DF 00 02 FF F7 00 EB 01 ED F3 D7 
F1 3D 00 85 00 17 07 F2 FF DD 00 02 FF F9 FF 15 09 CF 68 17 
F3 3E 00 89 00 0F 07 DC FF E0 00 01 FF F9 00 39 05 9F 24 44 
F1 3F 00 84 00 19 07 DD FF E0 00 03 FF F8 00 F4 0B 2F BD B8 
F1 40 00 7C 00 14 07 BA FF DE 00 03 FF F7 FF 17 01 5D F5 17 
F3 41 00 7E 00 0D 07 B8 FF DE 00 02 FF F8 00 3C 01 F3 14 79 
F1 42 00 9A 00 06 07 DA FF DE 00 03 FF F7 00 EC 08 31 DC D8 
F1 43 00 93 00 14 07 CE FF DF 00 02 FF F9 FF 13 06 81 41 75 
F3 44 00 8A 00 16 07 C2 FF DF 00 01 FF F9 00 3E 03 B4 B3 11 
F1 45 00 90 00 19 07 AA FF DE 00 03 FF F7 00 E9 06 62 0A F7 
F1 46 00 88 00 14 07 DD FF DF 00 03 FF F7 FF 15 01 A9 4C A6 
F3 47 00 7E 00 1C 07 D0 FF DF 00 02 FF F8 00 36 0A 20 62 C5 
F1 48 00 83 00 14 07 C3 FF DD 00 02 FF F7 00 ED 00 05 53 DC 
F1 49 00 92 00 11 07 D3 FF DE 00 02 FF F8 FF 17 03 93 27 1A 
F3 4A 00 9B 00 14 07 CE FF DF 00 02 FF F8 00 3D 07 D8 85 59 
F1 4B 00 7C 00 12 07 D5 FF DF 00 01 FF F8 00 EC 00 80 36 0E 
F1 4C 00 90 00 1A 07 BF FF DF 00 02 FF F9 FF 15 08 E4 1D A8 
F3 4D 00 8A 00 1A 07 DA FF DE 00 01 FF F7 00 3A 03 AF 86 B6 
F1 4E 00 88 00 22 07 E8 FF DF 00 01 FF F9 00 E8 06 15 B3 63 
F1 4F 00 76 00 1D 07 FE FF E0 00 03 FF F9 FF 17 09 91 E8 2A 
F3 50 00 88 00 19 07 D1 FF DF 00 03 FF F9 00 39 01 53 41 0C 
F1 51 00 89 00 11 07 D2 FF DF 00 01 FF F8 00 EC 08 C9 A0 4C 
F1 52 00 85 00 09 07 E9 FF DF 00 02 FF F8 FF 14 02 09 FA 15 
F3 53 00 7E 00 18 07 DC FF DE 00 02 FF F8 00 3C 02 AA 5C A1 
F1 54 00 84 00 18 07 D0 FF DF 00 03 FF F8 00 E7 07 E2 1A 82 
F1 55 00 8D 00 23 07 D9 FF DF 00 03 FF F7 FF 16 02 95 0D 80 
F3 56 00 87 00 14 07 E7 FF E0 00 02 FF F8 00 39 03 F6 C4 FE 
F1 57 00 89 00 12 07 E2 FF DF 00 02 FF F8 00 E9 05 EC C3 0B 
F1 58 00 92 00 11 07 E2 FF E0 00 02 FF F8 FF 13 03 5F 4D 82 
F3 59 00 93 00 03 07 BF FF DD 00 01 FF F8 00 37 0B 0B 55 0B 
F1 5A 00 81 00 14 07 C9 FF DF 00 03 FF F9 00 E6 06 86 69 EF 
F1 5B 00 91 00 19 07 B7 FF DF 00 02 FF F8 FF 12 06 6A CE 58 
F3 5C 00 89 00 04 07 C5 FF DF 00 01 FF F7 00 35 06 57 71 0B 
F1 5D 00 8B 00 18 07 D0 FF DF 00 03 FF F7 00 E9 02 3F 49 7F 
F1 5E 00 8F 00 19 07 DC FF E0 00 05 FF F7 FF 16 0A 74 6C F4 
F3 5F 00 A1 00 11 07 CD FF DD 00 03 FF F9 00 3D 04 8D C2 50 
F1 60 00 86 00 0A 07 BF FF E0 00 00 FF F8 00 EC 03 F0 75 AC 
F1 61 00 88 00 01 07 DE FF E0 00 03 FF F8 FF 14 09 9A 9D 8C 
F3 62 00 97 00 0B 07 CA FF E0 00 02 FF F7 00 35 05 8C D8 00 
F1 63 00 83 00 26 07 E9 FF DD 00 02 FF F7 00 E8 07 A1 47 BC 
F1 64 00 90 00 0D 07 E1 FF E0 00 03 FF F9 FF 13 06 CF E8 05 
F3 65 00 7E 00 06 07 E1 FF DE 00 03 FF F8 00 38 03 D9 43 C8 
F1 66 00 8A 00 0F 07 CF FF DE 00 01 FF F9 00 E7 0A 4D F9 11 
F1 67 00 92 00 0D 07 B4 FF DE 00 02 FF F7 FF 14 04 7E A8 A8 
F3 68 00 83 00 1E 07 E2 FF DD 00 02 FF F8 00 33 05 20 FC 6C 
F1 69 00 89 00 0C 07 D8 FF DE 00 01 FF F8 00 ED 05 55 B2 38 
F1 6A 00 8C 00 1C 07 C3 FF E0 00 02 FF F9 FF 16 08 35 98 F1 
F3 6B 00 8A 00 15 07 E9 FF DF 00 01 FF F8 00 3C 0A 67 40 B1 
F1 6C 00 92 00 20 07 C8 FF DE 00 03 FF F9 00 F5 05 E8 4B 1C 
F1 6D 00 84 00 15 07 DE FF DF 00 02 FF F9 FF 16 04 5C 29 2A 
F3 6E 00 9A 00 08 07 CA FF DD 00 02 FF F7 00 3A 09 42 3A D9 
F1 6F 00 8D 00 1A 07 E2 FF E0 00 03 FF F8 00 F7 0A 1F B5 E7 
F1 70 00 91 00 1B 07 F1 FF DF 00 02 FF F7 FF 13 0C 72 55 B0 
F3 71 00 85 00 0C 07 DD FF DF 00 02 FF F9 00 37 05 91 4C FE 
F1 72 00 8B 00 20 07 DD FF DE 00 01 FF F7 00 EC 00 29 EF 60 
F1 73 00 87 00 0D 07 E1 FF DE 00 02 FF F7 FF 18 0A 38 68 6F 
F3 74 00 95 FF FF 07 D3 FF DF 00 01 FF F7 00 3D 08 09 01 FF 
F1 75 00 87 00 17 07 F2 FF DE 00 03 FF F8 00 EF 07 FE 8F E3 
F1 76 00 92 00 07 07 C6 FF DD 00 03 FF F9 FF 18 02 37 60 51 
F3 77 00 70 00 17 07 CE FF DF 00 03 FF F7 00 40 05 C0 29 70 
F1 78 00 7B 00 06 07 CD FF DF 00 02 FF F6 00 F0 0B 89 D5 ED 
F1 79 00 8B 00 02 07 D5 FF DF 00 02 FF F9 FF 16 06 4B 29 0D 
F3 7A 00 84 FF FD 07 E9 FF DE 00 02 FF F7 00 38 06 65 25 1D 
F1 7B 00 90 00 0B 07 DA FF DE 00 03 FF F7 00 E7 03 B5 B5 26 
F1 7C 00 8D 00 11 07 D3 FF DF 00 02 FF F8 FF 17 0A 7B 6A B6 
F3 7D 00 7E 00 12 07 F4 FF DD 00 03 FF F8 00 39 09 E0 47 36 
F1 7E 00 83 00 24 07 D9 FF DF 00 01 FF F8 00 E0 08 72 C1 DB 
F1 7F 00 86 00 0E 07 EB FF DE 00 01 FF F8 FF 15 05 B1 20 26 
F3 80 00 86 00 14 07 CE FF DE 00 02 FF F8 00 3B 0C C0 E1 40 
F1 81 00 82 00 26 07 DC FF DD 00 02 FF F8 00 ED 0C 06 9D 3D 
F1 82 00 7C 00 03 07 D3 FF E0 00 02 FF F9 FF 17 0A 21 87 56 
F3 83 00 90 00 06 07 C9 FF DF 00 02 FF F8 00 3C 03 AC 2E EF 
F1 84 00 8A 00 1E 07 C4 FF E0 00 03 FF F8 00 EB 14 26 20 6F 
F1 85 00 8B 00 11 07 CE FF DC 00 02 FF F7 FF 15 1D F2 43 05 
F3 86 00 92 00 07 07 E1 FF DE 00 02 FF F7 00 3E 1C F7 65 A2 
F1 87 00 94 00 0D 07 E8 FF DF 00 02 FF F8 00 F0 0D 92 17 5E 
F1 88 00 85 00 14 07 AA FF E0 00 02 FF F7 FF 16 0D B5 BA 65 
F3 89 00 83 00 20 07 D9 FF DE 00 01 FF F7 00 3B 11 50 4A E0 
F1 8A 00 85 00 15 07 D1 FF E0 00 01 FF F8 00 E9 17 B4 7A 06 
F1 8B 00 9A 00 12 07 CF FF DF 00 03 FF F8 FF 17 11 05 15 EA 
F3 8C 00 92 00 0E 07 C9 FF DE 00 02 FF FA 00 3F 13 D8 56 42 
F1 8D 00 82 00 0F 07 D0 FF DF 00 04 FF F6 00 EC 0C 61 4A A6 
F1 8E 00 84 00 19 07 DB FF DE 00 03 FF F8 FF 15 0C 8E E9 2E 
F3 8F 00 88 00 1E 07 CE FF DE 00 02 FF F9 00 35 07 34 A6 7D 
F1 90 00 87 00 0B 07 E7 FF DE 00 00 FF F7 00 E8 10 08 81 21 
F1 91 00 90 00 0F 07 D9 FF DF 00 03 FF F9 FF 18 0E D3 00 DC 
F3 92 00 8F 00 0A 07 F5 FF DE 00 04 FF F7 00 3F 08 24 89 F8 
F1 93 00 8A 00 07 07 FA FF DF 00 02 FF F7 00 EF 0E 23 69 63 
F1 94 00 7A 00 17 07 DB FF DF 00 03 FF F7 FF 15 07 44 A3 47 
F3 95 00 84 00 10 07 D4 FF DF 00 03 FF F8 00 37 05 6A 3B 44 
F1 96 00 96 00 10 07 EA FF DF 00 02 FF F9 00 EA 11 63 3E 24 
F1 97 00 7E 00 1C 07 CD FF DF 00 03 FF F7 FF 16 0A 41 16 4C 
F3 98 00 93 00 0E 07 B0 FF DF 00 03 FF F9 00 3A 14 ED CD 63 
F1 99 00 7D 00 0E 07 E2 FF DE 00 02 FF F7 00 EA 04 3B DF 0E 
F1 9A 00 81 00 0C 07 C6 FF DF 00 03 FF F8 FF 15 09 6F 50 F7 
F3 9B 00 7E 00 0F 07 DB FF E0 00 02 FF F8 00 3C 0E CC 68 C4 
F1 9C 00 A2 00 14 07 DB FF DE 00 02 FF F6 00 ED 0E A5 53 F2 
F1 9D 00 84 00 18 07 C4 FF DF 00 03 FF F8 FF 19 0F 9E 84 44 
F3 9E 00 7C 00 14 07 C6 FF DF 00 04 FF F9 00 3F 07 E1 AB A4 
F1 9F 00 94 00 11 07 C9 FF E0 00 03 FF F8 00 F1 0B 99 1C F5 
F1 A0 00 7A 00 1E 07 EF FF DE 00 03 FF F7 FF 13 11 99 C8 73 
F3 A1 00 7E 00 08 07 E4 FF DF 00 04 FF F7 00 36 08 B1 38 B8 
F1 A2 00 91 00 11 07 EC FF DF 00 01 FF F6 00 F0 05 11 3B 14 
F1 A3 00 94 00 1E 07 CF FF DE 00 01 FF FA FF 14 07 FB 60 36 
F3 A4 00 8D 00 0F 07 D4 FF DE 00 01 FF F7 00 39 04 F7 C3 E7 
F1 A5 00 82 00 1E 07 D8 FF DE 00 02 FF F8 00 F3 0A AE 68 14 
F1 A6 00 86 00 1C 07 CD FF DE 00 02 FF F7 FF 13 FF B8 84 DD 
F3 A7 00 86 00 14 07 E0 FF DE 00 02 FF F7 00 43 03 6B 56 03 
F1 A8 00 8B 00 0D 07 E0 FF DF 00 03 FF F8 00 EB 07 F0 C5 E8 
F1 A9 00 95 00 1B 07 D0 FF DF 00 02 FF F8 FF 15 04 5E 06 D0 
F3 AA 00 92 00 03 07 F6 FF DE 00 01 FF F6 00 39 16 75 4D 57 
F1 AB 00 87 00 14 07 E5 FF DF 00 01 FF F8 00 E8 0B 2D FF B4 
F1 AC 00 92 FF FF 07 D8 FF DE 00 02 FF F8 FF 17 0B 1A 69 BF 
F3 AD 00 86 00 19 07 F4 FF DF 00 04 FF F8 00 39 0E 53 4E 08 
F1 AE 00 81 00 15 07 B7 FF DE 00 01 FF F7 00 EC 01 37 80 27 
F1 AF 00 A0 00 1D 07 F6 FF E1 00 02 FF F9 FF 15 0A 15 A1 2D 
F3 B0 00 7C 00 0F 07 DF FF DF 00 01 FF F8 00 3D 09 2E 39 71 
F1 B1 00 87 FF F4 07 DF FF DE 00 02 FF F8 00 EC 0E B5 D6 B2 
F1 B2 00 85 00 14 07 C6 FF DF 00 03 FF F9 FF 10 0E 83 89 2D 
F3 B3 00 A1 00 0D 07 D5 FF E0 00 03 FF F8 00 3A 05 2A 2E FA 
F1 B4 00 82 00 19 07 FB FF DD 00 00 FF F7 00 EA 0D A0 F3 8A 
F1 B5 00 8B 00 20 07 F6 FF DE 00 02 FF F9 FF 13 04 A8 BB 4B 
F3 B6 00 88 00 20 07 D8 FF DF 00 01 FF F7 00 3A 06 00 9D 76 
F1 B7 00 8D 00 0D 07 E7 FF E0 00 03 FF F9 00 EA 0B CB E2 E3 
F1 B8 00 85 00 14 07 E4 FF DF 00 03 FF F7 FF 16 07 62 0F AF 
F3 B9 00 82 00 01 07 CF FF DF 00 03 FF F9 00 3C 06 FD 35 86 
F1 BA 00 84 00 1E 07 C9 FF DF 00 02 FF F9 00 FB 04 D9 1D 18 
F1 BB 00 92 00 26 07 E5 FF DE 00 01 FF F8 FF 12 07 02 3F 98 
F3 BC 00 93 00 16 07 C6 FF DD 00 02 FF F9 00 40 0A 44 80 11 
F1 BD 00 8C 00 22 07 E1 FF E0 00 02 FF F8 00 F2 04 DD 6D 3E 
F1 BE 00 85 00 09 07 CD FF DF 00 02 FF F7 FF 17 02 A3 59 B7 
F3 BF 00 91 00 1D 07 D3 FF DD 00 01 FF F7 00 3C 0A C0 8F 6D 
F1 C0 00 86 00 10 07 F2 FF DC 00 02 FF F8 00 EC 05 98 27 22 
F1 C1 00 89 00 28 07 EA FF DF 00 01 FF F8 FF 13 09 8A A9 3F 
F3 C2 00 89 00 0C 07 DF FF DE 00 02 FF F9 00 35 05 9C E7 79 
F1 C3 00 82 00 0A 07 C8 FF DE 00 01 FF F9 00 E6 03 C9 74 E3 
F1 C4 00 82 00 1B 07 C7 FF DE 00 04 FF F7 FF 15 09 84 EF A5 
F3 C5 00 88 00 0C 07 D1 FF DF 00 03 FF F8 00 3D 06 DF 15 17 
F1 C6 00 85 00 0D 07 F3 FF E0 00 01 FF F8 00 EF 0A AE A5 49 
F1 C7 00 9A 00 20 07 D5 FF DF 00 02 FF F8 FF 17 07 AB 0A FC 
F3 C8 00 8F 00 12 07 D4 FF DF 00 03 FF F9 00 39 0A 59 60 C3 
F1 C9 00 96 00 12 07 D5 FF DE 00 03 FF F8 00 E7 0B 94 9B 2F 
F1 CA 00 9D 00 11 07 C2 FF DE 00 01 FF F8 FF 17 04 45 DE 3C 
F3 CB 00 7A 00 1C 07 F1 FF DE 00 01 FF F8 00 39 04 83 06 C2 
F1 CC 00 89 00 0C 07 D3 FF E0 00 03 FF F8 00 E6 06 AC CB 2E 
F1 CD 00 92 FF FE 07 BC FF DE 00 01 FF F8 FF 13 0A B0 E4 03 
F3 CE 00 8F 00 17 07 D9 FF DD 00 02 FF F7 00 39 0C FD 87 A7 
F1 CF 00 7B 00 0E 07 B9 FF DE 00 03 FF F7 00 ED 02 B1 61 25 
F1 D0 00 88 00 12 07 DF FF DD 00 02 FF F8 FF 12 04 F2 65 3F 
F3 D1 00 85 00 18 07 CA FF DE 00 02 FF F8 00 3B 0A C0 81 94 
F1 D2 00 87 00 11 07 E4 FF DF 00 01 FF F7 00 F0 0C 5C D2 DC 
F1 D3 00 8B 00 1B 07 E5 FF DC 00 02 FF F8 FF 12 0E 92 6C 31 
F3 D4 00 86 00 16 07 D4 FF DF 00 04 FF F8 00 39 06 EB 47 AF 
F1 D5 00 7C 00 0B 07 EB FF DE 00 02 FF F8 00 EF 0C AF 33 FA 
F1 D6 00 81 00 1B 07 DF FF DE 00 02 FF F9 FF 14 10 79 1A 12 
F3 D7 00 87 00 19 07 E7 FF DE 00 03 FF F8 00 3A 0A 05 6C 20 
F1 D8 00 8A 00 0E 07 E6 FF DD 00 03 FF F8 00 E6 07 D5 FF B3 
F1 D9 00 91 00 0F 07 DE FF E0 00 03 FF F9 FF 15 05 E1 9C 65 
F3 DA 00 7F 00 0A 07 C8 FF DF 00 02 FF F8 00 39 08 F0 19 08 
F1 DB 00 79 00 11 07 E8 FF E0 00 01 FF F7 00 E1 04 37 A6 2D 
F1 DC 00 84 00 11 07 D8 FF DE 00 03 FF F7 FF 14 16 D2 F8 47 
F3 DD 00 89 00 10 07 E1 FF E0 00 02 FF F7 00 3A 34 BA AE 54 
F1 DE 00 83 00 29 07 EB FF E0 00 03 FF F9 00 EF 2C F6 88 4A 
F1 DF 00 94 00 1C 07 E1 FF DD 00 02 FF F7 FF 17 2F 58 0A 45 
F3 E0 00 97 00 08 07 BB FF DE 00 04 FF F7 00 38 2E B0 EC 70 
F1 E1 00 85 00 0D 07 AD FF E0 00 01 FF F7 00 F6 21 34 E9 93 
F1 E2 00 86 00 04 07 C1 FF DF 00 02 FF F7 FF 18 2D A2 8A 9A 
F3 E3 00 8C 00 1C 07 EC FF DE 00 03 FF F9 00 3F 25 6E D9 C5 
F1 E4 00 86 00 1A 07 BA FF DE 00 01 FF F6 00 E6 12 E5 1C 3D 
F1 E5 00 87 00 1C 07 DD FF E0 00 02 FF F6 FF 17 0E ED ED 7A 
F3 E6 00 91 00 19 07 CA FF DD 00 03 FF F7 00 3B 1D 58 29 EB 
F1 E7 00 89 00 0C 07 C7 FF DD 00 00 FF FA 00 ED 1C 22 1F 5F 
F1 E8 00 90 00 1F 07 CA FF DF 00 03 FF F8 FF 15 17 98 5E 1E 
F3 E9 00 78 00 21 07 CE FF DF 00 01 FF F7 00 39 24 5D F0 6E 
F1 EA 00 91 00 0C 07 DA FF DF 00 02 FF F8 00 F3 22 43 3C 2F 
F1 EB 00 90 00 12 07 D2 FF DD 00 02 FF F8 FF 13 2B F8 33 E7 
F3 EC 00 92 00 28 07 E2 FF DD 00 01 FF F9 00 3D 3E 45 97 93 
F1 ED 00 87 00 10 07 DC FF DD 00 04 FF F9 00 EA 35 02 ED 37 
F1 EE 00 9E 00 14 07 C9 FF DF 00 02 FF F8 FF 16 17 36 C4 6C 
F3 EF 00 87 00 14 07 D1 FF DC 00 02 FF F9 00 3A 16 23 5A F9 
F1 F0 00 87 00 09 07 BD FF DE 00 01 FF F8 00 F5 0A 47 D5 0D 
F1 F1 00 87 00 0C 07 ED FF DE 00 02 FF F8 FF 16 1A 9B F7 0B 
F3 F2 00 8C 00 12 07 C8 FF DD 00 01 FF F8 00 3C 21 C0 8E 6C 
F1 F3 00 87 00 07 07 D0 FF DE 00 04 FF F7 00 E5 22 39 EA 1E 
F1 F4 00 85 00 0C 07 C5 FF DE 00 01 FF F9 FF 14 11 7D BC ED 
F3 F5 00 82 00 11 07 EF FF E0 00 02 FF F8 00 3B 0C 86 EE 15 
F1 F6 00 84 00 11 08 00 FF DE 00 02 FF F9 00 F0 19 83 51 CF 
F1 F7 00 85 00 07 07 DB FF DF 00 02 FF F8 FF 17 0B B4 2B 0E 
F3 F8 00 88 00 1E 07 C8 FF DF 00 03 FF F7 00 36 0D 8C 73 82 
F1 F9 00 86 00 19 07 E0 FF DE 00 02 FF F6 00 EB 0E 44 73 30 
F1 FA 00 75 00 0B 07 DC FF DC 00 02 FF F7 FF 11 11 5F 2F 5B 
F3 FB 00 7F 00 0E 07 E9 FF DE 00 03 FF F9 00 3B 20 14 E7 E0 
F1 FC 00 93 00 0A 07 C9 FF DF 00 02 FF F8 00 E7 1B FC D9 8D 
F1 FD 00 7E 00 0D 07 F6 FF DD 00 01 FF F9 FF 13 13 86 10 E6 
F3 FE 00 92 00 1F 07 E7 FF DF 00 01 FF F9 00 36 30 B2 5A ED 
F1 FF 00 74 00 1F 07 E8 FF DF 00 01 FF F8 00 E9 20 93 D0 DF 
F1 00 00 91 00 11 07 E6 FF E0 00 02 FF F7 FF 13 0E C1 6F 27 
F3 01 00 82 00 0E 07 D8 FF DE 00 03 FF F9 00 41 09 C4 1B 71 
F1 02 00 91 00 0A 07 C8 FF DE 00 03 FF F8 00 F0 0A 45 90 4F 
F1 03 00 91 00 04 07 D2 FF DF 00 03 FF F7 FF 12 13 40 B1 FA 
F3 04 00 99 00 0D 07 CB FF DF 00 02 FF F7 00 3C 08 F7 13 21 
F1 05 00 83 00 16 07 D4 FF DE 00 03 FF F8 00 EC 07 92 A4 C1 
F1 06 00 90 FF F6 07 D2 FF DF 00 01 FF F9 FF 15 09 10 32 04 
F3 07 00 76 00 19 07 E0 FF DF 00 02 FF F7 00 3B 04 2D 57 07 
F1 08 00 91 00 0F 07 DE FF DF 00 01 FF F9 00 E9 08 F1 AF C2 
F1 09 00 7E 00 15 07 EA FF DE 00 02 FF F7 FF 15 01 97 AD B4 
F3 0A 00 82 00 19 07 E8 FF DF 00 02 FF F9 00 3C 04 29 1D 78 
F1 0B 00 8A 00 07 07 D0 FF DE 00 03 FF F7 00 F0 08 64 06 A8 
F1 0C 00 81 00 0D 07 DE FF DF 00 03 FF F8 FF 17 05 C1 11 4B 
F3 0D 00 9A 00 0D 07 D3 FF DF 00 02 FF F8 00 3B 0C 1F C0 CE 
F1 0E 00 88 00 05 07 DD FF DF 00 02 FF F8 00 E5 05 5E C6 30 
F1 0F 00 87 00 08 07 DB FF DF 00 00 FF F8 FF 14 05 5F DC 63 
F3 10 00 8B 00 0C 07 C9 FF DF 00 02 FF F6 00 38 09 2A F7 5B 
F1 11 00 7F 00 10 07 CB FF E0 00 03 FF F8 00 E9 06 07 35 F7 
F1 12 00 9E 00 20 07 C7 FF DF 00 01 FF F9 FF 14 0E 4E 9D 37 
F3 13 00 84 00 1B 07 FD FF DF 00 02 FF F9 00 38 0B B8 4B 73 
F1 14 00 93 00 0C 07 F2 FF DF 00 02 FF F9 00 F2 07 E3 E7 C9 
F1 15 00 89 00 14 07 D6 FF DE 00 01 FF F8 FF 13 0C A7 A4 06 
F3 16 00 8A 00 14 07 DF FF DE 00 03 FF F9 00 3C 07 8F AE F7 
F1 17 00 87 00 11 07 E0 FF DE 00 02 FF F7 00 E9 04 A9 80 BD 
F1 18 00 94 00 10 07 AD FF E1 00 01 FF F7 FF 13 08 D5 D3 08 
F3 19 00 8F 00 14 07 F0 FF DE 00 03 FF F9 00 34 0A 16 82 23 
F1 1A 00 87 00 16 07 DA FF DE 00 02 FF F8 00 E4 0C 13 CB 25 
F1 1B 00 91 FF FF 07 E4 FF DE 00 01 FF F8 FF 15 06 FA 1B 21 
F3 1C 00 76 00 1B 07 CA FF DF 00 03 FF F8 00 39 03 A2 97 B9 
F1 1D 00 84 00 19 07 AD FF E0 00 02 FF F9 00 EA 0B 94 47 0E 
F1 1E 00 97 00 1A 07 D9 FF DE 00 02 FF F8 FF 16 09 56 91 2F 
F3 1F 00 84 00 09 07 E6 FF DF 00 00 FF F8 00 36 0C 54 E8 56 
F1 20 00 A5 00 18 07 CD FF DF 00 02 FF F6 00 ED 03 6E 62 90 
F1 21 00 92 00 1B 07 E8 FF DD 00 03 FF F8 FF 13 05 3F D7 86 
F3 22 00 81 00 1C 07 B2 FF DD 00 03 FF F8 00 33 07 AB 0A AB 
F1 23 00 8A 00 01 07 C2 FF DF 00 03 FF F8 00 F4 07 37 EF ED 
F1 24 00 8D 00 1E 07 D9 FF DE 00 02 FF F8 FF 15 09 56 6D 13 
F3 25 00 86 00 10 07 E5 FF DF 00 04 FF F7 00 3D 06 4F 19 70 
F1 26 00 8B 00 1A 07 D0 FF DD 00 03 FF F8 00 EA 0A 29 2E 18 
F1 27 00 78 00 0D 07 CF FF DE 00 02 FF F7 FF 17 0B 93 5D 34 
F3 28 00 88 00 28 07 BA FF DE 00 03 FF F8 00 3E 07 2D 27 62 
F1 29 00 90 00 18 07 CE FF DE 00 02 FF FA 00 ED 0E F6 7F AD 
F1 2A 00 79 00 0B 07 E9 FF DE 00 03 FF F9 FF 13 0A 72 86 60 
F3 2B 00 A3 00 1E 07 E2 FF DD 00 03 FF F8 00 3D 12 EA 69 D8 
F1 2C 00 90 00 18 07 CF FF E0 00 02 FF F8 00 E8 0F 36 36 F5 
F1 2D 00 89 FF FE 07 C8 FF DF 00 02 FF F8 FF 13 10 DA 22 C7 
F3 2E 00 91 FF F9 07 C4 FF DF 00 02 FF F9 00 35 0F A7 DA 4F 
F1 2F 00 7D 00 0D 07 D8 FF DD 00 03 FF F8 00 F2 0F 1E EF B5 
F1 30 00 84 00 17 07 CA FF DE 00 02 FF F8 FF 19 11 49 C6 B8 
F3 31 00 7F 00 0D 07 C9 FF DF 00 03 FF F8 00 43 07 A0 E4 12 
F1 32 00 77 00 0B 07 C3 FF E0 00 02 FF F8 00 EB 09 C0 00 C7 
F1 33 00 8A 00 0E 07 C9 FF DE 00 02 FF F9 FF 12 05 BD 1C 4B 
F3 34 00 91 00 07 07 FA FF DF 00 02 FF F8 00 35 0A 81 33 AE 
F1 35 00 88 00 1B 07 BB FF DE 00 02 FF F8 00 EB 0C 2D DB 95 
F1 36 00 7C 00 0D 07 D8 FF DF 00 00 FF F8 FF 18 0A 47 CE 25 
F3 37 00 88 00 1F 07 B1 FF DD 00 03 FF F9 00 3B 06 11 4F 76 
F1 38 00 87 00 19 07 CD FF DD 00 01 FF F8 00 F2 09 44 BA D3 
F1 39 00 8F 00 1B 07 EC FF DE 00 02 FF F8 FF 12 08 79 BF 1A 
F3 3A 00 90 00 0E 07 DD FF DE 00 02 FF F8 00 39 08 AF 88 7C 
F1 3B 00 92 00 19 07 E7 FF DE 00 02 FF F8 00 F7 06 1F BD E0 
F1 3C 00 8B 00 1D 07 BB FF DF 00 01 FF F8 FF 12 04 E2 84 E2 
F3 3D 00 82 00 17 07 D1 FF DF 00 02 FF F8 00 39 0B 75 86 82 
F1 3E 00 92 00 1D 07 CD FF DF 00 01 FF F8 00 EB 06 00 A5 1D 
F1 3F 00 8C 00 10 07 DE FF DE 00 02 FF F8 FF 12 06 49 B0 24 
F3 40 00 92 00 02 07 D6 FF DE 00 02 FF F7 00 3C 0A D1 9A C7 
F1 41 00 9B 00 11 07 FA FF DC 00 01 FF F8 00 EF 07 E8 E5 83 
F1 42 00 85 00 0F 07 B7 FF DF 00 02 FF F8 FF 14 0C 03 AB A8 
F3 43 00 85 00 10 07 CB FF E0 00 02 FF F8 00 40 03 A8 65 F0 
F1 44 00 87 00 09 07 DE FF DD 00 02 FF F8 00 EC 05 00 D2 F2 
F1 45 00 87 00 05 07 D9 FF E0 00 02 FF F7 FF 10 07 C9 D9 05 
F3 46 00 8B 00 1C 07 D0 FF E0 00 01 FF F6 00 3E 07 AD 0E 48 
F1 47 00 7F 00 1B 07 E5 FF E0 00 02 FF F7 00 ED 09 BA 6B 51 
F1 48 00 7F 00 08 07 C2 FF E0 00 01 FF F8 FF 11 00 90 9B 62 
F3 49 00 90 00 14 07 B0 FF DF 00 03 FF F8 00 3C 05 7D 94 8B 
F1 4A 00 9F 00 1B 07 D2 FF E0 00 01 FF F6 00 EF 08 3F 64 71 
F1 4B 00 88 00 17 07 E5 FF DE 00 02 FF F9 FF 18 05 F8 52 1B 
F3 4C 00 8C 00 19 07 CA FF DF 00 03 FF F9 00 3C 06 74 A9 8C 
F1 4D 00 88 00 04 07 F5 FF DF 00 03 FF F7 00 F1 04 90 8B 0D 
F1 4E 00 7D 00 1D 07 F4 FF DE 00 02 FF F9 FF 12 03 47 AE 01 
F3 4F 00 8B 00 12 07 D4 FF E0 00 01 FF F9 00 39 09 29 5E A6 
F1 50 00 88 00 09 07 E4 FF DE 00 02 FF F7 00 E7 02 11 0E 18 
F1 51 00 8A 00 16 07 CB FF E0 00 03 FF F7 FF 16 05 97 6D 80 
F3 52 00 94 00 18 07 D1 FF DE 00 02 FF F8 00 3A 09 26 D0 0E 
F1 53 00 93 00 17 07 CA FF DE 00 03 FF F7 00 E6 04 85 38 9B 
F1 54 00 88 00 14 07 E5 FF DF 00 02 FF F7 FF 16 0C F5 22 BE 
F3 55 00 82 00 11 07 BA FF DE 00 02 FF F8 00 3E 01 E4 EC C4 
F1 56 00 9A 00 0E 07 D1 FF DE 00 02 FF F7 00 F0 03 97 D7 CA 
F1 57 00 93 00 05 07 C7 FF DF 00 02 FF F7 FF 16 0A DF EF E2 
F3 58 00 92 00 20 07 C4 FF DE 00 02 FF F8 00 36 01 C1 3D 05 
F1 59 00 8F 00 0E 07 DE FF E1 00 01 FF F8 00 ED 0A CC 53 9A 
F1 5A 00 7E 00 12 07 DD FF DD 00 02 FF F7 FF 14 01 C7 A6 E4 
F3 5B 00 7C 00 17 07 E1 FF DF 00 02 FF F9 00 40 03 CA 30 71 
F1 5C 00 78 00 22 07 D6 FF DE 00 01 FF F8 00 EB 07 FC CA 0A 
F1 5D 00 94 00 1C 07 C6 FF DF 00 02 FF F7 FF 12 FF DE 91 B0 
F3 5E 00 9D 00 1E 07 CA FF DD 00 03 FF F8 00 36 05 50 26 75 
F1 5F 00 8D 00 10 07 C3 FF DF 00 03 FF F8 00 F2 04 A3 A6 B5 
F1 60 00 9F 00 15 07 DE FF DF 00 02 FF F8 FF 11 04 1D 00 9E 
F3 61 00 88 00 20 07 EC FF DF 00 02 FF F9 00 3A 09 9B E2 13 
F1 62 00 95 00 0E 07 D1 FF DE 00 03 FF F6 00 E6 02 88 DA 8F 
F1 63 00 84 00 16 07 C3 FF DE 00 02 FF F8 FF 0F 02 94 13 0C 
F3 64 00 8C 00 19 07 CE FF DD 00 03 FF F7 00 39 07 90 2F 7D 
F1 65 00 8D 00 01 07 E7 FF DE 00 03 FF F9 00 EA 05 25 E3 47 
F1 66 00 8B 00 1F 07 F3 FF DE 00 02 FF F7 FF 13 0B 5A 7F 2B 
F3 67 00 8B 00 07 07 E2 FF DD 00 03 FF F8 00 3C 05 2B 53 21 
F1 68 00 88 00 15 07 D6 FF DD 00 02 FF F8 00 EF 05 34 E0 F0 
F1 69 00 84 00 1F 07 E1 FF DE 00 02 FF F8 FF 11 09 71 D8 3B 
F3 6A 00 93 00 0F 07 E0 FF DD 00 02 FF F9 00 39 08 2B CA E1 
F1 6B 00 8D 00 0C 07 DE FF DE 00 03 FF F7 00 EF 0D 4D 88 50 
F1 6C 00 78 00 12 07 E5 FF DF 00 01 FF F6 FF 15 05 68 66 4C 
F3 6D 00 9E 00 1D 07 D6 FF DE 00 02 FF F8 00 3A 04 8A 06 66 
F1 6E 00 82 00 18 07 D0 FF DE 00 00 FF F8 00 EF 07 00 0F 52 
F1 6F 00 81 00 12 07 CE FF E0 00 01 FF F9 FF 11 06 5E D5 F1 
F3 70 00 8A 00 12 07 C2 FF DF FF FF FF F7 00 38 08 86 E9 8B 
F1 71 00 90 00 0D 07 DD FF DF 00 01 FF F7 00 EB 02 E8 F3 EC 
F1 72 00 9D 00 18 07 D5 FF DE 00 01 FF F9 FF 14 07 AA 13 0D 
F3 73 00 81 00 0E 07 C3 FF DF 00 02 FF F7 00 3C 06 7A 5C 46 
F1 74 00 89 00 0A 07 C4 FF E0 00 03 FF F8 00 EF 06 17 E5 FF 
F1 75 00 93 00 15 07 CA FF E0 00 01 FF F9 FF 17 0A 94 7A F3 
F3 76 00 7F 00 23 07 D8 FF DF 00 02 FF F8 00 3C 0A 1E B6 84 
F1 77 00 88 00 21 08 0A FF E0 00 03 FF F8 00 ED 0B 83 C5 55 
F1 78 00 8C 00 0A 07 CF FF E0 00 02 FF F8 FF 13 10 D8 2A DA 
F3 79 00 87 00 15 07 ED FF DE 00 04 FF F8 00 41 0B 6B C6 58 
F1 7A 00 89 00 1A 07 E6 FF DE 00 03 FF F6 00 EB 08 2B 5C 13 
F1 7B 00 70 00 1E 07 DA FF DE 00 02 FF F7 FF 14 09 DB 2B 30 
F3 7C 00 7D 00 18 07 FC FF DF 00 02 FF F7 00 3F 09 C1 0A FF 
F1 7D 00 92 00 0C 07 DD FF DF 00 02 FF F8 00 EA 09 65 29 5A 
F1 7E 00 84 00 06 07 DB FF DF 00 04 FF F9 FF 14 05 B5 C6 61 
F3 7F 00 8A 00 07 07 CE FF DF 00 02 FF F8 00 3E 09 84 2C 71 
F1 80 00 7F 00 0B 07 D6 FF DE 00 02 FF F9 00 EB 0A 33 AF 75 
F1 81 00 95 00 1B 07 ED FF DF 00 02 FF F8 FF 17 09 F7 55 FA 
F3 82 00 83 00 0A 07 C3 FF DF 00 01 FF F8 00 39 0C 5A 33 FD 
F1 83 00 84 00 16 07 C6 FF E0 00 03 FF F8 00 F1 08 61 F2 99 
F1 84 00 83 00 19 07 DC FF DD 00 02 FF F8 FF 13 0C 1B EA 49 
F3 85 00 83 00 06 07 E4 FF E0 00 02 FF F7 00 40 0C 0A 01 22 
F1 86 00 9F 00 0D 07 E7 FF DF 00 01 FF F7 00 F0 08 F4 06 01 
F1 87 00 8D 00 06 07 D3 FF E0 00 01 FF F7 FF 14 07 7A 44 33 
F3 88 00 84 00 1C 07 E5 FF E0 00 02 FF F7 00 3C 08 C4 BB 81 
F1 89 00 96 00 0B 07 BE FF DE 00 01 FF F6 00 F4 0D DB 29 88 
F1 8A 00 7B 00 08 07 D3 FF DF 00 02 FF F7 FF 15 0A 79 AA 4D 
F3 8B 00 82 00 07 07 D8 FF E0 00 03 FF F8 00 3D 07 74 07 0D 
F1 8C 00 89 00 0D 07 E4 FF DF 00 02 FF F7 00 EC 0B B0 F3 5D 
F1 8D 00 99 00 12 07 DD FF DD 00 03 FF F8 FF 14 0C 2F 0E 3D 
F3 8E 00 81 00 12 08 01 FF DE 00 04 FF F8 00 36 10 00 DA 69 
F1 8F 00 89 00 06 07 DB FF DE 00 03 FF F8 00 ED 06 45 BA 9D 
F1 90 00 72 00 09 07 D5 FF DF 00 02 FF F8 FF 19 0A 27 84 15 
F3 91 00 96 00 07 07 CA FF DE 00 00 FF F9 00 3F 0C 21 D2 02 
F1 92 00 94 00 12 07 DE FF DE 00 03 FF F7 00 F3 0D D4 C4 89 
F1 93 00 97 00 04 07 DF FF E0 00 02 FF F7 FF 13 0A 15 F2 A4 
F3 94 00 8A 00 0B 07 C8 FF DE 00 03 FF F9 00 36 06 09 D1 E3 
F1 95 00 88 00 16 07 C3 FF DD 00 04 FF F8 00 F0 05 58 EE 4E 
F1 96 00 89 00 09 07 DC FF E0 00 01 FF F9 FF 12 0A A0 FA 60 
F3 97 00 83 00 07 07 DF FF DD 00 03 FF F8 00 3F 08 F1 4F 97 
F1 98 00 8F 00 19 07 DD FF DF 00 01 FF F6 00 EC 0A 77 06 6F 
F1 99 00 8B FF F9 07 D6 FF DF 00 03 FF F8 FF 13 04 EA 73 57 
F3 9A 00 95 00 0F 07 DC FF DE 00 00 FF F8 00 3C 01 97 6A C2 
F1 9B 00 8D 00 0F 07 D9 FF DF 00 02 FF F8 00 E8 0B 41 1C 46 
F1 9C 00 84 00 01 07 BE FF DF 00 02 FF F8 FF 17 01 87 76 F3 
F3 9D 00 86 00 08 07 E1 FF DE 00 04 FF F8 00 3A 07 B1 36 68 
F1 9E 00 89 00 1B 07 EB FF DD 00 02 FF F9 00 E1 09 E0 A9 7D 
F1 9F 00 96 00 0F 07 D8 FF DF 00 03 FF F8 FF 14 06 C3 AF 0A 
F3 A0 00 94 00 23 07 E0 FF DC 00 04 FF F7 00 39 0B A6 2F E9 
F1 A1 00 95 00 0E 07 E6 FF DE 00 04 FF F8 00 E6 00 4A FC DF 
F1 A2 00 95 00 0F 07 F7 FF DF 00 02 FF F8 FF 16 04 62 8E B7 
F3 A3 00 8D 00 01 07 D3 FF DF 00 01 FF F7 00 3C 09 75 DB 80 
F1 A4 00 7C 00 0D 07 C6 FF DF 00 01 FF F9 00 EF 03 EE A6 A5 
F1 A5 00 7C 00 15 07 DC FF DF 00 02 FF F9 FF 14 0D 2A C6 EC 
F3 A6 00 92 00 0F 07 D5 FF DF 00 02 FF F8 00 39 01 9E 7F 10 
F1 A7 00 8B 00 0F 07 C1 FF DF 00 03 FF F8 00 EC 04 67 EB 3E 
F1 A8 00 8C 00 26 08 03 FF DD 00 00 FF F8 FF 15 09 7C 86 EA 
F3 A9 00 82 00 24 07 EF FF DE 00 02 FF F9 00 38 03 8A 92 5C 
F1 AA 00 73 00 1B 07 D2 FF DE 00 03 FF F8 00 E5 06 48 4D 07 
F1 AB 00 7F 00 0E 07 BF FF DE 00 01 FF F8 FF 17 05 70 36 3D 
F3 AC 00 7C 00 21 07 CD FF DF 00 03 FF F8 00 3C 03 CF EA 28 
F1 AD 00 95 00 12 07 C3 FF E0 00 02 FF F7 00 E6 0A C9 0E F9 
F1 AE 00 86 FF F6 07 E9 FF DE 00 04 FF F8 FF 12 01 07 92 F6 
F3 AF 00 93 00 0C 07 D6 FF DF 00 02 FF F7 00 39 02 68 4E 32 
F1 B0 00 7E 00 1C 07 E4 FF DF 00 02 FF F8 00 EF 08 0D 8C 8F 
F1 B1 00 7A 00 0D 07 DE FF DD 00 02 FF F9 FF 15 01 9D 93 55 
F3 B2 00 7F 00 14 07 E7 FF DD 00 03 FF F8 00 37 0B 09 27 B0 
F1 B3 00 86 00 0E 07 FD FF E0 00 03 FF F8 00 EC 04 1C 4E FB 
F1 B4 00 88 00 11 07 F2 FF DF 00 02 FF F7 FF 13 04 FC 59 8E 
F3 B5 00 7B 00 10 07 DC FF DF 00 02 FF F9 00 43 08 94 39 EA 
F1 B6 00 7E 00 16 07 E5 FF E0 00 03 FF F9 00 EB 02 11 29 C6 
F1 B7 00 91 00 14 07 E8 FF E0 00 03 FF F7 FF 15 0C 6C D4 D2 
F3 B8 00 83 00 08 07 DA FF E0 00 02 FF FA 00 3B 01 E5 AC 49 
F1 B9 00 7A 00 0B 07 C9 FF DF 00 02 FF F7 00 E0 04 0D D1 2C 
F1 BA 00 84 00 20 07 C8 FF E0 00 02 FF F9 FF 14 09 6C 50 6B 
F3 BB 00 82 00 06 07 D8 FF E1 00 02 FF F7 00 3F 05 FE 6E 16 
F1 BC 00 89 00 11 07 DC FF E0 00 02 FF F8 00 E8 07 31 85 7F 
F1 BD 00 8B 00 19 07 E7 FF DE 00 01 FF F9 FF 17 06 DF A8 9A 
F3 BE 00 84 00 0C 07 DE FF DE 00 01 FF F7 00 39 07 CA 8D BE 
F1 BF 00 7C 00 09 07 AA FF DF 00 01 FF F9 00 F1 08 89 8E 80 
F1 C0 00 90 00 1B 07 F6 FF DB 00 01 FF F7 FF 11 0A 4C 57 CC 
F3 C1 00 92 00 0E 08 54 FF DE 00 02 FF F7 00 35 08 F5 D2 35 
F1 C2 00 81 00 0C 07 F1 FF DE 00 02 FF F8 00 E4 05 78 8C 20 
F1 C3 00 8D 00 1B 07 BC FF E4 00 05 FF F8 FF 13 03 D6 42 E1 
F3 C4 00 AC 00 0D 07 FB FF E0 00 01 FF F9 00 38 05 E4 71 08 
F1 C5 00 A7 00 0C 07 D3 FF DA 00 00 FF F8 00 ED 08 A2 C1 CE 
F1 C6 00 94 00 19 07 CE FF DE 00 01 FF F7 FF 16 08 07 14 AC 
F3 C7 00 90 00 0B 07 E7 FF E0 00 02 FF F8 00 40 0D A3 B4 28 
F1 C8 00 C5 00 12 07 C1 FF E2 00 02 FF F3 00 EF 0D 36 8B 32 
F1 C9 00 07 00 24 07 6E FF EB 00 0B FF DF FF 12 0C 31 77 BF 
F3 CA 00 06 00 0B 08 A1 FF CA FF F6 FF EB 00 3B 08 65 BC 18 
F1 CB 00 27 00 18 08 23 FF DC 00 01 FF E8 00 F0 01 D5 11 2B 
F1 CC FF 7D FF FD 08 2E FF D7 FF FF FF FD FF 15 0C 22 A3 2A 
F3 CD 00 86 00 01 08 31 FF DB FF FE 00 05 00 35 06 48 81 05 
F1 CE 00 3E 00 08 07 A6 FF F6 00 05 00 11 00 F0 06 4E 61 F3 
F1 CF FF A0 01 2B 07 C2 FF EF 00 06 00 61 FF 14 09 D0 35 83 
F3 D0 01 79 FF 72 08 1A FF F1 00 08 00 D6 00 3C 07 21 A8 B7 
F1 D1 00 0C FF 06 09 3B 00 7A 00 9E 00 E5 00 EF 0D C7 7E 7D 
F1 D2 FF 71 03 E3 0B DE 01 A3 00 A6 01 3E FF 11 06 36 BD 3F 
F3 D3 FD B6 02 2B 0B 0A 03 8F 01 E1 01 9C 00 34 08 78 C0 5F 
F1 D4 FF 43 01 D7 0A E6 04 76 01 31 02 6D 00 EA 05 82 CC 0B 
F1 D5 FF 4C 02 15 04 F3 03 D6 02 08 03 41 FF 15 0C F9 2E 90 
F3 D6 FF C3 01 1E 05 ED FF 5B 01 F4 03 8E 00 32 0D 18 E0 1D 
F1 D7 FF 7F 01 5E 07 C8 FB 05 04 6C 03 7D 00 F1 05 DE 4F 7D 
F1 D8 FE 96 00 C2 09 F9 F8 DE 09 4D 02 F1 FF 0F 04 87 B8 1F 
F3 D9 FE 8C 00 54 0B AB F9 08 0D 2D 03 27 00 32 0A EC 50 1B 
F1 DA FC 58 00 E9 0B CA FA 59 0F F4 04 30 00 F0 10 12 3B C4 
F1 DB FD F5 00 9D 07 08 F8 DB 05 2E 04 8C FF 12 0E 5E 4A CE 
F3 DC FC 6F FE 81 03 ED F6 2A 04 5A 04 3F 00 3D 09 55 E1 E4 
F1 DD FC 52 FE 59 03 66 F1 CF 03 FA 05 91 01 07 04 66 EB F6 
F1 DE FB 75 FA 72 03 6F EE 99 03 C2 06 AB FF 13 09 29 8E F2 
F3 DF FD AE FB 9A 06 06 ED 56 02 4C 06 96 00 46 08 7E AF 8B 
F1 E0 FB 31 F9 E5 0A 23 EF 9B FF 6F 06 8D 01 0C 05 98 0C 96 
F1 E1 FC 44 FA 71 07 9B F4 7D FB 58 08 0D FF 18 06 A5 DD 81 
F3 E2 FB 3E FB A6 04 8E F7 74 F9 99 08 69 00 6E 08 A0 86 CB 
F1 E3 FD 33 FA 7B 00 95 F7 1D F9 1F 08 6B 01 09 0A C3 D9 38 
F1 E4 FC 95 FB BC 00 2A F6 29 FB DA 07 A8 FF 1F 08 E3 AE 19 
F3 E5 FD 10 FC 3D 02 32 F7 6F 02 58 05 67 00 81 05 92 AE A6 
F1 E6 FD 65 FC 4E 04 6E F9 4D 00 12 05 0D 00 F8 05 94 64 EA 
F1 E7 FE 95 FA B7 04 1B FC BD FF 16 03 91 FF 21 06 5E AC 8D 
F3 E8 FD 95 FB BF 04 A1 FF 58 01 7A 02 1B 00 90 05 06 DB B3 
F1 E9 FC A6 FC 95 04 DD 00 B5 01 24 02 2F 00 F7 05 11 62 5E 
F1 EA FD 3F FC 0A 02 4F FF 94 FF 87 03 31 FF 24 07 2E CA 00 
F3 EB FD 4B FB 94 04 79 FC EB 00 9D 02 DD 00 88 06 89 48 F5 
F1 EC FC B7 FB 09 07 13 FD CF FF 35 02 1B 00 F3 0A 02 57 32 
F1 ED FB C8 FB 3E 04 EE FF 2A FE 67 01 F8 FF 1E 07 52 D9 DB 
F3 EE FB 61 FB 67 04 29 FE 1A FF 86 02 48 00 96 06 A2 27 20 
F1 EF FB 44 FB 42 05 A4 FD 54 FF D6 02 56 00 F4 09 60 03 1D 
F1 F0 FA B6 FB 0D 04 90 FD BE FE 76 02 29 FF 1C 08 39 7E 5F 
F3 F1 FB 10 FA D0 04 0F FD 9B FE 9E 02 20 00 90 0B AA A7 31 
F1 F2 FA E1 FA A4 05 10 FD B5 FF 8E 01 D6 00 F7 02 A0 E9 EA 
F1 F3 F9 86 FB 68 05 00 FE 48 FF 1E 01 9A FF 1F 03 39 8F D2 
F3 F4 FA D2 FA 6A 04 EC FE 1F FF 60 01 91 00 96 09 5F 96 04 
F1 F5 FA 7E F9 DB 04 D4 FE 0D FF 57 01 80 00 F0 07 59 09 78 
F1 F6 F8 40 FA 36 03 D3 FD 97 FE 8F 02 44 FF 1B 0A 34 FC 3F 
F3 F7 F4 17 FA 3D 04 56 FC 66 FC C3 04 EB 00 99 03 5C 46 30 
F1 F8 E6 A2 FF C9 01 E1 FA B4 F6 04 0A 7F 00 FA 04 E5 2E 49 
F1 F9 D5 A4 06 A0 E0 84 F0 4A EF EC 15 5A FF 1E 0F 77 36 6F 
F3 FA E2 AE F9 12 17 8D F6 C2 14 AE 06 5C 00 A3 06 7E 72 26 
F1 FB F5 9D E9 F8 07 D1 2F 2B 20 1E E0 2B 00 E1 0E 3D 5E DB 
F1 FC 07 F7 E3 24 0B B5 4D 53 1C 89 B5 7A FF 1C 3D 7F 88 D6 
F3 FD D0 30 23 94 F0 7B 33 03 0B E2 AE 04 00 88 6A E2 34 0C 
F1 FE 05 1C 21 B1 14 21 05 F3 FD 22 DF C6 00 FC 1B 12 11 AD 
F1 FF FF C9 10 60 04 F9 FF 61 F8 D1 FC 22 FF 1B FE 91 76 EE 
F3 00 04 4B 04 8A FC B5 F3 95 0B 9D 0D CF 00 64 32 F0 19 E2 
F1 01 02 22 FE EB 09 75 F2 48 07 53 0A 95 01 2E 05 98 73 78 
F1 02 00 D7 FD EA FF 3B FC C9 FE BB 05 FD FF 0E FD EA 33 8D 
F3 03 FE 51 FD 84 FF D0 FF 50 01 18 02 01 00 6E 0A E8 3F A9 
F1 04 FF 19 FD C8 03 3F 01 58 02 34 00 BB 01 3C 08 C3 11 A7 
F1 05 FE C0 FE C0 02 DE 02 6F FF F7 FF F4 FF 12 09 04 71 F5 
F3 06 FE 18 FE D8 02 4A 00 F0 FF 69 00 C9 00 6B 07 6F B9 31 
F1 07 FE 7D FE DC 03 2B FF 05 00 23 02 BF 01 3C FF DA C4 0E 
F1 08 00 37 FE D5 05 D7 FE C4 00 F3 03 CC FF 12 0A B3 E7 56 
F3 09 FF 18 FE BD 05 C6 00 1A FC 06 03 A7 00 6B 43 0F 4D 46 
F1 0A FF 26 FE 30 04 41 00 D1 F8 3D 03 B4 01 3E 27 48 DC 15 
F1 0B FF 61 FE 47 03 6D 00 BA F8 60 03 A1 FF 10 30 16 3E 94 
F3 0C FF 3D FD FD 04 72 00 C2 FC 3D 03 EB 00 64 0E 29 44 54 
F1 0D FF E1 FD BA 06 FF 02 07 FE F5 04 63 01 2E 03 D6 13 70 
F1 0E FE 0D FD 96 07 62 04 A8 FD BE 04 C9 FF 12 05 93 FC BA 
F3 0F FE 08 FC FF 05 99 05 CF FB 6A 05 C9 00 66 FF 98 E4 11 
F1 10 FE A5 FB F9 04 48 04 EE FC 31 06 49 01 1F 0A 3A 78 48 
F1 11 FE 16 FC C4 06 62 03 AD FD A0 05 FB FF 16 06 84 AB 14 
F3 12 FC E5 FC F3 06 FF 03 DD FD 55 05 A0 00 58 09 0B 5B 04 
F1 13 FD 5C FB 42 07 1D 04 42 FB FD 05 33 01 18 04 B0 1F 48 
F1 14 FD 4A FB 51 09 10 04 BD FC 88 03 FC FF 16 09 92 2E 29 
F3 15 FB 22 FC B1 0B 85 05 D5 FD 79 02 9A 00 4A 0F 42 81 9D 
F1 16 FB B9 FB F5 09 2D 05 BA FA 08 02 36 01 05 05 49 15 61 
F1 17 FC DC FC 18 0A AB 05 7E F8 07 01 2F FF 14 03 6A 87 EA 
F3 18 FB BC FD 47 09 89 05 99 F9 66 FF F6 00 44 0A 2F 27 15 
F1 19 FB F8 FE 1E 08 BF 04 2F FB C0 FF 5F 01 08 03 9B A0 61 
F1 1A FD BA FE 0D 0A 92 02 CD FA EF FE 3D FF 16 0D 4C DC B1 
F3 1B FD D2 FE 72 0A F0 03 38 F8 EA FC 9A 00 3D 02 E0 27 D7 
F1 1C FC FB FE EB 09 A4 03 85 FA 7C FC 1D 00 FE 06 D0 D6 18 
F1 1D FD BC FF F2 09 48 02 D3 FC E7 FD 0C FF 17 0B B1 71 9F 
F3 1E FE 88 00 69 09 10 02 36 FD C5 FD AC 00 36 06 E1 FD 87 
F1 1F FF 2D FF DA 07 85 01 3E FD C3 FE 2C 00 E5 04 72 CD 51 
F1 20 FF BC 00 27 08 74 00 14 FF CD FE 5A FF 12 04 AA 59 AE 
F3 21 FF B2 00 54 0A 15 00 76 01 85 FD EA 00 31 08 4E F9 37 
F1 22 FE C2 00 89 09 22 02 05 01 56 FD E6 00 E6 08 47 33 2B 
F1 23 FF 4F 00 87 08 30 02 27 FF AF FE CA FF 12 01 EE AE 78 
F3 24 00 ED 00 6C 06 E0 01 06 FD 55 FF 30 00 32 04 73 4C 98 
F1 25 00 91 00 0C 06 4E FF 00 FE 6E FE C2 00 E9 07 A9 F8 21 
F1 26 FF 87 00 85 08 63 FE E4 00 F6 FE 1D FF 11 08 F7 33 8E 
F3 27 FF ED 00 B9 09 A9 FF F8 00 21 FE 9D 00 2A 09 E5 7B 56 
F1 28 00 31 00 D3 08 95 01 64 FF A2 FE 88 00 F1 05 9B 47 3A 
F1 29 00 26 01 6C 07 50 01 FE FE 78 FE 75 FF 0F 08 2B 88 64 
F3 2A 00 0C 00 ED 06 BF 01 56 FD D3 FE C1 00 2E 09 C2 AF D7 
F1 2B 00 99 00 F2 07 39 00 41 FE A6 FE B0 00 EC 07 8D 11 AA 
F1 2C 00 91 00 AB 07 1B FF 72 FF 80 FE 60 FF 11 06 AF 9A C4 
F3 2D 00 5E 00 69 07 F7 FF 10 FF E7 FE B3 00 2E 04 55 6D FA 
F1 2E 00 64 00 B9 08 6B FF 70 00 52 FF 41 00 ED 04 3D 9B 21 
F1 2F 00 7E 00 86 08 5F 00 45 00 16 FF A5 FF 0C 08 3A 52 99 
F3 30 00 8A 00 C8 07 FB 00 F1 00 84 FF 7F 00 32 06 B6 7C B9 
F1 31 00 44 01 1F 07 B2 01 6F 01 31 FF 32 00 F1 06 9F A3 12 
F1 32 00 0D 00 BF 08 21 01 85 00 F7 FF 2C FF 0F 04 40 79 BD 
F3 33 00 BB 01 46 06 09 FF BA FF 7E FF 4A 00 2F 0C CC 8B 91 
F1 34 00 41 00 E9 07 33 00 2D 00 0E FE C6 00 F1 0A 0E F3 3A 
F1 35 00 6B 01 9E 07 F0 FF 55 FF 45 FF 82 FF 0F 02 99 88 D5 
F3 36 00 58 01 0E 08 F1 FF 68 00 52 FF 54 00 31 05 2B 70 9A 
F1 37 00 22 00 EA 07 E6 FF 92 00 55 FF 6A 00 EC 06 6D AB E0 
F1 38 00 10 00 C8 07 B8 FF 85 00 2A FF 66 FF 0F 08 CB 06 32 
F3 39 01 94 00 1A 09 D4 FF 85 00 4D FF 6A 00 2B 06 79 6B A3 
F1 3A FF AF 00 D6 07 45 FF 9C FE F6 FF 5D 00 F6 04 90 C5 F1 
F1 3B 00 3A 00 60 06 C8 FF 77 FF 81 FF 6D FF 10 09 6E 76 5B 
F3 3C FF D8 00 7E 07 AC FF 11 00 84 FF 91 00 35 0B C8 82 C6 
F1 3D FF 68 00 DD 08 34 FE FB 00 DE FF BC 00 F7 0A 16 79 34 
F1 3E FF 3E 00 BC 07 DE FF 3D FF 5F FF E9 FF 0C 06 32 A3 65 
F3 3F 00 81 00 76 08 74 FF 58 FF 7B 00 3D 00 34 03 D0 90 99 
F1 40 00 86 00 B3 08 37 FF 8A FF C4 00 38 00 FC 09 3D 46 43 
F1 41 00 46 00 C2 07 9F FF A5 FF A0 00 1D FF 10 09 48 48 3E 
F3 42 00 1F 00 7F 07 55 FF 85 FF FB 00 24 00 34 04 28 C7 42 
F1 43 00 65 00 BA 07 E1 FF 60 00 3C 00 3E 00 FC 02 DA 5F E0 
F1 44 00 3F 01 03 07 82 FF 4F 00 0D 00 2B FF 0D 02 AD 66 D8 
F3 45 00 C7 00 52 08 25 FF 29 FF 9B 00 0C 00 31 09 48 89 62 
F1 46 00 94 00 3D 07 E6 FF 17 FF ED FF ED 00 F7 09 B4 02 3A 
F1 47 00 30 00 51 08 61 FF 3E FF D6 FF F4 FF 0D 04 69 52 CF 
F3 48 00 99 00 72 08 74 FF 8B FF 88 FF FD 00 35 06 05 89 83 
F1 49 00 92 00 6E 08 3A FF D4 FF B8 FF DE 00 F1 02 49 36 8D 
F1 4A 00 67 00 6F 07 CE FF EE FF C1 FF CE FF 12 0C AF 16 D7 
F3 4B 00 2C 00 60 07 52 FF DC FF 84 FF DB 00 3B 01 DC 2C 6C 
F1 4C 00 6B 00 74 07 34 FF 9A FF BC FF F5 00 F4 07 2B C7 A8 
F1 4D 00 CD 00 60 07 CB FF 67 00 47 FF EC FF 12 09 E3 56 C8 
F3 4E 00 85 00 50 08 2C FF 5D 00 05 FF D5 00 36 06 5E 89 8C 
F1 4F 00 76 00 49 07 DA FF 7B FF C2 FF DC 00 F2 09 8C 00 0F 
F1 50 00 56 00 4D 07 83 FF 71 FF E3 FF E7 FF 14 02 1D D7 68 
F3 51 00 8A 00 67 07 B7 FF 4B 00 01 FF F0 00 37 05 01 F3 1F 
F1 52 01 02 00 2A 07 E2 FF 3D 00 22 FF E7 00 F1 08 81 37 81 
F1 53 00 8A 00 4D 08 04 FF 55 FF C4 FF DE FF 15 03 57 DC 60 
F3 54 00 74 00 3D 07 F7 FF 5C FF E5 FF DB 00 32 06 A8 A4 E7 
F1 55 00 94 00 3B 08 1A FF 6A FF E5 FF D9 00 F2 02 E3 8E D1 
F1 56 00 68 00 2A 07 F8 FF 83 FF E5 FF D3 FF 15 04 31 C5 79 
F3 57 00 20 00 17 07 D4 FF 97 FF E2 FF E7 00 39 0A 4B 16 04 
F1 58 00 56 00 2A 07 B7 FF 9A FF D5 00 05 00 EA 03 DA FA 16 
F1 59 00 B1 00 2D 07 AF FF 91 FF DB FF FF FF 14 06 63 2D 54 
F3 5A 00 A2 00 19 07 DB FF 85 FF D6 FF E1 00 37 07 CF A8 B1 
F1 5B 00 3D 00 1B 08 0C FF 8A FF D9 FF D6 00 FA 00 F4 26 0E 
F1 5C 00 7D 00 07 08 19 FF 9C FF D3 FF E4 FF 18 0A 4F 74 05 
F3 5D 00 4E 00 29 08 11 FF C2 FF E0 FF E3 00 37 04 05 1D 96 
F1 5E 00 95 FF FF 07 E6 FF D4 FF F3 FF F0 00 F5 03 90 E4 44 
F1 5F 00 91 00 23 07 BD FF D7 FF F8 FF F8 FF 13 0B 22 DC 6B 
F3 60 00 79 00 14 07 DA FF D3 FF F2 FF F7 00 39 01 F0 0D 11 
F1 61 00 9F 00 08 07 D4 FF D8 FF FB FF F9 00 EF 0D E8 72 52 
F1 62 00 60 00 20 07 E8 FF DA FF FC FF F9 FF 15 06 70 F5 C7 
F3 63 00 83 00 03 07 DA FF D8 FF F9 FF FB 00 37 05 D5 40 2F 
F1 64 00 A0 FF F9 07 CA FF D5 FF FC FF FD 00 F7 0A 1E B4 95 
F1 65 00 78 00 05 07 D1 FF D6 FF FA FF F8 FF 17 02 E8 18 F1 
F3 66 00 9F 00 17 08 12 FF D9 FF FD FF F8 00 35 06 7C 55 F4 
F1 67 00 EB FF CB 07 AC FF E0 00 00 FF F8 00 F0 05 71 84 59 
F1 68 00 74 00 08 07 C5 FF E1 00 03 FF F8 FF 16 06 31 4B 80 
F3 69 00 81 00 17 07 BC FF E0 00 02 FF F7 00 3E 0B 21 13 4B 
F1 6A 00 73 00 19 07 D8 FF DF 00 02 FF F7 00 F0 05 82 FE 8D 
F1 6B 00 84 00 0B 07 BB FF DF 00 02 FF F7 FF 14 07 C4 48 68 
F3 6C 00 84 00 0F 07 D1 FF DE 00 01 FF F7 00 3A 04 AF 4E E1 
F1 6D 00 86 00 0A 07 DC FF DD 00 04 FF F8 00 F1 09 29 E8 D9 
F1 6E 00 81 00 16 07 DE FF DF 00 03 FF F8 FF 16 0A E0 B5 8F 
F3 6F 00 96 00 16 07 DF FF DF 00 03 FF F8 00 3A 06 CD B3 DC 
F1 70 00 96 00 0F 07 F2 FF DE 00 03 FF F8 00 EC 03 82 0B 9E 
F1 71 00 85 00 14 07 DD FF DE 00 02 FF F6 FF 15 0A 9D 5D 3E 
F3 72 00 93 00 0F 07 BC FF DF 00 04 FF F7 00 38 09 1A 3B 48 
F1 73 00 83 00 1B 07 E4 FF DF 00 01 FF F7 00 E9 0C 11 50 81 
F1 74 00 86 00 19 07 D4 FF DC 00 03 FF F8 FF 16 05 36 20 63 
F3 75 00 7F 00 0F 07 C7 FF DF 00 03 FF F7 00 3C 06 ED 3D BA 
F1 76 00 86 00 16 07 AA FF DF 00 02 FF F8 00 F6 09 C6 FC D8 
F1 77 00 98 00 0F 07 E5 FF DE 00 01 FF F7 FF 15 07 FB E4 9E 
F3 78 00 82 00 10 07 EB FF DE 00 02 FF F7 00 3E 09 0C 18 08 
F1 79 00 84 00 10 07 D3 FF DE 00 01 FF F7 00 F6 04 23 87 0E 
F1 7A 00 91 00 0F 07 CA FF DE 00 01 FF F7 FF 17 08 7C 07 25 
F3 7B 00 78 00 12 07 B7 FF DF 00 03 FF F7 00 39 0B BF A1 D8 
F1 7C 00 89 00 10 07 EF FF E0 00 02 FF F7 00 F7 09 98 C2 CA 
F1 7D 00 92 00 19 07 FA FF DE 00 00 FF F7 FF 17 09 C9 8C 18 
F3 7E 00 95 00 08 07 B4 FF DE 00 01 FF F8 00 39 08 1E F2 C5 
F1 7F 00 92 00 0B 07 D6 FF E0 00 01 FF F6 00 F3 09 1C 51 D2 
F1 80 00 7F 00 0F 07 D1 FF DF 00 02 FF F7 FF 13 08 B6 01 F1 
F3 81 00 8A 00 0D 07 DC FF DF 00 02 FF F7 00 3C 04 F6 34 20 
F1 82 00 7F 00 0D 07 D5 FF DE 00 02 FF F7 00 F4 09 A0 3F 53 
F1 83 00 91 00 1C 07 E1 FF DE 00 01 FF F9 FF 16 0C 09 89 A9 
F3 84 00 86 00 0F 07 C3 FF DE 00 02 FF F7 00 3A 0C 2D 25 49 
F1 85 00 8A 00 0C 07 D9 FF DE 00 01 FF F9 00 F3 0B B5 D5 D0 
F1 86 00 78 00 1E 07 DF FF E1 00 02 FF F8 FF 16 06 5D 7D B1 
F3 87 00 77 00 0B 07 D8 FF DD 00 03 FF F8 00 3B 06 6A 8D F6 
F1 88 00 97 00 17 07 E9 FF DC 00 03 FF F8 00 F4 09 E3 A5 33 
F1 89 00 94 00 14 07 D4 FF DE 00 01 FF F6 FF 17 09 6A 96 D9 
F3 8A 00 89 00 12 07 D0 FF DF 00 02 FF F7 00 3D 06 3F 5C 2B 
F1 8B 00 98 00 17 07 C6 FF DD 00 02 FF F8 00 E6 07 82 CB 47 
F1 8C 00 8F 00 19 07 CB FF DD 00 01 FF F8 FF 13 0B 9A 6D 92 
F3 8D 00 7D 00 1A 07 E4 FF DE 00 03 FF F7 00 3E 0B 57 2C 08 
F1 8E 00 7C 00 18 07 C9 FF DE 00 02 FF F7 00 F6 07 6B CD 28 
F1 8F 00 9E 00 03 08 08 FF DE 00 01 FF F6 FF 12 04 AA 7E 3D 
F3 90 00 84 00 08 07 D9 FF DF 00 02 FF F8 00 3D 04 3F 18 81 
F1 91 00 93 00 0D 07 CD FF DD 00 03 FF F7 00 F1 09 AA 67 A0 
F1 92 00 97 00 12 07 DC FF DD 00 02 FF F7 FF 16 07 F9 08 5C 
F3 93 00 77 00 14 07 E9 FF DD 00 03 FF F7 00 39 03 CD 11 F6 
F1 94 00 82 00 16 07 DE FF DE 00 02 FF F6 00 ED 10 59 44 D1 
F1 95 00 7B 00 09 07 DF FF DC 00 02 FF F8 FF 1A 0E C2 49 A0 
F3 96 00 9B 00 14 07 DC FF E0 00 02 FF F9 00 41 0E 42 D1 47 
F1 97 00 91 00 0A 07 E2 FF DF 00 03 FF F7 00 F6 06 43 9C BA 
F1 98 00 94 00 0A 07 D6 FF DF 00 00 FF F6 FF 13 02 F7 AB 60 
F3 99 00 7E 00 1B 07 EF FF DD 00 01 FF F7 00 3E 0A EB 15 72 
F1 9A 00 8C 00 05 07 BC FF DF 00 03 FF F7 00 F0 09 0F BC 57 
F1 9B 00 82 00 1B 07 C8 FF DF 00 02 FF F7 FF 14 0D F5 28 69 
F3 9C 00 88 00 14 07 E1 FF DF 00 02 FF F8 00 3D 04 14 B0 6D 
F1 9D 00 81 00 1B 07 D8 FF DC 00 02 FF F7 00 F3 07 8B CF E9 
F1 9E 00 85 00 1F 07 E5 FF DD 00 01 FF F7 FF 19 12 F1 88 BE 
F3 9F 00 92 00 09 07 FA FF DE 00 02 FF F8 00 3A 0C 49 1B 76 
F1 A0 00 7B 00 19 07 E4 FF DF 00 03 FF F8 00 F7 0B 4A D8 DD 
F1 A1 00 86 00 1B 07 A7 FF DF 00 02 FF F7 FF 19 02 05 EF E0 
F3 A2 00 7B 00 12 07 C2 FF DF 00 03 FF F7 00 3A 00 90 21 B9 
F1 A3 00 7C 00 16 07 D3 FF DF 00 04 FF F8 00 F3 08 22 FB BD 
F1 A4 00 79 00 10 07 CA FF DE 00 02 FF F7 FF 13 03 7D AF 41 
F3 A5 00 7A 00 0C 07 D6 FF DF 00 00 FF F8 00 39 0B 98 D2 CD 
F1 A6 00 86 00 0A 07 CB FF DF 00 02 FF F8 00 ED 04 E7 B5 FD 
F1 A7 00 7F 00 18 08 06 FF DF 00 02 FF F7 FF 18 04 D4 C8 85 
F3 A8 00 8F 00 1B 07 DA FF DF 00 02 FF F7 00 36 0F AE 02 73 
F1 A9 00 8C 00 0E 07 DE FF DF 00 01 FF F8 00 F2 04 89 C9 F9 
F1 AA 00 86 00 0F 07 E8 FF DE 00 02 FF F7 FF 16 0C 05 61 34 
F3 AB 00 95 00 08 07 EC FF DF 00 02 FF F8 00 38 07 DC 69 65 
F1 AC 00 79 00 10 07 D2 FF DD 00 02 FF F8 00 F0 01 9C AE F0 
F1 AD 00 87 00 0A 07 E0 FF DF 00 03 FF F8 FF 17 10 CE 70 94 
F3 AE 00 89 00 03 07 E9 FF DE 00 02 FF F8 00 3D 0B 6E 47 A4 
F1 AF 00 82 00 02 07 DB FF DC 00 02 FF F7 00 F7 0E 3D AE 39 
F1 B0 00 8B 00 08 07 F4 FF E0 00 01 FF F8 FF 15 0C CC 8C 2D 
F3 B1 00 8C 00 0C 07 C5 FF DE 00 03 FF F8 00 3E 06 49 C2 5C 
F1 B2 00 86 00 28 07 DE FF DE 00 01 FF F9 00 F0 0B 4A 7F 52 
F1 B3 00 7F 00 0A 07 CB FF DF 00 03 FF F6 FF 16 06 D1 C3 94 
F3 B4 00 85 00 0F 07 E0 FF DF 00 03 FF F7 00 3C 05 5D 13 02 
F1 B5 00 75 00 12 07 C5 FF DF 00 02 FF F8 00 EF 0C 56 CA DD 
F1 B6 00 88 FF FB 07 A7 FF E0 00 02 FF F8 FF 15 03 16 61 40 
F3 B7 00 8A FF FC 07 E0 FF DF 00 03 FF F9 00 3E 0B 03 E3 97 
F1 B8 00 91 00 0A 07 DF FF DF 00 03 FF F7 00 F2 04 AD 27 83 
F1 B9 00 8C 00 14 07 F0 FF DF 00 00 FF F7 FF 19 04 24 1B 6C 
F3 BA 00 91 00 08 07 DD FF DF 00 02 FF F7 00 36 09 6B 51 F1 
F1 BB 00 8F 00 0C 07 D6 FF DE 00 03 FF F7 00 F6 06 E9 05 6C 
F1 BC 00 95 00 09 07 C4 FF DD 00 02 FF F7 FF 18 06 03 DF 46 
F3 BD 00 7D 00 18 07 DF FF DE 00 02 FF F8 00 3A 0B 30 BC E7 
F1 BE 00 87 00 05 07 E8 FF DD 00 02 FF F8 00 F1 03 48 BC 35 
F1 BF 00 82 00 1B 07 CB FF E0 00 02 FF F7 FF 15 0B A2 F4 CB 
F3 C0 00 88 00 15 07 E5 FF E0 00 00 FF F7 00 34 05 7F 1F F5 
F1 C1 00 8D 00 16 07 D1 FF DE 00 02 FF F7 00 F1 03 55 AE A0 
F1 C2 00 89 00 11 07 D9 FF DF 00 02 FF F8 FF 13 08 E9 DD 37 
F3 C3 00 86 00 1E 07 D4 FF DD 00 01 FF F8 00 3C 08 3A 8C 39 
F1 C4 00 9E 00 16 07 F3 FF DD 00 02 FF F9 00 F5 0B 24 83 9F 
F1 C5 00 89 00 17 07 D4 FF E0 00 01 FF F7 FF 19 07 0F 90 48 
F3 C6 00 93 00 15 07 E5 FF E0 00 01 FF F7 00 3C 03 2F 16 C0 
F1 C7 00 90 00 18 07 D0 FF DE 00 02 FF F7 00 F0 0C 66 ED 2B 
F1 C8 00 81 00 10 07 A2 FF DE 00 02 FF F7 FF 16 04 BC 52 34 
F3 C9 00 8C 00 11 07 B0 FF E0 00 02 FF F8 00 39 06 C3 FA B1 
F1 CA 00 6C 00 0C 07 DC FF DE 00 05 FF F8 00 EC 04 D5 9C 5D 
F1 CB 00 89 00 05 08 20 FF DD 00 05 FF F6 FF 14 07 90 68 5B 
F3 CC 00 AD 00 0F 07 DD FF DA 00 00 FF F8 00 3B 07 F0 ED 81 
F1 CD 00 7A 00 14 07 ED FF DA 00 01 FF F8 00 EB FF FA 8E FD 
F1 CE 00 98 00 02 08 45 FF DA 00 02 FF F8 FF 15 04 9E 92 04 
F3 CF 00 84 00 15 07 E7 FF DF 00 02 FF F9 00 3E 0A 57 47 87 
F1 D0 00 6D 00 30 07 A5 FF E0 00 03 FF F8 00 F4 0B CB 51 59 
F1 D1 00 65 00 0A 07 AF FF DC 00 03 FF F7 FF 15 0C 4D 4E 13 
F3 D2 00 75 00 12 07 A6 FF DE 00 04 FF F9 00 3E 06 47 C5 4B 
F1 D3 00 79 00 0F 07 CF FF DE 00 02 FF F7 00 ED 02 7F 79 83 
F1 D4 00 94 00 1B 07 E6 FF DE 00 01 FF F8 FF 18 05 09 40 31 
F3 D5 00 99 00 1E 07 F2 FF DE 00 01 FF F8 00 38 07 45 D4 60 
F1 D6 00 8B 00 0C 07 E2 FF DE 00 03 FF F8 00 FD 06 5F F2 B7 
F1 D7 00 90 00 09 07 DD FF DE 00 02 FF F8 FF 19 03 42 EF 5F 
F3 D8 00 87 00 1B 07 C9 FF E0 00 03 FF F6 00 3B 05 DC DF DF 
F1 D9 00 88 00 09 07 E7 FF DE 00 02 FF F6 00 ED 06 96 51 23 
F1 DA 00 94 00 19 07 ED FF DE 00 03 FF F8 FF 16 08 E5 C4 C3 
F3 DB 00 8C 00 19 07 B6 FF DF 00 01 FF F7 00 43 07 6B F6 ED 
F1 DC 00 90 FF F4 07 B9 FF E1 00 01 FF F8 00 F4 03 E7 3D 75 
F1 DD 00 6F 00 16 07 D4 FF DE 00 01 FF F8 FF 18 05 2A BE 47 
F3 DE 00 85 00 19 07 EC FF E0 00 03 FF F7 00 36 06 7D 41 60 
F1 DF 00 7A 00 20 07 D6 FF DF 00 02 FF F8 00 F8 05 14 FF ED 
F1 E0 00 5E 00 0C 07 CD FF DD 00 01 FF F8 FF 16 06 83 CA 5B 
F3 E1 00 90 00 12 07 D0 FF DD 00 02 FF F8 00 38 08 3D 22 0B 
F1 E2 00 89 00 1D 07 D3 FF DF 00 02 FF F8 00 E9 0C 7F AD 74 
F1 E3 00 91 00 07 07 B9 FF DF 00 02 FF F8 FF 15 08 51 7B 1B 
F3 E4 00 8C 00 07 07 D3 FF DD 00 02 FF F9 00 38 05 71 F8 D9 
F1 E5 00 96 00 0E 07 CD FF DE 00 02 FF F8 00 F6 05 13 82 17 
F1 E6 00 93 00 18 07 E0 FF DE 00 02 FF F8 FF 18 05 B3 DB 23 
F3 E7 00 7F 00 19 07 DE FF DD 00 00 FF F7 00 3E 07 25 5F A2 
F1 E8 00 89 00 24 07 D9 FF DE 00 02 FF F9 00 F4 02 65 AC 4C 
F1 E9 00 81 00 0E 07 C6 FF DD 00 02 FF F8 FF 17 05 30 4F 01 
F3 EA 00 89 00 18 07 F1 FF E1 00 03 FF F8 00 3B 0B 35 D4 D9 
F1 EB 00 79 00 0B 07 DC FF DF 00 00 FF F6 00 F2 0A BE FA FD 
F1 EC 00 82 00 0C 07 E4 FF DE 00 01 FF F9 FF 13 0D 18 D0 D5 
F3 ED 00 98 00 0A 07 CD FF DF 00 01 FF F7 00 37 06 DA 5B 6E 
F1 EE 00 86 00 0A 07 DA FF DE 00 03 FF F7 00 F1 FF CC 9D 16 
F1 EF 00 7C 00 1C 07 CF FF DF 00 02 FF F7 FF 18 09 01 98 C6 
F3 F0 00 6F 00 0B 07 DE FF DF 00 03 FF F8 00 3E 02 EE 0D 3B 
F1 F1 00 7A 00 1F 07 CE FF DF 00 03 FF F8 00 F0 05 33 6E CB 
F1 F2 00 85 00 12 07 D4 FF DE 00 03 FF F8 FF 16 03 53 C5 3F 
F3 F3 00 91 00 12 07 D9 FF DF 00 02 FF F8 00 3A 01 73 72 60 
F1 F4 00 92 00 14 07 DF FF DE 00 02 FF F8 00 EF 08 61 80 9B 
F1 F5 00 9E FF F8 07 B2 FF DF 00 02 FF F6 FF 18 01 B6 91 32 
F3 F6 00 7F 00 12 07 BB FF E1 00 02 FF F8 00 35 02 EE D1 34 
F1 F7 00 81 00 17 07 D5 FF DF 00 02 FF F6 00 F1 08 22 D5 C4 
F1 F8 00 70 00 0D 07 D8 FF DE 00 02 FF F8 FF 18 05 1E 4F A0 
F3 F9 00 8B 00 16 07 D4 FF DE 00 01 FF F7 00 41 08 CD 5C A3 
F1 FA 00 82 00 17 07 C6 FF DD 00 01 FF F7 00 EB 00 ED 5E 40 
F1 FB 00 8C 00 1B 07 DD FF DF 00 02 FF F6 FF 1C 05 E3 B9 DC 
F3 FC 00 86 00 23 07 DD FF DF 00 02 FF F7 00 43 06 82 DB F2 
F1 FD 00 90 00 17 07 C7 FF DF 00 01 FF F9 00 F2 00 C6 B6 C0 
F1 FE 00 94 00 10 07 DD FF DE 00 01 FF F6 FF 19 07 BE 72 ED 
F3 FF 00 91 00 05 07 F3 FF E0 00 02 FF F8 00 3A 04 8C 4F 50 
F1 00 00 89 00 18 07 E4 FF DF 00 01 FF F8 00 F1 04 0F 6B F4 
F1 01 00 8C 00 1E 07 CB FF DE 00 03 FF F7 FF 17 0B F3 69 DC 
F3 02 00 6E 00 0C 07 C3 FF DE 00 03 FF F7 00 43 07 0E 8A E1 
F1 03 00 79 00 10 07 C8 FF DF 00 02 FF F9 00 F4 01 A4 C7 E9 
F1 04 00 7E 00 0C 07 E5 FF DE 00 01 FF F8 FF 18 09 90 AC 14 
F3 05 00 94 00 14 07 E5 FF DD 00 02 FF F9 00 3E 01 07 82 6D 
F1 06 00 89 00 0B 07 CE FF DD 00 02 FF F7 00 F0 09 9D E1 65 
F1 07 00 8B 00 09 07 DF FF DF 00 00 FF F7 FF 17 01 C9 E0 B2 
F3 08 00 81 00 24 07 C2 FF DF 00 03 FF F8 00 3D 01 A4 9D 46 
F1 09 00 7E 00 19 07 D8 FF E0 00 02 FF F6 00 F5 0B 93 95 4E 
F1 0A 00 88 00 19 07 C9 FF DF 00 01 FF F7 FF 14 06 8C 05 57 
F3 0B 00 84 00 09 07 D5 FF DD 00 03 FF F7 00 41 07 DF E8 FF 
F1 0C 00 8D 00 04 07 C6 FF DF 00 02 FF F7 00 ED 03 B3 52 ED 
F1 0D 00 73 00 11 07 DE FF DF 00 03 FF F9 FF 19 02 C6 A1 96 
F3 0E 00 8B FF FD 07 E1 FF DF 00 02 FF F7 00 3A 0C CC 8F 85 
F1 0F 00 85 00 14 07 BB FF E0 00 04 FF F9 00 EF 00 80 FD F0 
F1 10 00 77 00 14 07 EA FF DE 00 01 FF F8 FF 16 08 E0 B8 5E 
F3 11 00 85 00 07 07 C1 FF DF 00 01 FF F8 00 39 07 4A 1F 55 
F1 12 00 83 00 04 07 DF FF E0 00 01 FF F6 00 F5 05 8C EE 39 
F1 13 00 83 00 0A 07 BD FF DF 00 01 FF F6 FF 14 0A 82 75 F2 
F3 14 00 7F 00 14 07 B8 FF DE 00 04 FF F8 00 3A 03 91 EE 64 
F1 15 00 83 00 09 07 E8 FF DE 00 02 FF F8 00 F5 04 BD 84 E5 
F1 16 00 8B FF FF 07 C1 FF DD 00 01 FF F7 FF 13 05 93 9A F8 
F3 17 00 8A 00 0F 07 D2 FF DE 00 02 FF F8 00 3B 06 E1 6E 27 
F1 18 00 89 FF F2 07 D0 FF DE 00 02 FF F7 00 EB 09 DA 9C 8B 
F1 19 00 7E 00 0B 07 D0 FF DF 00 04 FF F8 FF 18 05 E9 E2 79 
F3 1A 00 86 00 0B 07 DD FF DF 00 01 FF F7 00 39 06 FE 53 D2 
F1 1B 00 8C 00 15 07 DE FF DE 00 02 FF FA 00 F6 08 57 2C 41 
F1 1C 00 84 00 14 07 B4 FF DE 00 02 FF F7 FF 19 07 E1 E1 A1 
F3 1D 00 89 00 0E 07 D0 FF DF 00 02 FF F8 00 3D 09 AE 3E 90 
F1 1E 00 79 00 04 07 CF FF DE 00 03 FF F8 00 E8 07 2D 52 20 
F1 1F 00 7C 00 06 07 FB FF DE 00 01 FF F9 FF 14 03 4C F4 2B 
F3 20 00 92 00 0C 07 DB FF DD 00 02 FF F8 00 3B 08 FE 0F B2 
F1 21 00 8A FF FC 07 C9 FF DF 00 02 FF F7 00 F4 0A 1B 79 DB 
F1 22 00 8D FF FD 07 BF FF DD 00 01 FF F7 FF 17 0B 2D F6 EC 
F3 23 00 77 00 23 07 F2 FF DF 00 04 FF F7 00 3A 05 8D D9 71 
F1 24 00 81 00 0C 07 E5 FF DD 00 02 FF F7 00 F3 05 43 57 6E 
F1 25 00 7B 00 10 07 BD FF E0 00 03 FF F9 FF 16 04 C4 24 74 
F3 26 00 8D 00 18 07 BB FF DF 00 02 FF F8 00 3C 0A F4 05 CF 
F1 27 00 96 00 03 07 DA FF DD 00 01 FF F8 00 F4 0A D7 0E 9B 
F1 28 00 8A 00 08 07 DB FF DF 00 01 FF F7 FF 15 01 3A 9A AB 
F3 29 00 6B 00 1F 07 E8 FF DF 00 01 FF F7 00 3A 0D 2A DA F0 
F1 2A 00 77 00 26 07 BB FF DF 00 03 FF F5 00 EF 09 73 58 03 
F1 2B 00 84 00 1C 07 E8 FF E0 00 03 FF F6 FF 19 09 82 B2 F8 
F3 2C 00 94 00 10 07 BA FF DE 00 02 FF F7 00 38 04 0E 88 7B 
F1 2D 00 9F 00 03 07 D8 FF DD 00 02 FF F8 00 F4 04 B8 E7 81 
F1 2E 00 A0 00 0C 07 E0 FF E0 00 05 FF F8 FF 18 0E E1 CF E1 
F3 2F 00 82 00 0C 07 C5 FF E0 00 02 FF F8 00 3A 0C D1 36 89 
F1 30 00 6F 00 14 07 AA FF DE 00 03 FF F8 00 F3 05 74 7C A6 
F1 31 00 8B 00 1F 07 DB FF DE 00 02 FF F8 FF 14 07 D4 B6 36 
F3 32 00 97 00 12 07 F3 FF DE 00 02 FF F9 00 39 07 24 0C 34 
F1 33 00 8B 00 07 07 C5 FF DF 00 01 FF F8 00 F5 0E 0E B3 F7 
F1 34 00 82 00 1C 07 D6 FF DE 00 02 FF F7 FF 1A 08 18 FE C6 
F3 35 00 91 00 0C 07 CA FF DE 00 02 FF F7 00 40 04 A7 C2 7D 
F1 36 00 84 00 0E 07 CB FF DF 00 01 FF F9 00 FA 04 B0 8D B2 
F1 37 00 8B 00 04 07 CE FF DE 00 01 FF F5 FF 17 06 34 B4 B5 
F3 38 00 8A 00 16 07 CF FF DF 00 03 FF F8 00 3E 08 9F 85 4F 
F1 39 00 81 00 10 07 E1 FF DE 00 00 FF F8 00 F4 05 B3 96 C0 
F1 3A 00 81 00 04 07 C9 FF DF 00 01 FF F7 FF 14 00 48 C0 A3 
F3 3B 00 96 00 17 07 F5 FF DE 00 03 FF F7 00 3F 0A 31 75 A1 
F1 3C 00 82 00 03 07 BB FF DD 00 01 FF F8 00 F5 05 76 C7 B7 
F1 3D 00 7D 00 05 07 B1 FF DF 00 03 FF F6 FF 14 05 6D BE 80 
F3 3E 00 89 00 06 07 E4 FF DE 00 01 FF F8 00 3B 06 30 65 A6 
F1 3F 00 87 00 09 07 E9 FF DF 00 01 FF FB 00 F0 06 7D D4 65 
F1 40 00 83 00 06 07 DD FF DE 00 03 FF F7 FF 14 0B 51 2B 37 
F3 41 00 8A 00 02 07 C5 FF DF 00 01 FF F7 00 41 03 EF 0A D0 
F1 42 00 91 00 16 07 F1 FF DF 00 02 FF F7 00 E7 04 F5 01 14 
F1 43 00 8C 00 0F 07 D0 FF DF 00 02 FF F8 FF 15 0B 30 5D 76 
F3 44 00 8C FF F2 07 D4 FF DE 00 02 FF F7 00 39 09 80 5A 17 
