F1 F3 00 70 00 0D 07 AE FF DF 00 04 FF F7 FF 1A 05 09 90 B9 
F3 F4 00 69 00 18 07 D6 FF DF 00 03 FF F8 00 3E 13 94 0C D8 
F1 F5 00 8B 00 0A 07 F4 FF E1 00 02 FF F6 00 FD 06 D9 3E E0 
F1 F6 00 79 00 18 07 B1 FF DF 00 04 FF F8 FF 21 06 44 5E 89 
F3 F7 00 6B 00 1C 07 C4 FF DF 00 02 FF F8 00 39 0A 50 9D D6 
F1 F8 00 7E 00 10 07 CD FF E2 00 02 FF F5 00 FE 04 B4 21 56 
F1 F9 00 6A 00 19 07 CB FF E1 00 03 FF F7 FF 1D 07 6B 57 E4 
F3 FA 00 69 00 18 08 32 FF E1 00 05 FF F7 00 38 08 73 6F 6C 
F1 FB 00 7F 00 0D 07 A1 FF E1 00 02 FF F9 01 03 09 B0 B9 CA 
F1 FC 00 96 00 04 08 18 FF E0 00 00 FF F8 FF 22 0C 3A 92 65 
F3 FD 00 67 00 1D 07 E4 FF E0 00 03 FF F8 00 37 0C A8 63 6B 
F1 FE 00 85 00 06 07 FE FF DD 00 02 FF F7 00 FE 0B AE BF 0D 
F1 FF 00 7B 00 17 07 F7 FF E0 00 06 FF F7 FF 1D 17 2C F4 B5 
F3 00 00 69 00 09 07 C7 FF E0 00 04 FF F7 00 38 25 DA 9F 8E 
F1 01 00 6F 00 24 07 E0 FF DE 00 02 FF F7 00 FF 1C 7D B3 48 
F1 02 00 92 FF FF 08 01 FF DF 00 00 FF F7 FF 1B 0A 5C 31 E4 
F3 03 00 78 00 1F 07 FB FF DF 00 03 FF F6 00 37 0A 94 97 2F 
F1 04 00 69 00 02 07 DA FF DF 00 04 FF F7 00 FE 0E CE E6 AF 
F1 05 00 6A 00 0D 07 D8 FF E1 00 05 FF F9 FF 1B 13 1D 0A 66 
F3 06 00 6C 00 32 07 D3 FF E1 00 05 FF F9 00 35 0E D5 C6 9D 
F1 07 00 67 00 43 07 CA FF DF 00 03 FF F7 01 00 0C 5F 0E 70 
F1 08 00 4D 00 03 07 D8 FF DE 00 01 FF F7 FF 20 0A 5E 29 8E 
F3 09 00 69 00 14 07 C9 FF E1 00 02 FF F8 00 3B 0A F1 F3 58 
F1 0A 00 78 00 32 07 C5 FF DF 00 01 FF F9 01 0C 0A 5B 54 06 
F1 0B 00 78 00 0C 07 E8 FF DE 00 02 FF F9 FF 1F 11 A7 9F 6C 
F3 0C 00 8A 00 03 07 ED FF E0 00 00 FF F9 00 3D 0F ED 38 E0 
F1 0D 00 6F FF FF 07 EF FF E0 00 01 FF F6 01 09 0D CC 28 14 
F1 0E 00 4C 00 0A 07 BF FF E0 00 02 FF F7 FF 20 0C EF 2E BE 
F3 0F 00 5E 00 1B 07 D2 FF DF 00 04 FF F8 00 39 05 CE EB B4 
F1 10 00 79 00 2B 07 C8 FF DF 00 04 FF F7 01 05 0D 32 7D A4 
F1 11 00 78 00 0E 07 DD FF E0 00 02 FF F8 FF 20 0A 05 55 A7 
F3 12 00 7F 00 2F 07 B3 FF E0 00 02 FF F7 00 3C 0F AD EA C4 
F1 13 00 7B 00 06 07 DC FF E0 00 01 FF F6 00 F5 0B 67 E9 6D 
F1 14 00 68 00 06 07 CA FF E1 00 02 FF F6 FF 1D 09 4C 10 5C 
F3 15 00 66 00 2B 08 01 FF DF 00 02 FF F8 00 43 0B 30 FC 0F 
F1 16 00 6A 00 24 07 CA FF DF 00 03 FF F5 01 06 0A 16 2A 40 
F1 17 00 79 00 03 07 D6 FF DF 00 03 FF F8 FF 20 0E FE 4E 70 
F3 18 00 83 00 17 08 1F FF DF 00 03 FF F7 00 39 0B 1F DA 84 
F1 19 00 72 00 0D 08 14 FF DE 00 02 FF F7 01 0A 0A 61 61 6B 
F1 1A 00 76 00 0D 07 CF FF DE 00 00 FF F7 FF 23 0A CC BB CE 
F3 1B 00 84 00 14 07 C5 FF E1 00 03 FF F7 00 3B 09 A8 8D 47 
F1 1C 00 74 00 16 07 CE FF DF 00 02 FF F8 01 03 0E DC 15 44 
F1 1D 00 60 00 14 07 E8 FF DF 00 02 FF F7 FF 1E 07 48 21 AF 
F3 1E 00 72 00 1B 07 E6 FF DF 00 01 FF F6 00 3C 00 EE EC DC 
F1 1F 00 6E 00 1B 07 E4 FF E0 00 03 FF F7 01 01 0A 36 AC A9 
F1 20 00 76 00 15 07 F2 FF E0 00 04 FF F7 FF 1E 06 12 58 A9 
F3 21 00 83 00 0D 07 C6 FF E1 00 03 FF F9 00 3C 08 73 52 6F 
F1 22 00 66 00 27 07 D5 FF E0 00 02 FF F9 01 10 0B F6 86 57 
F1 23 00 61 00 12 07 C4 FF DF 00 02 FF F7 FF 1F 09 49 9A CA 
F3 24 00 74 00 1F 07 CF FF E0 00 03 FF F7 00 41 0A 3A 33 FF 
F1 25 00 78 00 20 07 DB FF DF 00 03 FF F7 01 01 02 C7 21 09 
F1 26 00 7B 00 12 07 F2 FF DF 00 01 FF F6 FF 1B 07 77 B9 84 
F3 27 00 74 00 17 07 B7 FF DF 00 02 FF F8 00 39 09 6D AF B9 
F1 28 00 70 00 19 07 D5 FF E0 00 03 FF F6 00 FF 08 40 B2 ED 
F1 29 00 6C 00 1C 07 D2 FF DF 00 04 FF F8 FF 1E 0B DA 28 B9 
F3 2A 00 6E 00 0C 07 E1 FF E1 00 03 FF F8 00 39 00 53 3F 93 
F1 2B 00 72 00 12 07 E5 FF E0 00 03 FF F7 01 03 05 0C 40 68 
F1 2C 00 7B 00 19 07 DC FF DF 00 04 FF F7 FF 1D 0A 06 5B 13 
F3 2D 00 5B 00 17 07 C2 FF E0 00 02 FF F7 00 3C 09 7D 09 59 
F1 2E 00 72 00 0E 07 D5 FF DD 00 03 FF F8 01 0A 0D 9A CF 89 
F1 2F 00 6B 00 0A 07 C9 FF E1 00 03 FF F8 FF 21 0C 43 D8 56 
F3 30 00 67 00 09 07 E2 FF DE 00 02 FF F8 00 38 07 55 2C 9D 
F1 31 00 74 00 1E 07 E2 FF DF 00 03 FF F8 01 08 0E D4 66 4D 
F1 32 00 81 00 2A 07 ED FF DE 00 01 FF F7 FF 1F 06 29 D8 24 
F3 33 00 77 00 15 07 D5 FF E0 00 02 FF F8 00 39 0E 91 0E 9D 
F1 34 00 6C 00 05 07 DF FF DF 00 01 FF F7 01 02 13 67 7A 28 
F1 35 00 7C 00 22 07 F1 FF DF 00 03 FF F6 FF 1C 0A 28 95 27 
F3 36 00 7E 00 02 07 DE FF E0 00 03 FF F7 00 3C 0D D0 E9 58 
F1 37 00 62 00 11 07 DE FF DF 00 02 FF F8 01 0B 06 47 8A 7E 
F1 38 00 67 00 24 07 E2 FF DE 00 04 FF F7 FF 20 04 1F E4 52 
F3 39 00 79 00 0D 07 C5 FF E0 00 04 FF F8 00 33 0A 84 F9 00 
F1 3A 00 7F 00 21 07 E1 FF DE 00 01 FF F7 01 01 04 AC F6 93 
F1 3B 00 86 00 12 07 E6 FF E0 00 01 FF F8 FF 1B 12 DD 83 D3 
F3 3C 00 6F 00 1B 07 CF FF DF 00 02 FF F6 00 34 05 AF AB 15 
F1 3D 00 73 00 06 07 E8 FF DF 00 02 FF F7 01 00 05 A7 23 A6 
F1 3E 00 67 00 18 07 C6 FF DF 00 02 FF F7 FF 1E 0B 74 11 59 
F3 3F 00 76 00 1B 07 CE FF DF 00 03 FF F7 00 3E 05 3D F3 43 
F1 40 00 67 00 16 07 E2 FF E0 00 01 FF F6 00 FB 06 D4 0C 5F 
F1 41 00 74 00 1D 07 DC FF DF 00 04 FF F8 FF 1F 07 AC F8 75 
F3 42 00 6B 00 15 07 D2 FF DF 00 04 FF F8 00 39 05 21 29 EA 
F1 43 00 8A 00 16 07 BD FF DF 00 02 FF F7 01 06 0A 13 73 52 
F1 44 00 6F 00 0E 07 E4 FF E0 00 01 FF F7 FF 1B 0C 9B 93 AB 
F3 45 00 6C 00 09 07 F1 FF E0 00 02 FF F7 00 39 0E 71 C7 95 
F1 46 00 74 00 08 07 CD FF E0 00 02 FF F5 01 02 10 D2 84 44 
F1 47 00 5E 00 19 07 DA FF DF 00 02 FF F7 FF 20 0A 44 BE DA 
F3 48 00 6B 00 18 07 E4 FF E0 00 03 FF F8 00 39 12 2E D4 00 
F1 49 00 73 00 0D 07 CD FF E0 00 03 FF F6 01 01 0C CD E3 80 
F1 4A 00 75 00 26 07 D9 FF DF 00 02 FF F7 FF 1E 0C D8 87 97 
F3 4B 00 5A 00 1A 07 F8 FF E0 00 03 FF F7 00 3A 09 BF C4 CE 
F1 4C 00 78 00 1F 07 DF FF DF 00 01 FF F7 01 07 08 07 BD F0 
F1 4D 00 74 00 1B 07 E7 FF DF 00 01 FF F8 FF 1E 0C B6 B7 A3 
F3 4E 00 77 00 21 07 D5 FF E0 00 03 FF F7 00 3C 05 02 E7 D9 
F1 4F 00 79 00 1A 07 E0 FF E0 00 03 FF F8 01 07 06 BB 3A 84 
F1 50 00 75 00 0F 07 F5 FF E0 00 01 FF F7 FF 1E 0A 50 0B 52 
F3 51 00 74 00 0E 07 F0 FF DF 00 03 FF F9 00 37 0B 77 7E 3F 
F1 52 00 77 00 1C 07 FA FF DE 00 02 FF F8 00 FE 0D BB 31 23 
F1 53 00 6E 00 22 07 DA FF E1 00 03 FF F6 FF 1D 0E BD 6F AD 
F3 54 00 84 00 10 07 E2 FF DF 00 02 FF F7 00 35 0F F6 B3 1F 
F1 55 00 74 00 0E 07 FB FF E0 00 03 FF F8 01 05 12 83 1A 86 
F1 56 00 69 00 09 07 D3 FF DE 00 03 FF F8 FF 1F 06 8F 85 26 
F3 57 00 59 00 1F 07 E2 FF E0 00 01 FF F7 00 3C 08 6A 90 16 
F1 58 00 5A 00 18 07 C3 FF DF 00 02 FF F6 01 05 09 40 4B E9 
F1 59 00 70 00 0F 07 C6 FF DF 00 03 FF F7 FF 20 0A F6 29 6E 
F3 5A 00 89 00 03 07 C6 FF DF 00 03 FF F7 00 3F 09 3D DB 45 
F1 5B 00 85 00 2C 07 E0 FF DE 00 03 FF F7 01 09 04 FC 65 04 
F1 5C 00 6B 00 1E 08 0D FF E0 00 01 FF F7 FF 20 08 31 64 AD 
F3 5D 00 5E 00 10 07 DD FF DE 00 03 FF F8 00 37 0F 07 AD 71 
F1 5E 00 5A FF FF 07 D2 FF DF 00 01 FF F7 01 05 10 4A 7A 27 
F1 5F 00 64 00 1A 07 E0 FF DE 00 01 FF F6 FF 1C 0F F9 0C A1 
F3 60 00 77 00 17 07 D5 FF E0 00 04 FF F6 00 3E 05 EC 4B A5 
F1 61 00 7C 00 0C 07 BB FF E0 00 02 FF F6 00 FF 0F 42 0B F7 
F1 62 00 98 00 12 07 DB FF DF 00 02 FF F6 FF 24 15 0D D9 45 
F3 63 00 60 00 24 07 DB FF DF 00 02 FF F6 00 40 13 03 40 F3 
F1 64 00 70 00 18 07 DC FF DE 00 02 FF F6 01 06 0D 73 FC 73 
F1 65 00 6A 00 12 07 BA FF E1 00 02 FF F7 FF 1A 05 B5 AB 71 
F3 66 00 70 00 10 07 BA FF DF 00 04 FF F8 00 3F 0B 81 F4 20 
F1 67 00 76 00 14 08 00 FF DF 00 02 FF F8 01 02 0A 4D DB E0 
F1 68 00 61 00 0C 07 FD FF DF 00 01 FF F7 FF 23 08 B8 E7 B4 
F3 69 00 70 00 10 07 FB FF DD 00 01 FF F8 00 3E 07 F2 1E 6B 
F1 6A 00 72 00 1D 07 E6 FF E0 00 02 FF F6 01 06 05 49 70 87 
F1 6B 00 64 00 1F 07 DE FF E0 00 04 FF F7 FF 23 0D 5A DF 25 
F3 6C 00 6C 00 0E 07 EF FF DF 00 01 FF F8 00 3C 05 F3 F7 C7 
F1 6D 00 6D 00 12 07 DD FF DF 00 04 FF F7 01 02 05 62 D9 FB 
F1 6E 00 83 00 0D 07 EA FF E0 00 03 FF F7 FF 1B 08 02 74 ED 
F3 6F 00 72 00 24 07 F0 FF DF 00 03 FF F8 00 36 07 EC 29 21 
F1 70 00 6E 00 09 07 F7 FF DF 00 04 FF F8 00 FF 0C BD B8 ED 
F1 71 00 58 00 0F 07 BD FF DE 00 01 FF F6 FF 1C 06 CE 2A A8 
F3 72 00 62 00 0B 07 D1 FF E0 00 02 FF F7 00 3A 01 6D DC 79 
F1 73 00 77 00 0D 07 C2 FF DE 00 04 FF F8 01 0D 08 1E 64 F4 
F1 74 00 68 00 0C 07 D1 FF DF 00 02 FF F8 FF 1C 05 BC 8F 10 
F3 75 00 79 00 10 07 D9 FF E1 00 02 FF F8 00 31 08 DB 57 56 
F1 76 00 73 00 04 07 DD FF DF 00 02 FF F7 00 FE 04 09 F8 E9 
F1 77 00 77 00 0D 07 C9 FF DF 00 02 FF F5 FF 1F 03 A5 4C 2A 
F3 78 00 5D 00 10 07 CD FF E0 00 01 FF F5 00 36 09 F2 90 C1 
F1 79 00 6E 00 0B 07 D9 FF E0 00 01 FF F7 01 08 05 32 E6 58 
F1 7A 00 69 00 11 07 C5 FF DE 00 02 FF F6 FF 1F 09 8D 83 2E 
F3 7B 00 65 00 1A 07 A7 FF E0 00 01 FF F6 00 37 03 95 12 5A 
F1 7C 00 67 00 0D 07 CB FF DF 00 02 FF F7 01 05 FE 9B 5B 13 
F1 7D 00 75 00 26 07 E7 FF E0 00 02 FF F8 FF 1D 0B 96 1B 65 
F3 7E 00 76 00 18 07 D2 FF E0 00 04 FF F7 00 43 00 59 CE 68 
F1 7F 00 73 00 1F 07 DE FF E0 00 02 FF F6 01 06 06 F3 17 DD 
F1 80 00 75 00 11 07 C9 FF E0 00 02 FF F7 FF 1D 0B 90 68 FB 
F3 81 00 76 00 1E 07 EB FF E0 00 02 FF F7 00 37 03 D1 7B 0C 
F1 82 00 6F 00 1E 07 D8 FF DF 00 02 FF F8 00 FE 07 43 24 11 
F1 83 00 7A 00 14 07 D0 FF DE 00 04 FF F6 FF 19 03 6A FE 06 
F3 84 00 7C 00 0C 07 E6 FF DE 00 03 FF F9 00 43 05 99 62 16 
F1 85 00 6E 00 0E 07 EC FF E0 00 02 FF F7 01 06 09 2E EB 1B 
F1 86 00 72 00 18 07 D9 FF E0 00 02 FF F7 FF 20 02 56 ED C2 
F3 87 00 6D 00 09 07 D5 FF E0 00 03 FF F8 00 3A 0A 85 DC 0B 
F1 88 00 60 00 10 07 DF FF DE 00 03 FF F9 01 00 01 86 24 20 
F1 89 00 73 00 12 07 D2 FF DF 00 02 FF F7 FF 1B 03 E1 50 67 
F3 8A 00 6A 00 18 07 D0 FF DF 00 01 FF F8 00 38 06 43 34 0D 
F1 8B 00 69 00 01 07 D4 FF E0 00 01 FF F8 01 06 FE 25 6C 0D 
F1 8C 00 66 00 1C 07 CA FF E0 00 02 FF F8 FF 20 09 20 11 16 
F3 8D 00 7F 00 32 07 D5 FF DF 00 04 FF F8 00 3C 04 B8 85 EC 
F1 8E 00 7A 00 14 07 E1 FF DF 00 01 FF F7 01 09 03 A6 53 13 
F1 8F 00 81 00 18 07 D9 FF DF 00 02 FF F8 FF 1C 09 E9 07 35 
F3 90 00 6C 00 1C 07 D2 FF DF 00 03 FF F7 00 41 08 0E 06 48 
F1 91 00 6B 00 22 07 CA FF E0 00 01 FF F8 01 08 0C 68 8A 40 
F1 92 00 6D 00 1C 07 D8 FF E0 00 02 FF F6 FF 1E 10 B6 90 3D 
F3 93 00 7B 00 12 07 DC FF E2 00 02 FF F8 00 3A 05 FF 00 0A 
F1 94 00 7F 00 21 07 CE FF E1 00 02 FF F7 01 05 0E A5 E8 7A 
F1 95 00 73 00 18 07 F7 FF DF 00 02 FF F8 FF 1D 04 EF 87 16 
F3 96 00 6E 00 0E 07 EF FF E0 00 01 FF F7 00 3B 06 62 FC 31 
F1 97 00 60 00 0F 07 BE FF E0 00 01 FF F7 01 01 04 87 DE 45 
F1 98 00 68 00 0B 07 EC FF DF 00 03 FF F6 FF 1D 03 5D E6 19 
F3 99 00 7A 00 08 07 E1 FF DF 00 02 FF F7 00 40 07 BB F5 EE 
F1 9A 00 74 00 1D 07 D5 FF DE 00 02 FF F7 01 02 05 BE E5 42 
F1 9B 00 6B 00 1D 07 F1 FF E0 00 01 FF F6 FF 1E 0C A0 A8 11 
F3 9C 00 78 00 18 07 DC FF DF 00 03 FF F8 00 36 0F 09 90 2E 
F1 9D 00 6A 00 16 07 E2 FF DF 00 02 FF F8 01 01 05 FF B5 22 
F1 9E 00 67 00 0F 07 DF FF E0 00 02 FF F8 FF 1C 0A CD 4C 19 
F3 9F 00 75 00 19 08 01 FF DF 00 02 FF F8 00 39 0B 75 B1 CE 
F1 A0 00 83 00 1A 07 D6 FF E1 00 03 FF F7 01 05 0D 5C 03 17 
F1 A1 00 75 00 0B 07 BD FF E0 00 03 FF F5 FF 22 0F 0F 92 02 
F3 A2 00 74 00 15 07 CA FF DF 00 01 FF F5 00 3C 05 CA 84 67 
F1 A3 00 64 00 1F 07 E1 FF DF 00 02 FF F7 01 07 08 8F 6A 02 
F1 A4 00 78 00 0F 07 F5 FF E0 00 03 FF F7 FF 1C 0B 95 44 85 
F3 A5 00 62 00 1D 07 F0 FF DF 00 01 FF F8 00 3B 06 FA 5F E2 
F1 A6 00 72 00 12 07 F8 FF E0 00 02 FF F8 00 FF 07 72 DE 83 
F1 A7 00 73 00 16 07 D1 FF DF 00 03 FF F7 FF 1E 02 F7 E6 39 
F3 A8 00 70 00 15 07 C2 FF DF 00 02 FF F7 00 39 05 AE 40 5C 
F1 A9 00 6F 00 0D 07 C7 FF E0 00 01 FF F7 01 00 04 59 10 D8 
F1 AA 00 6C 00 0D 07 C6 FF DF 00 03 FF F7 FF 20 05 70 2B 8C 
F3 AB 00 68 00 14 07 BC FF DF 00 02 FF F8 00 3C 04 DF 66 B0 
F1 AC 00 6D 00 11 07 C8 FF DF 00 04 FF F8 01 07 04 F5 1C E5 
F1 AD 00 75 00 1F 07 D2 FF E0 00 02 FF F7 FF 1A 03 AD 60 3C 
F3 AE 00 72 FF FB 07 CA FF DE 00 04 FF F7 00 3A 07 D2 FD D5 
F1 AF 00 6E 00 10 07 D5 FF E1 00 02 FF F7 01 07 07 07 2C 9F 
F1 B0 00 66 00 14 07 DF FF DF 00 02 FF F6 FF 1F 09 D4 C5 15 
F3 B1 00 67 00 0D 07 AF FF E0 00 04 FF F7 00 3A 04 83 75 AE 
F1 B2 00 6F 00 1B 07 ED FF DE 00 02 FF F7 01 00 06 E4 C6 94 
F1 B3 00 6C 00 18 07 DB FF DF 00 03 FF F7 FF 1C 04 27 23 5F 
F3 B4 00 72 00 0A 07 E7 FF DF 00 02 FF F7 00 39 03 F5 62 B6 
F1 B5 00 76 00 0E 07 F8 FF DF 00 02 FF F9 01 00 03 77 91 E4 
F1 B6 00 67 00 1A 07 C3 FF DF 00 01 FF F7 FF 20 04 E8 31 A4 
F3 B7 00 77 00 1F 07 D3 FF E0 00 02 FF F8 00 3C 09 60 40 2C 
F1 B8 00 75 00 0D 07 E4 FF E2 00 02 FF F7 01 02 07 EC 3A 05 
F1 B9 00 7A 00 22 07 CB FF DE 00 03 FF F8 FF 1C 02 C9 CA 8B 
F3 BA 00 6C 00 1F 07 EB FF E1 00 02 FF F7 00 38 07 A2 CB 6E 
F1 BB 00 76 00 1A 07 D5 FF E1 00 03 FF F9 00 FF 08 D1 69 4E 
F1 BC 00 6E 00 20 07 DE FF DE 00 04 FF F7 FF 1F 0B 7B 02 C0 
F3 BD 00 74 00 0B 07 E2 FF DE 00 03 FF F6 00 3B 08 F9 65 47 
F1 BE 00 76 00 0B 07 D2 FF DE 00 04 FF F6 01 03 03 05 E7 21 
F1 BF 00 8C 00 18 07 DD FF E0 00 02 FF F6 FF 1B 08 45 07 43 
F3 C0 00 78 00 02 07 E2 FF DF 00 03 FF F7 00 3A 06 09 A3 A6 
F1 C1 00 6A 00 15 07 DA FF E0 00 02 FF F8 00 FC 0D 80 38 E3 
F1 C2 00 75 00 08 07 E0 FF E0 00 02 FF F6 FF 1D 04 8E F0 9B 
F3 C3 00 6F 00 10 07 C9 FF DF 00 01 FF F8 00 3D 04 B0 98 FB 
F1 C4 00 75 00 0C 07 CD FF E0 00 02 FF F7 00 FE 09 0F F9 E6 
F1 C5 00 79 00 14 07 E2 FF E0 00 03 FF F8 FF 1F 06 9D DB AB 
F3 C6 00 76 00 0E 07 E5 FF DF 00 02 FF F6 00 35 08 9E F9 DE 
F1 C7 00 73 00 17 07 D1 FF DE 00 03 FF F7 01 00 04 29 E9 1F 
F1 C8 00 72 00 18 07 CB FF DF 00 03 FF F7 FF 1C 00 47 85 95 
F3 C9 00 69 00 09 07 DF FF E0 00 01 FF F6 00 37 07 EF 8E 76 
F1 CA 00 73 00 19 07 BF FF DF 00 01 FF F6 01 00 01 93 DC 74 
F1 CB 00 73 00 2D 07 CD FF DF 00 03 FF F7 FF 1C 04 24 00 A8 
F3 CC 00 67 00 24 07 B0 FF E0 00 04 FF F7 00 3A 06 D9 DB 51 
F1 CD 00 6D 00 07 07 ED FF DE 00 04 FF F8 01 0B 02 F1 86 CA 
F1 CE 00 6C 00 0C 07 D9 FF DF 00 02 FF F8 FF 1B 07 B2 C0 CF 
F3 CF 00 72 00 18 07 DD FF E0 00 02 FF F7 00 33 02 59 03 4F 
F1 D0 00 67 00 0E 07 DC FF E0 00 03 FF F6 01 06 04 2D FC 85 
F1 D1 00 68 00 15 08 08 FF E0 00 03 FF F8 FF 1F 07 71 5A 7F 
F3 D2 00 84 00 10 07 E2 FF DF 00 01 FF F9 00 39 00 E3 11 BA 
F1 D3 00 82 00 14 07 BB FF E1 00 02 FF F7 00 FB 0A FB ED C8 
F1 D4 00 69 00 1B 07 DD FF E2 00 05 FF F7 FF 1B 04 14 96 5C 
F3 D5 00 72 00 15 07 E9 FF E2 00 01 FF F7 00 35 01 D7 D7 5E 
F1 D6 00 6A 00 0E 07 DA FF E0 00 03 FF F7 01 05 0A 6E D5 9F 
F1 D7 00 73 00 1F 07 C7 FF DF 00 03 FF F7 FF 1D 06 5E E7 99 
F3 D8 00 65 00 17 07 C6 FF E0 00 03 FF F6 00 3C 0A AD 0F D5 
F1 D9 00 61 00 17 07 DE FF E0 00 01 FF F7 01 0A 05 A3 B9 86 
F1 DA 00 7B 00 0D 07 EA FF DF 00 02 FF F6 FF 1D 04 81 47 EE 
F3 DB 00 68 00 1D 07 E1 FF DF 00 02 FF F7 00 37 0D FC 73 77 
F1 DC 00 67 00 08 07 E1 FF E0 00 01 FF F8 01 02 03 BA 7A F3 
F1 DD 00 67 00 1C 07 DA FF DE 00 01 FF F8 FF 1D 04 AE 42 29 
F3 DE 00 65 00 1C 07 C5 FF E0 00 03 FF F6 00 3B 0C 4E 33 E7 
F1 DF 00 72 00 1A 07 E6 FF E0 00 01 FF F6 01 0C 02 FE 6A 06 
F1 E0 00 7E 00 1F 07 F0 FF E1 00 02 FF F8 FF 1F 0F 7B 89 17 
F3 E1 00 78 00 15 07 E4 FF E0 00 02 FF F8 00 39 05 FD B0 58 
F1 E2 00 83 00 22 07 CD FF DD 00 03 FF F8 01 09 09 4F 5A 04 
F1 E3 00 82 00 12 07 EB FF DF 00 03 FF F7 FF 1E 04 E9 7F 42 
F3 E4 00 67 00 0E 07 E4 FF DF 00 01 FF F7 00 38 02 13 43 4B 
F1 E5 00 5E 00 1C 07 FB FF DF 00 01 FF F6 00 FF 09 34 3A F8 
F1 E6 00 70 00 1A 07 DA FF E1 00 03 FF F8 FF 19 04 67 F7 7A 
F3 E7 00 6B 00 09 07 F5 FF E0 00 00 FF F6 00 38 03 34 90 34 
F1 E8 00 76 00 0E 07 DB FF E0 00 03 FF F5 00 FF 0C C0 D0 D2 
F1 E9 00 7F 00 11 07 E1 FF DF 00 02 FF F8 FF 1E 01 BA E3 7B 
F3 EA 00 5C 00 18 07 F0 FF E1 00 02 FF F5 00 3C 0A 9A 62 F0 
F1 EB 00 6B 00 07 07 D8 FF E0 00 01 FF F9 00 FD 07 5C 90 D1 
F1 EC 00 75 00 11 07 D3 FF E0 00 03 FF F6 FF 1C 06 4D F6 E9 
F3 ED 00 6D 00 06 07 D6 FF DE 00 02 FF F8 00 37 09 50 34 BF 
F1 EE 00 75 00 1E 07 DC FF DF 00 03 FF F6 01 00 01 ED D6 72 
F1 EF 00 6C 00 1B 07 DE FF DF 00 02 FF F8 FF 1F 06 63 2D 83 
F3 F0 00 6B 00 0B 07 DB FF E0 00 02 FF F8 00 39 03 23 75 F0 
F1 F1 00 7A 00 28 07 DC FF E0 00 02 FF F7 01 06 08 35 EA 83 
F1 F2 00 6F 00 09 07 F0 FF DF 00 02 FF F6 FF 21 08 5C 94 10 
F3 F3 00 7E 00 17 07 EB FF DE 00 04 FF F6 00 3F 00 EE DE FC 
F1 F4 00 75 00 0E 07 CA FF E0 00 02 FF F6 01 07 02 D9 AE F9 
F1 F5 00 81 00 1B 07 DE FF DF 00 02 FF F7 FF 1C 05 52 2B DA 
F3 F6 00 7C 00 14 07 EC FF DF 00 02 FF F7 00 39 08 39 46 93 
F1 F7 00 79 00 09 07 D6 FF DF 00 03 FF F7 01 03 08 7A 87 30 
F1 F8 00 6E 00 14 07 D6 FF E1 00 01 FF F6 FF 1D 01 88 44 C4 
F3 F9 00 68 00 07 07 D5 FF DF 00 04 FF F6 00 38 05 F2 18 BB 
F1 FA 00 70 00 12 07 CF FF E0 00 03 FF F7 01 06 05 7E 96 3C 
F1 FB 00 7B 00 16 07 E6 FF DF 00 02 FF F4 FF 1C 04 74 86 85 
F3 FC 00 73 00 10 07 E7 FF E0 00 03 FF F6 00 39 07 4A 40 E0 
F1 FD 00 7E 00 0E 07 CF FF E0 00 02 FF F8 00 FD 02 56 89 8D 
F1 FE 00 74 00 17 07 DB FF DF 00 02 FF F7 FF 1C 05 FF E6 99 
F3 FF 00 64 00 19 07 D2 FF E1 00 04 FF F8 00 3C 07 AE 14 3E 
F1 00 00 7B 00 14 07 DC FF DF 00 01 FF F9 00 FE 05 9E FE 5F 
F1 01 00 66 00 1E 07 D2 FF E0 00 01 FF F7 FF 21 07 3C 32 E8 
F3 02 00 60 00 10 07 BE FF E0 00 03 FF F7 00 3C 03 5E 16 E3 
F1 03 00 60 00 16 07 E0 FF E0 00 02 FF F7 01 0A 0A 35 E5 3E 
F1 04 00 6F 00 1E 07 C7 FF DF 00 03 FF F7 FF 20 03 95 E7 8A 
F3 05 00 61 00 20 07 C4 FF E1 00 02 FF F6 00 37 02 01 D9 0B 
F1 06 00 76 00 11 07 BB FF DE 00 02 FF F7 00 F7 04 97 C9 44 
F1 07 00 6D 00 0A 07 F0 FF DF 00 01 FF F8 FF 1A 08 0E B7 C0 
F3 08 00 7A 00 06 07 DE FF DE 00 02 FF F7 00 36 0E 86 27 AD 
F1 09 00 7D 00 1A 07 C6 FF DE 00 02 FF F7 01 01 0D 9B F0 25 
F1 0A 00 6F 00 1E 07 E7 FF DF 00 02 FF F7 FF 1E 02 9E 4C 33 
F3 0B 00 77 00 21 07 FA FF DF 00 03 FF F8 00 39 27 0F BE 88 
F1 0C 00 77 00 0B 07 C3 FF DE 00 00 FF F7 01 00 21 3F F2 3C 
F1 0D 00 74 00 16 07 C6 FF DF 00 03 FF F7 FF 1D 17 05 E2 7B 
F3 0E 00 68 00 0F 07 D1 FF DF 00 03 FF F7 00 38 11 D2 C2 C7 
F1 0F 00 72 00 24 07 BF FF E0 00 01 FF F8 01 06 0D FE 30 9E 
F1 10 00 7D 00 17 07 DF FF DF 00 05 FF F6 FF 1E 0C B8 30 FB 
F3 11 00 7D 00 0B 07 E9 FF E0 00 02 FF F7 00 3A 0D 2D E8 61 
F1 12 00 76 00 06 07 CB FF DF 00 03 FF F8 01 00 0F 5A 01 35 
F1 13 00 78 00 11 07 E2 FF DF 00 01 FF F7 FF 1E 15 AB 9F 11 
F3 14 00 6C 00 0A 07 FA FF DF 00 03 FF F7 00 3B 0D F1 DA 2F 
F1 15 00 67 00 0D 07 DD FF DF 00 04 FF F8 01 01 12 B4 B4 60 
F1 16 00 62 00 11 07 E9 FF E0 00 02 FF F7 FF 20 0A 7E D0 FC 
F3 17 00 78 00 0E 07 DB FF E0 00 02 FF F7 00 3B 0A 1C 28 8C 
F1 18 00 82 00 0B 07 DD FF DE 00 03 FF F6 01 06 04 FB 91 91 
F1 19 00 6F 00 05 07 EF FF DF 00 03 FF F8 FF 1F 03 F2 67 62 
F3 1A 00 7B 00 12 07 CE FF E1 00 02 FF F6 00 37 0E AE A4 ED 
F1 1B 00 61 00 0D 07 CB FF DE 00 02 FF F6 01 07 03 1F 20 53 
F1 1C 00 6C 00 27 07 D2 FF E0 00 04 FF F7 FF 20 0B 43 63 68 
F3 1D 00 73 00 2A 07 D4 FF DF 00 02 FF F8 00 3B 0F BC AA 7E 
F1 1E 00 88 00 06 07 DA FF DE 00 03 FF F6 00 FD 08 98 87 D7 
F1 1F 00 6C 00 16 07 C4 FF E1 00 04 FF F8 FF 1F 16 A1 47 35 
F3 20 00 72 00 1A 07 B8 FF E0 FF FF FF F8 00 3C 05 FC CB 55 
F1 21 00 84 00 17 07 F1 FF DF 00 03 FF F7 01 07 09 5B 06 0F 
F1 22 00 65 00 10 07 E9 FF E1 00 03 FF F8 FF 21 08 5E CF 08 
F3 23 00 64 FF F1 07 C4 FF DF 00 02 FF F6 00 3C 05 13 6E 58 
F1 24 00 68 00 0D 07 DD FF DF 00 02 FF F7 01 07 09 E1 7A F6 
F1 25 00 61 00 17 07 DA FF E0 00 03 FF F6 FF 1B 06 EE C9 9A 
F3 26 00 68 00 14 07 D0 FF DF 00 03 FF F7 00 39 04 C7 FA F5 
F1 27 00 6E 00 1C 07 CF FF E1 00 01 FF F7 01 09 11 4D 81 A8 
F1 28 00 6B 00 18 07 DB FF DF 00 03 FF F7 FF 1E 0D FE 8D 5B 
F3 29 00 6D 00 07 07 DB FF DE 00 02 FF F7 00 38 0D 09 DF 08 
F1 2A 00 6B 00 1E 07 D5 FF E0 00 01 FF F7 00 FB 22 1D A7 CC 
F1 2B 00 6C 00 28 07 DE FF E0 00 03 FF F5 FF 1D 16 28 73 8F 
F3 2C 00 72 00 08 07 CF FF DF 00 04 FF F7 00 38 13 45 BB 20 
F1 2D 00 7E 00 23 07 EB FF DC 00 03 FF F7 01 01 04 F0 81 C6 
F1 2E 00 6C 00 31 07 CE FF DF 00 00 FF F6 FF 20 0B 40 68 26 
F3 2F 00 6B 00 29 07 F8 FF DE 00 04 FF F8 00 3B 0C 48 E6 AE 
F1 30 00 6F 00 12 07 BA FF DF 00 02 FF F8 01 01 04 2E C6 BA 
F1 31 00 78 00 0E 07 BC FF DE 00 03 FF F6 FF 1E 0A 5E 9A C5 
F3 32 00 68 00 1B 07 CE FF E0 00 01 FF F7 00 3C 03 AC C3 76 
F1 33 00 69 00 17 07 E6 FF DE 00 01 FF F8 01 07 05 DA 9E B3 
F1 34 00 79 00 04 07 CD FF E1 00 02 FF F8 FF 1D 05 3A FB C7 
F3 35 00 7F 00 16 07 E4 FF DF 00 02 FF F6 00 33 03 B8 04 17 
F1 36 00 62 00 1C 07 BC FF E3 00 03 FF F6 01 01 09 A4 B3 7D 
F1 37 00 76 00 1A 07 DA FF E2 00 01 FF F7 FF 1E 07 80 D2 AA 
F3 38 00 79 00 0A 07 EC FF DF 00 02 FF F7 00 34 07 05 29 B8 
F1 39 00 70 00 0D 07 D8 FF E0 00 02 FF F8 01 00 0A 54 7E 5E 
F1 3A 00 70 00 15 07 CF FF DF 00 03 FF F7 FF 20 04 26 59 D3 
F3 3B 00 7D 00 11 07 DE FF DE 00 03 FF F8 00 36 07 00 06 ED 
F1 3C 00 6C 00 1F 07 E1 FF E0 00 02 FF F7 01 01 03 3D D3 65 
F1 3D 00 6B 00 14 07 E4 FF E0 00 02 FF F6 FF 1C 05 C3 C4 E2 
F3 3E 00 7F 00 15 07 DE FF E0 00 03 FF F7 00 34 07 49 48 F2 
F1 3F 00 7D 00 09 07 F2 FF DF 00 02 FF F7 01 09 03 E1 79 2B 
F1 40 00 65 00 16 07 DB FF DF 00 02 FF F6 FF 1B 00 7D 15 25 
F3 41 00 79 00 12 07 BC FF DF 00 02 FF F7 00 3A 08 6B 6E 1C 
F1 42 00 75 00 17 07 F3 FF E0 00 03 FF F7 01 0B 06 E9 5E 75 
F1 43 00 5F 00 12 07 D9 FF DE 00 02 FF F8 FF 1B 0B 96 8C 2B 
F3 44 00 7B 00 16 07 E1 FF DF 00 02 FF F7 00 3C 03 AF B8 F8 
F1 45 FE D7 00 5B 09 2D FF CA FF FB FF E8 00 FD 04 24 5F 8C 
F1 46 04 7A FF 98 0B F9 00 1D 00 0F FF E0 FF 20 07 E0 E1 59 
F3 47 FD C9 FF D7 0B 9E 00 07 FF F8 FC 1B 00 39 05 24 0B 60 
F1 48 FC 83 00 C3 0F 3C 02 56 FF 8E FE 0E 01 00 07 09 C9 BC 
F1 49 F9 C9 00 61 09 9A 05 38 FF 6B 00 3A FF 1A 05 00 56 CC 
F3 4A 01 E3 00 FE 08 41 05 5B FE 7F 02 71 00 36 02 6A 4D 41 
F1 4B 00 C1 02 7C 09 44 05 EE FC F8 01 DA 01 0A 07 E8 17 85 
F1 4C 00 68 03 4F 07 2F 06 68 FA D0 01 F6 FF 1A 05 B8 66 D8 
F3 4D 00 67 01 F5 07 22 06 D3 FD DF 02 2D 00 33 0B AD 2E 61 
F1 4E FD 77 00 88 05 2D 09 93 08 C0 03 9C 00 F8 0B AA 73 7D 
F1 4F 04 D7 01 C4 06 55 06 52 15 21 04 AE FF 16 0D C6 20 22 
F3 50 FE F8 05 76 0F 39 05 E9 10 C3 02 E0 00 1E 09 C4 26 C8 
F1 51 FE BE 06 1D 0B B8 09 8B 0C E7 02 7E 00 FC 04 B7 1D 0C 
F1 52 FD 8C 00 0D FF DF 0A 48 07 54 01 05 FF 04 07 D2 74 04 
F3 53 FE AE 03 7C FF D4 01 47 FC 42 00 3C 00 0D 0B 50 71 96 
F1 54 00 C0 05 C8 08 35 FC EA 02 8F FE 77 01 0D 04 C8 AE 52 
F1 55 FF 95 04 2B 07 BD 00 96 0B 61 FA 16 FE F8 06 0E A1 9C 
F3 56 F9 8E 05 4E 04 84 01 CC 08 86 F9 8A 00 09 06 1D 0B EE 
F1 57 FA A8 06 B1 05 63 FF DB 02 FB FB 88 01 06 06 40 9C F0 
F1 58 FE 6B 05 BD 04 31 FE 3C 01 04 FB 57 FE F0 07 DD 98 CA 
F3 59 FE 25 00 8F 05 41 FD CE 07 DE FA 14 00 0C 0A F3 DF 91 
F1 5A FE A8 FF A2 05 16 FF 13 07 F2 F8 55 01 20 07 27 FD AE 
F1 5B FE C4 00 D8 02 FA 01 FB 06 58 F5 DB FE EE 06 77 87 34 
F3 5C FA 67 FF 2A 01 6E 05 1D 09 26 F4 61 00 11 08 6E 65 CB 
F1 5D FA 24 00 B5 01 C1 09 45 0C 50 F5 9C 01 3D 09 B3 62 55 
F1 5E F8 16 02 E4 01 65 0C 01 0E 8A F8 0B FE ED 07 B2 2E CB 
F3 5F F7 80 06 39 01 56 0C 1F 12 7C FB 79 00 1C 07 95 1B E9 
F1 60 FB C5 05 A4 FE 8B 07 D0 13 17 FC 4F 01 52 03 6C AE 89 
F1 61 F9 2B 04 3C 01 58 04 9C 07 B4 FA 63 FE DB 08 6D BA D9 
F3 62 FA 13 02 8A 00 F7 04 64 02 6F FA F5 00 35 08 2C 8C 68 
F1 63 FA F5 00 ED FF F2 05 1B 04 8F FC 13 01 60 05 9D 1B 85 
F1 64 F9 FB 00 EC FE F9 05 8B 05 D1 FE 81 FE B1 06 E0 95 8D 
F3 65 FA AB 00 8C FE 1C 05 1D 04 52 01 86 00 3D 05 82 BB CD 
F1 66 FA F5 01 48 FD D3 04 0E 03 53 03 D4 01 61 08 65 2F 93 
F1 67 FB F5 01 6E FE 9E 03 3E 03 84 05 49 FE A6 02 7B 91 AF 
F3 68 FC 6F 01 B4 FF 2C 04 3D 03 DC 05 48 00 43 03 71 27 C2 
F1 69 FB 76 02 D6 FD 76 05 82 05 E1 05 BE 01 57 04 8A 5E E7 
F1 6A FB 78 04 28 FB 7C 04 D9 05 8F 07 F3 FE A2 04 46 CA CE 
F3 6B FC 66 04 49 FD 53 04 25 00 93 08 A3 00 40 0C 6F 76 BA 
F1 6C FD 83 04 F4 FE 28 06 3A 00 F6 08 5A 01 43 01 C6 1E 6F 
F1 6D FB 5A 06 3B FC A8 08 39 03 3F 09 E2 FE 93 08 66 E9 54 
F3 6E FB D2 06 ED FB 77 07 D2 01 23 0C E1 00 49 0D 5F A3 C6 
F1 6F FC AA 08 4A FD 0D 07 48 FE EE 0E 4E 01 2D 07 A0 FA 0A 
F1 70 F8 85 08 F6 FA C2 08 A4 02 1C 0E F3 FE 91 0C F1 73 0D 
F3 71 FA 86 0A 55 FA 51 08 9D 01 C7 0E F8 00 4E 09 43 21 E9 
F1 72 FC 74 09 DB FD 94 07 40 FE 81 0E 4F 01 25 01 C1 0F 55 
F1 73 FD 1E 0A C7 FC E9 07 6B FE 48 0C 69 FE 91 16 26 A2 CB 
F3 74 FB 72 0A D7 FC 07 07 99 FF 99 0B 8C 00 52 11 A5 0F B8 
F1 75 FD 3A 0A 51 FC 61 07 11 FD AB 0B 8D 01 1C 0D F7 C1 1B 
F1 76 FE 7D 09 99 FB D8 06 D6 FD C5 0B 9F FE 88 09 76 7A FF 
F3 77 FE 81 08 E3 FA 41 05 66 FD 55 0A AF 00 56 06 19 54 BE 
F1 78 FE 1B 09 6D FA FE 03 CC FA 94 08 C5 01 1B 16 25 12 BA 
F1 79 FE 8A 09 C9 FC 94 04 2F F9 33 06 69 FE 88 F9 9A B3 7C 
F3 7A FC 51 08 DA FB 4A 05 9A FA 4E 04 E1 00 5C 0E 0B 64 95 
F1 7B F8 BD 08 FD F8 BC 04 B8 FB AA 05 83 01 2C 0B 5E A9 E3 
F1 7C F8 FB 0A 18 F9 82 03 70 F9 26 07 65 FE 8A 00 45 19 DF 
F3 7D F8 AF 0A E4 FA AB 03 A8 F6 A1 06 73 00 60 11 32 10 89 
F1 7E F6 56 0C B2 FB A5 04 57 F9 9B 03 3E 01 2A 0E 44 8D 98 
F1 7F F5 8C 0E 50 FA 76 03 9F F9 10 00 C3 FE 8E 0F 80 17 99 
F3 80 F6 B8 0F 85 FC AD 01 52 F5 EA FC 9B 00 61 07 BF 4C 98 
F1 81 F5 7C 10 35 FF F4 00 D8 F8 9B F8 24 01 44 04 49 C5 EE 
F1 82 EF 51 10 F5 01 E2 00 F4 FA AB F6 E3 FE 8E 11 06 83 3F 
F3 83 F1 79 15 B0 03 FF FE FD FA FE F6 BB 00 67 07 61 3D E7 
F1 84 EB 8B 21 DE 0A B0 FB F2 FB D0 F5 12 01 56 1B 39 BB 2C 
F1 85 F5 CC 48 7C F8 50 F2 6A FA 5E F1 D4 FE 97 46 AA 27 30 
F3 86 0B D5 52 0D EE D3 D8 4F F7 A5 E5 E7 00 7E 3A 71 A6 B3 
F1 87 1C DE 47 26 E9 8D C3 DD 01 F4 CE 04 01 55 1D 20 06 41 
F1 88 20 A5 44 CE E1 1E C2 5B 15 27 B7 25 FE 99 2A B8 C9 32 
F3 89 15 F1 41 AE E1 12 D0 32 0D C7 B2 52 00 6E 7F BC 01 DF 
F1 8A 27 12 2C 30 E0 08 D9 D5 00 83 C3 95 01 5C 57 01 A4 0C 
F1 8B 20 09 15 08 E7 C0 E3 34 04 3B CF C9 FE 90 47 20 8B 30 
F3 8C 14 E9 09 C6 EF 93 EF 7E 02 8E E4 36 00 63 59 DA DF C2 
F1 8D 12 FA 06 06 F3 06 F9 91 01 78 F8 43 01 47 4E 4F 66 01 
F1 8E 0F 6B 02 47 F5 A2 00 0B FB 26 FE 94 FE 84 06 1F 4C 47 
F3 8F 08 8D FF 25 F9 A6 03 EC FC B9 FE E4 00 6B 0B 89 AE 3C 
F1 90 00 6D FE 12 FB A8 06 FD FF 9B 02 58 01 4F FE AA CF 6F 
F1 91 FE CE 00 3A F9 3C 07 4C FD 66 08 5F FE 82 FE A1 55 70 
F3 92 00 6F FE 6D F8 06 03 60 F8 CB 09 CF 00 76 03 0A A4 D1 
F1 93 FF 4C FD AD F8 CB FF DF F8 89 06 A3 01 55 03 E1 26 83 
F1 94 FE 3E FB 37 F9 56 FE 42 00 EE 04 53 FE 88 0C 86 65 F6 
F3 95 FC A0 FB 21 F7 2D FD F5 04 13 04 C0 00 6E 00 A9 30 32 
F1 96 FE 06 FA A0 F6 FE FD 07 00 1C 06 1F 01 62 06 42 AD DB 
F1 97 FD 82 FB D1 F8 DE FD 34 FC 94 05 FB FE 90 0A 75 7B BC 
F3 98 FB F0 FD 7A F7 E4 FF 03 FD 1C 06 4D 00 5C 08 34 2A 84 
F1 99 FC 25 FE BF F6 DA FF 12 FD 59 08 0F 01 58 09 61 70 FB 
F1 9A FA 55 FF B4 F7 0E FC 33 FB F4 0A 78 FE 89 02 E0 EA 87 
F3 9B F8 BA FE A2 FB A3 FA B1 F4 CF 0D E2 00 52 09 0B 5B A2 
F1 9C FA 23 FF 30 FD F3 FD 7B E9 63 10 3C 01 62 08 52 4A AE 
F1 9D FA 3B 01 0B FB 8C 00 82 E8 CB 10 ED FE 91 0D B6 6A CD 
F3 9E F9 6C 01 38 FB 56 FF 89 EE 8E 11 A5 00 2E 0C 3A A6 C1 
F1 9F FA 12 01 20 00 9B FE 93 EA FF 11 C2 01 68 05 77 09 AD 
F1 A0 F9 F4 02 33 01 79 FF D7 E3 6E 10 B2 FE A8 02 E8 9C 62 
F3 A1 FB EE 03 6E 03 76 01 17 E1 CA 0F 5D 00 17 01 A6 12 43 
F1 A2 FE 42 03 05 03 95 02 82 E2 A8 0C 66 01 53 06 01 D6 E8 
F1 A3 FE 1F 03 68 04 94 02 3F E8 1C 08 C6 FE BC 07 5C B8 EE 
F3 A4 00 89 03 A0 07 1C FF AC EA DD 05 E2 00 03 09 F2 68 4F 
F1 A5 FF 43 04 99 06 49 FD 94 ED 55 03 2C 01 38 0A 73 80 94 
F1 A6 FC DC 04 B2 07 5D FC 7A EF D6 02 59 FE D4 0B 1B 6E 48 
F3 A7 01 CD 04 2A 0B EF FC 70 EE 41 02 20 00 03 05 0D CA 5B 
F1 A8 01 7A 03 C9 0B 22 FF 5B F0 57 FF AB 01 05 01 88 54 A7 
F1 A9 00 83 03 7D 05 4E FF AE F6 4E FD 67 FE E5 03 D8 55 73 
F3 AA FE BF 03 E0 04 D7 FB AE FA 2A FC 91 00 06 09 7B 51 BA 
F1 AB FC C0 06 96 0D A0 FB 13 FE C9 FD 19 00 F0 0A E0 3C C7 
F1 AC FE 9A 01 D9 08 13 FD 31 03 D8 FC DD FE EF FD 94 74 E4 
F3 AD FC 1F 02 B7 07 98 FD 11 03 8F FD 03 00 07 08 1B DA 76 
F1 AE FD 20 02 99 0A C8 FD C2 FE 49 FE 1E 00 F5 08 2D F0 AC 
F1 AF FE 96 02 43 0B 79 00 E4 F9 2F FD EC FE F4 0B 51 42 EA 
F3 B0 00 26 FF B3 24 34 F7 03 EE C2 FD 38 00 10 3F D0 0C C3 
F1 B1 02 53 01 F6 05 C7 FE 52 F4 DA FC 76 01 07 07 41 64 B9 
F1 B2 FD 44 02 93 0C 2F FA 83 FB 87 FE 9E FE FB 37 4D 1B 68 
F3 B3 FD 82 03 4D 0E A4 FC 06 03 48 FE 25 00 14 1A 74 B0 65 
F1 B4 01 C5 00 0E 04 B8 FD 0E 05 C8 FE 6D 00 FF 0C CF 22 0E 
F1 B5 00 7E 01 83 09 2D FB E2 01 31 FD 9F FF 01 07 23 70 7D 
F3 B6 FC F9 01 40 07 78 FC 33 FB 9A FD BE 00 19 07 C9 0C 55 
F1 B7 FF BF 01 C5 07 43 FC 7E F8 B5 FF 37 01 05 0B 52 33 E3 
F1 B8 02 50 01 08 06 FD FC B0 FD 6D FF 24 FF 07 01 FC 2B C3 
F3 B9 00 74 01 07 06 8D FD 10 05 7C FE 95 00 22 07 DE 15 F7 
F1 BA FE 3D 00 62 09 BB FC C4 04 2A FE F4 01 06 06 87 3D 90 
F1 BB FF 52 01 04 08 28 FD A6 FC FD FF 9D FF 13 07 8E D0 D5 
F3 BC FF E2 00 4E 03 DD FC F1 F9 A3 FF CD 00 22 09 71 03 0B 
F1 BD FF 11 00 41 FF 7E FC C2 04 C3 00 4D 01 01 08 DE D6 D3 
F1 BE FF 70 FF 0F 0D CF FC 6D FF B5 00 6A FF 14 01 6A 83 61 
F3 BF 01 BC FE 20 08 AA FC 3C FE 74 00 31 00 32 15 1D 46 62 
F1 C0 02 3A FF 8A 09 4D FF DE FF F7 00 2E 01 10 12 16 8F 8E 
F1 C1 00 E1 00 33 07 89 FF E6 00 04 FF F7 FF 15 04 12 91 B4 
F3 C2 00 A9 FF FD 07 AB FF F4 00 09 FF F9 00 33 06 8A 2B AC 
F1 C3 00 31 00 28 08 62 FF DA 00 05 FF F7 00 FD FF 5E 01 0B 
F1 C4 02 72 00 8F 08 21 FF D1 FF FB 00 03 FF 1C 0B F1 BC A6 
F3 C5 00 B0 FF D0 07 36 FF E3 00 04 FF F7 00 30 02 3A FA 62 
F1 C6 00 0D 00 55 07 A2 FF E1 00 03 FF F3 01 03 04 6E 66 19 
F1 C7 00 52 FF F7 07 F3 FF DF 00 01 FF F5 FF 19 05 A6 D2 42 
F3 C8 00 C1 FF FF 07 9F FF E1 00 06 FF F4 00 34 01 E2 47 EE 
F1 C9 00 7E 00 18 08 4D FF D6 00 00 FF F6 01 00 0D C7 1E F3 
F1 CA 00 69 00 19 07 AB FF DD 00 01 FF F6 FF 14 12 6A B0 DD 
F3 CB 00 77 00 28 07 E1 FF DE 00 02 FF F8 00 36 15 71 74 29 
F1 CC 00 67 00 11 07 F6 FF DF 00 01 FF F5 01 0E 0E B9 3E 8D 
F1 CD 00 73 00 02 07 E8 FF DF 00 02 FF F7 FF 1E 0A 69 C1 CD 
F3 CE 00 87 00 0A 07 E5 FF DF 00 04 FF F7 00 30 10 8E 00 75 
F1 CF 00 72 00 1D 07 CD FF E0 00 03 FF F5 01 01 0F 58 A1 11 
F1 D0 00 6B 00 1C 07 C8 FF DF 00 02 FF F6 FF 1A 12 8C 0B 46 
F3 D1 00 74 00 12 07 D5 FF E0 00 03 FF F6 00 35 19 18 2A 97 
F1 D2 00 79 00 1A 07 CD FF DE 00 03 FF F7 00 FC 0A B9 63 B9 
F1 D3 00 61 00 12 07 F7 FF DF 00 00 FF F7 FF 18 16 56 A2 98 
F3 D4 00 72 00 20 07 CF FF DE 00 02 FF F7 00 2D 05 14 B1 99 
F1 D5 00 7D 00 0E 07 E0 FF DD 00 01 FF F6 01 0C 10 24 D4 FA 
F1 D6 00 61 00 19 07 F8 FF DF 00 03 FF F5 FF 17 0D E5 46 3F 
F3 D7 00 6D 00 1B 07 CA FF DF 00 04 FF F6 00 30 10 CA D0 9A 
F1 D8 00 66 00 10 07 CF FF E0 00 02 FF F6 01 01 09 D7 6F D3 
F1 D9 00 79 00 10 07 E2 FF DE 00 04 FF F7 FF 1B 10 BD AE 20 
F3 DA 00 78 00 1D 07 D2 FF DE 00 03 FF F7 00 30 08 A8 99 F4 
F1 DB 00 7B 00 12 07 E4 FF DF 00 03 FF F7 01 01 0D 08 70 8C 
F1 DC 00 73 FF FE 07 D3 FF DF 00 02 FF F5 FF 17 05 32 AD 60 
F3 DD 00 72 00 11 07 DC FF DE 00 01 FF F7 00 32 05 DA FA 41 
F1 DE 00 61 00 02 07 DB FF DD 00 02 FF F6 01 06 08 9A 68 F9 
F1 DF 00 7C 00 02 07 BB FF DE 00 03 FF F7 FF 18 05 40 8C 5F 
F3 E0 00 82 00 08 07 DC FF E0 00 04 FF F6 00 32 06 19 11 CF 
F1 E1 00 6C 00 15 07 BE FF E0 00 01 FF F6 00 FD 06 AD 64 4D 
F1 E2 00 6A FF FD 07 E5 FF DC 00 03 FF F6 FF 18 03 11 85 7B 
F3 E3 00 70 00 04 07 D9 FF E0 00 02 FF F8 00 31 09 7D 4C 8D 
F1 E4 00 70 00 0F 07 D4 FF DE 00 01 FF F8 01 07 01 F0 B6 D5 
F1 E5 00 74 00 16 07 D6 FF E0 00 03 FF F7 FF 18 08 81 C1 BF 
F3 E6 00 7B 00 18 07 D8 FF E0 00 04 FF F7 00 32 04 0E BE A9 
F1 E7 00 84 00 17 07 E8 FF DE 00 02 FF F6 01 08 08 35 A8 CE 
F1 E8 00 66 00 15 07 D0 FF E0 00 02 FF F7 FF 18 08 79 FE B1 
F3 E9 00 60 00 1A 07 E6 FF DF 00 04 FF F7 00 30 06 8B 42 7F 
F1 EA 00 6B 00 12 07 DA FF DF 00 03 FF F7 00 FE 03 65 87 09 
F1 EB 00 6C 00 1F 07 D3 FF E0 00 04 FF F7 FF 15 03 B5 7B 23 
F3 EC 00 79 00 17 07 D8 FF E1 00 01 FF F8 00 32 09 F0 1B 06 
F1 ED 00 75 00 05 07 8C FF DD 00 02 FF F8 01 06 07 D5 3A 04 
F1 EE 00 83 00 0E 07 BA FF DF 00 03 FF F6 FF 15 08 2A 22 C4 
F3 EF 00 8F FF F7 07 F0 FF DF 00 03 FF F7 00 39 05 03 CF 39 
F1 F0 00 77 00 0E 07 FF FF DE 00 03 FF F8 01 07 09 4E 09 F9 
F1 F1 00 84 00 2A 07 D2 FF DE 00 02 FF F6 FF 19 09 63 19 F7 
F3 F2 00 6F 00 05 08 1D FF DF 00 02 FF F7 00 32 09 16 14 BC 
F1 F3 00 6F 00 0E 07 B6 FF DF 00 01 FF F6 00 FC 02 51 71 59 
F1 F4 00 77 00 1D 07 F5 FF E0 00 01 FF F7 FF 19 13 5C A8 8C 
F3 F5 00 60 00 0C 07 D1 FF DE 00 03 FF F7 00 32 10 A6 17 DE 
F1 F6 00 70 00 10 07 F6 FF DF 00 03 FF F6 01 02 0D 64 7D F7 
F1 F7 00 89 FF FF 07 E6 FF DE 00 01 FF F6 FF 1B 0A 92 DE A1 
F3 F8 00 74 00 17 07 E1 FF DF 00 02 FF F7 00 2F 04 01 63 5A 
F1 F9 00 7A 00 0D 07 D3 FF E2 00 02 FF F8 00 FE 08 71 1C 9F 
F1 FA 00 61 00 1D 07 F3 FF DE 00 02 FF F8 FF 13 08 8E ED BC 
F3 FB 00 81 00 22 07 C7 FF DF 00 03 FF F7 00 36 02 5D BE 67 
F1 FC 00 76 00 0B 07 D3 FF DE 00 03 FF F8 01 08 08 D9 96 BE 
F1 FD 00 8D 00 15 07 E5 FF DD 00 03 FF F6 FF 18 06 44 9E 0C 
F3 FE 00 75 00 12 07 F6 FF DF 00 01 FF F8 00 2E 0F 02 F5 76 
F1 FF 00 75 00 1D 07 DB FF E0 00 05 FF F7 01 0C 07 7F 25 97 
F1 00 00 75 00 1D 07 DB FF E0 00 03 FF F6 FF 15 07 AC 6A A9 
F3 01 00 70 00 16 07 E6 FF E0 00 02 FF F7 00 35 04 F4 FE 85 
F1 02 00 73 00 0E 07 D8 FF E1 00 03 FF F6 01 0A 05 74 A9 9C 
F1 03 00 7A 00 02 07 EA FF DF 00 03 FF F6 FF 1C 0A 27 50 CD 
F3 04 00 6D 00 15 07 D8 FF E0 00 04 FF F6 00 35 06 29 E5 30 
F1 05 00 62 00 0D 07 CD FF DF 00 02 FF F6 01 09 01 C2 45 4F 
F1 06 00 74 00 08 07 E9 FF DD 00 02 FF F7 FF 14 09 15 35 5B 
F3 07 00 73 00 1D 07 E4 FF DD 00 01 FF F7 00 3A 03 95 A0 32 
F1 08 00 E0 00 26 09 06 FF D6 FF F7 FF F7 01 09 0D B0 D7 B1 
F1 09 00 67 00 50 06 DC FF ED FF FD FF F7 FF 19 07 47 81 9D 
F3 0A 00 07 00 16 06 8E FF E6 00 08 FF F9 00 2F 00 4E AE 7E 
F1 0B 00 7B 00 27 08 A1 FF D2 FF FD FF F7 01 09 09 90 F3 13 
F1 0C 00 72 00 11 07 FB FF DC FF FD FF F8 FF 17 0D 0C 41 8F 
F3 0D 00 3B 00 23 07 28 FF E4 00 06 FF F5 00 32 0D 7E 27 03 
F1 0E 00 98 00 04 08 37 FF D9 00 01 FF F6 01 08 08 BC C9 44 
F1 0F 00 82 00 08 07 76 FF DF 00 02 FF F8 FF 19 01 BF F2 25 
F3 10 00 6B 00 28 07 7A FF E3 00 04 FF F7 00 35 0C AD 24 2B 
F1 11 00 6E FF FF 08 53 FF DB 00 01 FF F8 01 0A 04 45 16 CE 
F1 12 00 6A 00 0E 07 EC FF DE 00 02 FF F8 FF 1B 06 79 08 8B 
F3 13 00 58 00 14 07 DF FF DE 00 02 FF F7 00 35 09 C2 D3 EB 
F1 14 00 6E 00 01 07 FA FF DE 00 02 FF F7 01 02 FD 4F 88 5C 
F1 15 00 74 00 09 07 AF FF E0 00 02 FF F6 FF 18 0C E9 4E 59 
F3 16 00 6F 00 1C 07 DC FF DE 00 01 FF F6 00 34 02 D4 B3 C6 
F1 17 00 67 00 09 07 E9 FF DD 00 03 FF F6 01 09 05 FE F4 49 
F1 18 00 64 FF FE 07 F5 FF DE 00 04 FF F8 FF 19 08 7C A4 5C 
F3 19 00 62 00 1B 07 BB FF DE 00 02 FF F6 00 30 05 61 33 C2 
F1 1A 00 7C 00 26 07 B7 FF DE 00 02 FF F7 01 0A 08 B5 ED A6 
F1 1B 00 81 00 22 07 E2 FF DF 00 01 FF F7 FF 17 0C 96 08 C0 
F3 1C 00 84 00 1D 07 B4 FF DE 00 01 FF F6 00 2B 12 F2 13 BA 
F1 1D 00 67 00 0D 07 D6 FF DE 00 03 FF F6 01 0A 0E CE BD F9 
F1 1E 00 62 00 21 07 C7 FF E1 00 02 FF F7 FF 18 02 D0 CF 9A 
F3 1F 00 86 00 1C 07 D1 FF DD 00 02 FF F8 00 39 07 8E 19 77 
F1 20 00 83 00 1C 07 D1 FF DE 00 02 FF F6 01 09 07 A4 DF 12 
F1 21 00 8B 00 07 07 F1 FF DD 00 03 FF F7 FF 18 03 4A 36 90 
F3 22 00 5F 00 19 07 C7 FF DF 00 01 FF F6 00 34 0A 03 17 44 
F1 23 00 6F 00 16 07 D4 FF DF 00 01 FF F6 01 0B 09 8A 02 3C 
F1 24 00 66 00 0F 07 E2 FF DE 00 02 FF F7 FF 1A 08 17 1E 84 
F3 25 00 8C 00 20 07 CD FF DF 00 02 FF F8 00 32 11 64 A7 C4 
F1 26 00 70 00 0A 07 D3 FF DF 00 01 FF F6 01 08 01 76 8F 9A 
F1 27 00 6F 00 07 07 D9 FF DE 00 02 FF F5 FF 19 15 D7 39 C2 
F3 28 00 74 00 04 07 D8 FF DE 00 03 FF F7 00 31 07 33 E1 A4 
F1 29 00 6F 00 1F 07 F6 FF DE 00 02 FF F7 01 09 07 31 22 37 
F1 2A 00 69 00 12 07 C1 FF DE 00 04 FF F7 FF 19 06 45 8A 67 
F3 2B 00 6F 00 0C 07 F1 FF DF 00 00 FF F8 00 2D 0B DF 98 1A 
F1 2C 00 6E 00 03 07 DE FF E1 00 02 FF F8 00 FF 12 44 33 4B 
F1 2D 00 6A 00 16 07 E9 FF DF 00 01 FF F6 FF 18 0F 9D E9 BD 
F3 2E 00 68 00 19 07 E0 FF DF 00 03 FF F7 00 35 0A 6B EB 3E 
F1 2F 00 72 00 1D 07 DD FF E0 00 02 FF F6 01 01 0F 81 4C C5 
F1 30 00 74 00 06 07 D0 FF DF 00 00 FF F6 FF 15 0A 77 56 F7 
F3 31 00 7C 00 02 07 D5 FF DF 00 04 FF F7 00 30 0F D0 6A 4A 
F1 32 00 8B 00 24 07 CF FF DE 00 01 FF F8 00 FD 05 D3 C7 4D 
F1 33 00 7F 00 12 07 BD FF E0 00 04 FF F7 FF 18 07 94 8B 06 
F3 34 00 6A 00 10 07 CD FF E1 00 02 FF F7 00 35 08 1A E6 31 
F1 35 00 6B 00 02 07 CA FF DE 00 02 FF F6 01 07 0C 13 5B 38 
F1 36 00 69 00 29 07 E9 FF DD 00 01 FF F8 FF 17 0D 43 31 0E 
F3 37 00 7B 00 1A 07 E5 FF DF 00 00 FF F7 00 3B 0A C2 6E 89 
F1 38 00 8B 00 18 07 CB FF E0 00 02 FF F6 01 01 0B 80 3C B4 
F1 39 00 75 00 0E 07 D5 FF DF 00 03 FF F6 FF 1B 0B A4 E6 01 
F3 3A 00 73 00 23 07 B3 FF E0 00 03 FF F7 00 32 08 CC A5 A6 
F1 3B 00 68 00 1A 07 D6 FF DE 00 02 FF F6 01 03 03 4E A1 FD 
F1 3C 00 6D 00 17 07 DA FF DF 00 03 FF F7 FF 13 0B 9B CB 56 
F3 3D 00 6F 00 1C 07 D4 FF DF 00 02 FF F5 00 36 0B A5 FC 41 
F1 3E 00 61 00 14 07 CD FF DF 00 03 FF F7 01 08 09 A2 AA DD 
F1 3F 00 6C 00 0C 07 D1 FF E0 00 01 FF F7 FF 16 05 14 F8 9E 
F3 40 00 75 00 06 07 BC FF E0 00 01 FF F7 00 35 06 86 46 79 
F1 41 00 78 00 09 07 DA FF DF 00 03 FF F6 00 FD 07 1A 32 6C 
F1 42 00 65 00 09 07 C8 FF DF 00 02 FF F6 FF 1B 09 11 D9 72 
F3 43 00 70 00 1E 07 E8 FF DE 00 03 FF F6 00 35 07 F5 2F 52 
F1 44 00 7A 00 0D 07 D0 FF DE 00 02 FF F6 01 0A 06 70 96 A6 
F1 45 00 6E 00 0C 07 BE FF E1 00 01 FF F7 FF 19 05 A6 6C 83 
F3 46 00 6F 00 0C 07 F5 FF E0 00 02 FF F8 00 37 09 96 6E B9 
F1 47 00 73 00 1A 07 DC FF DE 00 03 FF F6 01 09 05 E9 A7 BE 
F1 48 00 76 00 19 07 DB FF DF 00 02 FF F7 FF 16 06 63 4F 91 
F3 49 00 76 00 0B 07 E7 FF DE 00 02 FF F6 00 35 04 F1 2F 12 
F1 4A 00 6F 00 0A 08 04 FF DE 00 02 FF F5 01 06 09 5E 56 F1 
F1 4B 00 7C 00 0F 07 E5 FF DE 00 02 FF F6 FF 17 07 89 38 DE 
F3 4C 00 7C 00 05 07 C2 FF DE 00 03 FF F7 00 34 05 03 68 CD 
F1 4D 00 76 00 1F 07 CF FF DD 00 03 FF F7 01 14 03 CE 21 29 
F1 4E 00 6D 00 07 07 B9 FF DF 00 03 FF F7 FF 16 03 D5 FB 27 
F3 4F 00 62 00 0A 07 DC FF DD 00 03 FF F7 00 35 0B 99 3A D2 
F1 50 00 6A 00 1B 07 D8 FF DF 00 04 FF F8 01 03 06 4C 52 14 
F1 51 00 6F 00 1E 07 DF FF DF 00 02 FF F6 FF 17 04 4F 84 F3 
F3 52 00 87 00 1D 07 DF FF DF 00 03 FF F7 00 34 07 12 16 77 
F1 53 00 6F 00 01 07 D4 FF DE 00 02 FF F6 01 12 07 60 15 BF 
F1 54 00 6F 00 09 07 F7 FF E0 00 00 FF F6 FF 19 0B 75 93 42 
F3 55 00 7C 00 20 07 CA FF DF 00 03 FF F7 00 32 03 5A 16 EF 
F1 56 00 73 00 22 07 C9 FF DD 00 02 FF F5 01 09 04 F8 0F 3E 
F1 57 00 79 00 0F 07 D6 FF DE 00 02 FF F7 FF 19 06 D6 79 CF 
F3 58 00 68 00 1F 07 D8 FF DF 00 01 FF F8 00 31 06 DD 5A 7D 
F1 59 00 70 00 1B 07 E1 FF DF 00 02 FF F6 01 09 09 34 22 9D 
F1 5A 00 57 FF F5 07 BB FF DF 00 02 FF F7 FF 1A 06 69 09 43 
F3 5B 00 6E 00 17 07 C3 FF DF 00 02 FF F6 00 35 01 58 AA 73 
F1 5C 00 6F 00 22 07 D9 FF DF 00 03 FF F7 00 FF 0B F1 92 7E 
F1 5D 00 75 00 11 07 E6 FF DD 00 01 FF F7 FF 15 08 01 16 1C 
F3 5E 00 84 FF F9 07 DD FF DC 00 03 FF F7 00 36 08 8D CB 14 
F1 5F 00 73 00 17 08 04 FF DE 00 03 FF F6 01 08 08 8D 31 5A 
F1 60 00 58 00 09 07 FD FF DE 00 00 FF F7 FF 1A 01 81 6F D9 
F3 61 00 70 00 19 07 DB FF DE 00 01 FF F7 00 30 0B A7 61 B9 
F1 62 00 84 00 07 07 B8 FF DF 00 02 FF F8 01 06 03 13 AB 24 
F1 63 00 6D 00 12 07 FA FF DF 00 02 FF F5 FF 18 0A E4 02 03 
F3 64 00 72 00 12 07 F3 FF E0 00 03 FF F6 00 34 12 4A B7 6E 
F1 65 00 6B FF FB 07 C2 FF DE 00 03 FF F7 01 07 12 0C 68 20 
F1 66 00 74 00 1E 07 D4 FF DF 00 01 FF F6 FF 1C 0F ED E5 E1 
F3 67 00 6E 00 0A 07 D9 FF DF 00 01 FF F6 00 34 08 FA 86 4A 
F1 68 00 66 00 1D 07 F1 FF DF 00 03 FF F6 01 05 04 0E 7E 8E 
F1 69 00 6E 00 16 07 E7 FF DD 00 04 FF F7 FF 1B 0A B0 5C 02 
F3 6A 00 75 FF FD 07 BF FF DF 00 03 FF F6 00 31 02 1E BC C3 
F1 6B 00 7F 00 1E 07 D3 FF DD 00 02 FF F8 01 0B 09 69 8D 45 
F1 6C 00 6E 00 0E 07 E4 FF DE 00 04 FF F7 FF 18 0D 1D E3 B8 
F3 6D 00 81 00 17 07 E7 FF DF 00 01 FF F7 00 32 0A D4 D6 61 
F1 6E 00 78 00 1F 07 DB FF DF 00 01 FF F6 00 FF 0E E1 50 29 
F1 6F 00 83 FF FC 07 E4 FF DE 00 02 FF F7 FF 18 02 99 A1 73 
F3 70 00 74 00 11 07 C1 FF E0 00 03 FF F5 00 2E 08 F3 1C E7 
F1 71 00 6B FF FD 07 D0 FF DE 00 03 FF F7 01 03 0B 6E 66 83 
F1 72 00 76 00 0F 07 E2 FF DF 00 02 FF F9 FF 15 07 33 28 25 
F3 73 00 78 00 05 07 F7 FF DF 00 03 FF F7 00 33 0E 91 43 39 
F1 74 00 72 00 1D 07 F2 FF DF 00 02 FF F6 01 08 0A D1 EA 78 
F1 75 00 75 00 19 07 EC FF DE 00 02 FF F7 FF 19 0A 9E 30 FA 
F3 76 00 77 00 05 07 F8 FF E0 00 03 FF F7 00 36 07 D5 F1 CC 
F1 77 00 66 00 0E 07 D5 FF DE 00 02 FF F8 01 01 02 82 0D 95 
F1 78 00 70 00 08 07 F4 FF DF 00 02 FF F7 FF 13 0A E0 C6 11 
F3 79 00 72 00 12 07 EB FF E0 00 03 FF F7 00 36 08 27 1F 24 
F1 7A 00 7E 00 05 07 D6 FF E0 00 02 FF F8 00 FF 05 8F 4D 8D 
F1 7B 00 83 00 23 07 C3 FF E0 00 04 FF F7 FF 14 08 76 4B 04 
F3 7C 00 73 00 14 07 AF FF DF 00 03 FF F6 00 34 00 A5 E8 4F 
F1 7D 00 6B 00 15 07 D9 FF E0 00 02 FF F7 01 07 08 B0 31 3E 
F1 7E 00 67 00 23 08 01 FF DF 00 05 FF F6 FF 18 04 60 22 61 
F3 7F 00 6C 00 15 07 E2 FF DF 00 02 FF F6 00 32 06 9D F5 3B 
F1 80 00 70 00 0A 07 D6 FF E0 00 02 FF F8 01 09 08 79 AF E9 
F1 81 00 81 FF F0 07 D0 FF DD 00 03 FF F7 FF 12 04 A2 62 75 
F3 82 00 7E 00 09 07 CE FF E0 00 03 FF F7 00 36 07 04 4A EA 
F1 83 00 74 00 15 07 DD FF DE 00 03 FF F7 01 0C 01 7F 63 AC 
F1 84 00 6E 00 06 07 D4 FF DE 00 02 FF F6 FF 1D 06 7C 64 42 
F3 85 00 6D 00 0B 07 C6 FF DE 00 01 FF F8 00 2D 06 A7 3A E6 
F1 86 00 6F 00 0D 07 EF FF DF 00 03 FF F6 01 03 04 89 E5 59 
F1 87 00 60 00 0C 07 E4 FF DF 00 02 FF F5 FF 1F 02 BD B4 A9 
F3 88 00 69 00 18 07 D4 FF DE 00 02 FF F8 00 33 09 56 36 51 
F1 89 00 74 00 12 07 D3 FF DF 00 01 FF F6 01 0A 07 0C 2B 69 
F1 8A 00 6F 00 0F 07 D3 FF DF 00 03 FF F7 FF 1A 08 E8 D4 D7 
F3 8B 00 75 00 1C 07 D0 FF DF 00 04 FF F5 00 2E 01 72 26 E1 
F1 8C 00 6C 00 12 07 C8 FF DD 00 02 FF F8 01 08 04 F2 7A 2A 
F1 8D 00 79 00 0D 07 C3 FF DF 00 02 FF F8 FF 17 06 1A 92 F8 
F3 8E 00 64 00 1F 07 EA FF DF 00 02 FF F7 00 31 05 E5 12 4C 
F1 8F 00 5F FF FC 07 BA FF DE 00 02 FF F8 01 05 05 1B AA 08 
F1 90 00 73 00 1B 07 C8 FF DF 00 02 FF F5 FF 14 01 D5 B8 AA 
F3 91 00 74 00 07 07 E4 FF DF 00 02 FF F6 00 35 05 30 14 A4 
F1 92 00 73 00 1D 07 D9 FF DF 00 01 FF F8 01 0E 09 13 EB 1F 
F1 93 00 66 00 1D 07 BA FF DE 00 01 FF F5 FF 19 02 80 48 F1 
F3 94 00 69 00 17 07 CF FF DF 00 03 FF F7 00 33 04 C3 31 28 
F1 95 00 75 00 05 07 F3 FF DE 00 02 FF F7 01 0A 03 E8 C1 54 
F1 96 00 87 00 1C 07 C5 FF DD 00 04 FF F7 FF 16 09 0D 83 24 
F3 97 00 73 00 21 07 C4 FF DF 00 03 FF F7 00 36 07 08 9C 5F 
F1 98 00 7B 00 24 07 BD FF DE 00 02 FF F6 01 03 02 63 BC B6 
F1 99 00 6D 00 1B 07 E2 FF DE 00 04 FF F7 FF 17 03 97 61 8A 
F3 9A 00 73 00 16 07 DE FF E0 00 05 FF F5 00 35 03 2F A6 10 
F1 9B 00 7B 00 16 07 F2 FF DD 00 02 FF F6 01 0B 08 B6 03 9A 
F1 9C 00 79 FF FB 07 DD FF DF 00 03 FF F6 FF 14 06 49 39 00 
F3 9D 00 6B 00 17 07 C8 FF DE 00 03 FF F7 00 32 03 29 DB 5E 
F1 9E 00 79 00 1F 07 E8 FF DF 00 01 FF F6 01 0A 07 22 FE C6 
F1 9F 00 6D 00 0A 07 EC FF DD 00 02 FF F5 FF 18 07 4B 21 8D 
F3 A0 00 7D 00 04 07 E5 FF DF 00 03 FF F7 00 34 09 3E 39 B3 
F1 A1 00 85 00 0A 07 D3 FF DF 00 03 FF F6 01 12 02 3F FD 08 
F1 A2 00 7A 00 16 07 C1 FF DD 00 02 FF F7 FF 1B 04 9E AB 08 
F3 A3 00 74 00 17 07 DF FF DF 00 04 FF F7 00 33 07 31 EB 73 
F1 A4 00 6F 00 1F 07 F2 FF DE 00 04 FF F7 01 0A 02 C7 DF 5B 
F1 A5 00 57 00 05 07 EF FF DF 00 02 FF F7 FF 16 06 36 A0 1E 
F3 A6 00 66 00 11 07 C5 FF DE 00 03 FF F7 00 2F 04 BB C2 D5 
F1 A7 00 82 00 18 07 DE FF DD 00 01 FF F7 01 07 01 3E B1 15 
F1 A8 00 72 00 18 07 DF FF DF 00 03 FF F6 FF 18 09 0A 90 89 
F3 A9 00 5D 00 0C 07 E8 FF DE 00 02 FF F9 00 31 06 22 A7 16 
F1 AA 00 74 00 0D 07 CD FF DF 00 02 FF F7 01 05 04 8B 1D 32 
F1 AB 00 77 00 06 07 E1 FF DF 00 01 FF F7 FF 17 03 93 B1 81 
F3 AC 00 6E 00 1F 08 03 FF DE 00 02 FF F7 00 31 FF 91 42 0D 
F1 AD 00 60 00 26 07 F7 FF DF 00 02 FF F8 01 10 0A 7A BF 12 
F1 AE 00 6C 00 10 07 C5 FF E0 00 03 FF F6 FF 18 04 55 A0 2B 
F3 AF 00 7B 00 01 07 D9 FF E0 00 04 FF F7 00 30 08 A5 FE 17 
F1 B0 00 7A 00 0F 07 D4 FF DE 00 03 FF F8 01 01 06 6F C0 46 
F1 B1 00 72 00 10 07 BD FF E0 00 02 FF F6 FF 16 05 83 D6 C6 
F3 B2 00 76 FF FD 07 DE FF DE 00 01 FF F6 00 2E 07 58 4B 78 
F1 B3 00 5B 00 11 07 DB FF DE 00 02 FF F7 01 09 00 E1 75 E7 
F1 B4 00 75 00 0B 07 E5 FF DE 00 03 FF F7 FF 17 02 92 A5 E4 
F3 B5 00 77 00 08 07 D3 FF DE 00 03 FF F7 00 38 07 AD 10 97 
F1 B6 00 82 00 11 07 C9 FF DE 00 03 FF F8 01 03 02 15 B9 8B 
F1 B7 00 68 00 12 07 C1 FF E0 00 03 FF F5 FF 16 06 99 E2 9A 
F3 B8 00 78 00 15 07 C6 FF E0 00 03 FF F6 00 37 02 73 CE 7F 
F1 B9 00 6C 00 0C 07 F5 FF DD 00 04 FF F8 01 07 00 AA D7 2C 
F1 BA 00 7A 00 22 07 D1 FF DF 00 00 FF F8 FF 16 07 9D BD 49 
F3 BB 00 77 00 09 07 CA FF E0 00 02 FF F8 00 2F 00 AC 8A FA 
F1 BC 00 68 00 1F 07 E5 FF DF 00 03 FF F6 01 02 04 EC 8C 65 
F1 BD 00 73 00 18 07 C1 FF E0 00 02 FF F6 FF 16 07 73 76 DE 
F3 BE 00 68 00 0C 07 D6 FF DE 00 03 FF F8 00 35 01 C5 5B FA 
F1 BF 00 66 00 15 07 DD FF DE 00 04 FF F5 01 00 0A EE E1 A0 
F1 C0 00 6C 00 15 07 CF FF E0 00 03 FF F5 FF 15 05 CE EE E2 
F3 C1 00 6F 00 0A 07 E7 FF DE 00 02 FF F6 00 38 04 2D 92 FA 
F1 C2 00 6D 00 24 07 BE FF DF 00 04 FF F6 01 0A 07 29 5E 90 
F1 C3 00 6C 00 07 07 D1 FF DE 00 02 FF F6 FF 17 01 58 D5 EC 
F3 C4 00 73 00 0D 07 E4 FF DE 00 02 FF F6 00 30 07 5E 33 19 
F1 C5 00 6A 00 11 07 DA FF DF 00 02 FF F7 01 0C 02 90 E0 80 
F1 C6 00 73 00 18 07 EF FF E0 00 02 FF F6 FF 19 02 9E 9C A8 
F3 C7 00 74 00 24 07 C2 FF E0 00 01 FF F7 00 32 07 CB 0A AD 
F1 C8 00 7B 00 15 07 CE FF DD 00 04 FF F7 01 09 03 86 18 2F 
F1 C9 00 7E 00 02 07 DC FF DE 00 03 FF F8 FF 13 08 8A E1 8B 
F3 CA 00 7B 00 19 07 E0 FF DD 00 03 FF F6 00 2F 02 D5 96 3F 
F1 CB 00 79 00 03 07 C8 FF DE 00 03 FF F7 01 0B 04 96 DD 3D 
F1 CC 00 76 00 1C 07 B1 FF DF 00 03 FF F6 FF 13 04 FB CD 5E 
F3 CD 00 77 00 0C 07 E1 FF DF 00 03 FF F8 00 32 03 BF 20 75 
F1 CE 00 77 00 1A 07 D2 FF DE 00 04 FF F7 01 08 03 65 76 0B 
F1 CF 00 74 00 1D 07 ED FF DE 00 04 FF F8 FF 16 06 66 F4 AA 
F3 D0 00 73 00 06 07 CB FF DE 00 00 FF F6 00 35 09 3B 1F 39 
F1 D1 00 6E 00 0A 07 DE FF DF 00 01 FF F6 00 FE 09 A4 86 CF 
F1 D2 00 7E 00 1C 07 E5 FF DE 00 02 FF F7 FF 17 05 DB 63 69 
F3 D3 00 6C 00 14 07 EB FF DF 00 02 FF F7 00 34 03 92 D4 E6 
F1 D4 00 70 00 1C 07 CE FF DE 00 02 FF F7 01 09 09 47 E2 28 
F1 D5 00 7A 00 1F 07 E7 FF E0 00 03 FF F8 FF 18 07 71 E1 7D 
F3 D6 00 69 00 1F 07 E7 FF DF 00 02 FF F7 00 32 09 06 1B A2 
F1 D7 00 76 00 05 07 D3 FF DF 00 01 FF F7 01 05 06 EA 11 EC 
F1 D8 00 76 00 18 07 C7 FF DF 00 03 FF F7 FF 1A 03 50 76 CA 
F3 D9 00 72 00 03 07 D0 FF DF 00 02 FF F7 00 39 0A 40 27 EF 
F1 DA 00 6E 00 10 07 CF FF DF 00 01 FF F5 01 00 0B 47 E1 BF 
F1 DB 00 72 00 07 07 DD FF DF 00 01 FF F6 FF 15 0C CA 88 F6 
F3 DC 00 66 00 1A 07 C5 FF DD 00 04 FF F7 00 2F 03 21 75 9D 
F1 DD 00 7F 00 1A 07 D2 FF DF 00 02 FF F5 01 05 05 3A 33 01 
F1 DE 00 73 00 1C 07 D9 FF E0 00 01 FF F8 FF 17 09 13 9E 53 
F3 DF 00 6E 00 0C 07 D4 FF DF 00 00 FF F9 00 38 04 B3 43 C3 
F1 E0 00 77 00 1B 07 E4 FF DF 00 03 FF F8 01 03 06 08 C1 14 
F1 E1 00 75 00 17 07 DA FF DE 00 00 FF F7 FF 16 02 D5 2B 2D 
F3 E2 00 60 00 14 07 D6 FF DF 00 01 FF F7 00 34 09 4C 93 CD 
F1 E3 00 7E 00 01 07 DB FF E0 00 04 FF F7 01 07 07 2B 71 CC 
F1 E4 00 77 00 12 07 DD FF E0 00 03 FF F6 FF 19 04 C5 3D ED 
F3 E5 00 70 00 0C 07 E5 FF DE 00 01 FF F7 00 37 04 EC 44 7F 
F1 E6 00 75 00 0C 07 BC FF DE 00 02 FF F7 01 09 07 2E 07 B4 
F1 E7 00 76 00 18 07 DD FF DF 00 02 FF F7 FF 18 09 4F 2C 63 
F3 E8 00 78 00 0B 07 D5 FF DE 00 02 FF F7 00 32 08 38 7F E9 
F1 E9 00 70 00 0E 07 F3 FF E0 00 03 FF F5 01 0D 01 B7 9D 05 
F1 EA 00 66 00 0E 07 DB FF DE 00 02 FF F6 FF 18 06 03 06 BC 
F3 EB 00 61 00 23 07 E4 FF DE 00 01 FF F7 00 35 09 A6 84 94 
F1 EC 00 85 00 0D 07 DA FF DE 00 03 FF F6 01 0C 0B FA 61 89 
F1 ED 00 74 00 16 07 E1 FF DE 00 02 FF F7 FF 17 05 D2 9F BA 
F3 EE 00 75 00 1D 07 FE FF DF 00 03 FF F7 00 32 05 52 0E 8D 
F1 EF 00 75 00 18 07 D3 FF DE 00 02 FF F7 01 00 04 7D 47 97 
F1 F0 00 6F 00 11 07 DD FF DD 00 02 FF F6 FF 16 07 03 14 B6 
F3 F1 00 7B 00 0B 07 ED FF DF 00 03 FF F7 00 32 05 46 F2 B1 
F1 F2 00 74 00 0F 07 EA FF DE 00 03 FF F8 01 01 04 3F F8 02 
F1 F3 00 62 00 1A 07 BD FF DF 00 03 FF F7 FF 15 02 8C 0F 5E 
F3 F4 00 60 00 0C 07 FF FF DF 00 02 FF F7 00 32 05 72 DA 01 
F1 F5 00 75 00 17 07 D9 FF DF 00 01 FF F7 01 09 08 F2 B4 17 
F1 F6 00 6F 00 1E 07 DE FF DE 00 04 FF F8 FF 15 04 0B 01 90 
F3 F7 00 6A 00 05 07 BC FF E0 00 03 FF F5 00 35 08 B3 59 B8 
F1 F8 00 79 00 08 07 E2 FF DF 00 04 FF F6 01 06 04 3D BC 46 
F1 F9 00 7B 00 0C 07 E6 FF DF 00 02 FF F6 FF 19 08 B4 03 3B 
F3 FA 00 85 00 20 07 DF FF DF 00 03 FF F6 00 30 06 16 65 D8 
F1 FB 00 82 00 24 07 DB FF DF 00 03 FF F6 01 0A 03 02 70 94 
F1 FC 00 6A 00 09 07 E5 FF E0 00 02 FF F7 FF 19 07 0D 68 D8 
F3 FD 00 78 00 08 07 EC FF DF 00 02 FF F8 00 31 01 A8 96 0C 
F1 FE 00 6F 00 15 07 B7 FF DE 00 02 FF F7 01 05 0B 83 6C 01 
F1 FF 00 6F 00 10 07 DE FF E0 00 01 FF F7 FF 16 03 8A C8 16 
F3 00 00 6D 00 0B 07 C7 FF E0 00 03 FF F6 00 33 05 62 ED 2B 
F1 01 00 77 FF FC 07 D2 FF DF 00 02 FF F6 01 0A 07 78 7B 31 
F1 02 00 65 00 14 07 DF FF E0 00 03 FF F4 FF 17 07 9A 66 EF 
F3 03 00 6B 00 0B 07 D0 FF E1 00 04 FF F7 00 2F 09 C9 59 3E 
F1 04 00 75 00 1A 07 CE FF DF 00 03 FF F6 01 10 03 F8 53 1E 
F1 05 00 6E 00 05 07 D5 FF DF 00 03 FF F7 FF 16 02 2D 1C B6 
F3 06 00 6B 00 0A 07 C4 FF DF 00 03 FF F5 00 39 08 A6 CE 44 
F1 07 00 6D 00 09 07 E9 FF DF 00 01 FF F9 01 01 01 7F A7 65 
F1 08 00 60 00 18 07 E6 FF DD 00 01 FF F7 FF 16 07 06 2F 07 
F3 09 00 6A 00 14 07 EC FF E0 00 01 FF F7 00 34 03 D7 B7 5C 
F1 0A 00 72 00 11 08 04 FF E0 00 03 FF F9 01 07 FF D6 8A D7 
F1 0B 00 77 FF FB 07 E0 FF DD 00 02 FF F6 FF 17 0A 2E FE 34 
F3 0C 00 5F 00 14 07 D6 FF DD 00 01 FF F6 00 33 04 50 02 94 
F1 0D 00 75 00 06 07 E5 FF E1 00 02 FF F7 01 0C 05 57 E1 45 
F1 0E 00 73 00 15 07 D8 FF DE 00 02 FF F6 FF 18 09 21 34 51 
F3 0F 00 7C 00 15 07 DA FF DE 00 01 FF F7 00 36 FE A3 B4 BA 
F1 10 00 74 00 1B 07 DF FF E0 00 04 FF F6 01 01 09 BE AE F4 
F1 11 00 70 00 0A 07 D2 FF DF 00 03 FF F7 FF 16 06 C8 77 3B 
F3 12 00 75 00 17 07 D8 FF DE 00 03 FF F7 00 36 07 1F 72 E0 
F1 13 00 7D 00 08 07 DE FF DF 00 02 FF F5 01 08 06 CF D4 8B 
F1 14 00 5D 00 15 07 C7 FF DE 00 04 FF F7 FF 16 02 1D 05 E0 
F3 15 00 7C 00 16 07 D1 FF DE 00 02 FF F6 00 31 09 09 70 0B 
F1 16 00 76 00 05 07 E9 FF DD 00 03 FF F8 01 02 01 62 BB 82 
F1 17 00 76 00 14 07 C7 FF DF 00 03 FF F7 FF 14 01 A3 A7 90 
F3 18 00 78 00 10 07 DE FF DF 00 02 FF F5 00 37 07 9A 1C 1F 
F1 19 00 5D 00 10 07 D1 FF DF 00 04 FF F7 01 09 01 B9 2C C6 
F1 1A 00 68 00 0C 07 E0 FF E0 00 01 FF F6 FF 16 06 83 27 16 
F3 1B 00 76 00 0E 07 D8 FF E0 00 02 FF F6 00 2F 02 B3 9D 9E 
F1 1C 00 6E 00 1C 07 DB FF DF 00 03 FF F7 01 05 01 E0 E4 24 
F1 1D 00 72 00 06 07 C2 FF DE 00 03 FF F7 FF 16 07 7A FA 3B 
F3 1E 00 6B 00 23 07 D5 FF DE 00 02 FF F8 00 34 01 38 51 F6 
F1 1F 00 78 00 1D 07 CD FF DE 00 01 FF F6 01 0B 03 33 0B A5 
F1 20 00 68 00 04 07 DF FF DF 00 02 FF F6 FF 17 07 D4 46 28 
F3 21 00 68 00 1D 07 DA FF E0 00 01 FF F6 00 33 04 D9 56 85 
F1 22 00 7A 00 03 07 C7 FF DE 00 01 FF F7 01 06 07 37 44 FD 
F1 23 00 65 00 16 07 E0 FF DD 00 01 FF F7 FF 17 05 37 92 98 
F3 24 00 6F 00 17 07 E6 FF DE 00 03 FF F7 00 32 03 16 3B A9 
F1 25 00 6E 00 0E 07 D2 FF DE 00 01 FF F7 01 02 06 CC C5 49 
F1 26 00 6E 00 1E 07 F0 FF DE 00 03 FF F7 FF 19 04 A3 FD 5F 
F3 27 00 79 00 0A 07 EA FF DF 00 03 FF F7 00 37 08 F8 FC 4E 
F1 28 00 69 00 1F 07 EF FF DF 00 02 FF F8 00 FC 02 8C B2 0B 
F1 29 00 76 00 0D 07 BA FF DD 00 04 FF F7 FF 16 04 C9 2B 0A 
F3 2A 00 61 00 18 07 EC FF E0 00 03 FF F6 00 32 06 9A 6E 61 
F1 2B 00 6E 00 1A 07 CB FF DE 00 02 FF F7 00 FE 05 03 59 03 
F1 2C 00 6F 00 0C 07 DE FF DF 00 01 FF F7 FF 17 05 CA CE 7A 
F3 2D 00 69 00 11 07 C2 FF E0 00 01 FF F7 00 32 02 F9 D6 00 
F1 2E 00 7C 00 16 07 C1 FF DE 00 00 FF F6 01 05 05 7C 25 2D 
F1 2F 00 69 00 15 07 E5 FF E0 00 01 FF F6 FF 14 05 48 7A 14 
F3 30 00 78 00 11 07 D8 FF DF 00 02 FF F7 00 34 01 EB CA 59 
F1 31 00 7D 00 12 07 D2 FF E0 00 02 FF F6 01 05 03 EA E6 4B 
F1 32 00 6A 00 1A 07 D9 FF DF 00 02 FF F7 FF 16 06 15 30 78 
F3 33 00 77 00 09 07 F1 FF DF 00 01 FF F6 00 30 0C 6B 20 39 
F1 34 00 6D 00 16 07 E5 FF DF 00 02 FF F7 01 08 07 DE 16 B9 
F1 35 00 6C 00 19 07 C6 FF E0 00 01 FF F5 FF 17 09 43 68 7C 
F3 36 00 66 00 1E 07 DA FF DF 00 03 FF F8 00 32 0D 1B B3 1A 
F1 37 00 6A 00 0E 07 C8 FF E0 00 01 FF F7 01 07 0E 36 9D 47 
F1 38 00 70 00 22 07 E2 FF E0 00 03 FF F9 FF 1B 0B 8E BA 4F 
F3 39 00 76 00 27 07 E2 FF DF 00 01 FF F7 00 35 09 9C 8D 23 
F1 3A 00 5F FF FF 07 C3 FF E0 00 03 FF F7 01 0B 00 CC 20 1A 
F1 3B 00 8C 00 14 07 D2 FF DE 00 04 FF F7 FF 19 0A BC CB 32 
F3 3C 00 81 00 0D 07 DE FF DF 00 04 FF F7 00 33 06 87 D3 42 
F1 3D 00 7B 00 23 07 DB FF DD 00 01 FF F7 01 0C 08 E4 8B 87 
F1 3E 00 78 00 1B 07 CF FF DF 00 03 FF F7 FF 18 08 6D 69 E9 
F3 3F 00 68 00 0B 07 B4 FF DF 00 03 FF F7 00 34 02 8D 1A 71 
F1 40 00 6D 00 15 07 E9 FF DF 00 02 FF F6 01 09 06 4A 5E 37 
F1 41 00 7E 00 05 07 DE FF DF 00 03 FF F7 FF 16 06 FF 94 3F 
F3 42 00 81 00 0E 07 CB FF DF 00 03 FF F8 00 31 05 5D 52 36 
F1 43 00 70 00 17 07 E1 FF E0 00 03 FF F8 00 FE 03 FB 58 3E 
F1 44 00 86 00 0C 07 D5 FF DE 00 03 FF F7 FF 13 01 8D 1E 49 
F3 45 00 74 00 11 07 DB FF E0 00 02 FF F6 00 2C 08 51 97 F5 
F1 46 00 76 00 24 07 D8 FF DF 00 03 FF F6 00 FE 05 27 AF 6F 
F1 47 00 7A 00 1D 07 C7 FF E0 00 02 FF F5 FF 14 01 9B 14 B4 
F3 48 00 73 00 1A 07 C5 FF E0 00 01 FF F6 00 30 05 7F A4 D0 
F1 49 00 6C 00 17 07 C4 FF DF 00 03 FF F6 00 FB 05 87 72 50 
F1 4A 00 6C 00 08 07 D4 FF DE 00 03 FF F6 FF 15 08 37 0B 9A 
F3 4B 00 72 00 18 07 E9 FF DF 00 02 FF F7 00 32 04 03 14 B0 
F1 4C 00 6E 00 0E 07 D5 FF DD 00 02 FF F6 01 06 05 1A 42 BF 
F1 4D 00 7C 00 0D 07 F2 FF DE 00 02 FF F6 FF 19 08 5B 4C D4 
F3 4E 00 7E 00 0D 07 FA FF DF 00 03 FF F6 00 35 07 97 81 5E 
F1 4F 00 93 00 18 07 DA FF DE 00 04 FF F5 00 FE 03 D4 12 2B 
F1 50 00 73 00 08 07 E8 FF E0 00 02 FF F5 FF 17 04 83 B3 0D 
F3 51 00 6D 00 06 07 CE FF DD 00 01 FF F8 00 31 01 BC 27 F2 
F1 52 00 7D 00 0E 07 ED FF DE 00 05 FF F6 01 09 0A 87 13 9F 
F1 53 00 6C 00 08 07 F2 FF DF 00 03 FF F6 FF 17 05 28 C9 26 
F3 54 00 72 00 0E 07 D2 FF E0 00 02 FF F7 00 33 06 9E 2C F3 
F1 55 00 6B 00 12 07 B6 FF DF 00 05 FF F6 01 03 05 B0 50 67 
F1 56 00 79 00 14 07 D6 FF DF 00 02 FF F7 FF 19 00 B6 96 45 
F3 57 00 6F 00 12 07 DB FF DD 00 02 FF F6 00 2D 0B 02 4F BB 
F1 58 00 6E 00 09 07 E9 FF DF 00 01 FF F6 01 08 00 BF C6 EE 
F1 59 00 7A 00 09 07 D0 FF E0 00 01 FF F5 FF 17 02 97 95 7D 
F3 5A 00 84 00 15 07 DA FF DE 00 01 FF F4 00 30 0B 42 56 5C 
F1 5B 00 6A 00 12 07 BE FF DF 00 03 FF F7 01 01 00 3E 53 EE 
F1 5C 00 75 00 0D 07 DA FF E0 00 02 FF F6 FF 14 0B 33 BE A3 
F3 5D 00 66 00 1B 07 F0 FF DF 00 02 FF F6 00 3B 03 D8 8A DB 
F1 5E 00 6E 00 0B 07 D6 FF DE 00 02 FF F6 01 03 05 F4 9F 1A 
F1 5F 00 74 00 17 07 C3 FF DF 00 02 FF F7 FF 17 07 65 79 A2 
F3 60 00 6C 00 0B 07 B7 FF E0 00 03 FF F7 00 35 05 B9 DE A4 
F1 61 00 6A 00 0D 07 DB FF DF 00 03 FF F6 01 06 0D 4A 00 F0 
F1 62 00 6E 00 07 07 D2 FF DF 00 01 FF F8 FF 18 02 B6 A5 AC 
F3 63 00 77 00 17 07 CF FF DF 00 01 FF F8 00 2D 02 45 50 BD 
F1 64 00 60 00 16 07 D9 FF E0 00 03 FF F5 00 FF 06 7A 28 A4 
F1 65 00 73 00 18 07 DD FF E0 00 03 FF F6 FF 1B 02 22 8E 26 
F3 66 00 7B 00 0B 07 DA FF DD 00 03 FF F6 00 2F 07 17 F9 5E 
F1 67 00 66 00 1E 07 E4 FF DE 00 01 FF F6 01 00 03 39 27 B5 
F1 68 00 6C 00 07 07 DE FF DF 00 02 FF F8 FF 19 05 BE 4A 45 
F3 69 00 70 00 1D 07 E9 FF DF 00 02 FF F8 00 32 08 58 CF 6B 
F1 6A 00 6D 00 15 07 D2 FF DE 00 02 FF F6 01 0B 01 C7 BD 23 
F1 6B 00 6A 00 1D 07 C9 FF DE 00 01 FF F7 FF 12 03 62 40 5E 
F3 6C 00 6B 00 0D 07 C3 FF DE 00 03 FF F6 00 33 05 8A 9E A1 
F1 6D 00 69 00 1D 07 D4 FF DE 00 01 FF F9 01 06 05 B7 E3 E8 
F1 6E 00 75 00 0C 07 EA FF DD 00 02 FF F7 FF 12 09 C6 6C 58 
F3 6F 00 64 00 07 07 D2 FF E0 00 03 FF F8 00 35 01 BB EC 76 
F1 70 00 70 00 18 07 BC FF DE 00 03 FF F5 01 07 02 B1 C7 E6 
F1 71 00 6C 00 23 07 C2 FF DF 00 03 FF F7 FF 1A 0A 95 4C 78 
F3 72 00 72 00 28 07 DF FF DE 00 02 FF F7 00 35 05 D3 02 D1 
F1 73 00 72 00 0E 07 DB FF DF 00 04 FF F7 01 0A 09 4A 93 EF 
F1 74 00 7E 00 15 07 DA FF DE 00 02 FF F7 FF 18 00 59 95 6C 
F3 75 00 61 00 08 07 C4 FF DE 00 01 FF F7 00 2C 06 61 A8 4B 
F1 76 00 72 00 0F 07 D3 FF E1 00 02 FF F7 01 07 06 09 2B F0 
F1 77 00 77 00 16 07 D1 FF E0 00 03 FF F8 FF 13 01 42 02 55 
F3 78 00 75 00 17 07 CD FF DE 00 01 FF F8 00 31 05 DC 43 C6 
F1 79 00 72 00 12 07 E1 FF DF 00 00 FF F7 01 07 03 2A D0 F8 
F1 7A 00 83 00 11 07 DA FF DF 00 01 FF F7 FF 18 0C FF 69 F3 
F3 7B 00 7C 00 21 07 B7 FF DF 00 03 FF F6 00 33 0A F3 19 FA 
F1 7C 00 68 00 18 07 BF FF DE 00 03 FF F7 01 08 07 04 72 72 
F1 7D 00 62 00 20 07 EB FF DD 00 03 FF F6 FF 15 05 60 89 55 
F3 7E 00 85 00 10 07 D2 FF DF 00 03 FF F7 00 33 02 79 64 88 
F1 7F 00 70 00 17 07 DE FF DF 00 02 FF F7 01 08 06 50 A7 2D 
F1 80 00 76 00 0F 07 CB FF DF 00 02 FF F8 FF 12 04 C3 E6 DE 
F3 81 00 86 00 0F 07 CB FF DF 00 02 FF F8 00 39 06 D5 82 FB 
F1 82 00 7F 00 05 07 CE FF DE 00 02 FF F7 01 09 04 7D 00 7B 
F1 83 00 7A 00 1E 07 E5 FF DE 00 02 FF F6 FF 16 05 CB 8B AA 
F3 84 00 6C 00 11 07 C9 FF DD 00 01 FF F9 00 32 06 1D 76 35 
F1 85 00 73 00 1C 07 EB FF DF 00 02 FF F7 01 0E 05 4B BE CC 
F1 86 00 69 00 16 07 E1 FF DF 00 03 FF F7 FF 15 03 CE 75 32 
F3 87 00 6E 00 17 07 E5 FF DF 00 03 FF F7 00 31 05 89 7A 00 
F1 88 00 7E 00 1B 07 EC FF DE 00 04 FF F7 01 09 05 D1 76 6D 
F1 89 00 7B 00 18 07 D1 FF DC 00 02 FF F7 FF 16 02 CA 47 69 
F3 8A 00 68 00 05 07 DB FF DF 00 03 FF F5 00 30 04 98 0A CC 
F1 8B 00 6D 00 12 07 C9 FF E0 00 03 FF F6 01 0A 05 54 2B B4 
F1 8C 00 61 FF FF 07 C3 FF DE 00 04 FF F7 FF 18 05 3F 2B 71 
F3 8D 00 76 00 10 07 E4 FF DF 00 03 FF F8 00 33 05 D6 07 D9 
F1 8E 00 6D 00 18 07 CA FF E1 00 03 FF F7 01 08 02 7E B2 15 
F1 8F 00 7B 00 22 07 EF FF DE 00 02 FF F7 FF 17 07 CF 6D 5F 
F3 90 00 5A 00 03 07 CD FF DF 00 02 FF F6 00 32 06 7C E4 E7 
F1 91 00 6F 00 18 07 D0 FF DF 00 03 FF F7 00 FD 09 F9 87 85 
F1 92 00 6E 00 26 07 D6 FF E0 00 03 FF F8 FF 1C 06 76 F3 12 
F3 93 00 7A FF F6 07 AB FF DE 00 04 FF F7 00 38 01 70 00 F5 
F1 94 00 75 00 12 07 E0 FF DF 00 03 FF F5 01 0E 07 E0 A6 00 
F1 95 00 65 00 0D 07 DD FF E1 00 01 FF F6 FF 1B 07 E9 F6 A0 
F3 96 00 81 00 1C 07 D8 FF DF 00 03 FF F6 00 2E 07 07 0B 21 
F1 97 00 5E 00 1B 07 DB FF DE 00 03 FF F6 01 01 02 17 EC 95 
F1 98 00 6D 00 0D 07 E9 FF DF 00 03 FF F7 FF 15 02 C1 A7 C6 
F3 99 00 6C 00 11 07 E5 FF E0 00 03 FF F7 00 36 07 EB 80 AF 
