F1 61 00 AD FF F6 07 BD FF E0 00 02 FF FB FF A5 08 94 4C 30 
F3 62 00 99 00 22 07 E0 FF DF 00 02 FF FA FF E6 0C DC 38 1E 
F1 63 00 9E 00 07 07 D9 FF DF 00 01 FF FA 00 75 0A 10 48 20 
F1 64 00 99 00 0F 07 CF FF E0 00 02 FF FA FF AC 09 D6 05 21 
F3 65 00 9B 00 03 07 CF FF DD 00 02 FF F9 FF E8 04 7B 31 3B 
F1 66 00 AD 00 16 07 C6 FF DD 00 03 FF FD 00 70 07 E7 65 2C 
F1 67 00 B3 FF FF 07 C3 FF DE 00 01 FF F9 FF A9 07 BF DC 2B 
F3 68 00 B1 00 1C 07 B6 FF DE 00 01 FF FA FF E7 02 2C B3 EB 
F1 69 00 A4 00 06 07 BE FF DF 00 00 FF FB 00 7A 08 3E 48 48 
F1 6A 00 85 FF F9 07 D8 FF E0 00 00 FF F8 FF A6 07 FC CC 55 
F3 6B 00 A2 00 0B 07 EA FF DE 00 00 FF F9 FF E6 08 E1 97 56 
F1 6C 00 A3 00 0C 07 B2 FF DE 00 03 FF FA 00 78 08 BB 27 5D 
F1 6D 00 91 00 02 07 E0 FF E1 00 02 FF FA FF A5 04 C4 EE D6 
F3 6E 00 A7 00 0E 07 E8 FF DE 00 02 FF FB FF E3 06 41 48 7A 
F1 6F 00 97 FF F5 07 BB FF DF 00 02 FF F8 00 7C 07 AA DB BE 
F1 70 00 9B FF FB 07 D1 FF E1 00 02 FF FA FF A2 08 1E E5 F4 
F3 71 00 9E FF FE 07 D2 FF DF 00 02 FF FB FF E4 07 AA 7D 67 
F1 72 00 90 00 0A 07 DD FF E0 00 02 FF FB 00 7C 03 71 EB 35 
F1 73 00 A1 00 03 07 D3 FF E0 00 01 FF FC FF A8 09 E9 3B 2D 
F3 74 00 90 FF FE 07 DF FF DF 00 02 FF F9 FF E2 08 AD 62 59 
F1 75 00 B2 00 08 07 E0 FF DE 00 00 FF FA 00 74 0A D1 FC 43 
F1 76 00 A2 00 08 07 D2 FF DF 00 01 FF F9 FF A6 07 DC 86 2D 
F3 77 00 B3 00 02 07 C2 FF DF 00 00 FF FB FF E7 08 A6 4B C7 
F1 78 00 A0 00 14 07 D6 FF DE 00 02 FF FA 00 76 0B A5 3E 3B 
F1 79 00 AB FF FF 07 C9 FF DE 00 01 FF FB FF A3 08 ED A5 4F 
F3 7A 00 A8 00 0F 07 CB FF DF 00 02 FF FA FF E3 06 07 B4 B2 
F1 7B 00 9D 00 06 07 C3 FF E0 00 01 FF F8 00 73 07 27 8A EA 
F1 7C 00 8B 00 08 07 D6 FF E1 00 01 FF FA FF A1 05 28 40 DD 
F3 7D 00 99 00 0A 07 D1 FF E0 00 02 FF FC FF E1 09 9B 31 08 
F1 7E 00 A0 00 12 07 D8 FF DF 00 04 FF FB 00 73 06 32 0E C3 
F1 7F 00 8C FF F9 07 DA FF DE 00 03 FF FA FF A4 09 28 75 D6 
F3 80 00 A2 00 07 07 CA FF DE 00 01 FF F9 FF E5 0C D6 5A A2 
F1 81 00 A1 00 1B 07 F2 FF DF 00 03 FF FB 00 70 0C 2E 65 92 
F1 82 00 A8 00 0E 07 DF FF E1 00 01 FF FB FF A6 0B 83 8C 5C 
F3 83 00 BA 00 0A 07 BC FF DE 00 01 FF F9 FF E7 05 0F 8D 15 
F1 84 00 AB 00 02 07 C8 FF E0 00 02 FF FB 00 6F 04 17 6C 25 
F1 85 00 A2 FF FD 07 B3 FF DE 00 02 FF F9 FF A9 08 AA 12 EB 
F3 86 00 95 00 04 07 E0 FF DF 00 00 FF FB FF E6 08 5B 36 75 
F1 87 00 97 00 08 07 E4 FF DE 00 02 FF FA 00 7A 07 48 91 BB 
F1 88 00 AE 00 01 07 DA FF DF 00 02 FF FA FF A6 01 CE 37 BB 
F3 89 00 9D 00 17 07 F1 FF DF 00 02 FF FA FF E3 02 89 95 5D 
F1 8A 00 99 00 0B 07 FF FF DF 00 03 FF FA 00 73 08 A8 D4 C0 
F1 8B 00 AB 00 0E 07 B7 FF DF 00 02 FF F9 FF A7 03 8B 90 4F 
F3 8C 00 A4 00 08 07 C7 FF E1 00 02 FF FA FF EA 03 50 35 C4 
F1 8D 00 B4 00 04 07 D9 FF DE 00 02 FF FB 00 78 05 1A 4B 8A 
F1 8E 00 9F 00 17 07 D5 FF DF 00 01 FF FA FF A5 01 AE D7 0D 
F3 8F 00 9F 00 11 07 C4 FF DF 00 02 FF F9 FF E7 08 3C 69 4D 
F1 90 00 9A 00 06 07 D5 FF DF 00 00 FF FA 00 79 01 C7 54 71 
F1 91 00 A8 00 0E 07 DC FF E0 00 01 FF FB FF A4 03 BB 60 30 
F3 92 00 9B 00 07 07 EF FF DE 00 02 FF FA FF DF 07 E1 B2 4E 
F1 93 00 9A 00 03 07 DD FF E0 00 01 FF FA 00 76 FE 2D 20 8A 
F1 94 00 8F FF EF 07 C9 FF E1 00 02 FF FA FF A7 07 4A C2 5F 
F3 95 00 9D 00 0F 07 C9 FF DF 00 02 FF FB FF E5 01 A8 76 02 
F1 96 00 A1 00 07 07 D1 FF DE 00 02 FF FA 00 76 03 2A D8 F7 
F1 97 00 94 00 0F 07 CE FF DF 00 00 FF F8 FF A4 06 28 AB 32 
F3 98 00 9A FF FD 07 DF FF DF 00 03 FF F9 FF E2 00 5F 49 63 
F1 99 00 AB 00 18 07 C3 FF DF 00 01 FF F9 00 7D 07 55 0B 83 
F1 9A 00 99 00 06 07 B2 FF DE 00 03 FF FA FF A6 02 CB 73 EA 
F3 9B 00 9F 00 02 07 F6 FF DF 00 02 FF F9 FF E4 03 1B 63 0E 
F1 9C 00 93 00 05 07 F0 FF DF 00 01 FF FB 00 73 05 B0 E2 C4 
F1 9D 00 A8 00 0F 07 A6 FF DE 00 02 FF FB FF A5 00 DF 49 D2 
F3 9E 00 A0 00 16 07 E4 FF DF 00 02 FF FA FF E3 01 46 DC C7 
F1 9F 00 A2 00 05 07 C5 FF DE 00 01 FF FB 00 71 05 60 96 F7 
F1 A0 00 A4 00 04 07 E1 FF DF 00 02 FF FA FF A7 03 B1 5D E2 
F3 A1 00 A7 FF FA 07 CB FF E0 00 00 FF FB FF E7 06 AC 9D 08 
F1 A2 00 94 FF FE 07 BF FF DF 00 01 FF FB 00 80 03 8F E9 35 
F1 A3 00 9D 00 0A 07 CA FF DF 00 02 FF F9 FF A4 02 0B 40 FE 
F3 A4 00 9E 00 0D 07 D2 FF E0 00 02 FF FB FF E5 0B 63 49 F3 
F1 A5 00 9F 00 10 07 D6 FF DF 00 01 FF FB 00 79 02 FC 31 28 
F1 A6 00 95 00 0C 07 E7 FF DF 00 01 FF F9 FF AB 06 42 DB DA 
F3 A7 00 98 FF FB 07 C1 FF E0 00 03 FF FB FF E2 03 A2 19 1F 
F1 A8 00 A1 00 2A 07 C3 FF DF 00 02 FF FA 00 79 05 46 4C 44 
F1 A9 00 A1 00 0A 07 D5 FF E1 00 00 FF F9 FF A4 07 00 FE 45 
F3 AA 00 94 FF FE 07 D2 FF E0 00 01 FF FA FF DF 04 C9 15 87 
F1 AB 00 9D 00 0F 07 D3 FF E1 00 01 FF F9 00 73 08 B3 95 92 
F1 AC 00 9A 00 10 07 D5 FF E0 00 03 FF FA FF A5 04 A9 B6 2A 
F3 AD 00 AB FF FF 07 D0 FF DF 00 02 FF FB FF E4 06 81 8A CA 
F1 AE 00 A4 FF EF 07 CE FF DE 00 04 FF FA 00 7C 07 86 3D 34 
F1 AF 00 A4 00 1E 07 DC FF DF 00 02 FF FA FF A5 07 AE AA C9 
F3 B0 00 90 00 03 07 E0 FF DE 00 03 FF FB FF DF 09 E8 45 60 
F1 B1 00 95 00 12 07 EA FF DF 00 00 FF F8 00 72 0A 91 12 95 
F1 B2 00 A3 00 07 07 DF FF DE 00 01 FF FA FF A6 0B 78 BC 75 
F3 B3 00 9A FF F8 07 D1 FF DF 00 00 FF FB FF E0 0C F3 13 89 
F1 B4 00 AF 00 12 07 D3 FF E0 00 01 FF F9 00 74 04 79 EE 92 
F1 B5 00 BA 00 04 07 CA FF DF 00 01 FF FA FF A8 03 41 C4 8F 
F3 B6 00 99 00 08 07 C8 FF DF 00 03 FF FB FF E8 08 8D C6 BA 
F1 B7 00 B1 FF FE 07 D5 FF E0 00 02 FF F7 00 76 08 ED 1E 85 
F1 B8 00 AB 00 0F 07 DE FF DD 00 02 FF FB FF A7 07 7E A3 FB 
F3 B9 00 98 00 0B 07 D2 FF DD 00 01 FF FC FF E5 03 AD 7E C4 
F1 BA 00 A3 FF FE 07 C3 FF DF 00 02 FF FB 00 7B 05 7F 1D EE 
F1 BB 00 96 00 1A 07 DD FF DF 00 00 FF FB FF A6 0A BB 13 C9 
F3 BC 00 9B 00 01 07 DD FF DE 00 02 FF FA FF E5 08 88 54 5A 
F1 BD 00 B0 FF F5 07 D3 FF DE 00 02 FF F9 00 7B 08 4C 8C E1 
F1 BE 00 A8 FF F8 07 F1 FF DF 00 02 FF FA FF A8 05 FB 46 A3 
F3 BF 00 9E FF F6 07 DE FF E1 00 01 FF F9 FF DE 08 51 BF FE 
F1 C0 00 9B 00 0E 07 B0 FF E0 00 00 FF FB 00 7E 09 17 F1 30 
F1 C1 00 96 00 0E 07 DA FF E0 00 02 FF FA FF A5 07 3E 9D 7B 
F3 C2 00 A2 00 0F 07 E9 FF E0 00 01 FF FA FF EA 09 17 A9 B6 
F1 C3 00 AE FF F8 07 D9 FF DF 00 02 FF FA 00 73 0C 3F EB D7 
F1 C4 00 A1 00 14 07 AD FF DE 00 03 FF FA FF A5 0F 68 EC 91 
F3 C5 00 9B FF FE 07 C9 FF DF 00 03 FF F9 FF E1 0F 5D 57 A0 
F1 C6 00 9A 00 0E 07 E4 FF DF 00 02 FF FA 00 7A 08 01 46 CD 
F1 C7 00 AF 00 0E 07 D9 FF DE 00 01 FF FA FF A4 12 57 B4 24 
F3 C8 00 97 00 0A 07 BE FF DE 00 02 FF FB FF E6 0D 1F 5C 22 
F1 C9 00 97 FF F7 07 E1 FF E0 00 01 FF F9 00 7E 0E 2F E7 BB 
F1 CA 00 98 00 05 07 C5 FF E0 00 02 FF FB FF A6 0A CC 8A 92 
F3 CB 00 9F 00 06 07 C5 FF DE 00 02 FF FB FF E2 09 A0 63 60 
F1 CC 00 9A 00 0E 07 BF FF DF 00 01 FF F9 00 79 0A 3D D5 38 
F1 CD 00 90 00 0E 07 F4 FF E0 00 01 FF F9 FF A5 0D 16 0A 79 
F3 CE 00 B3 FF FB 07 E2 FF DE 00 02 FF FC FF E8 0E 7B F2 16 
F1 CF 00 A1 00 10 07 C5 FF E0 00 01 FF F9 00 7B 06 78 87 F0 
F1 D0 00 8C 00 03 07 CB FF E1 00 03 FF FA FF A8 05 F5 6E 38 
F3 D1 00 97 00 07 07 B8 FF DE 00 02 FF F9 FF E4 0A BC 59 4C 
F1 D2 00 A7 FF F8 07 E2 FF DF 00 02 FF FC 00 7E 07 89 DD 8D 
F1 D3 00 A1 FF F2 07 CF FF DF 00 01 FF FA FF A8 05 C1 3D 5C 
F3 D4 00 A5 00 11 07 D5 FF E0 00 03 FF FB FF E2 09 7E AD FB 
F1 D5 00 9E 00 15 07 C1 FF DF 00 01 FF FB 00 76 09 21 13 86 
F1 D6 00 B4 00 14 07 EB FF E0 00 01 FF F9 FF A6 0D 5A 3D D6 
F3 D7 00 9A 00 0A 07 D8 FF E0 00 02 FF FA FF E0 08 C5 B0 8B 
F1 D8 00 9B FF FB 07 DF FF DF 00 01 FF F9 00 72 04 EF D8 D5 
F1 D9 00 96 00 08 07 D0 FF DF 00 04 FF F9 FF A9 0B 34 3B DB 
F3 DA 00 A8 00 0A 07 D8 FF E1 00 01 FF FA FF E6 01 8E 38 80 
F1 DB 00 A2 00 0A 07 D4 FF DF 00 02 FF F8 00 7A 0C 90 99 58 
F1 DC 00 9B 00 06 07 D9 FF DF 00 01 FF FB FF A8 03 86 80 68 
F3 DD 00 A4 00 0E 07 E0 FF E0 00 03 FF FA FF E9 05 05 E5 6B 
F1 DE 00 9B 00 0E 07 DD FF E0 00 00 FF FA 00 7E 0A 10 40 A7 
F1 DF 00 9D 00 07 07 D4 FF DF 00 02 FF FA FF AC 06 F6 26 B7 
F3 E0 00 96 00 0F 07 DC FF DE 00 02 FF FB FF E4 09 E7 8B AD 
F1 E1 00 BA 00 05 07 D8 FF DF 00 01 FF FA 00 7C FF B5 5A 2F 
F1 E2 00 A4 00 0E 07 D3 FF E0 00 02 FF FB FF A9 03 4E 19 BC 
F3 E3 00 84 00 0C 07 CD FF E0 00 02 FF FA FF E5 0B 74 34 A5 
F1 E4 00 9B 00 01 07 DC FF DF 00 02 FF FA 00 7D 07 39 4B 99 
F1 E5 00 A1 00 0C 07 C3 FF DF 00 02 FF FB FF A9 08 12 AA 72 
F3 E6 00 A7 00 0A 07 E4 FF DD 00 02 FF FA FF E5 01 69 C0 4E 
F1 E7 00 AE 00 03 07 D3 FF DE 00 03 FF FA 00 76 00 D0 CB B9 
F1 E8 00 9B FF FE 07 D0 FF DF 00 03 FF FA FF A6 09 9A 15 83 
F3 E9 00 9A FF FD 07 BF FF DF 00 01 FF FA FF E1 03 1F 27 DF 
F1 EA 00 A0 00 11 07 E1 FF DE 00 02 FF FB 00 78 05 C7 B9 79 
F1 EB 00 B4 00 0A 07 E7 FF DF 00 04 FF FB FF A2 06 CC 18 D4 
F3 EC 00 97 FF FD 07 E8 FF DD 00 03 FF FA FF E7 04 89 30 27 
F1 ED 00 A4 00 16 07 CE FF E0 00 01 FF FA 00 7A 07 0A 4E 61 
F1 EE 00 AB 00 12 07 DB FF DF 00 01 FF FA FF A1 04 AF FB 87 
F3 EF 00 AB 00 08 07 D6 FF DF 00 00 FF FB FF E5 05 29 B6 AC 
F1 F0 00 9B 00 08 07 D6 FF E1 00 02 FF FB 00 79 0A 71 14 60 
F1 F1 00 A2 FF FB 07 BB FF DD 00 02 FF FB FF A8 00 A8 D1 9D 
F3 F2 00 9F 00 07 07 DC FF DF 00 02 FF FA FF D8 0B 9B 1E 44 
F1 F3 00 B1 00 09 07 CE FF DF 00 01 FF FA 00 79 06 3A 29 7A 
F1 F4 00 9D 00 02 07 DC FF DF 00 00 FF F9 FF A7 06 64 93 F8 
F3 F5 00 9E 00 04 07 C3 FF E0 00 01 FF FB FF E5 0A 49 92 C2 
F1 F6 00 9B 00 08 07 C6 FF DF 00 01 FF F8 00 74 04 37 DB 68 
F1 F7 00 99 00 0E 07 C8 FF DE 00 00 FF FB FF A8 0C 11 71 89 
F3 F8 00 B5 FF EE 07 D2 FF DF 00 00 FF FA FF EB 09 6F 19 38 
F1 F9 00 AB 00 07 07 CA FF E0 00 02 FF F9 00 72 05 BE 50 66 
F1 FA 00 A3 00 0A 07 E6 FF E0 00 02 FF FB FF A2 0C 11 C0 0B 
F3 FB 00 A0 00 08 07 D4 FF DF 00 02 FF F8 FF DF 01 37 3C 98 
F1 FC 00 99 00 05 07 E5 FF DF FF FF FF FA 00 7A 07 A1 C9 80 
F1 FD 00 AC 00 01 07 D4 FF E0 00 02 FF FA FF A6 07 F0 31 18 
F3 FE 00 B4 FF FF 07 D9 FF E1 00 02 FF FA FF E6 09 BE 22 B0 
F1 FF 00 A6 00 05 07 DE FF E0 00 00 FF FB 00 7E 0A 61 D5 30 
F1 00 00 9F FF FE 07 D3 FF E0 00 02 FF F9 FF A8 04 A1 15 55 
F3 01 00 92 00 0C 07 E8 FF DE 00 02 FF F9 FF E3 03 44 7E 07 
F1 02 00 AB FF FF 07 D5 FF E1 00 01 FF FA 00 71 0A 33 25 0B 
F1 03 00 A8 00 06 07 E1 FF DE 00 03 FF FC FF A5 07 66 11 06 
F3 04 00 BA FF F7 07 C6 FF E1 00 01 FF FA FF E3 09 DF 45 E4 
F1 05 00 AB FF F8 07 D6 FF DF 00 01 FF F9 00 75 03 B8 CA 4B 
F1 06 00 B2 00 0C 07 E7 FF DD 00 01 FF FA FF A8 05 48 77 AF 
F3 07 00 8F 00 0C 07 C4 FF DF 00 02 FF FA FF DF 0C A3 31 BB 
F1 08 00 A2 00 0C 07 B4 FF DE 00 01 FF F9 00 72 08 D7 9B 01 
F1 09 00 A3 FF EF 07 EC FF E1 00 02 FF F9 FF A6 0C B7 C1 11 
F3 0A 00 A2 00 0F 07 E0 FF DF 00 01 FF FA FF E3 05 23 1D 10 
F1 0B 00 AC 00 06 07 DC FF DF 00 01 FF F8 00 74 0F F7 D8 93 
F1 0C 00 AF 00 08 07 DB FF DD 00 02 FF FA FF A6 12 11 16 62 
F3 0D 00 A8 00 06 07 CA FF DF 00 01 FF FA FF E1 0C 7B EC 59 
F1 0E 00 A7 00 10 07 D2 FF DF 00 03 FF FA 00 7A 0D B4 A4 98 
F1 0F 00 92 00 03 07 C8 FF DF 00 02 FF FC FF A6 06 5A 32 13 
F3 10 00 A6 00 04 07 E7 FF E1 00 02 FF FA FF DF 0C 86 63 D1 
F1 11 00 A5 FF FA 07 E7 FF DE 00 01 FF F9 00 76 0A 21 D1 5F 
F1 12 00 AF FF FF 07 E5 FF E0 00 02 FF FB FF A8 0B F2 8C F5 
F3 13 00 AC 00 05 07 D9 FF DE 00 03 FF FB FF E9 0C 74 17 0B 
F1 14 00 AC 00 06 07 EB FF E0 00 03 FF FB 00 75 09 60 69 79 
F1 15 00 96 00 0F 07 D1 FF E0 00 03 FF FA FF A9 12 34 47 25 
F3 16 00 A1 00 0B 07 DE FF E0 00 01 FF FA FF DE 0B EE 4D 70 
F1 17 00 97 00 0E 07 BD FF E0 00 02 FF FB 00 78 0D 30 C8 E6 
F1 18 00 A2 FF FA 07 C9 FF DE 00 01 FF FA FF A6 06 50 2C 04 
F3 19 00 A3 00 16 07 C8 FF DF 00 02 FF FA FF E6 0B 04 88 4A 
F1 1A 00 93 00 0C 07 DA FF E0 00 02 FF FA 00 6F 09 E3 91 82 
F1 1B 00 A0 00 1C 07 C9 FF E0 00 03 FF FA FF A5 07 9B 44 CC 
F3 1C 00 AD 00 01 07 BD FF DE 00 01 FF F9 FF E2 03 1F EF 6E 
F1 1D 00 A4 00 12 07 C3 FF DF 00 03 FF FA 00 7D 0D C7 A4 4C 
F1 1E 00 B2 00 01 07 D9 FF DD 00 01 FF FA FF A6 0C E8 1D 64 
F3 1F 00 96 00 21 07 C6 FF E0 00 02 FF FA FF E4 0C 85 B4 70 
F1 20 00 9B 00 12 07 DB FF DF 00 02 FF FA 00 73 06 4C 76 B3 
F1 21 00 99 FF FE 07 DF FF E2 00 01 FF FB FF A6 09 DE A4 54 
F3 22 00 A5 00 15 07 D9 FF DE 00 02 FF FA FF E3 09 20 8A 92 
F1 23 00 92 00 0D 07 CB FF DF 00 02 FF FA 00 7B 0C 33 85 E5 
F1 24 00 A4 00 06 07 CB FF DF 00 02 FF FC FF A8 02 E0 54 B2 
F3 25 00 AE 00 04 07 F5 FF DE 00 04 FF F9 FF E6 08 E1 68 63 
F1 26 00 9D 00 05 07 C5 FF DF 00 02 FF FA 00 73 06 92 32 DC 
F1 27 00 BC FF FE 08 07 FF DE 00 02 FF FB FF A7 0C 9A 1E 78 
F3 28 00 A3 00 03 07 BB FF DE 00 03 FF FA FF E2 0A AF 97 8B 
F1 29 00 A3 00 03 07 F5 FF E0 00 02 FF FA 00 6B 03 CF 67 C7 
F1 2A 00 A7 00 08 07 E2 FF DE 00 01 FF FA FF A8 0A 32 9A F5 
F3 2B 00 A1 00 09 07 DB FF DF 00 02 FF FB FF E6 09 10 A2 F3 
F1 2C 00 A9 00 08 07 C2 FF E0 00 02 FF F9 00 85 0A D5 10 35 
F1 2D 00 99 00 0A 07 CE FF E0 00 01 FF FB FF A9 05 95 D6 B9 
F3 2E 00 A7 00 0A 07 BF FF DE 00 03 FF FB FF DD 02 E6 62 8A 
F1 2F 00 9D 00 03 07 D1 FF DE 00 00 FF FB 00 70 08 77 D8 7A 
F1 30 00 98 FF FE 07 BC FF DF 00 01 FF FA FF A5 07 11 C0 82 
F3 31 00 A4 00 0C 07 C2 FF DE 00 03 FF FA FF E0 09 F4 B6 45 
F1 32 00 A3 FF FE 07 D8 FF E0 00 02 FF FB 00 72 09 F3 02 11 
F1 33 00 9D 00 0E 07 C8 FF DF 00 01 FF FB FF A6 0E 63 51 4B 
F3 34 00 A2 FF FC 07 DB FF DF 00 02 FF FC FF E6 11 67 61 E1 
F1 35 00 9A 00 09 07 AC FF DE 00 03 FF F9 00 78 07 C2 DB 56 
F1 36 00 98 FF FB 07 E7 FF DE 00 00 FF FA FF A7 0D 24 9D 83 
F3 37 00 A2 FF FA 07 EB FF DE 00 02 FF FA FF DF 0C B3 A3 AF 
F1 38 00 90 00 0C 07 CE FF DE 00 02 FF FA 00 6F 0D 40 A5 23 
F1 39 00 93 00 0B 07 C9 FF E0 00 02 FF F9 FF A5 0D 61 42 20 
F3 3A 00 A4 00 03 07 B9 FF DF 00 01 FF FB FF E1 06 CA 71 C5 
F1 3B 00 AB 00 06 07 B8 FF DD 00 02 FF FA 00 73 0E 97 BD 8E 
F1 3C 00 AB FF F9 07 D5 FF E1 00 02 FF FB FF AA 0F FB 66 9B 
F3 3D 00 86 00 0E 07 D6 FF DE 00 01 FF FA FF E6 09 C2 A8 7A 
F1 3E 00 A9 00 0A 07 D9 FF E0 00 02 FF FA 00 7A 11 92 EC 64 
F1 3F 00 A5 FF F0 07 D3 FF DF 00 02 FF FB FF A5 07 6B B8 0A 
F3 40 00 9A 00 0B 07 BF FF DE 00 03 FF FB FF E4 09 E7 D0 C9 
F1 41 00 A8 00 04 07 E6 FF E0 00 03 FF FA 00 75 0E 05 69 27 
F1 42 00 9D 00 0A 07 CE FF E0 00 01 FF FA FF A3 08 24 50 85 
F3 43 00 89 00 0D 07 D5 FF E0 00 02 FF FA FF E2 0F 83 8E D8 
F1 44 00 99 00 07 07 DE FF DF 00 00 FF FB 00 7D 07 99 9A CA 
F1 45 00 A0 00 11 07 D0 FF DF 00 02 FF FA FF A5 08 11 57 30 
F3 46 00 BE FF F4 07 CD FF DE 00 03 FF F8 FF E7 16 1F CC B0 
F1 47 00 A2 00 10 07 D1 FF E0 00 02 FF FA 00 7A 07 E2 07 15 
F1 48 00 A5 00 15 07 D1 FF E0 00 00 FF FB FF A6 0F 71 61 65 
F3 49 00 A7 00 05 07 BE FF E0 00 00 FF F9 FF DF 09 8B 59 DC 
F1 4A 00 A4 00 06 07 D3 FF DF 00 01 FF FA 00 75 08 7A B6 02 
F1 4B 00 A7 00 11 07 E4 FF DE 00 01 FF FA FF A6 0D 67 EF AE 
F3 4C 00 A4 00 0A 07 CE FF DF 00 03 FF FA FF E4 0E B0 E2 AE 
F1 4D 00 9B 00 08 07 E2 FF DF 00 02 FF F9 00 7E 0B FB F9 84 
F1 4E 00 A1 00 09 07 E0 FF DF 00 02 FF F9 FF AA 0F 86 05 79 
F3 4F 00 99 FF F5 07 C9 FF DE 00 01 FF FB FF E7 05 83 30 C1 
F1 50 00 90 FF FB 07 D1 FF DF 00 01 FF FB 00 7B 0B 14 AC 8F 
F1 51 00 A5 00 02 07 CD FF DE 00 03 FF FA FF A7 04 90 61 BD 
F3 52 00 9F 00 05 07 C3 FF E1 00 01 FF FB FF E7 0D 79 ED 7E 
F1 53 00 9A 00 0E 07 D0 FF DE 00 01 FF F9 00 78 17 40 AD 15 
F1 54 00 A3 00 0E 07 B1 FF DF 00 02 FF FA FF A3 0B 0D 6F B8 
F3 55 00 98 00 14 07 E1 FF DE 00 01 FF F9 FF E1 0C FA B6 F6 
F1 56 00 AB 00 07 07 DD FF DD 00 01 FF F8 00 78 07 13 08 54 
F1 57 00 B1 00 17 07 DB FF DE 00 01 FF FA FF A3 08 AF 1A 88 
F3 58 00 9F 00 10 07 C3 FF E0 00 01 FF FA FF E8 10 2A 6F 2A 
F1 59 00 9B 00 03 07 B7 FF E0 00 02 FF FB 00 79 0B 7B C4 D9 
F1 5A 00 AB 00 22 07 EB FF E0 00 01 FF FA FF A5 10 3A 02 A2 
F3 5B 00 A0 00 12 07 DC FF DF 00 03 FF F9 FF E2 0B 49 20 62 
F1 5C 00 A2 00 0E 07 D1 FF DF 00 01 FF FA 00 74 07 76 51 4F 
F1 5D 00 9F 00 0B 07 D6 FF DE 00 02 FF FA FF A7 0B A5 13 FE 
F3 5E 00 AC 00 0F 07 C3 FF DF 00 01 FF FC FF E3 04 F3 2E FA 
F1 5F 00 A5 00 04 07 F4 FF DE 00 03 FF FA 00 74 05 E0 B4 CB 
F1 60 00 A2 00 08 07 F3 FF DE 00 03 FF F9 FF A4 09 86 B5 43 
F3 61 00 90 00 08 07 E0 FF DF 00 03 FF FA FF E7 09 E7 DB E9 
F1 62 00 95 00 05 07 C5 FF DF 00 02 FF FA 00 71 0A 1C 75 5E 
F1 63 00 A2 00 1D 07 CE FF E0 00 01 FF FB FF A6 06 DB 50 CB 
F3 64 00 A5 FF FF 07 D6 FF DF 00 01 FF FB FF E8 05 61 90 70 
F1 65 00 9A FF FF 07 C4 FF E0 00 01 FF FA 00 7B 09 60 F0 92 
F1 66 00 A0 00 08 07 C4 FF DF 00 01 FF F9 FF A7 09 47 57 D1 
F3 67 00 B2 00 17 07 CB FF DD FF FF FF FA FF DB 09 6B 01 9B 
F1 68 00 96 FF F6 07 C9 FF DF 00 01 FF F9 00 7A 01 C9 E5 78 
F1 69 00 A6 00 0B 07 EF FF DF 00 01 FF FA FF A3 05 2E 41 5F 
F3 6A 00 A7 FF F8 07 E8 FF DF 00 01 FF FB FF E5 07 62 4A 90 
F1 6B 00 A0 00 06 07 DC FF DE 00 01 FF FC 00 76 05 C6 E5 9E 
F1 6C 00 A6 00 0B 07 CE FF E0 00 02 FF FA FF A6 05 B2 7D 17 
F3 6D 00 9F 00 0A 07 CD FF E1 00 01 FF FA FF E0 02 5E C3 91 
F1 6E 00 A3 00 17 07 CD FF E0 00 01 FF FA 00 7D 08 AF BA A0 
F1 6F 00 97 00 09 07 CF FF DE 00 01 FF FB FF A6 07 EB 3B C4 
F3 70 00 9B 00 05 07 E8 FF DD 00 02 FF FB FF E7 04 55 DD E2 
F1 71 00 AB 00 07 07 DD FF DF 00 02 FF FA 00 74 05 9B 1F 1D 
F1 72 00 9A FF FD 07 D3 FF DE 00 01 FF F8 FF A8 08 14 D3 C8 
F3 73 00 B2 00 07 07 F1 FF DF 00 01 FF FA FF E3 07 C2 93 2C 
F1 74 00 A8 00 0A 07 E0 FF DF 00 01 FF FA 00 74 06 AE DB 26 
F1 75 00 9F 00 0E 07 BC FF DE 00 02 FF FA FF A9 02 85 81 4B 
F3 76 00 96 00 0F 07 E5 FF E0 00 03 FF FB FF E3 07 CB FE 0D 
F1 77 00 A2 00 11 07 C7 FF DE 00 02 FF FA 00 72 07 B2 B0 9D 
F1 78 00 97 00 10 07 EA FF DF 00 03 FF FA FF A6 07 61 3D C1 
F3 79 00 9F 00 06 07 E6 FF E0 00 00 FF FA FF E6 03 FA C7 5C 
F1 7A 00 AD 00 15 07 C4 FF DF 00 02 FF F9 00 6F 05 34 D5 8D 
F1 7B 00 9F FF FE 07 CA FF DF 00 00 FF F9 FF A9 07 01 0D A2 
F3 7C 00 A1 FF F8 07 ED FF DE 00 02 FF FA FF E4 07 72 D5 49 
F1 7D 00 9A 00 10 07 CD FF DE 00 03 FF FA 00 73 07 30 9B 57 
F1 7E 00 97 00 0B 07 E2 FF DF 00 02 FF F9 FF AB 05 4D B8 26 
F3 7F 00 A3 FF F5 07 E9 FF DF 00 02 FF FB FF E3 02 BB C0 17 
F1 80 00 B0 00 0A 07 C8 FF DF 00 04 FF FA 00 76 09 03 30 24 
F1 81 00 99 FF F7 07 FB FF E0 00 01 FF FB FF A5 07 31 6D A3 
F3 82 00 A4 00 03 07 CE FF DE 00 01 FF FB FF E3 04 2F F8 5B 
F1 83 00 AF 00 11 07 E6 FF E0 00 01 FF F9 00 7B 05 03 C7 0E 
F1 84 00 9B 00 01 07 CF FF DE 00 02 FF F9 FF A6 00 64 EB A0 
F3 85 00 9F 00 11 07 CE FF DF 00 01 FF FA FF DE 07 E3 8A 6C 
F1 86 00 A9 FF FB 07 E0 FF E0 00 00 FF FA 00 7C 05 78 50 34 
F1 87 00 96 FF EC 07 CA FF DD 00 02 FF F9 FF A8 03 62 77 4B 
F3 88 00 AB 00 07 08 00 FF DE 00 02 FF FC FF E4 08 BF 75 04 
F1 89 00 9F 00 03 07 DB FF DF 00 02 FF F9 00 75 03 27 9B 64 
F1 8A 00 90 00 1C 07 DD FF DF 00 01 FF FA FF A4 08 FE 7A 7B 
F3 8B 00 A2 00 07 07 BA FF DF 00 02 FF FA FF E3 00 D4 5D FA 
F1 8C 00 A9 00 15 07 E1 FF DF 00 03 FF FB 00 79 00 9B 13 D9 
F1 8D 00 EE FF EF 08 58 FF E1 00 00 FF FA FF A6 08 10 F9 22 
F3 8E 00 72 00 06 08 F0 00 4E FF 71 FF E6 FF DF 02 D4 D5 79 
F1 8F 00 85 00 42 08 93 FF D5 00 0E FF FB 00 75 0D 68 54 61 
F1 90 00 CB 00 12 08 47 FF D9 00 07 FF F7 FF A9 04 49 21 E2 
F3 91 00 DC 00 0F 08 54 00 0C FF DD FF F0 FF E2 05 A8 5C 3D 
F1 92 00 6C 00 09 08 D8 00 69 FF E1 FF C3 00 7F 07 E4 17 0E 
F1 93 FE FE 00 D1 07 D6 00 A2 FF D1 00 0C FF A8 05 A8 29 FD 
F3 94 FD 9D 01 2D 0A 8F 00 ED FE AD 00 FD FF E4 03 8D BD 87 
F1 95 FE F6 00 3F 09 E3 02 4C FE 62 02 65 00 75 08 FB 81 01 
F1 96 01 8F FF B9 09 48 03 4C FD B7 02 CA FF A8 00 E5 E1 FB 
F3 97 00 B3 00 15 07 61 04 05 FE 65 02 60 FF E5 0C 9A BD B3 
F1 98 01 28 00 57 07 DD 04 01 FE E6 02 59 00 74 05 3C BB B8 
F1 99 01 BF 00 EB 07 89 03 CB FE 1C 02 2F FF A2 08 65 37 BA 
F3 9A 01 C2 01 33 07 58 03 92 FD 08 02 03 FF D2 0D 23 A8 E4 
F1 9B 01 08 01 09 08 19 03 F2 FD F5 01 B5 00 63 06 01 23 A7 
F1 9C 01 65 01 57 08 F8 05 30 01 14 01 D2 FF A2 0C 46 D9 89 
F3 9D 01 9D 00 F4 0A 9A 06 32 02 E2 01 9A FF CF 09 C4 62 32 
F1 9E FF 94 01 0E 07 57 06 A7 02 C5 01 F3 00 5C 05 7D 83 F7 
F1 9F 03 19 01 48 08 B6 06 65 01 57 02 34 FF 9C 0D 87 FE 34 
F3 A0 00 B7 02 E8 06 32 05 F7 01 A1 01 A7 FF BF FF 5F 27 1E 
F1 A1 FF D3 03 55 05 77 06 8C 05 F6 02 72 00 54 0A 3A F6 90 
F1 A2 00 A0 04 22 09 06 06 17 08 2C 02 FF FF 97 05 54 4D B7 
F3 A3 03 AC 03 2E 07 47 06 16 08 BC 02 9D FF B4 05 06 84 88 
F1 A4 05 B5 04 B2 06 10 05 73 09 60 FF 8C 00 5F 0D 4B F7 8F 
F1 A5 FC F6 05 F6 02 C6 01 93 04 AD FE DF FF 85 02 F3 77 5B 
F3 A6 FB FF 07 45 07 11 FD 0F 00 D8 03 88 FF AD 06 FA F7 F2 
F1 A7 00 4C 06 3F 08 7C FC 56 FC F2 08 2F 00 64 03 D3 71 1D 
F1 A8 03 88 05 A7 06 30 FC 8D FE 1D 09 60 FF 82 02 F0 EE 91 
F3 A9 05 8B 03 39 06 47 FB 72 03 08 07 41 FF A9 09 CC 29 65 
F1 AA 02 7D 01 0F 07 75 FB AA 06 27 03 E9 00 68 02 21 57 BB 
F1 AB 01 22 00 58 0A 85 FF 33 08 7F 02 F0 FF 85 02 CF 76 52 
F3 AC 01 10 01 8D 03 DF 04 CC 0B F7 03 57 FF BB 0C D5 59 76 
F1 AD FE B2 02 69 05 43 07 62 10 71 04 98 00 42 07 26 5B F4 
F1 AE FD E2 04 21 03 94 08 9A 12 46 06 CA FF 87 0A 47 F4 F6 
F3 AF FE 5B 05 F9 02 1C 04 ED 0F 87 07 01 FF B2 06 58 19 2A 
F1 B0 FC 5E 05 22 03 64 00 34 09 70 05 9D 00 49 03 3B E7 19 
F1 B1 FB 14 04 EA 04 DD FD FD 06 7D 05 2F FF 85 0A DE 83 B1 
F3 B2 FA 76 04 58 05 0B FD 8E 07 07 06 01 FF A8 05 28 9A A2 
F1 B3 FC 2C 03 99 04 14 FD 67 08 7E 07 04 00 51 09 B1 47 87 
F1 B4 FC 92 03 81 04 B5 FC E4 08 FB 06 9E FF 82 06 F7 E0 CE 
F3 B5 FC D0 03 7C 04 95 FC E3 08 9A 06 61 FF AE 06 CB B6 FA 
F1 B6 FC 65 04 4C 05 32 FC CB 08 C7 06 6C 00 4A 0C 37 DE 71 
F1 B7 FB BD 04 B7 04 75 FC D7 07 B9 06 8C FF 89 08 92 60 D0 
F3 B8 FC 33 05 10 05 30 FC 97 04 EC 06 78 FF B8 0B 00 F9 70 
F1 B9 FC A5 04 07 04 A0 FC 01 02 EC 06 24 00 3C 05 FE 84 EC 
F1 BA FC C5 01 B5 04 92 FA B4 02 0A 06 74 FF 90 04 F0 6D CB 
F3 BB FD 3B 00 B7 06 86 F9 F7 01 95 08 0B FF C8 08 58 E9 A2 
F1 BC FE 3D 01 44 08 13 FB 76 00 EA 0A 82 00 38 02 B9 18 97 
F1 BD FF FF 00 F5 06 F6 FD 4F 03 24 0C AB FF 93 06 85 04 05 
F3 BE FF 70 01 9B 06 71 FD F6 06 3C 0D 75 FF D6 08 B4 CD 91 
F1 BF FF 52 02 CD 06 B0 FE A8 07 34 0E 59 00 22 09 19 D2 BE 
F1 C0 FE E4 03 E6 05 8B FF 20 07 34 0E 7E FF 9E 09 0F 12 3C 
F3 C1 FF 39 04 2A 05 22 FE 57 06 33 0E DD FF E1 02 13 A4 DF 
F1 C2 00 FE 04 83 07 0B FE 0B 05 4A 0E DA 00 1F 06 BA 19 01 
F1 C3 01 2A 05 BC 07 4D FF 16 05 E2 0D A7 FF 9D 0A 81 24 D0 
F3 C4 FF BF 06 9B 06 4D FF E9 07 71 0D 84 FF F3 08 29 A3 33 
F1 C5 00 E5 06 82 07 01 FF ED 05 97 0E 06 00 1A 08 50 A1 B5 
F1 C6 03 57 05 E6 07 6B 00 72 04 65 0C 65 FF A3 04 3F 3F BC 
F3 C7 02 40 06 CA 05 F4 00 84 05 5D 0A 4E 00 03 07 A4 85 50 
F1 C8 01 66 07 11 05 CC FF E3 04 C2 0A F9 00 1B 08 4D 92 2F 
F1 C9 03 1B 06 FD 06 59 FF 7C 02 8A 0C 3B FF A8 0A 6D 20 F4 
F3 CA 02 75 08 1C 06 2D 00 0C 01 3D 0C D8 00 03 0A 4A E0 2B 
F1 CB 03 03 0B 20 03 93 00 F5 00 B3 0D E8 00 1A 05 74 4F E4 
F1 CC 04 1F 11 F0 FF 17 FE EE FD 69 0D 8C FF AE 0E AE D6 F4 
F3 CD 11 19 23 46 05 BF FF 6D F6 8E 02 AE 00 18 0D 9F 22 70 
F1 CE 10 B8 36 19 FD D7 0F 23 FB 41 E6 9F 00 1B 24 4E 30 81 
F1 CF 28 5B 2C 0E E6 C1 14 54 EE 17 BC D8 FF AF 1E D7 84 3C 
F3 D0 25 6A 31 9D 03 37 04 AE E0 5A 97 4F 00 07 1B 48 6B 4D 
F1 D1 23 12 3E 57 00 6E FF 33 C7 26 9C 8A 00 0C F0 1A 83 C3 
F1 D2 3E 26 18 AC FA 13 E9 EC C8 0F A8 6F FF A7 F0 57 3B CB 
F3 D3 2F D2 03 D2 05 63 F5 80 F4 D9 C0 AD FF C6 38 2C F5 D7 
F1 D4 1F D1 03 69 F9 3A 05 75 0B 69 DE 3A 00 65 43 3D 74 4E 
F1 D5 16 8D 02 86 00 52 04 E2 0E 4B F9 4E FF 96 2C 0E F6 FA 
F3 D6 0B AE FD 7C 02 10 03 5D 14 49 06 50 FF EE 07 7F 01 84 
F1 D7 03 43 FA AD 05 66 03 1B 0C 86 09 95 00 A9 03 54 0A 54 
F1 D8 01 E2 F9 FC 05 C3 05 46 03 BF 06 71 FF A4 01 8D 3E E6 
F3 D9 FD 92 FB F1 04 48 05 49 03 9F 01 C2 FF E4 0F 7D 95 8F 
F1 DA FA 5A FD 4A 05 E5 02 5F 03 00 02 C7 00 CB 12 64 D6 D9 
F1 DB FC E6 FD B1 07 91 01 FF FF E7 05 45 FF 94 0E 76 D6 A8 
F3 DC FD C9 FE CF 07 49 02 C9 FE 05 03 F6 FF D5 04 F7 45 91 
F1 DD FD 38 FF 63 06 98 01 AB FE 48 02 DA 00 D5 0A 4D 18 00 
F1 DE FC B8 FF FB 06 E9 00 07 00 0E 04 33 FF 8C 0C DC DF 98 
F3 DF FE 55 00 4D 08 4F FF E7 FE 92 06 5B FF CB 0B F3 82 15 
F1 E0 00 28 FF 8D 08 14 01 65 FD 0C 06 B2 00 C2 06 07 64 18 
F1 E1 FF E0 FF F3 05 B1 01 C9 FF C7 05 F0 FF 8A 02 F3 F7 2A 
F3 E2 FD D6 00 8E 05 36 00 34 00 90 06 D3 FF C3 FE FB 7B 55 
F1 E3 FE 4E 01 2D 06 9C FF 99 FC EF 09 A6 00 B6 07 2A CE 5D 
F1 E4 00 DC 00 3E 06 47 00 63 FB D4 0B 27 FF 8D 06 2F 66 60 
F3 E5 01 FC 00 E9 05 6F 00 B8 FD F6 0A 68 FF C6 08 32 88 58 
F1 E6 00 D7 01 22 05 4C 00 0F FD 66 09 75 00 A9 0C 94 52 4B 
F1 E7 FF 9F 01 6C 07 9F 00 3D FB 32 09 A2 FF 8B 06 9E CB 46 
F3 E8 FF 97 01 B6 07 51 01 A0 FA DB 09 D5 FF BB 09 F1 94 E5 
F1 E9 00 8F 02 CE 07 D5 01 C1 F7 FD 08 9C 00 79 07 C3 FA E1 
F1 EA FE 31 04 AE 08 01 01 4B F6 EE 07 38 FF 8D 0B C8 35 73 
F3 EB FF 50 03 FC 08 23 00 C6 F9 9A 06 63 FF BB 02 F6 6C B6 
F1 EC 00 13 03 9E 0A 5E 00 CE F8 E9 03 BD 00 58 FC 86 A1 B3 
F1 ED FD A9 05 9E 09 9C 01 FE FA 5B 01 E6 FF 8D 14 B8 98 FB 
F3 EE FE 86 06 92 07 9F 01 B7 FE EC 01 15 FF B9 04 FE 02 E5 
F1 EF FE 7B 05 36 07 2E 00 85 FF DF FF 8D 00 42 03 3B 05 92 
F1 F0 FF 04 04 A5 08 8A 00 15 FC E1 FD D2 FF 8B 09 F4 16 F2 
F3 F1 FF 2E 04 B4 08 34 00 E8 FB 31 FC 70 FF BC FE F5 4A B2 
F1 F2 FD FF 05 02 07 3E 00 F5 FD B2 FB EF 00 32 04 C8 3B 38 
F1 F3 FD 9B 07 21 07 8F 00 61 FF 85 FD 24 FF 89 04 88 5D DD 
F3 F4 00 0A 04 89 08 3D FF F2 FD 94 FD F1 FF B5 04 C1 B9 C0 
F1 F5 00 DF 04 03 08 0B FF 5D FE 31 FC E8 00 3E 0C 1C 68 01 
F1 F6 FF D3 03 B3 08 AC FF 98 00 29 FC 74 FF 8A FE F2 C4 09 
F3 F7 FF 99 03 87 07 E2 00 9B FF 34 FD 09 FF B8 03 88 3F A7 
F1 F8 FF 5E 03 FA 07 2E 00 7E FE 70 FE 9D 00 44 06 39 B7 A9 
F1 F9 05 CE 02 5C 08 CA FB BA 00 3F FE 19 FF 87 1F D3 06 6A 
F3 FA FE B6 04 E6 11 78 FE 3D 00 93 FE 8B FF BC 15 52 9E 34 
F1 FB FD 02 06 77 0A A2 FF 43 00 C4 FE 65 00 4E 08 6C FD F6 
F1 FC FE DE 04 52 06 E1 FF 88 00 79 FE A1 FF 87 03 81 1F E8 
F3 FD 00 1F 03 BC 06 20 FF 2C 00 1E FE F1 FF BA 09 AF AA 90 
F1 FE 00 8B 03 FB 06 A5 FE C0 FE 76 FE E4 00 4C 04 6D A6 44 
F1 FF 01 83 03 18 07 8C FE A6 FF 72 FE C1 FF 89 0A 4A 19 C7 
F3 00 03 D4 03 3F 08 12 FE AD 00 85 FE 53 FF B3 05 12 9C A0 
F1 01 01 6A 02 21 07 04 FE 8A F9 78 FD 29 00 51 04 4C 4B 75 
F1 02 FD A8 03 5D 04 77 FE 15 01 43 FE 68 FF 8E 0B EA 6C CC 
F3 03 FF 77 02 F2 06 6F FD 37 03 CF FF 0B FF B8 05 4B 95 EA 
F1 04 00 3A 03 39 08 82 FD 21 03 81 FF 56 00 59 09 DF 33 0D 
F1 05 02 B2 01 7E 08 3C FD AA FF 04 FE A2 FF 8D 06 E0 B0 B4 
F3 06 00 DF 01 69 05 43 FD 7A FB 1D FD B4 FF BD 08 0C 10 C2 
F1 07 00 B9 03 D5 05 1C FC 88 FA 23 FD D0 00 59 09 93 0A F5 
F1 08 FE 50 01 B2 06 45 FB DC FF CA FE 3B FF 91 03 1B 55 48 
F3 09 01 A3 01 8B 06 95 FB 83 04 AC FF F3 FF CD 06 9E F2 9F 
F1 0A 01 9E 01 98 0A 28 FB 39 01 9E FF 87 00 5F 07 7A F2 76 
F1 0B 01 48 FF 99 07 91 FC 7C F9 DF FF 19 FF 9A 04 17 1A 30 
F3 0C 00 78 01 46 08 67 FB 92 FB C0 FF 68 FF CB 0C 87 02 3C 
F1 0D 01 11 00 B0 07 7F FC 29 FF 62 FF 53 00 62 04 AA BD 42 
F1 0E 00 D9 00 02 07 9D FC 80 FF CD FF 6B FF A2 02 FC D8 64 
F3 0F 02 AE FF B0 07 54 FC 1E FF 7B FF 11 FF D2 0B 4E 84 71 
F1 10 01 90 00 43 0A D9 FC 7C FE 8E FE 3A 00 5C 05 45 32 17 
F1 11 FF 1F 00 A9 0C 4A FC 4C FB A7 FE 3C FF A0 06 83 F0 D1 
F3 12 02 24 FF C7 08 F1 FF C1 FF 71 FE 74 FF E1 02 A4 0E DF 
F1 13 02 62 FF 4D 07 B4 00 19 FF 4D FE 88 00 66 03 C5 0A 32 
F1 14 01 A4 01 4B 08 85 00 F7 00 91 FE 66 FF A0 0D A0 C3 24 
F3 15 00 96 01 40 07 6A 00 93 00 C2 FE 90 FF DC 04 A6 FD F7 
F1 16 01 38 00 08 09 0F 00 E7 00 FF FE BB 00 62 05 A2 4C 52 
F1 17 00 CD 00 A7 08 59 02 3E 02 E7 FF 5A FF A7 03 AA 2B E8 
F3 18 01 E2 FF E5 03 CE 01 FD 03 68 FF DE FF D9 0C 0A 14 40 
F1 19 00 79 03 6E FA EC FF FF 07 57 00 0A 00 5D 0E 5C FC 4C 
F1 1A 02 90 04 D7 04 B7 FD AF FF B1 FF EA FF A2 15 2F E0 DF 
F3 1B FE 96 FD 8C 10 82 FB B6 FA 87 FE 12 FF DC 2A A4 09 B1 
F1 1C FF C9 02 AC 00 3F FF 18 01 A6 FD AC 00 71 14 A4 D5 D3 
F1 1D 01 C0 FF 0A 07 A1 FE 4D FF EC FF 1B FF A4 09 81 49 B7 
F3 1E 02 CB FF 73 09 B4 FE 62 00 8A FE D3 FF D8 10 52 65 1E 
F1 1F 02 40 FD FB 0E 3D FD 9A FF 6C FE A0 00 72 04 E9 1C AE 
F1 20 00 0F FF 80 0C 11 FE BB 00 AB FE EE FF A6 09 F6 4D 72 
F3 21 FF 43 00 46 08 0E FF 6E 00 C9 FF A2 FF DC 0D 19 D4 EF 
F1 22 01 04 FF D3 07 C4 FF EC FF F9 00 14 00 6A 0B 09 48 FA 
F1 23 00 7C 00 24 07 21 FF CD 00 26 FF FB FF A6 0A 19 42 BD 
F3 24 00 22 FF C0 08 20 FF DB 00 06 FF EC FF E0 03 31 51 87 
F1 25 00 6E FF FC 07 EB FF EF FF F9 FF F2 00 69 08 BC F6 8D 
F1 26 00 B5 00 10 07 88 FF E9 FF F3 00 03 FF A9 08 1E 45 F6 
F3 27 00 88 00 17 07 DC FF D1 00 08 FF F7 FF E4 0A 03 DB 8D 
F1 28 00 7E 00 0A 07 C5 FF E0 00 02 FF F8 00 71 01 AC 1E 47 
F1 29 FF A7 00 51 07 CB FF E5 FF FF FF ED FF A7 06 C3 6D 64 
F3 2A 00 DE 00 1C 07 EA FF DA 00 07 FF FA FF E1 0C AA BD EE 
F1 2B 00 8B 00 2C 07 E9 FF DD 00 03 FF F4 00 73 0F 04 AC EC 
F1 2C FE FB FF 98 08 3D 00 0B FF FB 00 08 FF A8 09 42 EA CC 
F3 2D 00 F7 FF CF 07 A5 FF F0 00 04 00 24 FF E0 08 72 13 6C 
F1 2E 00 C2 00 29 07 BA 00 01 FF AA FF D7 00 6E 03 84 57 56 
F1 2F 00 8F 00 14 08 20 FF FE FF A5 FF CB FF A8 09 FB 99 51 
F3 30 00 84 00 3D 07 18 00 23 FF 93 FF FD FF E2 07 6A B8 2C 
F1 31 01 1A FF F6 07 1A FF C3 00 15 FF ED 00 67 05 38 1B 31 
F1 32 01 10 00 05 07 C8 FF 8F 00 94 FF CC FF A9 09 F7 9F C8 
F3 33 00 67 00 19 07 F8 FF AB 00 6E FF BC FF E7 05 79 78 8D 
F1 34 00 CA FF A1 08 31 FF CA 00 10 FF E2 00 7A 0A 36 1B 2F 
F1 35 00 B0 00 08 07 E6 FF E0 00 06 FF F4 FF A6 02 3F 04 8C 
F3 36 00 CB FF FB 07 8D FF E3 FF FF FF F8 FF E6 06 DB 31 EF 
F1 37 03 BF FE AA 08 0D FF E4 FF E1 FF C1 00 6F 08 01 04 93 
F1 38 FE FD 00 0A 05 FE 00 0A FF A3 FF CD FF A8 02 E3 FB 9C 
F3 39 01 3A 00 D8 05 EF 00 09 00 08 00 12 FF E6 0E 54 DE E8 
F1 3A FF 94 00 44 07 40 FF F0 00 03 FF FA 00 71 02 84 B1 2C 
F1 3B 00 21 00 26 08 1D FF E0 00 04 FF F8 FF AB 01 B9 0A C6 
F3 3C 00 C3 00 24 08 12 FF DD 00 01 FF FC FF E4 07 2C 35 BE 
F1 3D 00 A8 00 0B 07 BD FF E0 00 01 FF FC 00 75 02 55 4F 88 
F1 3E 00 93 00 04 07 D3 FF DF 00 02 FF F9 FF A5 07 8D 19 E3 
F3 3F 00 AF FF F2 07 F8 FF DF 00 02 FF FA FF E3 02 60 93 DF 
F1 40 00 99 FF FB 07 E9 FF DF 00 03 FF FA 00 6F 00 27 E9 25 
F1 41 00 A1 00 0F 07 DE FF E0 00 02 FF FC FF A9 09 89 9E 89 
F3 42 00 A2 00 06 07 D9 FF E0 00 03 FF FA FF E2 03 BF FA AB 
F1 43 00 A7 00 04 07 DC FF DF 00 00 FF FC 00 74 03 4D 1B BA 
F1 44 00 A3 00 0B 07 D4 FF E2 00 02 FF FB FF A7 09 10 2F 88 
F3 45 00 84 00 16 07 DF FF E1 00 03 FF FA FF E1 00 B9 A3 DC 
F1 46 00 B0 00 08 07 DC FF DE 00 03 FF F9 00 6D 0A CE A6 4D 
F1 47 00 B5 00 15 07 C3 FF DE 00 03 FF FA FF A7 02 83 54 48 
F3 48 00 A5 00 15 07 D3 FF DF 00 01 FF FA FF E5 04 D9 E3 16 
F1 49 00 94 00 05 07 EC FF E1 00 00 FF FA 00 74 05 CD 46 2F 
F1 4A 00 9D 00 0B 07 CD FF E0 00 03 FF FC FF AA 03 61 1D 60 
F3 4B 00 A0 00 16 07 B4 FF E0 00 03 FF FA FF E4 08 B7 1C 49 
F1 4C 00 98 FF F6 07 E8 FF DF 00 01 FF FB 00 6A 06 15 8D 69 
F1 4D 00 96 FF F7 07 E0 FF DE 00 03 FF F9 FF A7 04 8E 3F BE 
F3 4E 00 B7 00 04 07 CA FF DF 00 01 FF FB FF DB 09 1D 65 45 
F1 4F 00 A3 FF FC 07 B6 FF DF 00 03 FF FB 00 6D FF C0 BF 4D 
F1 50 00 95 00 07 07 D8 FF DF 00 01 FF F9 FF A5 05 A4 70 A8 
F3 51 00 A0 00 0C 07 D0 FF DF 00 03 FF FB FF E1 04 E9 5F FD 
F1 52 00 9F FF FD 07 D2 FF E0 00 01 FF FB 00 78 04 EB 1E C0 
F1 53 00 AC 00 05 07 CF FF E0 00 01 FF FB FF A7 09 63 47 9C 
F3 54 00 A8 00 04 07 EF FF DD 00 01 FF FB FF E2 04 CF EF 8C 
F1 55 00 A8 00 10 07 D1 FF DF 00 01 FF FB 00 69 03 DD 5D 82 
F1 56 00 98 00 0B 07 D8 FF DE 00 02 FF FB FF A5 06 90 5A BE 
F3 57 00 A9 FF FF 07 DA FF DF 00 01 FF FA FF E3 08 05 CC B5 
F1 58 00 99 FF FD 07 DE FF E1 00 02 FF FA 00 72 08 10 D8 9E 
F1 59 00 A0 00 11 07 82 FF E1 00 03 FF FA FF A5 02 8D AE 18 
F3 5A 00 B2 00 0B 08 34 FF E0 00 01 FF FB FF E8 00 D8 7D A3 
F1 5B 00 94 00 01 07 D2 FF E1 00 02 FF FA 00 6B 09 F4 3D DC 
F1 5C 00 A2 00 10 07 D5 FF E0 00 04 FF FA FF A5 08 0C 51 98 
F3 5D 00 91 00 0A 07 DA FF E0 00 01 FF FA FF E5 0B 87 8C 23 
F1 5E 00 A2 00 05 07 9A FF E1 00 02 FF FA 00 72 05 66 B3 D1 
F1 5F 00 A9 00 02 07 C4 FF E2 00 04 FF FC FF A7 04 85 95 96 
F3 60 00 89 00 01 07 F1 FF DD 00 05 FF FB FF E0 06 00 1A 01 
F1 61 00 92 00 43 08 20 FF DE 00 02 FF FC 00 7B 06 12 51 78 
F1 62 00 86 00 0F 08 17 FF DE 00 00 FF F9 FF A5 06 6E FE 22 
F3 63 00 A3 FF EF 07 E1 FF DF 00 00 FF FA FF E3 06 A6 EA C2 
F1 64 00 AD 00 29 07 D4 FF E0 00 04 FF FC 00 72 03 3B FA 99 
F1 65 00 94 00 04 07 C3 FF E0 00 02 FF FB FF A7 08 B1 45 2E 
F3 66 00 98 FF FD 07 BF FF E1 00 00 FF FA FF E1 01 4B 2C B7 
F1 67 00 9A 00 12 07 F6 FF E0 00 03 FF FC 00 6F 0A 9B 82 58 
F1 68 00 A0 00 0C 07 DC FF DF 00 01 FF FA FF A6 09 98 A3 E3 
F3 69 00 93 00 14 07 B8 FF E1 00 01 FF FB FF DF 0B FA 90 C4 
F1 6A 00 A3 00 06 07 D3 FF E0 00 03 FF FA 00 71 09 CD C6 EF 
F1 6B 00 B0 FF F6 07 E0 FF E1 00 01 FF F8 FF A5 06 65 8D 4F 
F3 6C 00 92 00 02 07 DF FF DF 00 02 FF FB FF E2 02 2F CA DC 
F1 6D 00 A0 00 1A 07 CB FF DF 00 01 FF FA 00 6B 03 19 54 B1 
F1 6E 00 96 FF F1 07 FF FF DE 00 01 FF FA FF A5 07 90 25 02 
F3 6F 00 A4 00 04 07 C2 FF DF 00 02 FF FA FF E7 07 0A C5 4A 
F1 70 00 9F 00 0E 07 BE FF E2 00 02 FF FB 00 72 07 51 33 1B 
F1 71 00 A7 FF F8 07 CA FF DF 00 03 FF FB FF A9 0C DC 8A ED 
F3 72 00 AE 00 06 07 DB FF E0 00 01 FF FB FF E4 0F DE 85 14 
F1 73 00 B6 00 05 07 C6 FF E0 00 02 FF FB 00 6F 0F 8F AF 3C 
F1 74 00 94 00 0E 07 CF FF DF 00 01 FF FB FF A3 0E 8C 1C D4 
F3 75 00 9E 00 0A 07 C3 FF DF 00 01 FF FA FF E3 05 9D 09 9B 
F1 76 00 A3 00 11 07 EC FF DE 00 02 FF FB 00 70 0D 90 51 57 
F1 77 00 A3 00 03 07 D5 FF E1 00 00 FF FB FF A6 0B A9 C5 B9 
F3 78 00 A2 00 0B 07 C4 FF DE 00 00 FF FB FF E5 06 2D 67 6D 
F1 79 00 A2 00 0E 07 F8 FF DF 00 02 FF F9 00 6B 09 9C C8 F3 
F1 7A 00 B2 FF F7 07 BD FF E1 00 01 FF FA FF A5 09 39 7E BA 
F3 7B 00 9D 00 04 07 D9 FF E1 00 03 FF F9 FF E3 0D 38 B9 71 
F1 7C 00 8A 00 08 07 C4 FF DF 00 02 FF FA 00 74 0A 17 56 1D 
F1 7D 00 7F 00 11 07 DB FF E0 00 01 FF FC FF A7 07 25 36 CC 
F3 7E 00 9D 00 08 07 E5 FF DE 00 02 FF FA FF E0 08 9D 91 6D 
F1 7F 00 9D 00 0D 07 E1 FF DE 00 02 FF FB 00 6E 07 14 B1 73 
F1 80 00 9D 00 03 07 D6 FF DE 00 02 FF FA FF A6 0C 35 3A 14 
F3 81 00 99 FF F8 07 D6 FF E0 00 02 FF FC FF DF 02 DC AE A1 
F1 82 00 A4 00 0F 07 EC FF DF 00 03 FF FB 00 73 06 6F 9A DA 
F1 83 00 A2 00 0A 07 C7 FF E1 00 02 FF FB FF A5 09 FC 6C F4 
F3 84 00 9E 00 15 07 C1 FF DF 00 02 FF FB FF DF 08 25 56 BB 
F1 85 00 96 FF F1 07 E8 FF E0 00 02 FF F9 00 6B 0C 81 42 20 
F1 86 00 A9 FF F6 07 B7 FF DF 00 02 FF FC FF A9 02 13 63 58 
F3 87 00 9D 00 0D 07 F4 FF E0 00 01 FF FB FF E3 09 BA AA 68 
F1 88 00 9D 00 04 07 E1 FF DF 00 04 FF FB 00 6E 0C 33 E5 92 
F1 89 00 9D 00 07 07 E8 FF E1 00 02 FF FA FF AB 09 E3 7E 3F 
F3 8A 00 9A 00 09 07 C3 FF E1 00 02 FF FA FF E0 08 42 48 54 
F1 8B 00 98 00 06 07 CA FF E1 00 02 FF FB 00 6E 04 42 DA 7D 
F1 8C 00 A1 FF FF 07 E2 FF DF 00 02 FF FA FF A5 03 8B BD 72 
F3 8D 00 B1 00 0C 07 D1 FF DF 00 01 FF FB FF E3 08 FD 2C 0C 
F1 8E 00 B1 00 01 07 C7 FF DF 00 01 FF FB 00 69 07 77 95 F0 
F1 8F 00 A6 00 08 07 C8 FF E0 00 02 FF FA FF A8 04 9B 5B 15 
F3 90 00 A0 FF FC 07 DF FF E1 00 03 FF FB FF DB 08 A1 2D A8 
F1 91 00 96 00 11 07 C8 FF E0 00 01 FF FC 00 6F 05 0A 76 31 
F1 92 00 A4 FF F6 07 E9 FF DE 00 00 FF FB FF A5 0B 7A B0 2A 
F3 93 00 9E 00 09 07 F3 FF E0 00 00 FF FB FF E8 00 F9 B2 7B 
F1 94 00 A1 00 02 07 E5 FF E0 00 01 FF F9 00 6B 04 21 8F 16 
F1 95 00 B3 00 01 07 D9 FF E0 00 02 FF FA FF A6 08 4D AE 9E 
F3 96 00 A6 00 0C 07 DA FF DF 00 02 FF FA FF E8 03 B1 BF C2 
F1 97 00 9F FF FF 07 DB FF DF 00 01 FF FA 00 6E 08 5E B0 70 
F1 98 00 92 00 01 07 CB FF E0 00 03 FF F9 FF AA 05 45 68 04 
F3 99 00 A3 FF FB 07 C2 FF DE 00 00 FF F9 FF E7 05 59 B5 12 
F1 9A 00 B2 00 0B 07 DB FF DF 00 01 FF FB 00 72 0B FD CA 09 
F1 9B 00 B0 00 06 07 C7 FF DF 00 01 FF FA FF A6 01 C2 0A 83 
F3 9C 00 A7 FF FF 07 B6 FF E0 00 02 FF FB FF E3 0A B2 B1 1C 
F1 9D 00 8A 00 05 07 DA FF DD 00 02 FF FC 00 6D 02 62 CE A9 
F1 9E 00 9B 00 12 07 E7 FF E0 00 00 FF FB FF A5 04 3B 1F 0B 
F3 9F 00 A6 00 01 08 01 FF DF 00 02 FF FB FF DC 08 7B 25 B9 
F1 A0 00 AF 00 09 07 BF FF DE 00 03 FF FB 00 6F 01 C6 C5 70 
F1 A1 00 AE 00 07 07 D2 FF DF 00 02 FF FB FF A4 06 00 D4 8A 
F3 A2 00 8D FF FC 07 AD FF DF 00 03 FF FB FF E5 07 FF 48 85 
F1 A3 00 94 FF FC 07 C3 FF E1 00 00 FF FC 00 74 02 CA 77 48 
F1 A4 00 88 FF FA 07 DF FF E1 00 02 FF FB FF A5 0B 16 70 5D 
F3 A5 00 98 00 0A 07 C8 FF E0 00 04 FF FA FF DF 03 1E 3D F1 
F1 A6 00 93 00 18 07 DA FF DF 00 01 FF FB 00 70 03 09 56 70 
F1 A7 00 A9 00 02 07 BE FF DF 00 02 FF FB FF A6 08 EB 92 D3 
F3 A8 00 98 FF F3 07 E2 FF E1 00 01 FF FB FF DF 02 9B AD 04 
F1 A9 00 94 00 07 07 DB FF E0 00 02 FF FB 00 7A 0B 7B 70 9F 
F1 AA 00 9F 00 12 07 D9 FF DF 00 01 FF FA FF A5 05 3E 54 FD 
F3 AB 00 A1 00 16 07 D4 FF DF 00 01 FF FA FF DF 03 FB 84 47 
F1 AC 00 A2 00 11 07 D6 FF DF 00 02 FF FA 00 68 0C 61 55 B7 
F1 AD 00 A0 00 06 07 C4 FF E1 00 02 FF FB FF A6 07 13 F8 E0 
F3 AE 00 A4 FF FA 07 DA FF DF 00 01 FF FC FF E6 09 78 19 F3 
F1 AF 00 A1 FF F5 07 C4 FF E1 00 02 FF FB 00 73 04 81 E3 2A 
F1 B0 00 B3 00 14 07 D6 FF DF 00 02 FF FC FF A5 03 C5 28 46 
F3 B1 00 8C 00 0A 07 BB FF E1 00 02 FF FB FF E7 0C EC 25 18 
F1 B2 00 A3 FF FF 07 CE FF E1 00 03 FF FB 00 6A 02 93 1A 6F 
F1 B3 00 AD 00 09 07 CB FF DF 00 01 FF FB FF A4 09 8B 4B FE 
F3 B4 00 AF FF F6 07 D9 FF DE 00 02 FF FC FF DF 03 C2 92 84 
F1 B5 00 A9 00 05 07 E5 FF DF 00 04 FF FA 00 76 0A 05 F3 43 
F1 B6 00 A4 00 06 07 C1 FF DF 00 01 FF FA FF A6 0B 75 FE C0 
F3 B7 00 B4 00 11 07 C9 FF DF 00 01 FF FB FF E1 04 CA 5A BF 
F1 B8 00 A6 00 04 07 C8 FF DF 00 02 FF FA 00 6A 03 CB A9 4F 
F1 B9 00 91 00 0B 07 C7 FF E0 00 02 FF FB FF A7 06 A6 F3 39 
F3 BA 00 9E 00 12 07 D4 FF DF 00 01 FF FB FF E3 09 0F 59 80 
F1 BB 00 94 00 03 07 E9 FF E0 00 01 FF FB 00 6D 0A 54 ED CE 
F1 BC 00 A0 00 0A 07 E5 FF E0 00 01 FF FB FF A5 02 B2 BA 08 
F3 BD 00 A2 00 17 07 D8 FF E1 00 01 FF FB FF DF 04 DC 4D B3 
F1 BE 00 A4 00 04 07 DF FF E0 00 01 FF FA 00 69 07 C7 1A 96 
F1 BF 00 9E 00 1E 07 B3 FF E0 00 01 FF F8 FF A4 0D 0C D5 52 
F3 C0 00 AF 00 04 07 CF FF DF 00 02 FF FA FF E1 0D 21 DB 7C 
F1 C1 00 A2 FF FF 07 EF FF DE 00 01 FF FB 00 68 06 D8 FA 3F 
F1 C2 00 A6 00 0A 07 CB FF DE 00 02 FF FA FF A9 05 04 F4 75 
F3 C3 00 AB 00 05 07 B6 FF DF 00 01 FF FB FF E3 09 82 A0 20 
F1 C4 00 9D 00 0A 07 D1 FF DF 00 00 FF FA 00 6B 07 04 38 51 
F1 C5 00 A5 00 02 07 C8 FF DE 00 03 FF FB FF A8 06 23 32 88 
F3 C6 00 96 00 19 07 D1 FF DF 00 03 FF F9 FF E0 02 AC 89 E8 
F1 C7 00 94 FF F9 07 D8 FF DF 00 00 FF FA 00 72 06 CB 9B F4 
F1 C8 00 9A 00 05 07 CB FF DE 00 02 FF FB FF A4 06 69 FC C2 
F3 C9 00 99 00 09 07 C1 FF E0 00 01 FF FB FF DD 05 25 36 F9 
F1 CA 00 A9 00 06 08 06 FF DF 00 01 FF FB 00 76 03 18 35 B1 
F1 CB 00 A7 00 0F 07 C5 FF DF 00 01 FF FB FF A6 04 B1 AF 41 
F3 CC 00 97 00 07 07 CE FF DE 00 01 FF FC FF E7 08 3E AC 7C 
F1 CD 00 96 00 11 07 D6 FF DD 00 01 FF FA 00 67 04 08 0F 8D 
F1 CE 00 95 00 07 07 D2 FF DE 00 02 FF FA FF A5 05 F1 AE E3 
F3 CF 00 A0 00 01 07 DB FF E0 00 03 FF FA FF E2 07 05 33 EE 
F1 D0 00 B0 FF FF 07 C2 FF DF 00 01 FF FB 00 70 06 D2 D6 DE 
F1 D1 00 A1 00 07 07 D4 FF E0 00 02 FF FA FF A2 0A 12 23 12 
F3 D2 00 97 00 01 07 B0 FF E0 00 03 FF FD FF E5 05 6D 0F CF 
F1 D3 00 9F 00 0E 07 D2 FF E0 00 03 FF FB 00 74 04 0D D1 DD 
F1 D4 00 A5 FF FB 07 D0 FF DF 00 00 FF FB FF A6 08 BE B4 62 
F3 D5 00 93 00 03 07 E0 FF E1 00 03 FF FB FF E9 08 89 E5 CC 
F1 D6 00 A4 00 0E 07 ED FF DF 00 03 FF FB 00 73 07 5B 67 9B 
F1 D7 00 A0 00 0B 07 CA FF DF 00 01 FF FA FF A7 04 38 1E 11 
F3 D8 00 8B 00 0C 07 D2 FF E0 00 00 FF FB FF E6 00 AE 04 63 
F1 D9 00 A4 00 0C 07 E9 FF E0 00 02 FF FA 00 75 07 68 83 52 
F1 DA 00 8F 00 07 07 D6 FF E1 00 02 FF FA FF A5 08 A1 C6 C4 
F3 DB 00 A0 FF F7 07 CB FF E0 00 01 FF F9 FF E3 02 FF D4 A8 
F1 DC 00 90 00 04 07 D8 FF E0 00 00 FF FB 00 71 09 47 54 B0 
F1 DD 00 A8 00 12 07 D5 FF E1 00 01 FF FB FF AA 07 EA C8 1A 
F3 DE 00 AC 00 04 07 E0 FF DE 00 02 FF FA FF E4 09 C8 42 5D 
F1 DF 00 A0 00 0B 07 EA FF E0 00 02 FF FA 00 6F 02 D9 04 F3 
F1 E0 00 A7 00 11 07 DF FF E2 00 02 FF FB FF A8 FF CF D9 20 
F3 E1 00 8D 00 07 07 CA FF DF 00 01 FF FA FF DF 08 7E 33 33 
F1 E2 00 A0 00 14 07 B3 FF DE 00 02 FF FB 00 6D 02 39 F0 29 
F1 E3 00 9B 00 09 07 D6 FF E0 00 01 FF FB FF A6 08 7C F8 4C 
F3 E4 00 B2 00 0A 07 D5 FF E1 00 01 FF FB FF E6 01 D6 81 E5 
F1 E5 00 9F 00 0B 07 E2 FF DF 00 02 FF FC 00 75 05 91 DB CC 
F1 E6 00 97 00 09 07 CF FF DF 00 00 FF F9 FF A4 0C 3C 42 FF 
F3 E7 00 A5 00 08 07 E2 FF DE 00 01 FF FA FF E4 07 BF 25 AC 
F1 E8 00 92 00 08 07 B4 FF DE 00 02 FF FB 00 71 09 13 96 94 
F1 E9 00 AB FF F7 07 DB FF DE 00 01 FF F9 FF A6 02 87 38 C6 
F3 EA 00 98 00 12 07 D4 FF E0 00 03 FF FB FF E3 01 4E 34 17 
F1 EB 00 99 00 0C 07 D6 FF DF 00 02 FF F9 00 6E 06 89 DA 5C 
F1 EC 00 97 00 17 07 CF FF E0 00 00 FF FC FF A4 01 50 E2 D9 
F3 ED 00 95 00 0D 07 DE FF E0 00 01 FF FA FF E2 04 4C A3 5C 
F1 EE 00 AD 00 04 07 D8 FF DF 00 02 FF FA 00 70 05 BB 6C C8 
F1 EF 00 A7 00 03 07 CA FF E0 00 02 FF FA FF A3 FF EC E4 19 
F3 F0 00 96 00 03 07 B7 FF DE 00 01 FF FC FF E2 08 43 64 29 
F1 F1 00 A3 00 0B 07 D5 FF E1 00 03 FF FB 00 6E 02 79 31 35 
F1 F2 00 96 FF F8 07 D8 FF E0 00 01 FF FB FF A9 02 B9 D0 96 
F3 F3 00 A9 00 14 07 CB FF E1 00 02 FF FB FF E5 06 56 7A AF 
F1 F4 00 A2 00 09 07 D0 FF DF 00 04 FF FA 00 74 FC FF BE 29 
F1 F5 00 9E 00 02 07 F0 FF E0 00 03 FF FD FF A9 09 CA 5B 45 
F3 F6 00 B3 FF F9 07 CD FF DF 00 02 FF FA FF E6 01 C6 A7 65 
F1 F7 00 A1 00 01 07 DD FF DF 00 00 FF FB 00 6F 01 EE F3 78 
F1 F8 00 9B FF FC 07 DB FF E1 00 02 FF F9 FF A6 0A 8A CD 94 
F3 F9 00 93 00 0B 07 C4 FF E1 00 01 FF FB FF E6 00 A9 0C 28 
F1 FA 00 9B 00 08 07 D9 FF E0 00 02 FF F9 00 6F 0A 2E CC FE 
F1 FB 00 97 00 0A 07 E9 FF E0 00 02 FF FA FF A8 03 D9 36 1C 
F3 FC 00 AE 00 07 07 E5 FF E0 00 00 FF FB FF E4 04 AA 23 96 
F1 FD 00 A2 00 02 07 D8 FF E0 00 03 FF FA 00 6D 09 ED 39 0D 
F1 FE 00 9D FF FF 07 DA FF DF 00 01 FF FA FF A4 FF DF 57 7E 
F3 FF 00 8F 00 08 07 E7 FF E0 00 03 FF FB FF DF 05 B5 7D 80 
F1 00 00 96 00 10 07 DB FF E1 00 00 FF FB 00 64 07 F7 7C C9 
F1 01 00 92 00 05 07 D6 FF DF 00 03 FF FB FF A7 09 37 1B D3 
F3 02 00 97 FF F7 07 C5 FF DE 00 01 FF FB FF E3 0A 91 EA 13 
F1 03 00 A6 00 07 07 D2 FF E1 00 03 FF FA 00 69 03 FE 55 65 
F1 04 00 99 00 0A 07 DA FF E0 00 01 FF FC FF A8 02 71 0D EA 
F3 05 00 8C 00 02 07 D6 FF E0 00 02 FF FA FF E0 07 3F 99 E8 
F1 06 00 9A 00 18 07 EF FF DD 00 01 FF FB 00 74 06 93 A2 2B 
F1 07 00 A7 00 01 07 F0 FF DF 00 02 FF FB FF A6 09 31 2E FB 
F3 08 00 AC 00 14 07 D8 FF DF 00 02 FF FA FF E3 02 EF 1B AD 
F1 09 00 A0 00 09 07 D5 FF DF 00 03 FF FB 00 6F 04 69 7D 1B 
F1 0A 00 94 00 0D 07 DC FF DF 00 01 FF FB FF A9 08 EC 40 2C 
F3 0B 00 99 FF FE 07 E2 FF DF 00 02 FF FA FF E4 05 E6 43 1F 
F1 0C 00 A0 00 0B 07 ED FF E0 00 02 FF FA 00 6D 07 89 41 05 
F1 0D 00 9D FF F4 07 C7 FF DF 00 00 FF FA FF A7 03 85 3A 37 
F3 0E 00 A5 FF F8 07 D4 FF E1 00 04 FF FA FF DF 04 F0 AC 06 
F1 0F 00 A0 00 0A 07 F7 FF E1 00 01 FF FA 00 75 08 10 B9 8D 
F1 10 00 9E 00 05 07 D3 FF E0 00 03 FF FA FF A8 02 DF 6A 23 
F3 11 00 94 FF F9 07 B3 FF E1 00 02 FF FA FF DD 04 BA 9E 61 
F1 12 00 A2 FF F0 07 D1 FF DF 00 01 FF FD 00 70 05 A3 66 B0 
F1 13 00 A7 00 09 07 E6 FF E1 00 02 FF FC FF A6 04 8A 5C AC 
F3 14 00 8C 00 0F 07 B6 FF E2 00 02 FF FB FF E3 06 CC EB 1B 
F1 15 00 A1 00 11 07 CE FF E0 00 03 FF FC 00 69 01 9E 42 F6 
F1 16 00 95 00 15 07 E4 FF DF 00 02 FF FA FF A9 03 C7 4F 4E 
F3 17 00 9B 00 05 07 AE FF DF 00 02 FF F9 FF DC 05 F6 5F 63 
F1 18 00 A5 00 0D 07 DE FF DF 00 02 FF FA 00 68 09 18 16 25 
F1 19 00 99 00 02 07 DF FF DF 00 02 FF FB FF A8 09 9B 16 5B 
F3 1A 00 A1 00 0D 07 CA FF DF 00 02 FF F9 FF E7 05 B6 FB 39 
F1 1B 00 A6 FF FB 07 F0 FF E0 00 02 FF FA 00 6D 05 65 B7 84 
F1 1C 00 A9 00 04 07 BC FF E0 00 00 FF FB FF AA 08 BD 9A D1 
F3 1D 00 94 00 0E 07 BC FF DF 00 00 FF FA FF DD 08 C3 3E BF 
F1 1E 00 99 FF F1 07 E2 FF DF 00 02 FF FB 00 70 07 21 B5 A7 
F1 1F 00 A0 FF FB 07 C8 FF E1 00 01 FF FC FF A5 02 AA F4 4B 
F3 20 00 9D FF FC 07 ED FF DF 00 01 FF FA FF E1 09 D6 13 20 
F1 21 00 98 00 04 07 D9 FF E0 00 01 FF FB 00 7C 0A 80 D3 01 
F1 22 00 9F 00 0D 07 D9 FF E1 00 02 FF FA FF A6 09 7B AF A8 
F3 23 00 A3 00 07 07 DC FF E1 FF FF FF FA FF E3 07 5B 88 1F 
F1 24 00 AC 00 03 07 DF FF E0 00 02 FF FA 00 72 01 B9 E1 E9 
F1 25 00 92 00 08 07 C9 FF E0 00 00 FF FC FF A7 06 46 5C 4B 
F3 26 00 A2 FF FD 07 CB FF E0 00 02 FF FB FF E3 06 84 F9 A1 
F1 27 00 97 00 09 07 C4 FF DE 00 01 FF FA 00 76 01 40 34 E5 
F1 28 00 A1 00 27 07 D4 FF DF 00 01 FF FA FF A6 07 6C B2 96 
F3 29 00 99 00 17 07 E5 FF DD 00 03 FF FA FF E3 07 27 13 48 
F1 2A 00 9E 00 10 07 CB FF E1 00 01 FF FA 00 67 0B B8 23 41 
F1 2B 00 95 00 02 07 E7 FF E1 00 02 FF FB FF A5 09 0A A2 1E 
F3 2C 00 9A 00 19 07 BF FF E0 00 00 FF FA FF E2 02 B7 0D 2C 
F1 2D 00 A5 00 09 07 B9 FF E0 00 02 FF F9 00 69 0C 2E B9 27 
F1 2E 00 A6 FF FD 07 F3 FF E1 00 00 FF FB FF A5 06 A1 18 83 
F3 2F 00 AD 00 01 07 D2 FF DF 00 01 FF FB FF DF 0B 6F 46 BD 
F1 30 00 AC FF FA 07 B8 FF E1 00 01 FF FB 00 72 00 5A 3A FF 
F1 31 00 94 FF F7 07 D3 FF E0 00 03 FF FB FF A7 04 9B EA 27 
F3 32 00 93 00 0D 07 F2 FF E1 00 02 FF F9 FF E3 08 A9 4D 92 
F1 33 00 A6 00 0A 07 CF FF E1 00 02 FF F9 00 6A 07 3D 68 47 
F1 34 00 A8 00 0D 07 C2 FF E1 00 01 FF FA FF A4 0A 5C 40 91 
F3 35 00 99 00 01 07 D5 FF DF 00 01 FF FC FF E3 01 B0 9D B0 
F1 36 00 9D 00 0A 07 E1 FF E0 00 02 FF FB 00 6A 05 E3 36 A2 
F1 37 00 A0 00 11 07 DA FF E1 00 00 FF FA FF A3 0B 28 89 D1 
F3 38 00 A8 00 0D 07 E0 FF E0 00 00 FF FC FF EA 06 29 8D B7 
F1 39 00 A2 00 06 07 C4 FF DF 00 01 FF F8 00 6E 09 11 6E 25 
F1 3A 00 A7 00 0B 07 CB FF DE 00 03 FF FB FF A5 02 F7 13 4F 
F3 3B 00 96 FF FF 07 B8 FF E0 00 02 FF FA FF E2 03 05 D1 65 
F1 3C 00 A6 FF FE 07 D1 FF DF 00 02 FF FB 00 6E 09 6B F0 21 
F1 3D 00 A6 FF EF 07 EC FF E1 00 02 FF FB FF A6 02 1A 96 1F 
F3 3E 00 9E 00 0C 07 DE FF DF 00 01 FF FA FF E6 04 E3 71 E7 
F1 3F 00 A5 00 0D 07 C1 FF E1 00 02 FF FB 00 6F 05 68 15 C9 
F1 40 00 9A 00 0C 07 DD FF E0 00 01 FF FB FF A6 00 8E 77 D2 
F3 41 00 A2 00 0B 07 CF FF E0 00 00 FF FB FF E4 09 44 55 1C 
F1 42 00 A6 00 04 07 E2 FF DF 00 02 FF FC 00 6F 03 F0 AC 9E 
F1 43 00 A6 00 04 07 E1 FF E0 00 01 FF F9 FF A7 06 88 97 9A 
F3 44 00 A6 FF FF 07 DE FF E0 00 02 FF FC FF E1 08 29 1F D8 
F1 45 00 A7 00 14 07 CE FF E1 00 02 FF FB 00 6F 01 4E FF 1D 
F1 46 00 8C FF F3 07 CA FF E1 00 03 FF FB FF A6 08 83 8B 51 
F3 47 00 A4 FF F7 07 DA FF E1 00 01 FF FC FF E1 02 DC 5A EA 
F1 48 00 AF 00 0C 07 E2 FF E0 00 00 FF FB 00 6F 03 43 74 70 
F1 49 00 9E 00 02 07 D3 FF E1 00 01 FF FA FF A7 09 5A EB FA 
F3 4A 00 95 FF F9 07 C8 FF E0 00 01 FF FA FF DE 01 BC 74 8A 
F1 4B 00 9F 00 0C 07 F5 FF DF 00 01 FF FA 00 7A 05 B7 39 80 
F1 4C 00 A9 00 03 07 BA FF DF FF FF FF FB FF A7 05 D9 82 6F 
F3 4D 00 A6 00 04 07 DC FF DF 00 02 FF F9 FF E6 01 2A C4 34 
F1 4E 00 A6 FF FA 07 D9 FF E0 00 02 FF FB 00 71 08 63 9D FC 
F1 4F 00 A5 00 0E 07 E0 FF DF 00 01 FF FA FF A7 03 88 94 83 
F3 50 00 B2 FF FF 07 E1 FF DF 00 02 FF FB FF E7 03 E0 CE A0 
F1 51 00 A1 FF FA 07 D9 FF E0 00 01 FF FC 00 6D 07 9C 89 4E 
F1 52 00 9D 00 0D 07 D5 FF E0 00 02 FF F9 FF A8 03 EF 79 B9 
F3 53 00 AB 00 03 07 C1 FF DF 00 03 FF FB FF E1 0B 14 D8 F3 
F1 54 00 AC FF FB 07 E2 FF E0 00 02 FF FC 00 6F 05 B6 FD D7 
F1 55 00 AD 00 02 07 CB FF E0 00 01 FF FA FF A3 04 F6 C3 B2 
F3 56 00 9E 00 02 07 D5 FF DF 00 02 FF FC FF E2 09 8B BE 81 
F1 57 00 99 00 10 07 C1 FF DF 00 02 FF F9 00 76 02 8B AE 48 
F1 58 00 88 00 02 07 B6 FF E0 00 03 FF FD FF A7 08 76 20 92 
F3 59 00 98 00 0A 07 BE FF E0 00 01 FF FB FF E7 03 85 94 20 
F1 5A 00 A4 00 11 07 E7 FF DF 00 00 FF FC 00 70 03 7F C8 F4 
F1 5B 00 A5 00 02 07 CE FF DE 00 00 FF FC FF AB 07 44 01 5F 
F3 5C 00 99 00 09 07 F3 FF DF 00 00 FF FA FF E3 04 3C C4 85 
F1 5D 00 99 00 0C 07 C7 FF E2 00 03 FF FA 00 74 07 72 F2 0A 
F1 5E 00 A3 00 0B 07 E7 FF E0 00 02 FF FA FF A4 04 EA 1D 8F 
F3 5F 00 AD 00 02 07 CF FF E0 00 01 FF FA FF EA 07 69 60 5B 
F1 60 00 A5 FF FD 07 BD FF E0 00 00 FF FB 00 6E 0A 56 DD 42 
F1 61 00 9D 00 04 07 B0 FF E1 00 01 FF F9 FF A4 04 BE D6 87 
F3 62 00 A1 00 04 07 D3 FF DF 00 02 FF FA FF E9 03 41 87 60 
F1 63 00 8F 00 02 07 CE FF E0 00 02 FF FC 00 6F 07 3D EA 78 
F1 64 00 A5 00 09 08 00 FF DF 00 00 FF FA FF A8 08 9D AA 67 
F3 65 00 A6 FF FE 07 D8 FF DE 00 02 FF FC FF E1 09 BB 90 10 
F1 66 00 89 00 0E 07 EB FF DF 00 02 FF FA 00 71 04 49 D0 0B 
F1 67 00 A6 FF FF 07 BD FF E0 00 02 FF F9 FF A4 01 FF B0 C3 
F3 68 00 A0 00 0A 07 D6 FF E1 00 02 FF FA FF E3 0A 2F F5 33 
F1 69 00 98 00 0C 07 D4 FF E1 00 01 FF FC 00 6F 0C 45 B9 44 
F1 6A 00 A8 00 07 07 F4 FF E0 00 01 FF FA FF A7 0D 71 92 CC 
F3 6B 00 94 00 16 07 C2 FF E2 00 02 FF FA FF DD 06 68 1E AE 
F1 6C 00 9E 00 0B 07 B9 FF E0 00 03 FF FA 00 76 03 3F 67 36 
F1 6D 00 A3 FF FC 07 DB FF E0 00 01 FF FA FF A6 09 8E 4C 88 
F3 6E 00 9A 00 05 07 E9 FF E0 00 02 FF FA FF DF 06 34 26 8B 
F1 6F 00 9A FF F4 07 E0 FF E0 00 03 FF FA 00 71 07 11 83 1F 
F1 70 00 98 00 06 07 C7 FF DF 00 01 FF FA FF A6 05 0A 26 6A 
F3 71 00 9D 00 10 07 DD FF E0 00 02 FF FA FF DF 08 35 7E F7 
F1 72 00 A0 00 11 07 DE FF DF 00 00 FF FB 00 69 08 9B B6 A2 
F1 73 00 A0 00 05 07 DE FF E1 00 01 FF FC FF AA 06 9F BA 16 
F3 74 00 96 00 01 07 D1 FF E0 00 03 FF FB FF DD 07 38 F4 20 
F1 75 00 9A FF FF 07 C5 FF DF 00 01 FF FA 00 6B 03 E6 07 6A 
F1 76 00 AE 00 15 07 CD FF E0 00 01 FF FA FF A9 09 CD 36 5E 
F3 77 00 94 FF FB 07 C8 FF DF 00 04 FF FA FF E8 09 E6 B6 2B 
F1 78 00 95 FF FE 07 E5 FF E0 00 01 FF FA 00 70 02 CE 2A 44 
F1 79 00 94 00 0E 07 C7 FF E0 00 02 FF FC FF A9 07 8D D4 58 
F3 7A 00 93 00 08 07 DA FF E0 00 01 FF FB FF DF 07 C8 51 E3 
F1 7B 00 A6 00 07 07 D9 FF E2 FF FF FF F9 00 74 07 1F 58 D5 
F1 7C 00 94 FF FB 07 D6 FF E0 00 02 FF FB FF A4 04 FF 0C B3 
F3 7D 00 A1 00 11 07 B8 FF DF 00 03 FF FA FF E6 07 7D A1 35 
F1 7E 00 A1 00 0D 07 E0 FF DF 00 02 FF F9 00 78 07 0F EB 88 
F1 7F 00 98 00 08 07 C8 FF DF 00 02 FF FB FF A6 09 94 89 1F 
F3 80 00 A5 00 04 07 C9 FF E0 00 02 FF F9 FF E3 07 82 BE B6 
F1 81 00 A3 00 05 07 C6 FF E1 00 02 FF FC 00 70 03 9C DB A9 
F1 82 00 A3 00 01 07 DA FF E0 00 04 FF FA FF A4 03 2D 8B 58 
F3 83 00 B5 00 04 07 D1 FF E0 00 02 FF FB FF E4 06 DE 5F F2 
F1 84 00 98 00 10 07 C7 FF DF 00 02 FF FC 00 6F 06 EB 08 AC 
F1 85 00 AB 00 02 07 CD FF DF 00 02 FF FA FF A7 05 0D 77 71 
F3 86 00 B0 00 03 07 DB FF E0 00 00 FF FA FF E2 07 2E 55 DF 
F1 87 00 9D 00 03 07 CD FF E1 00 01 FF FA 00 65 06 B5 39 60 
F1 88 00 89 00 02 07 AD FF E0 00 00 FF FB FF A5 0B EF AB 8E 
F3 89 00 96 00 0E 07 C8 FF DF 00 01 FF FB FF E5 06 7B 4F DA 
F1 8A 00 9A FF F8 07 EF FF DE 00 03 FF FA 00 6E 02 B4 13 22 
F1 8B 00 A6 00 0B 07 DE FF E0 00 01 FF FA FF A8 04 BE DF B4 
F3 8C 00 A5 00 09 07 E0 FF DF 00 00 FF FB FF E3 04 06 2D 6E 
F1 8D 00 A1 FF FF 07 F4 FF E1 00 02 FF FA 00 6E 09 12 EE D2 
F1 8E 00 A0 00 09 07 C9 FF E0 00 02 FF FA FF A8 02 C4 01 0A 
F3 8F 00 98 00 0A 07 BC FF DF 00 02 FF FA FF DF 01 75 3B 2E 
F1 90 00 8C FF FC 07 E8 FF E0 00 01 FF FA 00 7E 0A 80 44 8D 
F1 91 00 AB 00 0F 07 C6 FF E1 00 02 FF FC FF A4 07 91 8C EF 
F3 92 00 A4 00 16 07 B3 FF E0 00 01 FF FA FF E1 08 70 8D 01 
F1 93 00 AB FF F8 07 E7 FF DF 00 03 FF FA 00 6F 00 46 30 11 
F1 94 00 95 00 06 07 C2 FF DE 00 02 FF FB FF A6 02 C8 B3 80 
F3 95 00 A4 FF F9 07 D1 FF DE 00 02 FF FB FF DF 0A FF 23 6A 
F1 96 00 A0 00 0A 07 CD FF E1 00 01 FF F8 00 71 08 E5 1A F5 
F1 97 00 95 00 12 07 FB FF E1 00 03 FF FB FF A5 04 26 2F 1E 
F3 98 00 A4 00 01 07 B8 FF E0 00 01 FF FB FF E5 04 C1 A9 1B 
F1 99 00 9E FF FE 07 D9 FF E1 00 03 FF FB 00 70 02 75 71 67 
F1 9A 00 A7 00 04 07 EC FF DD 00 00 FF FC FF A8 08 41 65 45 
F3 9B 00 9E FF FE 07 D1 FF DF 00 01 FF FA FF E7 03 7B 2B 5C 
F1 9C 00 A6 00 12 07 DA FF DF 00 02 FF FA 00 69 02 B5 4F AC 
F1 9D 00 AF 00 07 07 D2 FF E0 00 01 FF FA FF A8 06 4A 1E 87 
F3 9E 00 A3 FF FE 07 E6 FF DF 00 01 FF FB FF E7 01 5D E7 CE 
F1 9F 00 A6 FF FD 07 E9 FF DF 00 03 FF FB 00 6D 07 1B 23 C8 
F1 A0 00 AF 00 08 07 AC FF E0 00 03 FF FB FF A8 03 01 0D AC 
F3 A1 00 A3 00 07 07 D5 FF DE 00 01 FF FB FF E3 03 0A EA 5C 
F1 A2 00 9B FF FE 07 D8 FF DE 00 02 FF FB 00 73 06 56 5D F7 
F1 A3 00 A6 00 09 07 BE FF E0 00 02 FF FB FF A6 03 7A 69 42 
F3 A4 00 AB 00 0D 07 C9 FF E0 00 01 FF FA FF E7 09 A8 32 9C 
F1 A5 00 9B 00 1A 07 AF FF DE 00 05 FF FB 00 79 02 6E 63 4D 
F1 A6 00 A4 00 04 07 DC FF DE 00 02 FF FA FF A6 03 A8 B4 62 
F3 A7 00 AD 00 0D 07 E7 FF DF 00 01 FF F9 FF E3 08 DD 6F 96 
F1 A8 00 B5 FF FB 07 FA FF DF 00 02 FF FC 00 6B 00 EF 27 7F 
F1 A9 00 93 00 09 07 E2 FF E0 00 02 FF FB FF AC 06 F6 A3 57 
F3 AA 00 90 00 1C 07 D8 FF E1 00 01 FF FA FF E0 01 C1 04 08 
F1 AB 00 8B FF FA 07 CE FF E1 00 02 FF FB 00 70 03 34 A3 FC 
F1 AC 00 A1 00 1A 07 CF FF E1 00 01 FF FB FF AA 07 24 6F 9E 
F3 AD 00 A7 00 1B 07 E8 FF DF 00 03 FF FB FF E1 01 BA 5D EB 
F1 AE 00 A4 00 02 07 E0 FF DF 00 04 FF FC 00 71 01 E5 63 B8 
F1 AF 00 9D 00 07 07 D2 FF E0 00 01 FF FB FF A8 06 D9 9A 8C 
F3 B0 00 9D 00 0D 07 D2 FF E0 00 01 FF FB FF E0 04 C4 11 1E 
F1 B1 00 91 00 01 07 E6 FF E0 00 01 FF FA 00 6B 0A 19 FE 39 
F1 B2 00 B1 00 03 07 E6 FF DF 00 03 FF FB FF A8 02 0A E1 D6 
F3 B3 00 98 FF FF 07 C8 FF E0 00 03 FF FB FF E4 05 34 C0 85 
F1 B4 00 AF 00 0C 07 D3 FF DF 00 02 FF FC 00 75 0A 0D C1 B8 
F1 B5 00 A9 00 07 07 ED FF DF 00 01 FF FB FF A3 04 07 CE 77 
F3 B6 00 BB FF FE 07 CE FF DF 00 02 FF F9 FF E5 06 64 F1 6B 
F1 B7 00 AB 00 05 07 CD FF DF 00 01 FF FA 00 70 02 FE 8B 70 
F1 B8 00 96 00 09 07 C1 FF DF 00 02 FF FB FF AA 05 32 58 17 
F3 B9 00 9D FF F9 07 CA FF E1 00 01 FF FA FF E4 0C 5F 3A 03 
F1 BA 00 97 FF FC 07 C6 FF E0 00 02 FF FA 00 75 02 F2 52 BE 
F1 BB 00 A7 00 18 07 E7 FF DE 00 00 FF FB FF A6 08 14 D0 53 
F3 BC 00 A8 FF FF 07 D6 FF E2 00 02 FF FA FF E0 05 2F 4B 2F 
F1 BD 00 8A 00 10 07 D1 FF E0 00 02 FF FA 00 74 08 29 D2 87 
F1 BE 00 A8 FF F9 07 B4 FF E1 00 01 FF FB FF A8 08 C5 9A 7C 
F3 BF 00 92 FF F7 07 CA FF E0 00 01 FF FA FF E2 01 2F D2 E4 
F1 C0 00 A6 00 0D 07 CF FF E0 00 01 FF F9 00 70 03 79 4A E1 
F1 C1 00 A1 FF F9 07 D6 FF E0 00 02 FF FB FF A5 09 28 9C 22 
F3 C2 00 9F 00 04 07 D1 FF E0 00 01 FF FB FF E1 09 40 81 A7 
F1 C3 00 8D 00 09 07 D3 FF E0 00 01 FF FA 00 75 0A C7 78 45 
F1 C4 00 89 00 0C 07 CD FF DF 00 03 FF F9 FF A4 FF F1 96 11 
F3 C5 00 A2 00 0C 07 D1 FF E0 00 02 FF FC FF E7 08 FD 71 77 
F1 C6 00 9A 00 07 07 CF FF E0 00 01 FF FB 00 72 09 39 4B B4 
F1 C7 00 A1 00 12 07 DA FF DF 00 02 FF F9 FF A7 09 56 6E 38 
F3 C8 00 A2 00 0D 07 DB FF E0 00 03 FF FC FF E0 08 C2 18 1E 
F1 C9 00 96 00 0C 07 EA FF E0 00 02 FF FA 00 70 02 AE D6 61 
F1 CA 00 A6 FF F7 07 C6 FF E0 00 01 FF F8 FF A3 08 43 E9 83 
