F3 CF 00 91 00 02 07 DA FF DF 00 03 FF F9 FF F1 04 62 88 C5 
F1 D0 00 A8 00 02 07 D3 FF E0 00 01 FF F9 00 6D 09 81 42 86 
F1 D1 00 A3 00 07 07 CD FF DF 00 02 FF FA FF A9 07 E5 34 32 
F3 D2 00 90 00 03 07 E8 FF DE 00 01 FF FA FF F5 05 9C 72 E7 
F1 D3 00 9A 00 11 07 D1 FF DF 00 02 FF F9 00 73 09 93 4A 80 
F1 D4 00 A6 FF FC 07 DC FF DF 00 01 FF F8 FF A6 09 88 5D 91 
F3 D5 00 AD 00 11 07 D6 FF E0 00 00 FF FB FF F3 0E 01 58 98 
F1 D6 00 A5 00 07 07 B7 FF E0 00 02 FF F9 00 74 05 E5 A1 D8 
F1 D7 00 AE 00 0B 07 C2 FF E0 00 02 FF FA FF AA 04 6A C1 83 
F3 D8 00 88 00 0A 07 E0 FF E0 00 03 FF FA FF F2 0D 10 EA E0 
F1 D9 00 87 00 0C 07 E0 FF DF 00 03 FF F9 00 75 0C 93 3F CF 
F1 DA 00 A1 00 0C 07 D9 FF DF 00 02 FF FA FF A6 0C 84 83 14 
F3 DB 00 97 00 07 07 DF FF DE 00 01 FF F9 FF EE 02 47 F0 14 
F1 DC 00 A4 00 12 07 CD FF DF 00 00 FF FB 00 76 04 BC 98 9E 
F1 DD 00 99 00 0A 07 C9 FF E0 00 02 FF F9 FF AA 0B DF 5A DB 
F3 DE 00 B0 00 17 07 CE FF DF 00 02 FF FA FF F2 09 1A 61 EE 
F1 DF 00 9D 00 11 07 EF FF DF 00 01 FF FB 00 6F 03 B2 2B 39 
F1 E0 00 A3 00 0B 07 E4 FF DF 00 01 FF FA FF A6 07 B0 26 7A 
F3 E1 00 91 00 0E 07 C4 FF E0 00 01 FF FA FF F1 06 5D 1A 92 
F1 E2 00 9E 00 10 07 BC FF E0 00 03 FF FA 00 7B 08 E1 9D 3F 
F1 E3 00 95 00 07 07 D3 FF E0 00 02 FF F9 FF A7 06 5A C8 C7 
F3 E4 00 97 00 0F 07 DD FF DE 00 03 FF FB FF F5 02 BA 25 00 
F1 E5 00 9E 00 0D 07 CB FF DF 00 03 FF FB 00 6E 0A 06 A5 A1 
F1 E6 00 9A 00 0C 07 D1 FF E1 00 03 FF FA FF A8 08 3A 7E 3B 
F3 E7 00 9B 00 06 07 D3 FF DF 00 01 FF F9 FF F5 0A B5 02 97 
F1 E8 00 96 00 08 07 B8 FF E1 00 00 FF FA 00 71 02 D2 4D 9C 
F1 E9 00 90 00 1A 07 DD FF DE 00 00 FF FA FF A6 05 EC F9 3D 
F3 EA 00 9E 00 09 07 F1 FF E2 00 02 FF FA FF F5 12 DC C3 0C 
F1 EB 00 A3 00 02 07 E8 FF DE 00 02 FF FA 00 70 08 41 6D 8A 
F1 EC 00 9D 00 0D 07 C2 FF E1 00 01 FF F9 FF A7 0F DC 6E A3 
F3 ED 00 A1 FF FB 07 D6 FF DF 00 01 FF FA FF EE 09 22 4C AE 
F1 EE 00 9D 00 04 07 D1 FF DF 00 01 FF FA 00 76 07 AE 8B 45 
F1 EF 00 A0 00 02 07 C4 FF E0 00 00 FF FA FF A6 0C 5B 90 2A 
F3 F0 00 A0 00 08 07 B6 FF DF 00 01 FF F9 FF EE 05 3C 39 5B 
F1 F1 00 92 00 09 07 F1 FF DF 00 02 FF F9 00 73 0B 7E 8D 76 
F1 F2 00 A2 00 0E 07 E2 FF DF 00 02 FF F9 FF A3 09 01 4F 2C 
F3 F3 00 A8 FF FC 07 EF FF DF 00 01 FF F9 FF EE 0B 43 85 F5 
F1 F4 00 92 00 07 07 CD FF DF 00 02 FF F9 00 72 0F 7E AD 57 
F1 F5 00 97 00 06 07 D5 FF E1 00 02 FF F8 FF A4 0F 96 F7 BE 
F3 F6 00 A7 00 11 07 C1 FF DF 00 01 FF FB FF F2 10 D2 7B C5 
F1 F7 00 A4 00 04 07 DD FF DE 00 00 FF FA 00 75 0A 7A 5C EF 
F1 F8 00 95 00 07 07 BD FF E1 00 03 FF FA FF A4 09 88 C2 E4 
F3 F9 00 A5 00 10 07 D4 FF E1 00 02 FF F9 FF F0 15 27 6F A9 
F1 FA 00 A0 00 0B 07 E0 FF E0 00 01 FF F9 00 76 07 2E E2 09 
F1 FB 00 AB FF FF 07 EA FF E0 00 01 FF FB FF A5 07 7F 20 13 
F3 FC 00 A3 00 04 07 BC FF E1 00 01 FF FA FF F4 08 34 08 7D 
F1 FD 00 8C 00 01 07 E4 FF E0 00 00 FF F9 00 73 03 D4 B0 9F 
F1 FE 00 9A 00 15 07 D6 FF E0 00 02 FF FA FF A9 0A 6D BE 18 
F3 FF 00 9E 00 1C 07 D9 FF DF 00 02 FF F9 FF F1 03 CE 4A FB 
F1 00 00 91 00 01 07 D8 FF DF 00 02 FF F9 00 6E 08 F5 7B DB 
F1 01 00 9E FF FF 07 D9 FF DD 00 02 FF FA FF A7 0A E9 6E 04 
F3 02 00 9F 00 10 07 D9 FF DF 00 01 FF FA FF F2 04 E3 97 DD 
F1 03 00 91 00 0F 07 D1 FF DE 00 02 FF F9 00 75 08 86 A2 4E 
F1 04 00 A0 00 11 07 EF FF E1 00 03 FF FB FF A5 06 16 8D 0F 
F3 05 00 94 00 0B 07 DB FF DE 00 02 FF FA FF FA 09 03 42 99 
F1 06 00 83 00 0B 07 D0 FF E0 00 03 FF F9 00 73 0B 2C E3 D4 
F1 07 00 AE 00 0A 07 D3 FF DF 00 01 FF F8 FF A5 05 91 2E BA 
F3 08 00 9E 00 06 07 CB FF E0 00 01 FF F9 FF F5 09 C5 C6 48 
F1 09 00 A9 00 0D 07 DC FF E0 00 02 FF FB 00 74 09 7B A8 42 
F1 0A 00 A6 00 15 07 E1 FF E0 00 02 FF FA FF A6 07 3E DE F7 
F3 0B 00 AC 00 04 07 E1 FF E0 00 02 FF F9 FF F4 0B AC 3F F7 
F1 0C 00 A3 00 1F 07 AF FF DF 00 01 FF FA 00 7E 0D 03 24 B1 
F1 0D 00 84 00 10 07 C7 FF DF 00 02 FF FA FF A4 0A 0B 75 48 
F3 0E 00 A6 00 08 07 D0 FF DF 00 03 FF FA FF F2 11 08 BE 6B 
F1 0F 00 99 FF FF 07 BE FF DF 00 02 FF F9 00 73 0C 78 D7 A1 
F1 10 00 9E FF FF 07 D9 FF DE 00 01 FF FA FF A8 0E BF 4F E7 
F3 11 00 A0 00 0C 07 C5 FF DF 00 03 FF F9 FF EE 05 2B 59 47 
F1 12 00 A0 00 07 07 BE FF E1 00 02 FF FB 00 71 09 AC FD 05 
F1 13 00 90 00 0B 07 E0 FF DF 00 01 FF F8 FF A6 0C 48 2A C1 
F3 14 00 A3 00 11 07 C7 FF E1 00 00 FF FA FF EF 0B 9F 56 DE 
F1 15 00 A0 FF FE 07 E9 FF E0 00 02 FF F9 00 78 0B 24 D6 2C 
F1 16 00 A1 00 0C 07 F4 FF DF 00 02 FF F9 FF A3 0B D6 A8 78 
F3 17 00 96 00 04 07 F6 FF DF 00 03 FF F9 FF F4 05 FC 8D 21 
F1 18 00 8C 00 0C 08 07 FF DF 00 04 FF FA 00 6A 09 79 05 4F 
F1 19 00 94 00 08 07 C3 FF DE 00 02 FF F9 FF A5 05 3B 3E 4E 
F3 1A 00 A6 FF FA 07 C9 FF DF 00 04 FF FA FF F4 06 E8 E2 C8 
F1 1B 00 8F 00 15 07 C5 FF E1 00 04 FF FB 00 71 06 12 A2 AB 
F1 1C 00 95 00 0F 07 F8 FF DF 00 01 FF FA FF A8 10 18 5B 46 
F3 1D 00 93 FF FE 07 CD FF DF 00 02 FF F8 FF F1 0C 94 7C DA 
F1 1E 00 99 00 10 07 CB FF DF 00 03 FF F9 00 74 0C 0C 57 E2 
F1 1F 00 A1 00 0E 07 DB FF E1 00 00 FF FB FF A9 09 76 23 59 
F3 20 00 9D FF FB 07 DB FF DF 00 03 FF F9 FF EF 0C 6A DB 09 
F1 21 00 A3 FF FF 07 C2 FF E0 00 02 FF FA 00 73 0C 15 C0 29 
F1 22 00 A0 00 0D 07 DE FF DF 00 02 FF FA FF A5 09 A5 FE CF 
F3 23 00 97 00 06 07 D2 FF E0 00 02 FF F9 FF EE 04 D3 85 84 
F1 24 00 94 00 16 07 D1 FF DE 00 03 FF FA 00 69 09 13 01 BD 
F1 25 00 97 FF FB 07 DD FF DF 00 03 FF FA FF A5 07 DC CC 11 
F3 26 00 97 00 08 07 DD FF E1 00 02 FF FA FF EE 0F 49 22 14 
F1 27 00 A2 00 07 07 E5 FF DF 00 01 FF F9 00 73 07 92 8B AF 
F1 28 00 9B FF F6 07 CE FF E0 00 03 FF FB FF A6 07 8B 77 8A 
F3 29 00 A3 00 12 07 D6 FF E0 00 04 FF FA FF EC 0F AB 2B D0 
F1 2A 00 92 00 07 07 D4 FF E0 00 01 FF F8 00 6D 08 CD 8E 04 
F1 2B 00 9E 00 0D 07 B1 FF DF 00 01 FF FA FF A6 05 5C 94 98 
F3 2C 00 A1 00 08 07 CA FF E0 00 02 FF FA FF F8 07 59 7C CD 
F1 2D 00 A5 FF FE 07 D9 FF E0 00 02 FF FB 00 73 05 A0 FF 47 
F1 2E 00 83 FF FD 07 D9 FF E0 00 01 FF F9 FF A2 0E AA B2 0D 
F3 2F 00 9D 00 11 07 D8 FF DE 00 01 FF FA FF F1 09 1E 55 CB 
F1 30 00 91 00 0D 07 DB FF DE 00 01 FF FA 00 6B 06 D1 5E BF 
F1 31 00 A7 00 03 07 CB FF DF 00 01 FF FB FF A4 08 ED 4E 63 
F3 32 00 A0 00 08 07 E5 FF DF 00 03 FF FA FF F4 06 2D A4 51 
F1 33 00 A3 00 09 07 DD FF E0 00 03 FF F9 00 75 0C 04 20 B2 
F1 34 00 9A 00 09 07 BF FF E0 00 03 FF FA FF A8 00 DB BB 6C 
F3 35 00 90 00 0F 07 E6 FF DF 00 03 FF FA FF E9 05 43 6E 9A 
F1 36 00 8A 00 15 07 D6 FF DE 00 01 FF FA 00 71 09 33 C9 87 
F1 37 00 9F FF FD 07 D2 FF E0 00 01 FF FB FF A2 07 CF D1 EF 
F3 38 00 94 00 06 07 C3 FF E0 00 02 FF FA FF EE 09 A7 E5 7F 
F1 39 00 AF FF FF 07 D3 FF DE 00 03 FF FA 00 71 02 D8 12 21 
F1 3A 00 A2 00 08 07 CE FF DF 00 01 FF FA FF A4 02 F6 66 2A 
F3 3B 00 8F 00 11 07 E4 FF E0 00 01 FF FA FF EE 0A 44 41 54 
F1 3C 00 90 00 09 07 EF FF DF 00 02 FF FA 00 75 03 50 8A E9 
F1 3D 00 88 00 10 07 DE FF DE 00 01 FF FC FF A1 0B A2 C6 60 
F3 3E 00 A8 00 0C 07 DD FF DE 00 03 FF FA FF ED 04 4D 23 FD 
F1 3F 00 A5 00 02 07 D8 FF E0 00 02 FF F8 00 6E 02 1D 7E 05 
F1 40 00 A2 00 04 07 C5 FF DE 00 01 FF F9 FF A3 08 CC B6 C9 
F3 41 00 97 00 05 07 DD FF DF 00 01 FF FB FF F4 04 4D B2 52 
F1 42 00 8D 00 10 07 DD FF E0 00 02 FF FA 00 71 08 CC 40 13 
F1 43 00 97 00 17 07 B3 FF E0 00 02 FF FB FF A1 12 E4 CE 8E 
F3 44 00 A2 00 05 07 DE FF DF 00 01 FF F9 FF F1 03 6F 4D D6 
F1 45 00 98 00 04 07 B8 FF E0 00 02 FF FC 00 7A 0E 8A 82 11 
F1 46 00 95 00 04 07 CA FF E0 00 03 FF FB FF A3 05 A1 9C FD 
F3 47 00 AB 00 0A 07 E4 FF DF 00 01 FF FA FF EE 08 DC 03 A3 
F1 48 00 A2 00 07 07 C9 FF E0 00 02 FF FB 00 74 13 A2 EF 87 
F1 49 00 97 00 01 07 CA FF DF 00 03 FF F9 FF A9 0B B0 AA 5F 
F3 4A 00 9B 00 0E 07 CF FF E0 00 01 FF FB FF F0 0D 31 3C F7 
F1 4B 00 91 FF FF 07 CB FF E0 00 02 FF FB 00 72 02 40 72 45 
F1 4C 00 A2 00 06 07 C6 FF DF 00 02 FF FB FF A7 01 E5 24 5C 
F3 4D 00 A9 00 0A 07 E5 FF E0 00 02 FF FB FF EE 12 E7 45 E2 
F1 4E 00 A7 00 04 07 DC FF E0 00 01 FF FB 00 72 03 62 1B 0E 
F1 4F 00 99 FF F5 07 D3 FF DF 00 03 FF FA FF A5 14 28 F1 1D 
F3 50 00 9F 00 08 07 EF FF DD 00 04 FF FA FF EF 03 6D 94 62 
F1 51 00 9A 00 14 07 F0 FF DF 00 01 FF FB 00 6D 02 AC 76 94 
F1 52 00 9F 00 04 07 C3 FF E0 00 02 FF F9 FF A6 0A 4F CA E3 
F3 53 00 AF 00 0B 07 D3 FF DF 00 02 FF FC FF F5 07 74 D4 48 
F1 54 00 A0 00 05 07 D3 FF DF 00 00 FF FA 00 73 0A AC DE 50 
F1 55 00 98 FF FD 07 D3 FF E1 00 01 FF F9 FF A5 0D CD F1 4A 
F3 56 00 97 00 0E 07 D6 FF DD 00 02 FF F9 FF F1 05 3A 4C A1 
F1 57 00 95 00 02 07 DD FF DE 00 03 FF FB 00 6F 0E 69 7A 0B 
F1 58 00 99 00 0D 07 BB FF DF 00 03 FF F9 FF A2 07 67 36 B8 
F3 59 00 AB 00 16 07 D9 FF DF 00 02 FF F9 FF EE 06 5A D0 6B 
F1 5A 00 A9 00 03 07 D2 FF DF 00 02 FF FA 00 74 0C 85 1F 09 
F1 5B 00 98 00 0E 07 D8 FF DF 00 02 FF FA FF AA 04 9B 74 40 
F3 5C 00 9F 00 0A 07 CD FF DF 00 01 FF FA FF EA 0C D5 B2 28 
F1 5D 00 98 00 09 07 AD FF E0 00 00 FF F9 00 71 04 30 D6 B8 
F1 5E 00 AB 00 0B 07 E0 FF DF 00 02 FF FA FF A4 0C F9 D4 DA 
F3 5F 00 A2 FF FB 07 D4 FF E1 00 02 FF FA FF ED 10 72 19 4E 
F1 60 00 9D FF FF 07 CB FF E0 00 03 FF FB 00 7B 10 5F E4 B9 
F1 61 00 A4 FF FE 07 D2 FF DF 00 04 FF F9 FF A9 10 9F 6C 6F 
F3 62 00 98 FF FF 07 D4 FF DF 00 03 FF FA FF EC 0A 56 D3 E2 
F1 63 00 85 00 0C 07 D8 FF DE 00 02 FF F9 00 73 0D B6 FD 14 
F1 64 00 A2 00 05 07 CD FF E0 00 02 FF FA FF A7 0D 49 7D 93 
F3 65 00 A0 00 01 07 D1 FF DF 00 03 FF FA FF F3 08 20 27 F1 
F1 66 00 B3 00 0B 07 DF FF E0 00 02 FF F9 00 76 09 7A F0 BF 
F1 67 00 A9 00 0D 07 BE FF DF 00 03 FF FA FF A4 0D F5 AB D7 
F3 68 00 A2 00 0C 07 C8 FF E0 00 01 FF FA FF F5 0B C3 FC 37 
F1 69 00 9E 00 0C 07 C4 FF DF 00 00 FF FB 00 76 0D FE 9A A1 
F1 6A 00 A9 00 15 07 D3 FF DF 00 01 FF FB FF A4 0D 62 9E 80 
F3 6B 00 A7 00 0C 07 B2 FF E0 00 02 FF FB FF EF 09 FD 06 7E 
F1 6C 00 A0 00 08 07 BD FF DF 00 03 FF FA 00 75 10 7F F0 86 
F1 6D 00 92 00 15 07 CD FF E0 00 01 FF FA FF A2 0C 36 A0 70 
F3 6E 00 94 00 01 07 D0 FF DF 00 01 FF F9 FF EE 0E D0 CB 18 
F1 6F 00 98 FF FE 07 E1 FF DF 00 03 FF F8 00 72 07 FB BA F2 
F1 70 00 9B 00 01 07 ED FF E0 00 03 FF F9 FF A7 0A 99 D1 B3 
F3 71 00 AD 00 16 07 D6 FF DE 00 03 FF F9 FF F4 0B 93 DF F8 
F1 72 00 9E FF F6 07 C6 FF DF 00 02 FF FB 00 71 0C C2 5A 1C 
F1 73 00 9E 00 14 07 EC FF DF 00 02 FF F9 FF A5 0E 35 59 1D 
F3 74 00 9F 00 14 07 DA FF E0 00 01 FF F9 FF EE 0B 36 ED A1 
F1 75 00 9D 00 1B 07 D8 FF E0 00 03 FF F9 00 6E 0E F2 57 1F 
F1 76 00 9D 00 18 07 C2 FF DF 00 02 FF FA FF A8 0F 90 64 58 
F3 77 00 AD 00 1C 07 F7 FF E1 00 00 FF F9 FF ED 0C B7 DA 4C 
F1 78 00 AC 00 0D 07 D4 FF E0 00 02 FF FB 00 76 0C F1 D4 30 
F1 79 00 A6 00 16 07 E8 FF DE 00 01 FF FB FF A6 07 D8 68 FA 
F3 7A 00 9F 00 06 07 E8 FF DF 00 02 FF F9 FF F2 0E 47 D8 EE 
F1 7B 00 A9 00 09 07 C8 FF E1 00 02 FF F9 00 6A 09 11 E8 78 
F1 7C 00 96 00 04 07 DC FF E0 00 01 FF FA FF A2 0E 21 EF 36 
F3 7D 00 97 FF FF 07 F0 FF DF 00 02 FF FA FF EF 14 B1 D0 36 
F1 7E 00 96 00 0E 07 D3 FF DF 00 01 FF FA 00 7C 17 11 12 85 
F1 7F 00 93 00 08 07 C6 FF DE 00 02 FF F9 FF A7 16 53 3C 73 
F3 80 00 9A 00 10 07 C8 FF DD 00 03 FF FA FF F1 0D D9 2C 7E 
F1 81 00 A2 00 23 07 D8 FF E0 00 01 FF F9 00 79 05 8D F7 C0 
F1 82 00 81 FF FD 07 DB FF DF 00 01 FF FA FF A7 0A BC 80 B2 
F3 83 00 A4 00 17 07 D3 FF DF 00 02 FF FB FF F1 0F 21 A6 8B 
F1 84 00 96 00 06 07 DB FF DF 00 02 FF FB 00 74 0C E6 2C 89 
F1 85 00 A1 FF FD 07 F3 FF DD 00 03 FF FB FF A5 08 A2 90 D4 
F3 86 00 A1 00 0C 07 EC FF E1 00 05 FF F9 FF F2 0A B3 B9 7C 
F1 87 00 93 00 02 08 0A FF DD 00 03 FF FB 00 78 0B A4 84 D2 
F1 88 00 B0 00 11 08 19 FF DE 00 02 FF FA FF A3 0C 50 2C 35 
F3 89 00 B2 00 06 08 03 FF DF 00 02 FF F9 FF EE 08 61 BA 4A 
F1 8A 00 93 FF F6 07 FF FF E2 00 03 FF FA 00 75 03 99 7F E9 
F1 8B 00 99 00 0A 07 BC FF E3 00 04 FF FA FF A3 02 97 E3 78 
F3 8C 00 98 00 20 07 CD FF E1 00 01 FF FA FF F3 0D 9D 50 3C 
F1 8D 00 9A 00 02 07 CD FF E0 00 01 FF F9 00 72 08 8A 85 F1 
F1 8E 00 A0 00 04 07 D1 FF E0 00 01 FF FA FF A5 07 90 C2 7A 
F3 8F 00 98 00 08 07 CB FF E0 00 02 FF FA FF F2 07 A6 DA BE 
F1 90 00 95 FF F7 07 C4 FF E0 00 01 FF FB 00 6A 02 E0 CE 0F 
F1 91 00 9F 00 07 07 DD FF E0 00 01 FF F8 FF A5 11 2D 02 C5 
F3 92 00 A6 00 16 07 D5 FF E0 00 00 FF F8 FF F1 00 5A 6C 83 
F1 93 00 B0 00 06 07 EA FF DE 00 01 FF F9 00 79 09 BF 2D 0D 
F1 94 00 BC FF D5 07 DB FF D2 FF FF FF FD FF A8 15 1F 11 15 
F3 95 00 7F FF E3 08 2D FF D4 00 04 FF FB FF ED 10 90 06 28 
F1 96 00 CC FF E9 09 32 FF D9 00 02 FF FA 00 74 16 13 0C 02 
F1 97 00 AC FF F6 07 E4 FF DC 00 01 FF FA FF A4 04 65 FF 02 
F3 98 00 9F FF F7 08 0B FF DF 00 02 FF F9 FF F8 09 AA 1E B6 
F1 99 00 94 FF EE 08 08 FF DF 00 03 FF FA 00 71 09 70 C8 EC 
F1 9A 00 A1 FF FE 08 5B FF DE 00 01 FF FA FF A5 03 96 6B A8 
F3 9B 00 99 00 1D 07 E4 FF E2 00 03 FF FA FF EE 05 7E 3A EB 
F1 9C 00 9D 00 01 07 AF FF E2 00 02 FF FB 00 79 07 F8 96 40 
F1 9D 00 B1 FF FC 08 22 FF E0 00 01 FF F9 FF A5 05 EB 70 24 
F3 9E 00 A3 00 0C 07 C5 FF DE 00 02 FF FA FF EE 0D 84 CF E8 
F1 9F 00 95 00 02 07 AD FF E0 00 01 FF FB 00 7F 07 01 3D 46 
F1 A0 00 8D 00 0D 07 D3 FF DF 00 01 FF FA FF AB 08 39 39 1B 
F3 A1 00 A6 00 18 07 E9 FF E1 00 02 FF F8 FF EB 07 23 8E 52 
F1 A2 00 9A FF F8 07 B8 FF DF 00 01 FF FB 00 76 01 A7 2C 37 
F1 A3 00 9B 00 10 08 15 FF E0 00 02 FF FA FF A9 08 89 9F FB 
F3 A4 00 99 00 15 07 D4 FF E0 00 01 FF FA FF F2 03 ED 90 B1 
F1 A5 00 96 00 1D 07 E6 FF E0 FF FF FF FC 00 73 01 A8 06 7C 
F1 A6 00 B1 00 03 07 81 FF E0 00 02 FF F9 FF A6 0C B8 54 6E 
F3 A7 00 67 00 31 08 13 FF DC 00 01 FF F5 FF F1 02 A3 C5 58 
F1 A8 00 51 00 1D 07 C3 FF DE 00 05 FF FB 00 7B 0C A1 11 12 
F1 A9 00 B2 00 0C 07 D1 FF DD 00 02 FF F8 FF A5 04 FA 2A 50 
F3 AA 00 98 00 09 07 E9 FF E1 FF FE FF FB FF ED 04 76 A3 CE 
F1 AB 00 A4 FF F4 07 D4 FF E1 00 03 FF FC 00 74 07 B8 2D BE 
F1 AC 00 C8 00 0B 08 78 FF EB 00 04 FF F6 FF A4 02 E0 84 27 
F3 AD 03 1F FF D6 07 CA FF F7 00 0B FF CF FF F3 0C 11 C0 4E 
F1 AE FD B4 01 11 08 84 FF AB 00 04 FD CE 00 79 08 D2 5A E9 
F1 AF FD 47 FF 5D 07 A6 FF D8 00 07 FF 19 FF AA 07 E7 0A 97 
F3 B0 00 A4 FF D5 07 B3 FF D8 FF F0 00 1B FF F1 0B 4F C6 A3 
F1 B1 00 A3 00 46 07 51 FF E8 FF FE 00 0E 00 73 09 09 F8 78 
F1 B2 01 51 00 24 09 DE 00 44 FF D7 01 5D FF A8 0B 8C 2C FE 
F3 B3 FE DB 01 4E 0C 05 01 8E FF 71 01 5E FF F1 08 F1 7B 26 
F1 B4 FE 81 00 65 0E A0 03 93 FD 91 02 2A 00 72 04 30 72 DD 
F1 B5 FF 7F 00 69 0B 4E 06 B5 FC CE 03 27 FF A6 0D 94 63 EB 
F3 B6 00 2A 00 19 07 A8 07 85 FD AE 03 9B FF EB 12 5A 34 37 
F1 B7 02 DE 01 33 09 38 07 D7 FE 46 03 B1 00 72 10 A6 9B C7 
F1 B8 FB EA 02 21 0B B4 08 7A FB 7A 05 06 FF A6 1B 4E D6 5F 
F3 B9 FB 89 00 1D 09 64 08 5A F8 2E 08 64 FF D7 0E 30 E4 A4 
F1 BA 04 03 FB D4 05 D6 08 0F F8 CC 0C 48 00 63 14 02 B6 A8 
F1 BB 01 67 02 E2 07 85 06 87 FF B7 0A 01 FF 9C 0F 63 7A 7B 
F3 BC 06 2B 03 70 05 D0 05 45 02 47 0A 50 FF C1 0A 2C 8C D8 
F1 BD 06 14 04 B3 07 A8 04 EE 06 D1 06 B8 00 44 12 36 7E 00 
F1 BE 05 FA 03 20 08 3C 05 0B 08 47 05 58 FF 95 11 99 36 DB 
F3 BF 03 96 02 B8 06 75 05 28 08 40 04 96 FF C4 17 38 AC 5F 
F1 C0 01 47 04 C5 03 5D 03 AC 07 AD 04 36 00 2E 07 20 E7 BF 
F1 C1 00 1A 03 A0 07 60 02 7D 06 5A 04 D4 FF 89 05 3C 48 91 
F3 C2 00 14 01 57 05 64 02 E1 04 8D 05 32 FF B9 09 40 C5 3B 
F1 C3 00 CE FF 75 03 C6 03 4A 01 86 06 0B 00 27 13 61 7D A2 
F1 C4 03 5F 01 76 04 B2 02 CD FF 65 05 B7 FF 8A 10 AE 69 21 
F3 C5 01 93 02 50 04 86 02 7E 01 6E 05 56 FF BB 0C 5F AE 0A 
F1 C6 02 54 03 68 04 77 01 1E 00 8D 04 A0 00 1C 0F 31 F2 87 
F1 C7 01 2E 03 AB 04 D6 00 C2 FF 88 03 E5 FF 86 0E B4 3A 7E 
F3 C8 00 51 04 5E 04 FB 00 24 FE C2 03 F8 FF BE 09 70 69 69 
F1 C9 FF B5 04 43 04 FD FE A2 FB 38 05 A9 00 0D 0A E5 EE 2E 
F1 CA 00 51 03 65 05 F9 FD EF FA 7E 08 20 FF 7F 0A EA FC 2B 
F3 CB 01 6D 02 46 05 6A FE 71 FA CF 09 EA FF C3 09 D8 7A 8D 
F1 CC 02 A5 01 AB 05 26 FF 6C FB EC 0A 49 00 01 07 F1 F6 49 
F1 CD 04 75 01 19 05 22 00 48 FC 6E 08 AF FF 80 04 33 8F 34 
F3 CE 06 61 00 A2 05 30 00 96 FE 0E 05 19 FF D2 04 FF 66 A4 
F1 CF 05 CD 01 6B 06 9C 00 D7 FF EC 01 7A FF E7 08 DB 61 4F 
F1 D0 04 37 02 AE 07 FD 01 F2 00 26 FF C7 FF 7D 06 52 DE 2F 
F3 D1 04 14 02 BF 07 7C 02 D8 FF 8A 00 82 FF E0 06 4F 27 7F 
F1 D2 06 01 03 3A 07 A6 02 77 FD B3 01 80 FF D3 02 0B ED 68 
F1 D3 08 A2 03 BD 08 8A 01 DD FD A9 01 71 FF 7A 07 E9 25 D0 
F3 D4 07 E1 03 7D 09 4C 01 B8 00 A6 00 A8 FF DC 08 B8 56 84 
F1 D5 05 2F 03 67 09 1C 02 03 02 60 01 7D FF D7 05 C9 E0 E5 
F1 D6 06 D5 03 8C 08 21 01 E2 01 1E 03 39 FF 75 05 5D 4F CA 
F3 D7 07 B6 03 37 07 71 00 2D 01 89 04 66 FF DD 01 D5 F9 B0 
F1 D8 06 0C 03 17 08 35 FE EA 03 09 05 F6 FF D1 09 2C 04 6A 
F1 D9 03 A4 02 19 06 AE FD F4 04 05 08 DC FF 76 07 A3 44 10 
F3 DA 02 E6 01 90 07 13 FD 3B 03 D8 0B 67 FF F2 05 A8 4A 52 
F1 DB 04 11 00 FC 06 51 FD 60 03 FA 0C 5C FF C7 06 D1 E0 06 
F1 DC 02 F8 00 6B 03 99 FC D6 04 85 0B 91 FF 77 06 20 5C 46 
F3 DD 00 DD 00 7F 04 B1 FC 2A 05 79 0A 8E 00 03 0C A3 F9 63 
F1 DE FF E6 00 E6 05 3E FD 3C 03 CC 09 C3 FF BD 06 EE 10 42 
F1 DF 00 48 00 C2 04 B4 FE 32 02 8E 08 E5 FF 82 03 F7 2D 7E 
F3 E0 FE B3 00 B2 04 55 FE 69 04 04 08 34 00 20 06 93 8B 87 
F1 E1 FD 71 01 7C 07 C5 FF 13 05 E4 08 19 FF BB 03 4D 32 54 
F1 E2 FA 37 03 A4 0D 4D 02 E3 09 50 08 3A FF 82 0A A7 7B F9 
F3 E3 F9 88 07 AD 09 5D 07 4B 10 5F 06 C3 00 38 04 4A 37 33 
F1 E4 F1 A2 0D 2F 05 14 06 D4 13 5E FD 41 FF C6 0A 01 6F 26 
F1 E5 F9 42 07 6E FF FA 05 1C 04 56 E8 E0 FF 8B 01 4E 7A BF 
F3 E6 FD 75 FC B0 FF 24 FE 6C FA 8E CF 86 00 34 F9 27 DA D2 
F1 E7 00 54 FF 67 14 07 FC 49 F3 04 C8 F8 FF ED FE F6 5D 30 
F1 E8 1D 9F 14 3E 17 6A 03 5A E9 7D D1 68 FF 9C 55 E3 45 B8 
F3 E9 0B 7A 15 E5 08 66 06 5D 03 5F E1 DE 00 03 54 60 DC 04 
F1 EA 07 9F 0E 6D 05 6B F8 68 FE FF FC C6 FF F1 FF F6 93 88 
F1 EB 0E EA 02 FE 09 E4 F3 60 FA B9 08 7A FF 99 F4 4F D3 9D 
F3 EC 07 54 FF 79 06 32 F9 3F 05 AF 06 72 FF D0 03 C0 38 F8 
F1 ED 00 60 FF 7B 01 9C FD 3C 05 03 03 CA 00 28 0C F7 25 10 
F1 EE FF 4E FF 16 02 39 FD B7 00 D5 03 C5 FF 83 06 71 1D 72 
F3 EF FF DD FF 41 04 A8 FF BA 00 5E 03 E5 FF DB 03 64 AF 37 
F1 F0 02 43 FF 3A 04 4A 02 C6 00 48 02 7F 00 1B 00 28 4A DC 
F1 F1 03 92 00 61 03 4C 04 29 00 F9 FF 4E FF 8C 03 34 0E 0A 
F3 F2 02 D8 01 FF 02 DB 03 D8 01 6D FD 58 FF DF 0B 38 79 C6 
F1 F3 01 1A 02 E7 03 B6 03 1F 02 50 FE 60 00 0E 01 1E 4C 86 
F1 F4 01 86 02 75 04 1E 03 59 00 DC 00 D0 FF 8D 0B 88 51 D9 
F3 F5 03 0D 01 0F 03 3D 03 A1 FD 8E 01 CA FF DE 03 43 9B D4 
F1 F6 04 E4 FF E1 01 BB 03 11 FB 3D 01 1D 00 17 04 8B 24 5D 
F1 F7 05 6E 00 74 04 BE 02 E4 FD 0F 00 1D FF 8E 09 CB 19 82 
F3 F8 04 FE 02 16 07 12 05 4A 01 45 FF A8 FF DC 02 AB AC 86 
F1 F9 04 13 01 31 05 0F 07 99 03 14 FF 6B 00 09 07 DC DB 94 
F1 FA 03 83 FF 55 05 AF 06 B9 FE 77 00 18 FF 88 FF 96 25 89 
F3 FB 06 78 02 61 07 72 05 4E F9 69 00 1F FF CB 0A 05 EF 15 
F1 FC 07 53 06 16 05 9F 04 9D FE 63 FD 9A 00 14 08 B6 68 00 
F1 FD 00 16 02 1E 09 41 02 A9 06 34 FB 90 FF 80 0D D6 28 11 
F3 FE FD A8 02 BD 0A E0 01 F4 02 C9 FD 43 FF CE 0E 1A D8 43 
F1 FF 01 FB 03 23 0A 0E 01 B6 FA B2 FE 34 00 16 2A B9 DE 47 
F1 00 04 AC 01 AC 0A 2D 00 B0 F4 0F FC AE FF 81 03 3E 56 79 
F3 01 04 13 03 16 0A 0F 00 52 F4 A0 F9 DF FF C3 0A 4A 50 EB 
F1 02 02 2F 04 32 07 AA 00 B2 FA F3 F7 2D 00 23 07 4E 14 E7 
F1 03 F9 38 03 15 09 2A 00 CA FF 9D F6 35 FF 7F 0B 88 B0 F9 
F3 04 FD E0 02 EC 07 30 00 8B 00 A2 F8 59 FF B6 0A 58 A2 DF 
F1 05 F6 CA 00 BD 25 99 F3 FC 08 EA F7 7B 00 37 2C 70 85 E0 
F1 06 FD 2D 02 35 0B EB F9 35 02 10 F7 4D FF 7B 08 10 44 E5 
F3 07 FD CA 01 B0 0B 6E FE 22 FD 65 FA 36 FF AF 0C 21 3C 4B 
F1 08 FC 08 04 C7 0C 5D FC 59 FF 46 FA 12 00 40 27 8B C0 F3 
F1 09 00 7A 03 D3 08 00 FC 63 02 4B FB 82 FF 86 0E F2 45 8B 
F3 0A FF F5 01 C7 0A 65 FB 70 05 15 FA ED FF B2 07 6E 36 E9 
F1 0B 00 0C 02 A9 06 F7 FB 63 05 B6 FB 7E 00 5D 0D D3 CE 8A 
F1 0C FF 2A 03 56 05 BE FB 19 06 27 FB 89 FF 8C 04 03 A2 A1 
F3 0D FE 2F 02 CD 08 6D FB 35 05 AA FB 80 FF BB 06 EF 1F B2 
F1 0E FD FE 01 84 09 CA FC 33 04 FC FB D8 00 6B 06 7D E8 65 
F1 0F FD 6B 02 26 0B D8 FD 23 05 BE FC 66 FF 90 03 E5 F1 6C 
F3 10 FB 42 01 61 09 12 FE BC 04 74 FC FC FF C7 04 B6 A5 71 
F1 11 FC 7E 01 02 06 9A 00 26 00 63 FE 36 00 79 03 D1 37 E6 
F1 12 FF 97 02 76 06 11 00 76 FC 40 FE 62 FF 96 0B 16 A3 1B 
F3 13 01 54 02 E0 09 90 00 BA FA 6E FD 77 FF CD 0E E2 1E F0 
F1 14 01 7A 01 1F 07 9C 01 37 FA 07 FC 11 00 8B 04 17 B8 11 
F1 15 FE 7E 02 2B 06 30 00 91 F9 C8 FB 85 FF 96 05 AE FA 37 
F3 16 FC AA 01 60 04 AF FF 9F FB 10 FC 3B FF CE 09 86 EF 73 
F1 17 FC AE 01 C6 04 BF FD BD FF 72 FD E7 00 83 0A D1 27 0C 
F1 18 FE E4 01 96 07 10 FB A9 03 FF FE F9 FF 97 09 99 DF BC 
F3 19 FD 90 00 B6 0C 79 FC AA 02 3B FF 01 FF D5 02 40 25 25 
F1 1A FD 1E 00 A5 09 57 FF 0C FE 84 FF D5 00 88 07 93 55 51 
F1 1B FD 09 01 26 03 48 00 21 F9 F0 00 8F FF 96 0B A5 A0 E8 
F3 1C FE F1 00 E4 04 B0 FE 89 F8 D8 01 C4 FF CF 07 1B 34 CA 
F1 1D FF 1B 01 BF 07 C1 FC D2 FB 83 02 55 00 88 07 44 E5 06 
F1 1E FF 3C 00 86 09 19 FC EB FD C3 02 F8 FF 9E 01 ED 41 9F 
F3 1F 02 91 01 35 08 80 FD 68 FD 8A 03 21 FF DC 0B 70 22 25 
F1 20 01 BC 00 C1 08 6F FD C2 FF 4B 02 4F 00 7C 0A CA C2 90 
F1 21 01 E8 00 42 08 BA FD C7 01 7F 01 B5 FF A0 07 08 19 0D 
F3 22 01 C8 00 A9 09 F0 FE A4 FE 75 00 DA FF DF 05 26 6B DB 
F1 23 FE AF 00 48 0A F2 FF 19 FB CA 00 8C 00 74 04 7B D2 0F 
F1 24 01 02 FF D2 06 09 00 36 01 95 01 54 FF A0 08 33 63 C7 
F3 25 00 A3 00 4A 07 63 FF 3F 02 82 00 FD FF E1 08 53 7F 94 
F1 26 01 9E 00 84 06 93 FF 0B FF AC 00 B3 00 66 05 70 EB C2 
F1 27 01 19 00 4C 05 99 FE 3F 01 93 00 5F FF A4 07 A2 0D 33 
F3 28 02 0D 00 CB 06 B1 FD 05 01 3C FF EF FF E5 09 44 4C 30 
F1 29 FF 75 FF 81 05 D3 FC E0 FC F9 FF 5A 00 69 0C A7 F7 20 
F1 2A FF D1 00 C7 05 26 FF E2 00 7F FF E2 FF A3 24 EB E7 64 
F3 2B 00 91 00 29 08 EC FF DF 00 04 FF FD FF E8 06 0E 0D 7C 
F1 2C 00 BA 00 23 07 8D FF E5 00 02 FF FC 00 6B 05 6B 22 6B 
F1 2D 00 B9 00 06 08 09 FF DC 00 03 FF FA FF A5 06 37 8C 41 
F3 2E 00 AD FF FD 08 16 FF DB 00 00 FF FA FF F1 10 1A 5D E8 
F1 2F 00 9E 00 0E 08 26 FF DE 00 02 FF FA 00 68 06 82 C4 68 
F1 30 00 A2 00 07 08 44 FF E0 00 02 FF FB FF A7 0C B7 A5 E7 
F3 31 00 9D 00 12 07 DE FF E2 00 02 FF FA FF EC 0C 13 26 3D 
F1 32 00 A0 00 06 07 BC FF E1 00 02 FF F9 00 71 0C F2 24 9A 
F1 33 00 AF 00 1A 07 E9 FF DC 00 01 FF FA FF A8 0A FA EC 66 
F3 34 00 96 FF F4 07 E1 FF DE 00 02 FF FC FF E9 04 CE C0 BA 
F1 35 00 A3 FF FE 07 C2 FF E0 00 02 FF FA 00 6D 08 B9 38 03 
F1 36 00 AB 00 24 07 D8 FF DF 00 02 FF FB FF A7 0D DB 62 2F 
F3 37 00 95 FF FF 07 D8 FF DF 00 03 FF F9 FF E5 0B 68 93 A0 
F1 38 00 9F 00 22 07 BC FF DF 00 02 FF F9 00 67 0C 47 A7 0F 
F1 39 00 A5 00 02 07 F1 FF DF 00 04 FF FA FF A8 0A A1 75 0E 
F3 3A 00 A4 00 01 07 F1 FF DF 00 02 FF FA FF E8 07 E9 D6 2A 
F1 3B 00 A4 00 0E 07 D3 FF E0 00 02 FF FA 00 69 0D 78 AA DC 
F1 3C 00 AF 00 18 07 CA FF DF 00 00 FF F9 FF A8 04 2E 92 9F 
F3 3D 00 8D 00 0F 07 DB FF E0 00 01 FF FA FF E9 08 F9 1D B4 
F1 3E 00 9A 00 0A 07 F0 FF DF 00 00 FF FA 00 66 05 30 6C CA 
F1 3F 00 97 00 0B 07 D8 FF DF 00 01 FF F8 FF A6 01 3E 9F 08 
F3 40 00 98 FF FA 07 CD FF DE 00 01 FF F9 FF E5 0B 23 47 90 
F1 41 00 A1 FF FD 07 DE FF DE 00 03 FF FA 00 6B 07 DA C4 4B 
F1 42 00 9D 00 0F 07 E1 FF DF 00 03 FF F8 FF A8 0A 73 C5 B5 
F3 43 00 96 FF FA 07 DD FF E0 00 05 FF F9 FF EA 0A 02 BF 55 
F1 44 00 B5 00 0A 07 D4 FF DE 00 00 FF F9 00 67 02 A1 91 2C 
F1 45 00 9E 00 12 07 D6 FF DF 00 03 FF FA FF A6 07 AD DC 89 
F3 46 00 A0 00 06 07 DA FF DE 00 03 FF F9 FF EA 03 1C C9 8F 
F1 47 00 A1 00 05 07 CE FF E0 00 02 FF FA 00 71 01 D1 30 23 
F1 48 00 A4 00 1D 07 D4 FF DF 00 03 FF FA FF A8 08 63 E3 AD 
F3 49 00 89 00 04 07 E5 FF E0 00 01 FF F7 FF F1 07 3C A5 24 
F1 4A 00 AF 00 06 07 DB FF DE 00 04 FF FB 00 68 0B 2B F6 8C 
F1 4B 00 98 00 08 07 D5 FF DC 00 02 FF FA FF A7 05 BC C6 0B 
F3 4C 00 A7 00 06 07 BD FF E0 00 02 FF F9 FF EC 02 B2 3A 7F 
F1 4D 00 AC 00 04 07 F4 FF DF 00 02 FF F9 00 66 07 C9 41 0D 
F1 4E 00 99 00 05 07 C6 FF DF 00 03 FF FA FF A8 05 D5 19 55 
F3 4F 00 93 FF FD 07 D4 FF E2 00 01 FF FA FF EB 05 B9 26 81 
F1 50 00 A3 00 11 07 DE FF DE 00 02 FF FA 00 69 09 6E E5 5B 
F1 51 00 A2 00 01 07 C1 FF DF 00 03 FF FB FF A5 03 5D 9B 22 
F3 52 00 98 FF FB 07 D0 FF DF 00 03 FF FB FF EC 0C 2E 5A 63 
F1 53 00 AB 00 01 07 AE FF DF 00 02 FF FB 00 6F 06 29 85 D1 
F1 54 00 9A 00 0E 07 C5 FF DE 00 03 FF FA FF A6 04 76 B8 3A 
F3 55 00 93 FF FD 07 C9 FF E0 00 01 FF FA FF EA 0A 1A 84 09 
F1 56 00 91 00 0D 07 E7 FF DF 00 02 FF FA 00 6B 02 2D A5 8D 
F1 57 00 9A 00 08 07 DB FF DC 00 01 FF F8 FF A8 0B 40 BF 9D 
F3 58 00 A5 FF FD 07 BB FF DF 00 03 FF F9 FF EB 0A 59 E3 57 
F1 59 00 AC 00 03 07 D2 FF DF 00 01 FF F9 00 6E 08 EB E8 3F 
F1 5A 00 A1 00 02 07 E1 FF DE 00 02 FF FA FF A4 0B E2 BA 50 
F3 5B 00 B4 00 04 07 E0 FF E0 00 01 FF FA FF EF 08 C6 F5 09 
F1 5C 00 A5 00 0B 07 BF FF DE 00 01 FF FA 00 6F 0B 1F 34 90 
F1 5D 00 99 00 0C 07 D1 FF DE 00 03 FF FB FF A6 08 7F 3C 44 
F3 5E 00 A4 00 01 07 D8 FF DD 00 03 FF FB FF ED 09 7D DE 8C 
F1 5F 00 97 00 0F 07 D5 FF DF 00 00 FF F8 00 70 0D 4D DA 4C 
F1 60 00 A6 00 04 07 D4 FF DE 00 03 FF F9 FF A7 07 C1 E1 BD 
F3 61 00 A6 00 06 07 D3 FF DF 00 01 FF FA FF E7 09 50 6A 4F 
F1 62 00 86 00 05 07 B6 FF DF 00 03 FF F9 00 6E 05 C4 78 33 
F1 63 00 AC 00 08 07 BB FF DE 00 00 FF FA FF A5 08 76 4E 5E 
F3 64 00 B0 FF FB 07 E0 FF E0 00 03 FF F9 FF E8 0A 42 AC A3 
F1 65 00 99 00 0C 07 CF FF E1 00 01 FF F9 00 69 05 BE 29 72 
F1 66 00 9E FF FC 07 BE FF DF 00 02 FF F8 FF A2 05 E6 D8 DE 
F3 67 00 A9 FF FF 07 C2 FF E0 00 00 FF FB FF EE 0C 9F CB 05 
F1 68 00 9D 00 12 07 D6 FF DF 00 01 FF FA 00 6F 0B 67 79 99 
F1 69 00 9E 00 0A 07 BE FF DF 00 02 FF FA FF A6 0C CF 5D A3 
F3 6A 00 A6 00 07 07 D3 FF DF 00 03 FF F9 FF E7 02 5C 0A 5D 
F1 6B 00 92 FF FD 07 CF FF E0 00 03 FF F9 00 6A 06 61 98 44 
F1 6C 00 A2 00 1E 07 BD FF DF 00 01 FF FA FF A7 09 35 54 51 
F3 6D 00 9F FF FF 07 E0 FF DF 00 02 FF FA FF EB 0A 3A 60 10 
F1 6E 00 91 00 06 07 CE FF DF 00 02 FF FA 00 6E 08 C5 6C C1 
F1 6F 00 99 00 03 07 DC FF DF 00 02 FF F9 FF A4 06 89 00 26 
F3 70 00 A7 00 05 07 BC FF E0 00 02 FF FA FF E8 09 AB A6 F8 
F1 71 00 99 00 01 07 E9 FF E0 00 01 FF F9 00 72 0B 4C D0 02 
F1 72 00 93 00 1C 07 D9 FF E0 00 02 FF F9 FF A7 06 E1 26 81 
F3 73 00 AB 00 0D 07 D0 FF E0 00 03 FF FA FF EA 06 A2 6A 03 
F1 74 00 A8 00 18 07 CD FF E0 00 03 FF F9 00 69 05 93 97 56 
F1 75 00 8A FF FE 07 D4 FF DF 00 02 FF FA FF A7 0D 5B 14 39 
F3 76 00 AB 00 04 07 D0 FF E0 00 02 FF F9 FF EC 09 D4 9D 2C 
F1 77 00 A0 00 07 07 CF FF DE 00 03 FF FA 00 6D 06 3F 62 32 
F1 78 00 A1 FF FF 07 E0 FF DE 00 01 FF F9 FF AA 03 05 75 42 
F3 79 00 A4 00 08 07 D3 FF E1 00 03 FF F9 FF EE 07 75 FA AB 
F1 7A 00 A1 00 11 07 E9 FF DF 00 02 FF FB 00 68 09 B2 98 1D 
F1 7B 00 A0 00 14 07 C8 FF E0 00 02 FF F8 FF A4 07 68 C7 77 
F3 7C 00 A1 00 04 07 BB FF E1 00 00 FF FA FF E7 05 A1 9B 03 
F1 7D 00 A3 00 01 07 E9 FF DE 00 01 FF FA 00 6D 09 AB 40 C6 
F1 7E 00 A6 00 0B 07 D4 FF E0 00 03 FF FB FF A6 09 EA 99 72 
F3 7F 00 A3 00 0D 07 DE FF DE 00 02 FF FA FF EA 09 77 6E 56 
F1 80 00 A1 00 05 07 DB FF E0 00 03 FF F9 00 72 04 3C CA 27 
F1 81 00 A6 00 06 07 E7 FF E2 00 01 FF FA FF A9 FF 6B 12 C0 
F3 82 00 9D 00 04 07 C6 FF E1 00 02 FF FB FF F0 0A 0B 23 F4 
F1 83 00 9B 00 09 07 B8 FF E0 00 02 FF F9 00 65 08 82 A7 4B 
F1 84 00 A3 00 11 07 D0 FF E0 00 02 FF FB FF A5 08 6B 35 21 
F3 85 00 A3 FF FE 07 C6 FF E0 00 02 FF FA FF E6 04 59 73 47 
F1 86 00 97 00 0B 07 CE FF E0 00 02 FF F8 00 68 01 E0 96 0A 
F1 87 00 97 FF F2 07 C7 FF E0 00 03 FF FA FF A8 0B 1A EA 06 
F3 88 00 97 00 04 07 DE FF DF 00 03 FF FA FF E3 09 57 59 53 
F1 89 00 A3 FF F4 07 E5 FF DF 00 00 FF F9 00 68 03 DD D5 84 
F1 8A 00 99 FF F0 07 F6 FF E0 00 01 FF FC FF A7 06 33 20 DA 
F3 8B 00 90 00 0B 07 E1 FF DF 00 01 FF FA FF EC 01 C3 A3 82 
F1 8C 00 9B 00 15 07 DF FF DF 00 01 FF FA 00 6A 0B 74 21 19 
F1 8D 00 9B 00 0B 07 ED FF E0 00 02 FF FA FF A6 01 FB DF C7 
F3 8E 00 A4 00 09 07 C5 FF E0 00 02 FF F9 FF E7 02 EC E3 16 
F1 8F 00 96 00 11 07 CE FF E0 00 02 FF FB 00 6E 06 06 60 21 
F1 90 00 9E 00 03 07 D1 FF DE 00 02 FF F8 FF A7 04 21 46 22 
F3 91 00 AF 00 05 07 F0 FF E0 00 00 FF FA FF ED 09 7C A2 C4 
F1 92 00 A6 00 0A 07 D1 FF DF 00 00 FF F9 00 69 01 64 6D 54 
F1 93 00 95 FF F8 07 DC FF DF 00 00 FF FB FF A7 01 D9 C0 D3 
F3 94 00 99 00 04 07 DC FF DD 00 03 FF FA FF EA 07 C6 3A 36 
F1 95 00 96 FF FC 07 D8 FF E0 00 00 FF FA 00 67 04 5A E0 1D 
F1 96 00 AC 00 03 07 D4 FF DF 00 02 FF F9 FF A7 07 21 27 06 
F3 97 00 A3 FF FC 07 C3 FF DE 00 01 FF FA FF EA 02 87 E5 C9 
F1 98 00 A9 00 04 07 BF FF DF 00 03 FF FB 00 68 FE C1 E0 37 
F1 99 00 95 00 0B 07 DD FF E0 00 02 FF FA FF A7 09 A8 58 28 
F3 9A 00 98 00 07 07 E4 FF DE 00 03 FF F9 FF EE 01 92 4C 7B 
F1 9B 00 A6 FF FC 07 D2 FF DF 00 00 FF F9 00 71 04 E8 20 3C 
F1 9C 00 A1 00 07 07 C6 FF DF 00 02 FF FB FF A5 03 3E 66 03 
F3 9D 00 98 00 01 07 E0 FF E0 00 02 FF F9 FF E9 01 CD F1 67 
F1 9E 00 97 00 0B 07 E1 FF DF 00 01 FF FA 00 6D 09 2B D4 7B 
F1 9F 00 9E 00 10 07 C4 FF E0 00 03 FF FA FF A4 05 56 A9 38 
