F1 11 00 76 00 17 07 DE FF E0 00 02 FF F8 FF 18 0D 0B 90 A3 
F3 12 00 7B 00 1D 07 CA FF E1 00 03 FF F7 00 34 07 21 22 77 
F1 13 00 82 00 28 07 CF FF E1 00 02 FF F6 00 F3 02 1B CD 4D 
F1 14 00 86 00 0B 07 F1 FF E1 00 03 FF F8 FF 14 08 11 3D EB 
F3 15 00 7A 00 1B 07 E4 FF E1 00 03 FF F8 00 35 05 69 75 29 
F1 16 00 7F 00 0D 07 E0 FF E1 00 04 FF F8 00 FC 0B DD 2C E8 
F1 17 00 8A 00 0F 07 DD FF E2 00 02 FF F8 FF 19 03 21 D1 F9 
F3 18 00 8B 00 0E 07 D4 FF E1 00 03 FF F8 00 35 05 06 96 5E 
F1 19 00 87 00 1A 07 CD FF E1 00 02 FF F5 00 F8 07 7F 82 8A 
F1 1A 00 81 00 0E 07 D4 FF E0 00 02 FF F7 FF 18 06 81 20 F6 
F3 1B 00 74 00 20 07 E6 FF E1 00 03 FF F7 00 35 09 74 DD C3 
F1 1C 00 7F 00 1E 07 E9 FF E2 00 04 FF F7 00 FB 01 C2 E8 D2 
F1 1D 00 91 00 19 07 F6 FF E2 00 03 FF F6 FF 16 02 C0 91 D0 
F3 1E 00 86 00 17 07 E4 FF E0 00 02 FF F6 00 2F 09 8C 2C 34 
F1 1F 00 8A 00 09 07 D5 FF E2 00 03 FF F6 00 F7 05 14 30 06 
F1 20 00 7A 00 0D 07 DC FF E0 00 04 FF F7 FF 16 07 AC DC 35 
F3 21 00 81 00 12 07 EF FF E1 00 03 FF F8 00 38 02 E5 62 C8 
F1 22 00 84 00 0C 07 D6 FF E1 00 03 FF F7 00 F6 FD 68 9A 33 
F1 23 00 74 00 14 07 D9 FF E0 00 03 FF F8 FF 1B 0A 35 97 9E 
F3 24 00 72 00 0F 07 D6 FF DF 00 01 FF F9 00 32 01 7E 4A 25 
F1 25 00 6F 00 26 07 ED FF E0 00 03 FF F8 00 FB 04 9F BC 1F 
F1 26 00 77 00 22 07 D6 FF E0 00 01 FF F6 FF 1A 03 CD 54 A1 
F3 27 00 8A 00 0E 07 CF FF E1 00 03 FF F7 00 36 FE 6C 5E 28 
F1 28 00 84 00 10 07 DC FF E0 00 03 FF F7 00 F4 08 E8 DE 66 
F1 29 00 7A 00 0C 07 DD FF E1 00 01 FF F8 FF 1A 00 BD CF 76 
F3 2A 00 73 00 17 07 D4 FF E0 00 01 FF F8 00 36 03 FE 51 F5 
F1 2B 00 7D 00 1E 07 DC FF E2 00 02 FF F7 00 FD 08 A4 26 92 
F1 2C 00 6A 00 0F 07 DB FF E0 00 01 FF F7 FF 1B FF C1 E9 C9 
F3 2D 00 7B 00 0A 07 D8 FF E1 00 01 FF F7 00 32 0D 98 D7 82 
F1 2E 00 7D FF FD 07 DB FF E0 00 02 FF F5 00 FC 07 11 BF F8 
F1 2F 00 7A 00 17 07 F0 FF DF 00 03 FF F6 FF 18 09 A3 F1 B2 
F3 30 00 79 00 15 07 E2 FF E0 00 02 FF F7 00 35 0E 54 81 1E 
F1 31 00 83 00 1C 07 D4 FF E0 00 02 FF F6 01 07 09 56 28 D9 
F1 32 00 7B 00 09 07 E6 FF E1 00 03 FF F8 FF 18 06 7B B1 EF 
F3 33 00 7D 00 1E 07 F0 FF E0 00 02 FF F7 00 35 09 8C C9 19 
F1 34 00 82 00 18 07 B8 FF E1 00 02 FF F6 00 F8 01 EA 70 8E 
F1 35 00 7D 00 09 07 E6 FF E1 00 03 FF F7 FF 17 09 B6 44 3D 
F3 36 00 68 00 0A 07 CE FF E0 00 02 FF F6 00 31 09 7E E7 5F 
F1 37 00 7C 00 26 07 E6 FF E1 00 03 FF F7 00 FA 08 E0 87 FE 
F1 38 00 7D 00 18 07 D1 FF E1 00 03 FF F7 FF 1A 09 41 C8 C3 
F3 39 00 82 00 0A 07 CB FF DF 00 03 FF F8 00 33 07 37 9D 61 
F1 3A 00 7A 00 06 07 DC FF DF 00 02 FF F7 00 FF 0C E2 6D 9F 
F1 3B 00 7C FF FF 07 DF FF E1 00 03 FF F6 FF 16 0B 81 D0 F9 
F3 3C 00 83 00 12 07 DD FF E2 00 03 FF F6 00 3A 0A C8 4A 74 
F1 3D 00 81 00 1F 07 D4 FF E2 00 03 FF F8 00 FE 09 C5 67 3E 
F1 3E 00 7E 00 21 07 D4 FF DF 00 02 FF F8 FF 20 07 A3 13 AB 
F3 3F 00 75 00 04 07 C9 FF E0 00 02 FF F6 00 31 14 2D 9E 19 
F1 40 00 6F 00 21 07 DD FF DF 00 02 FF F8 00 FE 04 89 D3 0C 
F1 41 00 8F 00 0E 07 CB FF E1 00 03 FF F7 FF 1A 08 40 08 A5 
F3 42 00 72 00 18 07 CB FF E1 00 03 FF F7 00 38 0A 66 6E 52 
F1 43 00 83 00 17 07 BF FF E1 00 04 FF F8 00 FB 06 89 EC BB 
F1 44 00 77 00 10 07 CF FF E0 00 01 FF F7 FF 1B 08 00 E6 F9 
F3 45 00 86 00 04 07 EA FF DF 00 04 FF F7 00 37 03 F5 FB F9 
F1 46 00 7A 00 1C 07 E0 FF E2 00 02 FF F7 00 FA 07 48 E1 3D 
F1 47 00 7F 00 14 07 C1 FF E1 00 01 FF F7 FF 19 08 C8 7B 4A 
F3 48 00 73 00 17 07 DE FF E2 00 03 FF F8 00 39 01 1B 77 56 
F1 49 00 7B 00 18 07 DE FF E1 00 02 FF F7 00 F8 02 FC 48 61 
F1 4A 00 88 00 01 07 B1 FF E1 00 02 FF F8 FF 16 07 A5 AB B5 
F3 4B 00 7D 00 1A 07 F6 FF E1 00 03 FF F7 00 3A 0B 84 78 4E 
F1 4C 00 82 00 12 07 F4 FF DF 00 02 FF F7 00 FE 0A B2 03 9A 
F1 4D 00 7A 00 17 07 B6 FF E0 00 03 FF F9 FF 18 01 1E D7 21 
F3 4E 00 73 00 1F 07 B6 FF E1 00 02 FF F7 00 2F 06 8C 39 B7 
F1 4F 00 82 00 19 07 DD FF E0 00 02 FF F7 00 FA 04 A7 F7 F3 
F1 50 00 78 00 18 07 DC FF E0 00 04 FF F7 FF 16 07 47 D1 D4 
F3 51 00 7A 00 0E 07 DA FF E2 00 02 FF F7 00 38 05 4D 62 89 
F1 52 00 7E 00 0E 07 EC FF E2 00 02 FF F7 00 FD 04 BF 07 86 
F1 53 00 82 00 0D 07 DC FF E3 00 04 FF F6 FF 19 08 A9 D6 6B 
F3 54 00 70 00 07 07 E6 FF E1 00 01 FF F8 00 30 08 38 78 38 
F1 55 00 87 00 22 07 D9 FF E0 00 03 FF F8 00 F6 06 46 F7 98 
F1 56 00 88 00 03 07 D3 FF DF 00 02 FF F6 FF 19 06 BC 61 33 
F3 57 00 7C 00 0A 07 DD FF E2 00 02 FF F9 00 36 04 06 E4 89 
F1 58 00 6E 00 15 07 C7 FF E1 00 03 FF F8 01 06 0D 36 62 6F 
F1 59 00 73 00 0F 07 D5 FF E1 00 02 FF F6 FF 16 0A 34 FC C2 
F3 5A 00 88 00 16 07 C2 FF E0 00 02 FF F7 00 31 08 E3 A4 30 
F1 5B 00 70 00 18 07 CF FF E1 00 03 FF F7 01 00 0A 4F A4 87 
F1 5C 00 73 00 0E 07 F6 FF DF 00 00 FF F7 FF 17 0C 1C 4D 70 
F3 5D 00 7F 00 15 07 DE FF E1 00 03 FF F9 00 31 0F B3 35 55 
F1 5E 00 6F 00 16 07 F4 FF E1 00 03 FF F7 01 00 09 93 18 15 
F1 5F 00 79 00 12 07 D5 FF E1 00 03 FF F8 FF 1A 08 78 44 B0 
F3 60 00 7C 00 1E 07 EF FF E1 00 02 FF F7 00 3A 07 F7 C5 29 
F1 61 00 7F 00 05 07 DD FF E2 00 03 FF F7 00 FA 09 2E 81 9B 
F1 62 00 84 00 0F 07 EB FF E0 00 02 FF F6 FF 13 0B 78 AB 72 
F3 63 00 83 00 0C 07 D9 FF E0 00 03 FF F7 00 33 03 37 4C C2 
F1 64 00 6F 00 05 07 CA FF E1 00 02 FF F6 00 FF 08 62 8E 06 
F1 65 00 74 00 21 07 E9 FF DF 00 03 FF F7 FF 1A 09 C7 AD 12 
F3 66 00 6B 00 10 07 D0 FF E1 00 02 FF F8 00 3B 0A 07 AA B7 
F1 67 00 88 00 28 07 DF FF E3 00 02 FF F7 01 06 09 0D 57 4E 
F1 68 00 7D 00 15 07 E8 FF E2 00 02 FF F8 FF 17 05 1C 1C 6A 
F3 69 00 88 00 07 07 D6 FF E2 00 03 FF F7 00 2F 00 06 E2 FE 
F1 6A 00 75 00 26 07 DB FF E0 00 03 FF F7 01 00 08 1D EF 49 
F1 6B 00 7A 00 1B 07 E9 FF E0 00 02 FF F6 FF 1B 06 11 F1 F3 
F3 6C 00 72 00 18 07 D8 FF E0 00 03 FF F6 00 3B 03 E6 A9 F9 
F1 6D 00 85 00 22 07 DB FF DF 00 03 FF F5 00 FB 05 83 6C 26 
F1 6E 00 7E 00 09 07 D5 FF E2 00 03 FF F8 FF 18 01 EC E6 0C 
F3 6F 00 81 00 17 07 C8 FF DF 00 03 FF F7 00 33 08 3E BB 39 
F1 70 00 76 00 08 07 EF FF DF 00 03 FF F7 00 FD 01 05 21 A0 
F1 71 00 85 00 16 07 DC FF DF 00 02 FF F7 FF 1C 04 0E 40 87 
F3 72 00 87 00 1D 07 C4 FF E1 00 03 FF F7 00 32 07 22 A6 BA 
F1 73 00 78 00 0E 07 F1 FF E1 00 02 FF F7 00 FE 03 46 10 05 
F1 74 00 7F 00 21 07 ED FF E0 00 03 FF F7 FF 18 0A 2B 5D 11 
F3 75 00 7D 00 0A 07 D4 FF E1 00 02 FF F6 00 36 04 2F D0 82 
F1 76 00 7D 00 0E 07 E1 FF E0 00 03 FF F6 00 F6 04 2E 07 97 
F1 77 00 84 00 04 07 D0 FF DF 00 02 FF F6 FF 19 09 9D 67 AB 
F3 78 00 6C 00 18 07 AF FF DF 00 03 FF F7 00 33 01 EA 11 B3 
F1 79 00 79 00 0E 07 C7 FF DF 00 03 FF F8 00 FD 09 65 EE E9 
F1 7A 00 83 00 0A 07 EC FF E2 00 04 FF F8 FF 15 04 88 C6 EC 
F3 7B 00 90 00 11 07 E7 FF E0 00 03 FF F6 00 33 04 F4 53 88 
F1 7C 00 72 00 1D 07 DC FF E0 00 02 FF F8 00 FF 0A 29 49 F7 
F1 7D 00 84 00 0A 07 C4 FF DF 00 02 FF F6 FF 17 04 7E E1 24 
F3 7E 00 82 00 08 07 CD FF E0 00 02 FF F8 00 34 08 DC E1 25 
F1 7F 00 7C 00 0A 07 D4 FF E1 00 03 FF F6 01 00 08 E5 AC 52 
F1 80 00 8B 00 1C 07 C2 FF DF 00 01 FF F8 FF 15 FF 8D C1 A5 
F3 81 00 7B 00 14 07 F1 FF E0 00 01 FF F8 00 34 0C 9D C2 C6 
F1 82 00 7C 00 1A 07 D1 FF E0 00 02 FF F8 00 FE 06 ED FD 97 
F1 83 00 7A 00 0F 07 F4 FF E0 00 01 FF F6 FF 18 08 A0 BA 6E 
F3 84 00 6F 00 08 07 EB FF E1 00 02 FF F7 00 2F 0A DA 7C 98 
F1 85 00 85 00 0A 07 E4 FF E2 00 02 FF F6 00 FE FD D7 9A 15 
F1 86 00 7B 00 0F 07 D5 FF E0 00 02 FF F7 FF 1A 0F 20 21 67 
F3 87 00 92 00 0A 08 04 FF E0 00 03 FF F7 00 2E 07 A3 7A B3 
F1 88 00 88 00 0F 07 DB FF E1 00 02 FF F7 00 FC 06 C0 2C 46 
F1 89 00 7F 00 06 07 E2 FF DF 00 03 FF F7 FF 18 0A E0 4B 46 
F3 8A 00 79 00 1A 07 E2 FF E0 00 02 FF F8 00 32 08 3F A3 91 
F1 8B 00 77 00 0D 07 C9 FF E0 00 03 FF F8 00 FC 0F 4C 4C 58 
F1 8C 00 87 FF FE 07 F5 FF E0 00 04 FF F7 FF 1A 07 45 05 6F 
F3 8D 00 90 00 19 07 E5 FF E0 00 02 FF F9 00 3A 07 BD FF 95 
F1 8E 00 7D 00 1D 07 E7 FF E0 00 01 FF F7 00 FE 06 84 13 BC 
F1 8F 00 8A 00 20 07 C8 FF E0 00 03 FF F7 FF 11 05 3A 33 4B 
F3 90 00 8B 00 0F 07 E6 FF E1 00 04 FF F6 00 34 08 E7 81 5E 
F1 91 00 7C 00 23 07 C6 FF DF 00 02 FF F8 00 FC 01 15 2E 63 
F1 92 00 70 00 17 07 D8 FF E1 00 02 FF F7 FF 1A 05 CB C6 4D 
F3 93 00 6F 00 21 07 DA FF E1 00 01 FF F6 00 30 0A EE 3F 3E 
F1 94 00 78 FF FD 07 D9 FF DF 00 03 FF F5 00 F8 05 76 2C 0E 
F1 95 00 6B 00 1C 07 D6 FF DF 00 01 FF F7 FF 1B 04 38 2D 06 
F3 96 00 75 00 04 07 CD FF E0 00 03 FF F8 00 32 05 70 01 25 
F1 97 00 7B 00 0D 07 A6 FF DF 00 01 FF F8 00 F7 07 AB B7 8E 
F1 98 00 81 00 20 07 F0 FF E0 00 03 FF F7 FF 18 08 79 56 27 
F3 99 00 81 00 1F 07 DD FF E1 00 03 FF F8 00 32 04 05 B3 FA 
F1 9A 00 6F 00 0F 07 CD FF E2 00 01 FF F7 01 02 04 9E 8A AA 
F1 9B 00 79 00 09 07 CF FF E1 00 02 FF F7 FF 16 07 21 79 64 
F3 9C 00 86 00 18 07 F8 FF DF 00 02 FF F9 00 3C 0B 9C FD 91 
F1 9D 00 84 00 2B 07 F8 FF E0 00 01 FF F7 00 FD 0D 24 42 5E 
F1 9E 00 6E 00 20 07 D8 FF E2 00 02 FF F6 FF 13 07 72 05 B1 
F3 9F 00 83 00 15 07 CE FF E0 00 03 FF F8 00 2B 05 81 E4 D8 
F1 A0 00 69 00 12 07 C3 FF E1 00 04 FF F7 00 F8 08 A2 62 3A 
F1 A1 00 78 00 19 07 D6 FF E0 00 02 FF F7 FF 19 0A C8 B7 48 
F3 A2 00 76 00 0F 07 EC FF DF 00 02 FF F8 00 2B 09 DF 3D EA 
F1 A3 00 84 00 14 07 DD FF E0 00 03 FF F6 00 F6 03 6D 9C 5A 
F1 A4 00 81 00 12 07 BE FF E1 00 03 FF F7 FF 1B 09 D8 32 80 
F3 A5 00 78 00 0E 07 F1 FF E0 00 01 FF F8 00 36 0A B5 A8 ED 
F1 A6 00 84 FF FE 07 DB FF E1 00 02 FF F8 00 FD 08 CD C4 DF 
F1 A7 00 7D 00 0D 07 DB FF E0 00 02 FF F8 FF 19 04 8C 96 65 
F3 A8 00 7C 00 1D 07 E8 FF E1 00 01 FF F8 00 33 08 1E 73 FE 
F1 A9 00 79 00 1E 07 ED FF DF 00 01 FF F8 00 FB 10 8C C1 B8 
F1 AA 00 81 00 0F 07 F8 FF DF 00 01 FF F5 FF 18 0E F6 99 A3 
F3 AB 00 88 00 08 07 D1 FF E0 00 02 FF F5 00 36 06 A9 AA 0D 
F1 AC 00 7E 00 0D 07 BD FF E2 00 03 FF F7 01 03 05 7A C2 8F 
F1 AD 00 74 00 19 07 E4 FF E1 00 02 FF F7 FF 1C 06 AD E9 6E 
F3 AE 00 7B 00 14 07 DC FF DF 00 01 FF F7 00 30 0D 1A 8D B1 
F1 AF 00 82 00 14 07 C6 FF E1 00 00 FF F6 00 F8 0B B7 CA DE 
F1 B0 00 86 00 04 07 C2 FF DF 00 03 FF F7 FF 1C 05 F1 34 D9 
F3 B1 00 78 00 11 07 C2 FF E1 00 05 FF F7 00 34 08 5B FE C1 
F1 B2 00 82 00 07 07 DE FF E1 00 02 FF F8 00 F7 0B 1A C9 3A 
F1 B3 00 7D 00 18 07 D8 FF E2 00 03 FF F6 FF 1A 0B B4 AA F7 
F3 B4 00 7D 00 17 07 C8 FF E0 00 02 FF F8 00 35 07 F8 20 AA 
F1 B5 00 7B 00 1C 07 C8 FF E1 00 01 FF F6 01 01 03 A6 36 B8 
F1 B6 00 77 00 0E 07 BA FF E1 00 00 FF F8 FF 1C 07 53 04 A8 
F3 B7 00 7D 00 09 07 C7 FF E0 00 02 FF F6 00 32 03 BA E6 40 
F1 B8 00 72 00 18 07 DE FF DF 00 02 FF F7 00 F3 03 F0 FE 0C 
F1 B9 00 7C 00 03 07 DD FF E1 00 02 FF F7 FF 17 03 5D 61 11 
F3 BA 00 7C 00 08 07 B8 FF E0 00 02 FF F7 00 2E 01 22 11 84 
F1 BB 00 6B 00 07 07 F1 FF E2 00 02 FF F9 00 F4 08 C6 94 D0 
F1 BC 00 70 00 05 07 CB FF E1 00 02 FF F8 FF 19 02 7C DC A4 
F3 BD 00 7E 00 0F 07 C3 FF E1 00 03 FF F5 00 3A 04 36 A0 3F 
F1 BE 00 89 00 19 07 CD FF E1 00 01 FF F6 00 F7 04 FC EC 7C 
F1 BF 00 86 00 11 07 C6 FF E0 00 03 FF F7 FF 1B 02 F2 86 68 
F3 C0 00 88 00 16 07 EB FF E0 00 02 FF F8 00 32 0A EB E7 93 
F1 C1 00 7E 00 14 07 E5 FF E1 00 02 FF F7 01 02 00 30 0D 76 
F1 C2 00 74 00 26 07 CE FF E1 00 02 FF F9 FF 16 05 D4 B8 9B 
F3 C3 00 84 00 0E 08 03 FF E2 00 03 FF F7 00 35 07 CA 7D B4 
F1 C4 00 7D 00 1D 07 D6 FF DF 00 00 FF F8 00 FC 01 D0 B6 2A 
F1 C5 00 8D 00 14 07 DC FF E1 00 03 FF F7 FF 1D 08 D1 0B 5C 
F3 C6 00 7A 00 29 07 B9 FF E1 00 02 FF F7 00 30 02 7C B4 1B 
F1 C7 00 79 00 10 07 D5 FF E1 00 03 FF F6 00 F4 02 CF A0 A3 
F1 C8 00 7B 00 1F 07 DC FF E0 00 04 FF F7 FF 1A 08 B7 1B A0 
F3 C9 00 6C 00 12 07 CB FF E0 00 04 FF F5 00 39 02 A7 D7 44 
F1 CA 00 6C 00 15 07 F6 FF DF 00 03 FF F8 00 F8 07 DD 6D 69 
F1 CB 00 6D 00 04 07 E5 FF E1 00 03 FF F7 FF 1A 04 D8 CF EF 
F3 CC 00 85 00 0A 07 CD FF E0 00 03 FF F9 00 39 02 C0 8C AC 
F1 CD 00 8D 00 17 07 B4 FF E1 00 03 FF F7 00 FC 0A C3 87 7B 
F1 CE 00 72 00 18 07 DB FF E2 00 02 FF F6 FF 19 05 B6 E1 DE 
F3 CF 00 92 00 0C 07 E5 FF E1 00 03 FF F8 00 33 07 FE A2 D3 
F1 D0 00 88 00 03 07 D3 FF DF 00 03 FF F6 00 F0 07 2F BE FE 
F1 D1 00 82 00 0F 08 0F FF DE 00 04 FF F7 FF 16 01 5A 37 8F 
F3 D2 00 79 00 27 07 CB FF E0 00 03 FF F8 00 32 0A 5C 60 B7 
F1 D3 00 76 00 1D 07 C4 FF E0 00 02 FF F8 01 00 03 7D 05 7C 
F1 D4 00 8A 00 04 07 D5 FF E1 00 02 FF F7 FF 18 04 A7 19 F6 
F3 D5 00 79 00 01 07 D0 FF DF 00 04 FF F6 00 33 05 E0 C4 B0 
F1 D6 00 7A 00 17 07 C8 FF E1 00 03 FF F7 00 F2 00 11 AD F0 
F1 D7 00 7F 00 16 07 DD FF E2 00 01 FF F6 FF 18 0B 79 EB FD 
F3 D8 00 79 00 0A 07 F7 FF E0 00 03 FF F8 00 36 04 D5 53 7F 
F1 D9 00 6C 00 06 07 DC FF E0 00 01 FF F7 00 F6 04 DE 24 65 
F1 DA 00 7B 00 1D 07 D3 FF E0 00 04 FF F6 FF 18 03 1F 09 B9 
F3 DB 00 76 00 0A 07 DD FF DF 00 02 FF F8 00 2F 04 84 D6 DD 
F1 DC 00 7D FF FD 07 E6 FF E0 00 01 FF F5 00 FE 09 32 61 18 
F1 DD 00 91 00 0F 07 E7 FF E1 00 04 FF F6 FF 14 09 C0 8B ED 
F3 DE 00 83 FF FF 07 D6 FF E0 00 03 FF F9 00 35 02 11 6C 80 
F1 DF 00 6D 00 0B 07 E8 FF E1 00 02 FF F8 00 FB 0B B8 05 16 
F1 E0 00 78 00 11 07 C6 FF E1 00 02 FF F8 FF 17 FE 77 9D 23 
F3 E1 00 73 00 24 07 E4 FF E0 00 03 FF F8 00 37 07 CD F9 D6 
F1 E2 00 85 00 12 07 C5 FF E0 00 02 FF F7 01 00 09 6E C8 46 
F1 E3 00 7D 00 18 08 07 FF E1 00 01 FF F8 FF 1A 0D 3F C4 2A 
F3 E4 00 7E 00 1E 07 C1 FF DF 00 02 FF F7 00 30 10 6A 4A 34 
F1 E5 00 72 00 0F 07 DB FF E1 00 03 FF F6 00 FF 04 37 C9 D9 
F1 E6 00 6F 00 15 07 DD FF E0 00 01 FF F8 FF 19 05 C6 13 F7 
F3 E7 00 82 00 0E 07 E8 FF E2 00 04 FF F8 00 2F 0B 4A 56 3D 
F1 E8 00 72 00 07 07 D5 FF E0 00 03 FF F6 00 FC 0A C0 4B 07 
F1 E9 00 7F 00 05 07 F6 FF E1 00 01 FF F6 FF 18 12 FB A0 D8 
F3 EA 00 7B 00 08 07 C1 FF E0 00 03 FF F7 00 32 FE 5D CC A7 
F1 EB 00 94 FF FB 07 D2 FF E0 00 02 FF F6 00 FD 15 9E 27 10 
F1 EC 00 8B 00 0C 07 CF FF E2 00 03 FF F6 FF 19 13 A6 CC C2 
F3 ED 00 79 00 24 07 CE FF E1 00 03 FF F6 00 36 1A 89 91 41 
F1 EE 00 81 00 05 07 D9 FF E0 00 03 FF F9 00 F8 1A B3 EA 5A 
F1 EF 00 61 00 16 07 E8 FF E4 00 03 FF F4 FF 19 00 AD 99 D8 
F3 F0 00 A8 00 06 07 F1 FF F1 00 0A FF EE 00 31 0C C5 CD C5 
F1 F1 08 43 FF 0F 08 3F 00 1F 00 6A FF 91 00 FC 02 E5 95 8F 
F1 F2 F8 E8 FE B6 07 F2 00 4A 00 AB 00 1F FF 19 09 0F 8A 14 
F3 F3 01 39 02 47 0B 33 00 2E FF ED 03 22 00 35 06 67 25 20 
F1 F4 FF 59 03 C8 0B 38 01 89 01 0F 03 D5 00 F7 0B 5B 09 E4 
F1 F5 00 1A 04 04 07 EB 02 77 01 E2 06 5D FF 1B 0D D6 1C 86 
F3 F6 01 AA 03 BA 06 56 00 43 00 85 08 FE 00 33 12 3B 92 ED 
F1 F7 01 4D 01 DD 05 B9 FA 7E 00 68 09 27 00 FF 05 0A 89 9D 
F1 F8 FF ED FF B1 08 7C F7 6E 06 4D 08 A4 FF 18 03 C4 53 45 
F3 F9 FD 90 FF 68 06 BF F7 60 08 B4 08 99 00 26 01 D3 5F EA 
F1 FA FD CF FF DE 06 D5 F6 36 03 85 09 AE 00 EC 07 E1 35 E9 
F1 FB 00 72 FE A5 05 C4 F6 11 03 3C 09 D1 FF 1B 07 43 31 98 
F3 FC FF 9C FD E8 06 C2 F7 3D 04 07 08 CE 00 3C 04 56 82 A7 
F1 FD FC BD FC BB 06 34 F9 41 04 FD 09 70 00 F2 06 3B 3B 8F 
F1 FE FA EC FC C7 06 97 FA C0 04 83 0C 59 FF 1D 0B 45 AA 64 
F3 FF FC A6 FC 07 05 5E FC 2D 01 4D 0F A5 00 55 0C 2A 70 68 
F1 00 00 5F FC 89 06 6F FD DB FE EB 10 45 00 F7 05 DC 4B 41 
F1 01 FE 2B FC 4F 05 94 FF E4 FD 11 0E EA FF 25 01 CA 09 96 
F3 02 FD 98 FC 8D 04 35 00 73 FC B6 0F 5B 00 59 09 AA B0 3C 
F1 03 FD 5D FC EE 03 BC FF 11 FE 9D 0F D4 00 F3 08 7B 74 D3 
F1 04 FC FB FC F6 05 23 FD 33 00 4B 0F BB FF 27 04 A1 DD 0E 
F3 05 FD 65 FC D2 06 EA FC CE 00 15 0F 9C 00 59 05 4E C1 E5 
F1 06 FC C8 FD 80 07 4F FD D1 FD B6 0E FE 00 D9 FF 7D 1C D5 
F1 07 FC D1 FE 43 06 0A FE 5E FC CD 0E 85 FF 29 0F 83 F2 F0 
F3 08 FC 90 FF 21 06 5C FE 1F FE 13 0D ED 00 63 02 89 CE 89 
F1 09 FB E6 00 1E 07 CB FD F8 FE A1 0D 9F 00 C7 06 26 BC F2 
F1 0A FC 53 00 2F 08 9D FE 14 FE B3 0D 82 FF 23 0C 34 01 D3 
F3 0B FD 59 00 4A 07 4C FD BC FE 9D 0C DB 00 69 0A 05 7E A1 
F1 0C FD 90 00 10 08 22 FC E3 FE E0 0B 2F 00 BE 10 C4 46 BD 
F1 0D FD 70 00 16 09 08 FD 9F FE 35 09 C9 FF 29 FE FD 87 4A 
F3 0E FD 3D 00 A1 08 6A FE B9 FD FD 08 94 00 75 0A 04 A6 91 
F1 0F FD 55 00 64 07 7A FE DB FE AA 07 7A 00 B9 0B E8 57 4E 
F1 10 FD 11 01 38 08 AF FE 42 FE 69 06 80 FF 2C 04 B5 C9 44 
F3 11 FD 4E 01 09 0B 17 FE 5F FE 5C 05 7E 00 83 0B AD F7 07 
F1 12 FD 19 01 DA 0C 3F FF 6C FE 03 04 B1 00 B2 04 07 2F 3F 
F1 13 FD DC 01 EB 0A 22 FF 39 FD B6 04 97 FF 28 04 D1 DD 28 
F3 14 FD 4D 02 99 0B C6 FE BB FD 4B 04 85 00 80 08 31 CC F9 
F1 15 FC 57 03 C4 0C 07 FF 63 FD 09 05 65 00 B5 02 D6 BB 5D 
F1 16 FB C9 05 B1 0C A3 00 0D FC F7 06 DF FF 28 07 7F E1 78 
F3 17 FA 67 08 CC 0E 1F 01 58 FC DB 08 6F 00 90 02 48 76 3E 
F1 18 F7 59 0F 31 10 95 03 F7 FE CB 0A 14 00 B3 FD BC C4 E9 
F1 19 F5 09 1D 2E 10 C2 06 61 FE 9F 0A 8A FF 21 0D 70 CF 5B 
F3 1A F9 6D 2B 28 06 D9 04 E6 FD 48 FF 30 00 91 0F C9 C0 F8 
F1 1B 12 B7 16 E7 24 35 08 86 19 03 D8 23 00 B2 F5 BF 79 22 
F1 1C 11 06 F1 23 13 32 35 24 1E 35 94 7A FF 25 75 1F C9 9E 
F3 1D C7 D5 01 17 06 04 3F 53 05 87 80 00 00 87 7F BC F1 84 
F1 1E A3 D3 27 E7 02 97 1C 47 CE AB 80 00 00 B4 7F BC 7D 9C 
F1 1F E8 39 4A CD D7 56 FC 0C 0A AB B6 6D FF 26 7F BC 8A 4C 
F3 20 FA C4 33 B5 06 E2 E9 D2 28 63 DA 87 00 6C 52 64 9A C1 
F1 21 03 B6 1A 51 15 9F F0 20 18 A6 F3 C0 01 2A 17 10 CA 58 
F1 22 06 F1 0A 87 0D A9 F7 ED 00 CF 05 4D FF 1A 7F BC 1B BF 
F3 23 0C 38 02 F4 07 97 FE AF FE 7E 0A A2 00 B2 6B 31 C7 2E 
F1 24 09 D1 FC F2 07 C5 01 96 04 56 04 4C 01 62 31 1C F7 AA 
F1 25 03 0E FB 44 0A 0E 03 AB 01 29 00 81 FE FB 2C 93 34 59 
F3 26 02 03 FC 2E 08 0E 04 FF FB 3D 02 84 00 A5 0D FC 11 F4 
F1 27 04 57 FC BE 04 F3 03 C0 F9 A8 02 E7 01 72 13 32 01 60 
F1 28 01 E7 FB 97 04 E4 00 C4 FD C9 00 DA FE F7 15 43 E4 88 
F3 29 00 10 FB 13 06 CA FE 7E FF 2B 01 6F 00 97 04 2D 34 A8 
F1 2A 00 62 FB 8C 08 B5 FE 4D FD 9B 03 8A 01 6B 03 0E 59 6C 
F1 2B 01 DB FC 1D 08 17 FF AE FC 72 03 D6 FF 04 06 8C D1 8C 
F3 2C 00 9A FB CF 08 4D 00 B0 FE 9F 02 D4 00 96 FD 54 86 34 
F1 2D FF 8B FB D1 07 E7 01 59 FF 38 03 62 01 6B 01 9F 80 84 
F1 2E FF FB FC 8C 07 54 00 DF FD F2 04 A8 FE FE 0A 8F 1A A0 
F3 2F 00 44 FD 75 07 F6 00 D9 FC DA 05 AB 00 92 08 34 30 28 
F1 30 00 A7 FE 8D 07 0B 01 9D FC 97 06 20 01 6B 09 13 97 8A 
F1 31 01 71 FF 8D 04 58 01 5B FD 95 06 2C FF 00 07 83 3E 99 
F3 32 01 9E 00 67 02 E7 FF 04 FF A4 06 90 00 8A 02 D8 B4 EF 
F1 33 FF F8 00 81 06 40 FD D1 01 69 08 14 01 5D 08 85 C3 8D 
F1 34 FF 87 01 27 07 46 FF 15 02 46 0A 8B FF 07 0A C5 45 CC 
F3 35 00 61 00 56 05 5E FF C4 01 CD 0C A8 00 7B 0B 3C 16 5C 
F1 36 01 33 FF 0A 04 C3 00 08 02 4A 0E 20 01 6F 06 C5 54 55 
F1 37 FD 7A FF 16 06 EE 00 61 01 9C 0F 1D FF 09 01 50 2C E0 
F3 38 FC 49 FE 3D 07 43 01 26 03 9F 11 1C 00 60 0A 80 97 EA 
F1 39 01 3D FD B6 03 E2 00 B3 06 0D 10 99 01 69 08 B3 4B A1 
F1 3A FD 95 FE 55 03 60 FD D2 0B A2 0A FE FF 03 08 DD FA 82 
F3 3B F6 98 FE 48 02 42 FA 03 13 6C 07 76 00 47 03 4A 4D 17 
F1 3C F4 D1 FB A7 FD FA F4 B3 19 5C 07 64 01 69 00 BF BB CA 
F1 3D F4 58 F9 09 FF 98 EF BF 20 DA 05 3E FF 00 04 7D CE BE 
F3 3E F1 65 00 67 04 0E F1 96 28 AE 02 09 00 42 09 BB 78 7B 
F1 3F F5 FB FD 0E FA 6E F4 3B 28 AC FE D8 01 75 0B E9 99 17 
F1 40 F7 CA FF 3C F6 CA F3 39 25 77 FC B1 FE E8 0E 1B D5 AD 
F3 41 F9 AC FE 16 F5 5C F3 37 26 6A FC 1F 00 3C 0C 6A 75 05 
F1 42 FB 7D FE DF F9 E7 F6 3C 1D 80 FB E3 01 6B 0D 40 AB 12 
F1 43 FB 0C FF B0 F9 4B FC 10 0B D6 FD 4D FE AF 05 E8 E5 1B 
F3 44 FC EA 00 55 F6 8E 00 00 00 71 FF DE 00 35 05 3F AC 61 
F1 45 FE 88 FF DE F3 80 01 1A FF 59 01 7C 01 35 04 DA 4B BC 
F1 46 FE 4E FE 09 F5 13 00 01 04 CF 01 FF FE 91 0E 8C 98 94 
F3 47 FD 26 FF 4E F7 48 FF 88 0B 13 02 84 00 35 0D 85 5B EA 
F1 48 FE 4E FF FD F7 AD FF 6A 0B C1 03 04 01 2A FD 42 ED 51 
F1 49 FF ED FF B6 F7 7F FF 5C 06 A2 02 B9 FE 91 04 6D 39 81 
F3 4A FF 5D FE A6 F7 68 FE A6 04 24 01 99 00 35 05 11 69 C6 
F1 4B FC 71 FF 09 F5 00 FE AA 05 BE 00 E9 01 02 0B 87 1B 21 
F1 4C FD F9 00 4A F6 B0 00 A5 FE 03 01 83 FE 8B 04 B3 63 75 
F3 4D FC 2A FD AC F8 23 05 FB EA D6 00 FF 00 35 03 09 68 48 
F1 4E FC 97 FE A2 F7 BB 0C 01 E6 BB FE EB 00 F8 0B A7 EB F2 
F1 4F FB 32 FE DE F9 35 0D BE E5 F2 FB 79 FE 8B 03 65 A5 6E 
F3 50 F8 73 FE A0 FA 26 0B 02 DC 9C FA 2D 00 43 06 0B 15 5F 
F1 51 FA 1B FC 68 FD EE 06 CD D2 06 FA E3 01 14 04 29 62 FC 
F1 52 FA 22 FB 30 FF 0C 05 A3 D3 6D FC 45 FE 87 02 2F B0 48 
F3 53 F8 C9 FB E1 02 CE 06 B5 D9 C3 FE D5 00 5B 0C A2 E0 DC 
F1 54 F6 E1 FC 9F 02 01 09 09 DA E8 02 DA 01 7C 04 CE 31 53 
F1 55 F9 1B FB 45 03 52 0C 3D D7 B4 06 81 FE BA 06 A0 72 1C 
F3 56 FA 85 FC 9D 00 BF 0F FD E1 F3 06 06 00 61 0F 41 92 FA 
F1 57 FB 80 FD F3 04 8C 0F CB ED 81 03 52 01 73 06 2F 05 7D 
F1 58 FE 31 FE F8 02 E8 0C 6B EE 3B 00 F9 FE EE 0E A6 9C B9 
F3 59 FD 66 00 9E 04 E4 07 19 F2 6F FE E2 00 48 02 91 16 B2 
F1 5A FE 5D 00 AB 08 7A 04 47 F7 F3 FF C7 01 3C 02 39 AA F2 
F1 5B 00 18 01 27 09 87 04 E3 F9 D0 00 27 FF 12 08 C1 AD AE 
F3 5C 00 CF 01 2C 07 60 05 5C F9 B0 FF 9C 00 2C 03 9C A6 F4 
F1 5D 00 5B 01 45 06 13 04 80 FB 06 FF 27 01 12 0D 06 E0 F9 
F1 5E FF FF 01 4A 06 56 02 51 FE 3C FF 1F FF 13 01 EB B3 C1 
F3 5F 01 18 00 62 0C 87 FB 9C FB 63 00 34 00 2E 16 FC F4 29 
F1 60 04 19 00 52 07 DE FD 45 FD 74 00 8C 01 03 0C DE C1 B3 
F1 61 00 2A 00 C8 08 F1 00 57 00 42 FF 66 FF 12 04 72 29 DA 
F3 62 FF C2 01 03 07 B9 01 70 00 3A 00 71 00 29 0B C6 C1 87 
F1 63 01 17 01 8C 06 92 00 A8 00 90 00 84 00 FE 03 2B 89 48 
F1 64 00 51 01 DD 0D C2 FF DD 00 96 00 2F FF 13 01 21 11 3E 
F3 65 00 E6 01 5A 08 48 FF EA FF C7 FF B5 00 23 0D 42 D4 3F 
F1 66 01 BD 01 5F 08 4F 00 00 FF 16 FE 57 00 FB 00 96 43 55 
F1 67 FD F1 01 73 07 80 FF F4 FF 8A FC DB FF 15 07 92 E3 39 
F3 68 FD 7E 00 12 05 62 FF D8 00 40 FD EA 00 26 05 E0 6A E4 
F1 69 00 2A 00 A0 07 88 FF 81 01 B6 FE C3 00 FE 02 76 15 48 
F1 6A 00 8D 00 AB 07 E5 FF 67 01 35 FE A7 FF 10 10 03 D1 21 
F3 6B 00 E0 00 C4 08 4D FF 80 00 82 FE 78 00 23 01 D5 F4 AA 
F1 6C 00 B0 01 2E 07 06 FF 9E 00 9A FE 6C 01 00 04 B0 C4 B4 
F1 6D FF 4B 00 8A 08 20 FF C8 FF AE FE 91 FF 12 06 CC 06 6D 
F3 6E 00 18 00 0A 08 5B FF E0 FE BF FE ED 00 2A 04 2F 50 5A 
F1 6F 01 35 02 24 07 BD FF D8 00 28 FE FF 01 07 0E 0A AF 18 
F1 70 00 53 01 36 07 CD FF 9B 01 BD FE BB FF 10 05 59 22 3B 
F3 71 FF F4 00 AF 06 A5 FF 69 01 EE FE B6 00 2B 06 CB 7B 70 
F1 72 FF 20 00 78 07 E5 FE F6 01 3A FE F9 01 0A 08 39 A1 2E 
F1 73 FE 60 01 10 07 4C FE 92 00 CD FF 74 FF 16 03 0E AF E1 
F3 74 FF 9F 00 44 09 B5 FF 2E FF 83 FF DD 00 2E 07 AF 3B C0 
F1 75 01 52 01 14 07 80 FF E5 FE 90 FF D3 01 10 01 8F 73 54 
F1 76 FF EE 00 B6 06 67 FF 67 FC B6 FF 5D FF 13 07 A1 B2 47 
F3 77 FF AA 00 28 07 00 FE 76 FC 76 FF 86 00 31 0A D5 91 C5 
F1 78 00 42 00 31 06 40 FD DE 00 57 FF E6 01 02 07 23 D7 C9 
F1 79 FF D4 FF EA 07 71 FD 09 00 61 00 1B FF 17 06 6D 89 EB 
F3 7A 00 67 00 87 09 C6 FD 13 FE 08 00 5A 00 32 06 BA AA 1E 
F1 7B 00 B6 FF E7 0A E9 FD 8B 00 8F 00 1E 01 02 09 FA EC 3F 
F1 7C 00 B2 00 DB 06 D9 FF F0 00 5D FF AF FF 19 25 98 64 FA 
F3 7D FF FA 00 4E 08 11 FF E1 FF FF FF B8 00 39 07 66 C4 37 
F1 7E 00 D5 00 32 07 03 FF DB FF FC FF B6 01 09 03 86 58 14 
F1 7F 00 5A 00 32 07 06 FF CB FF F9 FF 84 FF 19 0B 9D FC 8B 
F3 80 FF 2E FF A6 07 F4 FF DB 00 04 FF C7 00 35 0B 6E BB 46 
F1 81 00 66 00 11 08 1F FF D7 FF E5 FF F9 00 FB 0E 4B 6C DB 
F1 82 00 7B 00 1C 07 84 FF E0 FF FE FF F8 FF 1A 04 84 D7 8E 
F3 83 00 6F 00 0B 07 AF FF E1 00 01 FF F7 00 32 0B 11 56 A7 
F1 84 00 79 00 08 07 F6 FF E1 00 02 FF F8 01 07 15 59 E4 0B 
F1 85 00 70 00 23 07 99 FF E0 00 02 FF F6 FF 1A 0B 95 D1 49 
F3 86 00 6A 00 1A 07 FF FF E0 00 01 FF F7 00 37 0F 4F 05 90 
F1 87 00 70 00 06 07 D9 FF E0 00 03 FF F8 00 FE FE EE BA AD 
F1 88 00 81 00 23 07 E2 FF E0 00 03 FF F7 FF 19 0B C8 A7 94 
F3 89 00 76 00 0F 07 F8 FF E1 00 02 FF F8 00 37 07 63 47 8B 
F1 8A 00 6F 00 10 07 DE FF E0 00 01 FF F7 01 0D 04 EB AA EE 
F1 8B 00 79 00 29 07 E8 FF E2 00 01 FF F7 FF 19 05 C3 AB 33 
F3 8C 00 6F 00 1F 07 E8 FF E1 00 02 FF F9 00 37 05 82 B1 67 
F1 8D 00 79 00 0B 07 ED FF DE 00 01 FF F7 01 0B 0B 9B 4E 2B 
F1 8E 00 5B 00 16 07 C5 FF E3 00 05 FF F8 FF 18 09 B2 00 17 
F3 8F 00 73 00 1F 07 EA FF E3 00 03 FF F9 00 40 04 45 6B 8B 
F1 90 00 7A 00 0D 07 E9 FF E1 00 02 FF F7 01 0C 05 AC ED A6 
F1 91 00 77 00 07 07 E4 FF E1 00 03 FF F8 FF 1B 04 F2 EB 25 
F3 92 00 74 00 07 07 EB FF E0 00 03 FF F8 00 33 09 45 6C D1 
F1 93 00 78 00 0D 07 D3 FF E2 00 04 FF F7 01 08 04 98 79 64 
F1 94 00 76 00 17 07 CF FF E0 00 02 FF F8 FF 1B 06 D6 21 CF 
F3 95 00 7B 00 16 07 D5 FF E0 00 04 FF F8 00 39 06 EC 54 3F 
F1 96 00 91 00 1F 07 B3 FF E0 00 02 FF F7 01 05 07 49 99 79 
F1 97 00 78 00 07 07 C8 FF E0 00 02 FF F8 FF 17 07 46 1B 27 
F3 98 00 70 00 21 07 E5 FF E0 00 02 FF F8 00 33 05 16 37 54 
F1 99 00 6B 00 18 07 D3 FF E3 00 02 FF F8 01 0C 01 77 24 6E 
F1 9A 00 61 00 1E 07 FA FF E1 00 00 FF F8 FF 1B 0C B6 C2 53 
F3 9B 00 68 00 1B 07 E8 FF E2 00 01 FF F5 00 3F 04 D3 0E 5B 
F1 9C 00 82 00 19 07 E1 FF DF 00 01 FF F7 01 02 07 C5 CD 72 
F1 9D 00 87 00 0C 07 D8 FF DF 00 03 FF F7 FF 16 08 0B D1 CF 
F3 9E 00 7D 00 14 07 B4 FF E2 00 03 FF F7 00 36 06 6C 8F 21 
F1 9F 00 82 00 0B 07 D6 FF DF 00 03 FF F9 01 06 0B 33 0F E3 
F1 A0 00 6D 00 17 07 E7 FF E1 00 03 FF F8 FF 17 05 5C 81 E8 
F3 A1 00 5C 00 27 07 DC FF E1 00 04 FF F7 00 3E 05 F9 C8 C2 
F1 A2 00 6B 00 0C 07 D9 FF E1 00 03 FF F9 01 08 08 79 F2 BE 
F1 A3 00 79 00 1C 07 D9 FF E1 00 03 FF F8 FF 1A 07 A1 17 B5 
F3 A4 00 68 00 17 07 B8 FF E1 00 02 FF F7 00 33 0D 4E EA 51 
F1 A5 00 6A 00 10 07 E4 FF E1 00 02 FF F7 01 08 02 39 32 AE 
F1 A6 00 65 00 0F 07 DE FF E0 00 03 FF F7 FF 19 02 77 C5 CA 
F3 A7 00 79 00 1C 07 D5 FF E1 00 03 FF F6 00 37 08 44 AA 9E 
F1 A8 00 61 00 1D 07 F2 FF E2 00 03 FF F9 01 07 FE BA 4C 12 
F1 A9 00 77 00 22 07 D9 FF E0 00 03 FF F6 FF 15 0D A6 68 34 
F3 AA 00 77 00 0E 07 DE FF E1 00 02 FF F7 00 32 00 0B 00 8E 
F1 AB 00 78 00 1F 07 E6 FF E0 00 03 FF F7 01 05 04 92 0A 74 
F1 AC 00 83 00 11 07 D3 FF E0 00 02 FF F6 FF 18 06 85 C9 E6 
F3 AD 00 73 00 11 07 DF FF E0 00 02 FF F8 00 36 03 A6 85 33 
F1 AE 00 7D 00 11 07 D1 FF DF 00 04 FF F6 01 08 06 DA 0C 27 
F1 AF 00 75 00 18 07 DC FF E1 00 03 FF F8 FF 19 01 E6 28 AC 
F3 B0 00 83 00 1F 07 E9 FF E2 00 02 FF F8 00 3F FF 9B 81 EB 
F1 B1 00 6B 00 1F 07 E0 FF E1 00 02 FF F7 01 0B 09 63 2F DB 
F1 B2 00 85 00 1B 07 E9 FF E0 00 05 FF F8 FF 15 01 94 97 0C 
F3 B3 00 89 00 12 07 DA FF E1 00 03 FF F7 00 39 02 19 80 53 
F1 B4 00 74 00 0C 07 D6 FF DF 00 01 FF F6 01 06 04 43 5F 82 
F1 B5 00 81 00 20 07 DF FF E1 00 04 FF F7 FF 16 03 A1 E0 FF 
F3 B6 00 6D 00 11 07 DE FF E0 00 02 FF F8 00 3B 08 2E C4 C2 
F1 B7 00 75 00 02 07 E6 FF E1 00 01 FF F8 01 0A 01 ED 2D 43 
F1 B8 00 6D 00 14 07 C3 FF E0 00 03 FF F7 FF 17 04 41 52 16 
F3 B9 00 6D 00 22 07 CD FF E1 00 02 FF F7 00 34 06 7E 33 D3 
F1 BA 00 86 00 09 07 DE FF E0 00 04 FF F7 01 16 04 3C CB 79 
F1 BB 00 88 00 1B 07 D8 FF E2 00 02 FF F6 FF 18 0B 2C AE 39 
F3 BC 00 78 00 0F 07 CD FF E0 00 02 FF F7 00 36 01 8B DE EF 
F1 BD 00 6A 00 15 07 FF FF E2 00 03 FF F8 01 13 03 F7 2C C5 
F1 BE 00 6E 00 1C 07 D9 FF E2 00 02 FF F7 FF 1B 09 CC B2 3B 
F3 BF 00 6F 00 19 07 AA FF E2 00 03 FF F8 00 3A 05 3B 82 98 
F1 C0 00 7C 00 15 07 D0 FF E0 00 03 FF F7 01 07 07 82 C5 DB 
F1 C1 00 73 00 10 08 07 FF E1 00 03 FF F7 FF 1A 01 88 B4 D3 
F3 C2 00 6F 00 12 07 BF FF DF 00 01 FF F7 00 35 07 E1 9B 66 
F1 C3 00 79 00 11 07 EC FF E0 00 03 FF F9 01 03 0A 10 0E 5F 
F1 C4 00 87 00 23 07 D5 FF E2 00 04 FF F7 FF 1A 04 51 9F 44 
F3 C5 00 73 00 14 07 E0 FF E2 00 02 FF F8 00 3A 05 33 B8 23 
F1 C6 00 6E 00 0B 07 DF FF E1 00 02 FF F7 01 0B 07 13 08 C9 
F1 C7 00 6A 00 1E 07 EB FF E2 00 02 FF F7 FF 17 05 E0 E4 AC 
F3 C8 00 7F 00 04 07 ED FF E1 00 01 FF F8 00 34 0D 7B 43 38 
F1 C9 00 86 00 1A 07 E1 FF E1 00 02 FF F8 01 05 08 4A 63 CD 
F1 CA 00 94 00 02 08 5A FF E3 00 04 FF F6 FF 1A 04 D1 7E 3C 
F3 CB 00 84 00 07 08 04 FF DF 00 02 FF F6 00 3E 09 B3 19 61 
F1 CC 00 86 00 16 08 09 FF DF 00 02 FF F7 01 01 09 52 76 7C 
F1 CD 00 76 00 1A 07 DB FF E1 00 02 FF F8 FF 18 0B 40 B8 86 
F3 CE 00 6D 00 08 07 F1 FF DF 00 02 FF F6 00 39 05 4C 97 37 
F1 CF 00 7D FF FF 08 01 FF E0 00 02 FF F6 01 08 01 3E C0 91 
F1 D0 00 6C 00 08 07 9F FF E3 00 06 FF F8 FF 15 0C 8F 2B CF 
F3 D1 00 7E 00 1F 07 95 FF DF 00 05 FF F8 00 35 09 FA 93 8E 
F1 D2 00 70 00 0E 07 AC FF E0 00 04 FF F7 01 09 0B 33 2C 2B 
F1 D3 00 78 00 0A 07 D1 FF E0 00 04 FF F7 FF 19 03 FC 51 4D 
F3 D4 00 72 00 24 07 F7 FF E1 00 02 FF F7 00 39 08 E4 83 4B 
F1 D5 00 5C 00 15 07 E2 FF E0 00 02 FF F7 01 01 06 5F 69 70 
F1 D6 00 72 00 0F 07 E6 FF E0 00 02 FF F7 FF 18 04 B7 08 A2 
F3 D7 00 8B 00 21 07 AD FF E2 00 03 FF F8 00 3F 05 27 18 45 
F1 D8 00 83 00 2E 07 D1 FF DF 00 05 FF F8 01 07 02 B6 A8 5F 
F1 D9 00 7C 00 12 07 C4 FF DF 00 04 FF F7 FF 17 08 E7 A5 01 
F3 DA 00 89 00 1F 07 DF FF E0 00 03 FF F8 00 35 09 3C C2 BB 
F1 DB 00 67 00 1C 07 EA FF E1 00 01 FF F7 01 0B 05 83 DC A7 
F1 DC 00 6E 00 14 07 E8 FF E3 00 02 FF F8 FF 15 03 E9 F5 7A 
F3 DD 00 78 00 14 07 DD FF DF 00 02 FF F8 00 39 03 75 40 50 
F1 DE 00 7D 00 11 07 C4 FF DF 00 02 FF F6 00 FD 09 14 7D 9C 
F1 DF 00 7F 00 0B 07 D0 FF E0 00 02 FF F7 FF 19 06 E0 FD 05 
F3 E0 00 69 00 21 07 D0 FF DF 00 02 FF F9 00 34 04 8A 69 AA 
F1 E1 00 75 00 14 07 DE FF E0 00 04 FF F8 01 07 08 8A 9B 10 
F1 E2 00 72 00 09 07 D4 FF DF 00 02 FF F7 FF 17 08 C7 C2 2B 
F3 E3 00 74 00 11 07 E6 FF E0 00 03 FF F6 00 3A 08 A5 0B 4D 
F1 E4 00 81 00 18 07 D8 FF DF 00 02 FF F7 01 05 06 08 55 61 
F1 E5 00 76 00 0A 07 CB FF DF 00 04 FF F7 FF 18 04 05 0B EB 
F3 E6 00 79 00 0A 07 ED FF DF 00 02 FF F7 00 37 0B BB D8 88 
F1 E7 00 89 00 11 07 AF FF E1 00 03 FF F8 01 05 09 52 2E 78 
F1 E8 00 6E 00 15 07 D9 FF E1 00 01 FF F7 FF 18 0A 7E 86 17 
F3 E9 00 7F 00 11 07 FE FF E2 00 03 FF F6 00 38 06 34 86 DA 
F1 EA 00 6D 00 17 07 C9 FF E0 00 04 FF F8 01 0A 04 EC FC 90 
F1 EB 00 75 FF FA 07 CD FF E0 00 03 FF F7 FF 1C 0B 85 BC 3A 
F3 EC 00 81 00 11 07 BE FF E0 00 04 FF F8 00 37 03 51 32 82 
F1 ED 00 7F 00 11 07 D9 FF E0 00 04 FF F7 00 FE 09 D0 FA 67 
F1 EE 00 6E 00 02 07 D8 FF E1 00 04 FF F6 FF 16 08 E6 4C 8A 
F3 EF 00 78 00 1C 07 BF FF E1 00 03 FF F7 00 36 08 BE C4 D0 
F1 F0 00 72 00 21 07 D4 FF DF 00 03 FF F8 01 0C 0C AB E9 2F 
F1 F1 00 85 00 2D 07 CF FF E0 00 02 FF F6 FF 16 05 94 72 6F 
F3 F2 00 77 00 1F 07 D9 FF E1 00 01 FF F7 00 32 04 39 99 A6 
F1 F3 00 88 00 0E 07 D2 FF E1 00 03 FF F8 01 0A 09 63 90 BA 
F1 F4 00 7E 00 12 07 DC FF E1 00 02 FF F7 FF 15 08 1B 91 B0 
F3 F5 00 6E 00 2C 07 ED FF DF 00 02 FF F8 00 34 0F 83 24 87 
F1 F6 00 7E 00 16 07 DD FF E1 00 03 FF F9 01 05 01 B1 CA 15 
F1 F7 00 76 00 26 07 D5 FF E0 00 03 FF F8 FF 1A 05 09 9D C0 
F3 F8 00 87 00 14 07 E1 FF E3 00 03 FF F6 00 35 07 E1 9D A2 
F1 F9 00 78 00 07 07 E1 FF E1 00 02 FF F9 01 0D 02 6D F8 FB 
F1 FA 00 79 00 0A 07 D9 FF E0 00 02 FF F7 FF 19 07 60 D9 1B 
F3 FB 00 84 00 18 07 BD FF E2 00 02 FF F7 00 39 01 EF 64 6D 
F1 FC 00 83 FF FE 07 F0 FF E0 00 02 FF F7 01 09 FE C3 93 C2 
F1 FD 00 7B 00 29 07 EB FF E1 00 03 FF F8 FF 18 08 ED 0A C5 
F3 FE 00 81 00 05 07 DA FF DF 00 03 FF F8 00 38 01 08 55 2B 
F1 FF 00 6C 00 10 07 C7 FF E0 00 03 FF F7 01 03 07 80 9C 20 
F1 00 00 79 00 1F 07 DF FF DF 00 04 FF F9 FF 19 02 7D 4C FC 
F3 01 00 76 00 34 07 DF FF E1 00 03 FF F8 00 33 02 70 F5 71 
F1 02 00 86 00 12 07 DC FF E1 00 01 FF F8 00 FF 09 AC A6 16 
F1 03 00 6E 00 24 07 F5 FF E0 00 03 FF F8 FF 15 02 CC 01 7B 
F3 04 00 8B 00 15 07 EC FF E0 00 02 FF F7 00 36 05 69 31 E7 
F1 05 00 75 00 15 07 E1 FF E0 00 03 FF F8 01 06 06 A5 85 77 
F1 06 00 7F 00 14 07 DC FF E2 00 02 FF F7 FF 19 02 8C 7F 5C 
F3 07 00 6D 00 0E 07 DC FF E1 00 02 FF F8 00 37 08 F1 D5 AE 
F1 08 00 7B 00 10 07 DE FF DF 00 02 FF F8 01 09 05 13 FE D1 
F1 09 00 85 00 11 07 E5 FF DF 00 03 FF F7 FF 13 03 42 56 97 
F3 0A 00 7F 00 1A 07 FC FF E3 00 02 FF F7 00 32 0E B0 01 C9 
F1 0B 00 7C 00 04 07 D2 FF E1 00 03 FF F8 01 07 07 A4 C2 FB 
F1 0C 00 74 00 0F 07 DF FF E1 00 02 FF F7 FF 17 0C 48 3B DB 
F3 0D 00 72 00 1D 07 ED FF E0 00 03 FF F7 00 30 04 83 34 AE 
F1 0E 00 73 00 16 07 DB FF E0 00 02 FF F7 01 06 05 E9 D6 76 
F1 0F 00 5F 00 1A 07 D0 FF E2 00 03 FF F7 FF 1C 0A 80 19 F6 
F3 10 00 73 00 1C 07 D5 FF E1 00 05 FF F8 00 38 04 C2 96 38 
F1 11 00 7E 00 17 07 F7 FF E1 00 03 FF F7 01 0A 02 EC DC 03 
F1 12 00 84 00 11 07 EC FF E1 00 03 FF F7 FF 1A 08 34 F1 D4 
F3 13 00 6C 00 09 07 F8 FF E0 00 04 FF F7 00 39 09 10 FD 2E 
F1 14 00 6D 00 22 07 C1 FF E1 00 01 FF F6 01 0A 0F 76 C9 7A 
F1 15 00 7F 00 1B 07 F0 FF E0 00 04 FF F7 FF 1A 0B 58 C7 E9 
F3 16 00 7C 00 1F 07 DF FF DF 00 04 FF F7 00 3A 0A C4 11 7A 
F1 17 00 6E 00 09 07 B3 FF E2 00 03 FF F6 01 0B 0A 60 1E 5A 
F1 18 00 85 00 14 07 D8 FF E0 00 04 FF F6 FF 16 05 EB 76 AB 
F3 19 00 72 00 16 07 ED FF DF 00 03 FF F6 00 33 09 5D 6E 60 
F1 1A 00 70 00 1B 07 EF FF E1 00 02 FF F7 01 06 00 31 D3 ED 
F1 1B 00 67 00 11 07 BA FF E1 00 04 FF F7 FF 17 04 33 E8 8F 
F3 1C 00 7D 00 28 07 B9 FF E0 00 03 FF F7 00 35 08 78 AE CB 
F1 1D 00 73 00 1D 07 D5 FF E1 00 02 FF F7 01 01 09 E3 E4 40 
F1 1E 00 86 00 2B 07 E4 FF E0 00 01 FF F7 FF 17 0E 89 75 1A 
F3 1F 00 76 00 03 07 C9 FF E0 00 02 FF F7 00 3C 05 51 EC 6F 
F1 20 00 81 00 1F 07 D8 FF E0 00 02 FF F9 01 09 06 D1 D8 26 
F1 21 00 70 00 09 07 BF FF DF 00 02 FF F5 FF 19 06 2F 02 A8 
F3 22 00 77 00 0F 07 C5 FF E0 00 03 FF F7 00 33 06 22 C6 23 
F1 23 00 7E 00 11 07 DA FF E0 00 03 FF F8 01 01 05 B8 2C 98 
F1 24 00 68 00 0C 07 DB FF E0 00 03 FF F7 FF 17 02 C4 CC 1F 
F3 25 00 6F 00 0C 07 CB FF DF 00 03 FF F8 00 36 05 DE D8 02 
F1 26 00 79 00 14 07 C4 FF E1 00 01 FF F8 01 03 06 B0 70 17 
F1 27 00 8A 00 12 07 C2 FF E1 00 02 FF F6 FF 18 00 E5 69 93 
F3 28 00 6A 00 18 07 D0 FF E1 00 03 FF F8 00 36 06 6D E0 F8 
F1 29 00 79 00 1B 07 E9 FF E0 00 03 FF F8 01 0A 09 0D B6 18 
F1 2A 00 77 00 1F 07 E4 FF E0 00 04 FF F7 FF 19 0C F6 A2 25 
F3 2B 00 8A 00 0C 07 E2 FF DE 00 01 FF F6 00 36 0C B7 38 DD 
F1 2C 00 78 00 21 07 EF FF DF 00 02 FF F7 01 1C 09 FB CF EE 
F1 2D 00 7E 00 04 07 C8 FF E1 00 03 FF F7 FF 1A 04 27 2B 08 
F3 2E 00 75 FF F8 07 C4 FF E1 00 03 FF F7 00 3C 06 D0 3D 54 
F1 2F 00 8A FF FE 07 E5 FF E0 00 01 FF F6 01 02 08 25 C7 CE 
F1 30 00 7D 00 14 07 DC FF E1 00 02 FF F8 FF 1B 07 3E 2C 7B 
F3 31 00 6C 00 21 07 BF FF E1 00 02 FF F7 00 33 06 4D BD 13 
F1 32 00 83 00 0F 07 E5 FF E2 00 02 FF F7 01 08 09 A5 78 9B 
F1 33 00 6C 00 16 07 F5 FF E1 00 03 FF F6 FF 1C 09 A6 74 B7 
F3 34 00 74 00 1B 07 C2 FF E0 00 03 FF F8 00 36 0B F7 00 62 
F1 35 00 6D 00 10 07 E9 FF E0 00 02 FF F8 01 06 07 00 42 E4 
F1 36 00 69 00 0D 07 DD FF E2 00 03 FF F7 FF 19 03 9C DC 1B 
F3 37 00 6E 00 10 07 D3 FF E0 00 03 FF F8 00 37 09 F6 1D AA 
F1 38 00 7E 00 16 07 DA FF DF 00 02 FF F7 01 02 01 44 44 6E 
F1 39 00 75 00 18 07 D5 FF E0 00 01 FF F9 FF 19 07 B5 3F 8F 
F3 3A 00 7A 00 12 07 F3 FF E2 00 02 FF F6 00 36 07 70 68 8B 
F1 3B 00 76 00 0E 07 CA FF DF 00 04 FF F8 01 13 07 63 54 72 
F1 3C 00 8C 00 0C 07 DF FF E0 00 02 FF F8 FF 14 09 8E CD 48 
F3 3D 00 81 00 09 07 D1 FF E0 00 03 FF F8 00 35 04 4A 81 F6 
F1 3E 00 81 00 11 07 F3 FF E2 00 04 FF F7 01 07 03 03 70 65 
F1 3F 00 79 00 10 07 E0 FF E0 00 02 FF F8 FF 19 05 65 43 EB 
F3 40 00 5B 00 0F 07 C4 FF E1 00 02 FF F7 00 3E 03 69 4D 02 
F1 41 00 6D 00 10 07 E8 FF DF 00 04 FF F8 01 03 0A 7F 5C 85 
F1 42 00 77 00 12 07 C8 FF E0 00 03 FF F8 FF 18 01 F1 3E 22 
F3 43 00 72 00 1C 07 F7 FF DF 00 02 FF F6 00 3D 01 23 CD BD 
F1 44 00 7A 00 2A 07 F2 FF E2 00 00 FF F9 01 05 08 CC 56 6E 
F1 45 00 6E 00 17 07 E9 FF E1 00 04 FF F6 FF 1A 02 6C ED AA 
F3 46 00 78 00 04 07 E2 FF E1 00 04 FF F8 00 33 04 C8 74 DF 
F1 47 00 6B 00 0C 07 D1 FF E1 00 03 FF FA 00 FF 02 6C E4 AF 
F1 48 00 76 00 0A 07 E1 FF DF 00 02 FF F7 FF 19 FF 72 EC 82 
F3 49 00 89 00 0F 07 EF FF E2 00 02 FF F8 00 37 0A 70 38 1A 
F1 4A 00 83 00 11 07 D4 FF E1 00 02 FF F8 00 FE 00 74 1E 38 
F1 4B 00 79 00 27 07 DA FF E0 00 02 FF F6 FF 17 02 60 4B 51 
F3 4C 00 7D 00 15 07 E8 FF E1 00 02 FF F8 00 35 05 BE 88 4A 
F1 4D 00 76 00 06 07 D3 FF E0 00 02 FF F8 01 09 02 8D E2 5D 
F1 4E 00 64 00 14 07 BC FF E1 00 02 FF F5 FF 17 0A EC 73 C4 
F3 4F 00 7C 00 17 07 C5 FF E0 00 03 FF F9 00 3A 05 9D DD 8F 
F1 50 00 78 00 0E 07 D0 FF E2 00 03 FF F8 01 09 06 4D C1 26 
F1 51 00 7E 00 22 07 D5 FF E2 00 03 FF F6 FF 18 07 14 D3 3F 
F3 52 00 73 00 15 07 EB FF E0 00 03 FF F6 00 35 00 48 16 05 
F1 53 00 77 00 07 07 E8 FF E1 00 03 FF F7 01 06 09 CB 39 DE 
F1 54 00 74 00 11 07 F1 FF E0 00 02 FF F7 FF 1C 02 53 2A CC 
F3 55 00 73 00 1B 07 E9 FF E1 00 03 FF F7 00 35 02 50 F4 00 
F1 56 00 73 00 1B 07 DE FF E1 00 02 FF F8 01 07 07 58 9D 8B 
F1 57 00 72 00 15 07 C1 FF E1 00 03 FF F8 FF 16 01 77 F7 A4 
F3 58 00 75 00 0C 07 D0 FF E1 00 02 FF F8 00 34 0B D3 5E F6 
F1 59 00 7B 00 06 07 EC FF E2 00 02 FF F7 01 00 01 1B 52 88 
F1 5A 00 77 00 0E 07 D5 FF E2 00 03 FF F6 FF 19 05 BD BA BE 
F3 5B 00 77 00 20 07 E5 FF E1 00 01 FF F7 00 39 0B 5E C8 D0 
F1 5C 00 91 00 2D 07 C4 FF E2 00 00 FF F7 01 01 00 79 41 14 
F1 5D 00 75 00 10 07 E9 FF E2 00 03 FF F8 FF 17 05 8A 89 DF 
F3 5E 00 69 00 18 07 CA FF E4 00 03 FF F7 00 35 06 D0 51 85 
F1 5F 00 70 00 18 07 CA FF E2 00 01 FF F7 01 03 0A A3 46 54 
F1 60 00 7B 00 18 07 E7 FF DF 00 02 FF F8 FF 17 0B E8 AB 13 
F3 61 00 6E 00 14 07 E0 FF E1 00 04 FF F8 00 39 04 2A 0E 38 
F1 62 00 82 00 1B 07 DE FF E0 00 02 FF F8 01 03 04 7D E9 0E 
F1 63 00 7D 00 1B 07 F8 FF E1 00 05 FF F7 FF 15 05 F5 28 CE 
F3 64 00 6E 00 1E 07 E1 FF E0 00 01 FF F7 00 32 06 01 F0 60 
F1 65 00 85 00 0C 07 D3 FF DF 00 03 FF F7 01 05 07 F5 52 B6 
F1 66 00 82 00 1D 07 BD FF E2 00 02 FF F7 FF 18 00 9D AF 49 
F3 67 00 6A 00 20 07 CD FF E2 00 04 FF F8 00 39 06 09 17 6A 
F1 68 00 81 00 1E 07 DA FF E0 00 02 FF F7 01 07 05 F5 27 FE 
F1 69 00 76 00 10 07 E4 FF E0 00 01 FF F6 FF 19 03 70 B6 2F 
F3 6A 00 7C 00 1A 07 BF FF E0 00 02 FF F7 00 39 06 83 C8 E9 
F1 6B 00 72 00 07 07 CB FF E0 00 02 FF F7 00 FF 00 A8 C5 6B 
F1 6C 00 68 00 08 07 F2 FF E1 00 02 FF F8 FF 18 0B 36 89 54 
F3 6D 00 7D 00 1E 07 D9 FF E1 00 03 FF F6 00 34 0A CF 79 2A 
F1 6E 00 6D 00 1F 07 E2 FF E0 00 04 FF F7 01 09 06 BC 34 7A 
F1 6F 00 6B 00 03 07 D5 FF DE 00 02 FF F8 FF 14 04 EE 5F 13 
F3 70 00 72 00 0B 07 C1 FF E0 00 03 FF F7 00 35 05 63 5F 50 
F1 71 00 6F 00 1C 07 DC FF E2 00 01 FF F8 01 07 0A 73 5D 72 
F1 72 00 72 00 09 07 F8 FF E0 00 03 FF F8 FF 1D 08 BD DC 43 
F3 73 00 70 00 11 07 CE FF E0 00 02 FF F7 00 39 03 C6 BD 5D 
F1 74 00 70 00 0C 07 D8 FF DF 00 02 FF F9 01 03 04 E0 CC 44 
F1 75 00 73 00 20 07 DC FF E1 00 02 FF F9 FF 1C 0B 7D DA 41 
F3 76 00 7D 00 14 07 FA FF E2 00 01 FF F7 00 3B 11 1F 5D 32 
F1 77 00 77 00 09 07 D5 FF E1 00 02 FF F7 01 06 0F 09 FD 6B 
F1 78 00 7E 00 17 07 E2 FF E2 00 02 FF FA FF 19 03 F1 B0 12 
F3 79 00 76 00 05 07 CB FF DF 00 02 FF F6 00 36 07 79 27 33 
F1 7A 00 7D 00 1C 07 E2 FF E0 00 03 FF F7 01 01 08 D4 96 98 
F1 7B 00 75 00 21 07 E8 FF E2 00 03 FF F7 FF 1A 09 90 A0 D9 
F3 7C 00 82 00 0A 07 D5 FF E2 00 03 FF F8 00 37 08 D2 7B 0C 
F1 7D 00 83 00 15 07 C9 FF E1 00 04 FF F9 01 00 06 77 2A D3 
F1 7E 00 66 00 0A 07 C5 FF E1 00 02 FF F8 FF 17 08 3C C3 AB 
F3 7F 00 6E 00 12 07 CA FF E0 00 03 FF F7 00 35 09 9B F1 10 
F1 80 00 62 00 19 07 E2 FF E0 00 02 FF F8 01 09 09 D9 5D 70 
F1 81 00 5D 00 07 07 BD FF DF 00 01 FF F7 FF 13 07 88 C8 C3 
F3 82 00 72 00 27 07 EA FF E2 00 01 FF F7 00 30 02 D0 C4 51 
F1 83 00 7C 00 16 07 CD FF E1 00 02 FF F8 01 03 08 D1 AD 32 
F1 84 00 70 00 15 07 E0 FF E1 00 04 FF F9 FF 15 07 35 47 00 
F3 85 00 7B 00 15 07 B7 FF E0 00 02 FF F7 00 36 04 03 49 C9 
F1 86 00 83 00 0B 07 D4 FF E0 00 03 FF F8 01 06 03 1D 02 5D 
F1 87 00 8D 00 0E 08 03 FF E1 00 03 FF F7 FF 1A 03 1F A4 CE 
F3 88 00 6F 00 26 07 C8 FF E1 00 02 FF F7 00 32 08 C3 27 91 
F1 89 00 72 00 14 07 E4 FF E1 00 04 FF F8 01 09 03 D1 1A AD 
F1 8A 00 79 00 1C 07 E0 FF E2 00 02 FF F8 FF 1B 02 45 D9 8F 
F3 8B 00 88 00 14 07 E6 FF E0 00 04 FF F8 00 35 05 1F 13 F7 
F1 8C 00 77 00 17 07 CD FF E0 00 02 FF F6 01 02 00 E3 55 8C 
F1 8D 00 79 00 0E 07 DB FF DF 00 02 FF F9 FF 1A 08 B4 35 C5 
F3 8E 00 7E 00 1C 07 E4 FF E1 00 03 FF F8 00 38 01 13 2D E4 
F1 8F 00 86 00 09 07 E1 FF DF 00 02 FF F7 00 F8 01 4E 6F B3 
F1 90 00 76 00 10 07 E8 FF E0 00 02 FF F7 FF 19 09 F3 44 E8 
F3 91 00 77 00 10 07 D6 FF E0 00 04 FF F7 00 35 03 5D 04 46 
F1 92 00 72 00 23 07 D5 FF E0 00 02 FF F7 01 00 04 50 CD 10 
F1 93 00 84 00 14 07 D4 FF DF 00 02 FF F8 FF 17 04 1D E4 A3 
F3 94 00 74 00 06 07 EB FF E0 00 03 FF F8 00 36 02 0A C5 DF 
F1 95 00 79 00 18 07 ED FF E1 00 01 FF F9 01 0E 0A BA 41 57 
F1 96 00 7D 00 0F 07 F2 FF E0 00 03 FF F7 FF 18 02 9E 8C 82 
F3 97 00 5F 00 17 07 CB FF E1 00 04 FF F7 00 36 03 36 07 50 
F1 98 00 72 00 19 07 D9 FF E2 00 03 FF F6 01 08 0D 42 D7 50 
F1 99 00 6F 00 17 07 D2 FF E0 00 03 FF F7 FF 18 03 10 8E 8C 
F3 9A 00 79 00 11 07 DC FF E1 00 04 FF F6 00 31 12 16 50 5F 
F1 9B 00 87 00 18 07 E5 FF E0 00 02 FF F9 01 02 01 F1 39 BB 
F1 9C 00 92 00 1F 07 E5 FF E0 00 04 FF F5 FF 1A 06 50 3B 5E 
F3 9D 00 68 00 01 07 C6 FF E0 00 03 FF F7 00 39 06 73 81 10 
F1 9E 00 76 00 28 07 ED FF E1 00 04 FF F8 01 02 01 68 02 3D 
F1 9F 00 67 00 26 07 D3 FF E0 00 02 FF F7 FF 1A 0B 84 F1 E6 
F3 A0 00 67 00 0F 07 EB FF E1 00 02 FF F7 00 35 05 E3 DD B9 
F1 A1 00 64 00 10 07 DB FF E0 00 03 FF F8 00 FD 05 8B A2 DF 
F1 A2 00 6C 00 04 07 CE FF E1 00 03 FF F7 FF 17 0B BA DC 62 
F3 A3 00 75 00 15 07 D8 FF E0 00 03 FF F6 00 35 02 26 16 34 
F1 A4 00 77 00 14 07 D5 FF E2 00 04 FF F7 01 09 0D F7 CF 83 
F1 A5 00 7E 00 1C 07 EF FF DF 00 03 FF F8 FF 18 02 9B 82 24 
F3 A6 00 70 00 10 07 EB FF E0 00 02 FF F7 00 3D 05 80 40 49 
F1 A7 00 7A 00 03 08 00 FF E1 00 02 FF F7 01 00 07 ED 7C FD 
F1 A8 00 75 00 0A 07 CF FF E1 00 04 FF F7 FF 18 04 E7 4F EE 
F3 A9 00 7D 00 03 07 D2 FF E0 00 02 FF F8 00 39 06 F2 49 D2 
F1 AA 00 76 00 16 07 DC FF DF 00 02 FF F5 01 09 05 86 DC AA 
F1 AB 00 70 00 16 07 E4 FF E1 00 02 FF F7 FF 1A 02 03 FB 82 
F3 AC 00 89 00 19 07 FB FF E0 00 02 FF F8 00 31 05 84 89 B9 
F1 AD 00 7E 00 11 07 D8 FF E0 00 03 FF F7 01 05 03 32 BA 22 
F1 AE 00 73 00 22 07 F7 FF DF 00 04 FF F6 FF 15 02 4F 71 03 
F3 AF 00 81 00 16 07 C4 FF E2 00 04 FF F7 00 32 08 94 15 7A 
F1 B0 00 74 00 18 07 D1 FF E1 00 03 FF F7 01 0A 05 28 F0 F4 
F1 B1 00 6C 00 20 07 DF FF E1 00 03 FF F8 FF 1A 08 12 10 ED 
F3 B2 00 79 00 02 07 D1 FF E0 00 03 FF F9 00 33 00 C1 3E A9 
F1 B3 00 64 00 10 07 C4 FF E0 00 01 FF F7 01 0A 08 73 4E 33 
F1 B4 00 74 FF FE 07 B3 FF DE 00 02 FF F8 FF 14 08 A1 AE C1 
F3 B5 00 6C 00 16 07 CD FF E0 00 02 FF F9 00 2F 04 DE 23 57 
F1 B6 00 72 00 1A 07 D2 FF E1 00 02 FF F6 01 07 0A 0E B2 14 
F1 B7 00 76 00 0C 07 D3 FF E2 00 03 FF F7 FF 17 05 07 B8 C5 
F3 B8 00 82 00 18 07 D1 FF E1 00 03 FF F6 00 35 07 A8 3E D2 
F1 B9 00 70 00 20 07 DA FF E0 00 03 FF F8 01 02 07 6D 4F 3E 
F1 BA 00 6B 00 18 07 E5 FF E0 00 04 FF F8 FF 17 03 80 DC 87 
F3 BB 00 82 00 1F 07 C7 FF DE 00 03 FF F6 00 30 05 4B 4D BC 
F1 BC 00 82 00 03 07 C8 FF E1 00 04 FF F6 01 06 0A 88 D1 93 
F1 BD 00 7C 00 12 07 DE FF E1 00 02 FF F8 FF 15 09 36 30 2B 
F3 BE 00 76 00 09 07 C9 FF E1 00 03 FF F7 00 36 08 04 59 94 
F1 BF 00 77 00 1C 07 DC FF E1 00 02 FF F8 01 0A 0B BF C5 8B 
F1 C0 00 7A 00 08 07 D6 FF E1 00 03 FF F7 FF 18 07 86 46 86 
F3 C1 00 7B 00 10 07 DC FF E1 00 00 FF F8 00 35 06 C7 4E 93 
F1 C2 00 79 00 2A 07 E7 FF E0 00 03 FF F8 01 07 07 F5 96 AC 
F1 C3 00 73 00 22 07 F0 FF DF 00 02 FF F8 FF 1A 08 55 D6 CE 
F3 C4 00 84 00 19 07 D8 FF E1 00 03 FF F8 00 37 01 E1 9B 01 
F1 C5 00 7A 00 29 07 C9 FF E0 00 02 FF F8 01 10 09 0D 02 08 
F1 C6 00 75 00 12 07 DB FF DF 00 01 FF F7 FF 13 08 AE 65 83 
F3 C7 00 7A 00 15 07 AB FF E2 00 04 FF F8 00 34 09 E3 FF A8 
F1 C8 00 7E 00 01 07 C8 FF DF 00 00 FF F7 01 0D 08 63 65 9C 
F1 C9 00 70 00 11 07 D1 FF DF 00 03 FF F6 FF 15 03 58 43 DA 
F3 CA 00 7D 00 06 07 E0 FF E0 00 03 FF F8 00 39 05 0D D0 0A 
F1 CB 00 68 00 1A 07 DF FF E0 00 02 FF F6 01 06 06 30 7D 1C 
F1 CC 00 5F 00 06 08 56 FF DF 00 03 FF F7 FF 18 09 FF 7F F8 
F3 CD 00 81 00 1B 07 DB FF DF 00 01 FF F7 00 37 09 D8 67 3D 
F1 CE 00 7C 00 19 07 B6 FF DE 00 02 FF F6 01 07 00 B3 1B 8B 
F1 CF 00 60 00 0F 07 D4 FF E1 00 04 FF F8 FF 17 0A E2 F7 67 
F3 D0 00 6C 00 34 07 BA FF E1 00 04 FF F7 00 3E 07 47 B7 84 
F1 D1 00 83 00 21 07 C2 FF E1 00 03 FF F9 01 0E 04 15 EE 87 
F1 D2 00 84 00 0F 07 FE FF E0 00 01 FF F8 FF 17 03 1A AB ED 
F3 D3 00 75 00 15 07 C1 FF E1 00 03 FF F9 00 32 03 5A E4 A9 
F1 D4 00 6F 00 17 07 AE FF DF 00 01 FF F8 01 08 07 D3 58 7A 
F1 D5 00 6B 00 0B 08 07 FF DE 00 04 FF F7 FF 17 06 0C 2D 06 
F3 D6 00 6C 00 12 07 AC FF E0 00 00 FF F8 00 3F 02 4D F5 91 
F1 D7 00 7B 00 29 07 C6 FF E0 00 02 FF F8 01 07 09 53 65 CA 
F1 D8 00 77 00 18 07 E8 FF E1 00 03 FF F6 FF 19 06 77 26 7B 
F3 D9 00 88 00 0A 07 BD FF E2 00 03 FF F8 00 36 0E 5D 3F 20 
F1 DA 00 65 00 02 07 DC FF E0 00 03 FF F7 01 0C 03 46 30 B5 
F1 DB 00 6C 00 10 08 11 FF E0 00 01 FF F7 FF 1A 07 22 8C 51 
F3 DC 00 81 00 29 07 EB FF DF 00 04 FF F6 00 35 08 DB 99 47 
F1 DD 00 76 00 01 07 E2 FF E0 00 02 FF F8 01 07 08 71 3B 0B 
F1 DE 00 6C 00 05 07 DC FF DF 00 02 FF F9 FF 18 08 A5 98 10 
F3 DF 00 74 00 1A 07 C8 FF E1 00 02 FF F6 00 3B 01 46 C3 8E 
F1 E0 00 75 FF F9 07 DA FF DE 00 03 FF F8 01 0C 02 77 50 14 
F1 E1 00 7C 00 03 07 D5 FF DF 00 04 FF F8 FF 1B 0B 89 16 12 
F3 E2 00 70 00 08 07 D9 FF E0 00 03 FF F6 00 3B 08 35 18 6D 
F1 E3 00 72 00 14 07 EA FF DF 00 04 FF F7 01 0A 06 B6 F3 6D 
F1 E4 00 6F 00 1D 07 FA FF E0 00 02 FF F7 FF 1C 07 04 73 49 
F3 E5 00 78 00 1D 07 E2 FF E1 00 03 FF F7 00 39 03 A2 3E 79 
F1 E6 00 7D 00 15 07 DE FF E1 00 02 FF F7 01 02 0D 0B 31 CB 
F1 E7 00 7F 00 18 07 DC FF E2 00 03 FF F7 FF 18 01 C8 07 05 
F3 E8 00 74 00 19 07 C3 FF E0 00 03 FF F8 00 35 04 C1 1F 83 
F1 E9 00 6B 00 15 07 FA FF E0 00 03 FF F6 01 02 04 86 A4 07 
F1 EA 00 66 00 18 07 E8 FF E0 00 02 FF F7 FF 1C 01 12 72 BD 
F3 EB 00 7A 00 15 07 FD FF E0 00 03 FF F9 00 39 07 C4 A7 87 
F1 EC 00 7E 00 06 07 D5 FF E0 00 02 FF F6 01 0D 01 E6 73 F2 
F1 ED 00 81 00 10 07 D8 FF E1 00 01 FF F7 FF 1A 01 B5 2B 9A 
F3 EE 00 79 00 16 07 C3 FF DE 00 02 FF F8 00 37 06 B8 76 3E 
F1 EF 00 82 00 09 07 BE FF E0 00 03 FF F7 01 02 FD 20 77 08 
F1 F0 00 81 00 15 07 E8 FF E1 00 03 FF F8 FF 18 09 C9 03 A0 
F3 F1 00 79 00 16 07 F3 FF E1 00 02 FF F9 00 36 04 FE DD 91 
F1 F2 00 82 00 0D 07 D6 FF E2 00 01 FF F7 01 08 06 59 B5 3F 
F1 F3 00 86 00 23 07 DF FF E1 00 02 FF F7 FF 18 07 AB 9A 2F 
F3 F4 00 7A 00 06 07 E0 FF E1 00 02 FF F6 00 38 03 7D 10 29 
F1 F5 00 84 00 18 07 EA FF DE 00 03 FF F8 01 0C 04 79 91 C6 
F1 F6 00 79 00 15 07 C7 FF E0 00 03 FF F8 FF 13 06 1C 5A 51 
F3 F7 00 79 00 0A 07 C2 FF E2 00 02 FF F8 00 39 08 75 4E 3A 
F1 F8 00 89 00 22 07 EF FF E1 00 02 FF F7 01 07 0A 85 28 5A 
F1 F9 00 81 00 0D 07 C5 FF E1 00 04 FF F8 FF 17 02 24 CD 4A 
F3 FA 00 8D 00 15 07 DE FF E0 00 04 FF F6 00 35 07 08 BF EA 
F1 FB 00 7C 00 15 07 BF FF DF 00 02 FF F8 01 07 0A 42 2A AC 
F1 FC 00 77 00 26 07 CE FF DE 00 03 FF F6 FF 18 0B A2 0B 70 
F3 FD 00 69 00 1C 07 E1 FF E0 00 03 FF F6 00 31 0E 10 63 91 
F1 FE 00 7D 00 03 07 EF FF DF 00 02 FF F8 01 0B 07 90 B7 0F 
F1 FF 00 77 00 0F 07 DC FF E0 00 01 FF F7 FF 18 05 85 96 C4 
F3 00 00 7D 00 1C 07 EA FF E1 00 01 FF F8 00 3B 09 C5 93 4E 
F1 01 00 7A 00 0D 07 E0 FF DF 00 03 FF F7 01 03 04 72 63 2D 
F1 02 00 7A 00 0E 07 C5 FF E1 00 03 FF F8 FF 19 0A 3B 1F 01 
F3 03 00 6A 00 0E 07 E9 FF E1 00 02 FF F6 00 32 00 CB A2 10 
F1 04 00 76 00 26 07 ED FF E1 00 02 FF F8 01 09 09 A7 3E 0F 
F1 05 00 81 00 16 07 E2 FF E0 00 03 FF F8 FF 1B 08 A5 1B 35 
F3 06 00 75 00 14 07 C6 FF E0 00 03 FF F8 00 3A 08 62 CE 62 
F1 07 00 7E 00 21 07 D9 FF E1 00 02 FF F7 01 09 0A 20 9D A1 
F1 08 00 7F 00 21 07 D9 FF E2 00 03 FF F7 FF 17 03 FB F6 3D 
F3 09 00 82 00 18 07 CA FF E1 00 03 FF F9 00 38 07 88 70 B8 
F1 0A 00 7E 00 18 07 E4 FF E1 00 02 FF F6 01 08 04 E2 AF 99 
F1 0B 00 72 00 0F 07 BA FF E2 00 02 FF F8 FF 17 05 B6 04 4B 
F3 0C 00 70 00 1B 07 C9 FF E0 00 02 FF F7 00 35 03 D4 FD D7 
F1 0D 00 7F 00 1C 07 D6 FF E1 00 02 FF F7 01 0C 06 E8 98 2B 
F1 0E 00 6F 00 11 07 EA FF E1 00 04 FF F6 FF 1A 09 C1 C2 48 
F3 0F 00 6F 00 12 07 D0 FF DF 00 02 FF F9 00 35 08 BE 0E 82 
F1 10 00 6D 00 12 07 CD FF E1 00 03 FF F6 01 05 03 50 0F FC 
F1 11 00 78 00 17 07 D1 FF E1 00 03 FF F6 FF 18 05 06 2E 50 
F3 12 00 7D 00 06 07 D8 FF E2 00 02 FF F7 00 3F 03 98 4C 3B 
F1 13 00 75 00 1B 07 E7 FF E0 00 02 FF F8 01 09 09 63 B1 1B 
F1 14 00 75 00 0B 07 D8 FF E1 00 03 FF F7 FF 1B 05 46 B6 70 
F3 15 00 78 00 16 07 D1 FF DF 00 03 FF F8 00 36 03 2B 19 28 
F1 16 00 77 00 0A 07 D2 FF E0 00 02 FF F6 01 0A 05 B0 A2 BD 
F1 17 00 73 00 1E 07 E8 FF DF 00 02 FF F6 FF 16 04 81 B5 8E 
F3 18 00 69 00 0F 07 E8 FF E0 00 01 FF F7 00 38 05 9C FF FE 
F1 19 00 81 00 18 07 EB FF E0 00 04 FF F7 01 0A 07 D7 44 48 
F1 1A 00 7A 00 1F 07 E1 FF DF 00 01 FF F8 FF 16 07 18 87 00 
F3 1B 00 6F 00 1D 07 E4 FF E0 00 04 FF F8 00 35 09 79 C1 E1 
F1 1C 00 69 00 1E 07 FA FF E1 00 02 FF F7 01 05 00 A4 60 23 
F1 1D 00 78 00 0C 07 D9 FF E0 00 02 FF F8 FF 15 09 B1 D6 E7 
F3 1E 00 79 00 22 07 D9 FF E2 00 02 FF F6 00 3B 04 15 4C BE 
F1 1F 00 74 00 12 07 DF FF DF 00 03 FF F7 01 0A 06 4B 95 45 
F1 20 00 75 00 08 07 F6 FF E2 00 03 FF F9 FF 1C 09 F5 54 F7 
F3 21 00 77 00 27 07 D3 FF E0 00 03 FF F7 00 37 02 22 65 FA 
F1 22 00 7F FF FD 07 C7 FF DF 00 04 FF F6 01 0B 08 21 85 F7 
F1 23 00 73 00 15 07 DB FF E1 00 02 FF F7 FF 19 08 A0 E7 7C 
F3 24 00 7D 00 02 07 C9 FF E2 00 02 FF F8 00 3B 08 D4 68 26 
F1 25 00 65 00 15 07 E4 FF E0 00 01 FF F8 01 0A 0C 2B F4 FE 
F1 26 00 82 FF FB 07 D9 FF E0 00 05 FF F7 FF 14 03 DE 1E F4 
F3 27 00 73 00 2B 07 C9 FF E0 00 02 FF F6 00 39 02 23 DC E3 
F1 28 00 7C 00 0E 07 ED FF E0 00 03 FF F7 01 0A 08 36 45 79 
F1 29 00 79 00 17 07 E1 FF E1 00 03 FF F8 FF 1A 07 91 EE 0C 
F3 2A 00 6D 00 16 07 C4 FF E0 00 02 FF F7 00 38 08 EF 86 9F 
F1 2B 00 75 00 0D 07 B4 FF E1 00 02 FF F8 01 08 FF A0 68 9E 
F1 2C 00 75 00 21 07 E0 FF E1 00 02 FF F8 FF 1C 01 EC 62 32 
F3 2D 00 7F 00 0A 07 D6 FF DF 00 03 FF F7 00 37 09 C5 54 B0 
F1 2E 00 84 00 15 07 E9 FF DF 00 03 FF F8 01 0B 07 64 7A EF 
F1 2F 00 7D 00 14 07 D4 FF E1 00 03 FF F8 FF 1C 05 AA FD E4 
F3 30 00 77 00 09 07 D1 FF E2 00 03 FF F6 00 39 04 95 68 5E 
F1 31 00 77 00 0B 07 D2 FF E1 00 06 FF F8 01 06 00 2D 94 BF 
F1 32 00 64 00 1B 07 DC FF E1 00 04 FF F8 FF 18 08 64 18 2A 
F3 33 00 65 00 0F 07 CA FF E1 00 03 FF F7 00 35 FF 75 9A 68 
F1 34 00 76 00 19 07 CF FF DF 00 02 FF F8 01 03 05 6C 81 B5 
F1 35 00 7C 00 15 07 DE FF DE 00 02 FF F7 FF 1B 05 A2 19 C5 
F3 36 00 7A 00 26 07 E4 FF E0 00 02 FF F9 00 33 FE FD 4F F0 
F1 37 00 86 00 14 07 DB FF DF 00 01 FF F7 01 0C 0B AF 09 92 
F1 38 00 82 00 10 07 D9 FF E0 00 02 FF F7 FF 17 01 2F 86 92 
F3 39 00 77 00 15 07 CD FF DF 00 01 FF F7 00 37 05 CC C2 74 
F1 3A 00 88 00 1B 07 E9 FF E0 00 02 FF F8 01 07 06 D9 FB B1 
F1 3B 00 6F 00 19 07 CE FF DF 00 02 FF F7 FF 1E 00 AB 64 F3 
F3 3C 00 7D 00 1B 07 F4 FF E2 00 03 FF F7 00 3C 09 91 0E 25 
F1 3D 00 85 00 0F 07 E8 FF DF 00 03 FF F8 01 01 02 F3 7F 3F 
F1 3E 00 85 00 07 07 D3 FF E1 00 03 FF F7 FF 1B 02 9D B6 21 
F3 3F 00 6C 00 20 07 E4 FF E1 00 03 FF F7 00 31 09 10 9B D7 
F1 40 00 73 00 29 07 AF FF E1 00 03 FF F7 01 02 03 B7 C5 6A 
F1 41 00 6C 00 1D 07 C8 FF E1 00 03 FF F8 FF 1A 04 5E 7A 0F 
F3 42 00 6C 00 14 07 E0 FF E0 00 03 FF F8 00 36 04 EF 19 7A 
F1 43 00 7C 00 05 07 E4 FF DF 00 02 FF F7 01 0A 06 89 A8 7D 
F1 44 00 74 00 19 07 CD FF E0 00 05 FF F6 FF 18 0D 20 02 06 
F3 45 00 6D 00 14 07 DA FF E1 00 02 FF F7 00 3A 05 9B 76 AA 
F1 46 00 8F 00 16 07 C6 FF E2 00 02 FF F8 01 12 06 7C FC DF 
F1 47 00 76 00 10 07 C6 FF E1 00 03 FF F7 FF 16 09 27 AD C1 
F3 48 00 7F 00 11 07 D1 FF E2 00 03 FF F9 00 3A 07 9E 57 73 
F1 49 00 72 00 0D 07 DB FF E1 00 04 FF F9 01 09 0D 59 27 86 
F1 4A 00 7C 00 14 07 F1 FF E1 00 02 FF F8 FF 1A 05 20 5D 03 
F3 4B 00 73 00 11 07 C1 FF DF 00 03 FF F6 00 39 04 45 36 42 
F1 4C 00 77 00 12 07 D5 FF E1 00 01 FF F7 01 09 0B 8F 72 2C 
F1 4D 00 76 00 07 07 EC FF DE 00 02 FF F6 FF 19 08 26 0E A9 
F3 4E 00 5F 00 11 07 DE FF E0 00 03 FF F5 00 3E 0C C1 C5 74 
F1 4F 00 7B 00 14 07 C1 FF E1 00 03 FF F7 01 03 02 DB 73 27 
F1 50 00 77 00 10 07 B9 FF DF 00 02 FF F8 FF 1C 06 E8 FA 82 
F3 51 00 7A 00 11 07 D9 FF E0 00 02 FF F7 00 32 08 D3 D8 18 
F1 52 00 83 FF FB 07 E2 FF E1 00 02 FF F7 01 02 07 ED 78 F3 
F1 53 00 7C 00 0A 07 F2 FF E0 00 02 FF F8 FF 13 0A BD 09 17 
F3 54 00 78 00 1C 07 E1 FF E0 00 02 FF F7 00 34 04 CD D4 C4 
F1 55 00 62 00 09 07 EB FF E1 00 03 FF F8 01 09 09 22 F9 52 
F1 56 00 7B 00 27 07 FC FF DF 00 02 FF F7 FF 17 09 D0 2A 5B 
F3 57 00 77 00 24 07 CB FF E0 00 01 FF F7 00 3A 07 7C 03 DB 
F1 58 00 73 00 1C 07 D0 FF E1 00 03 FF F7 01 0B 04 C0 1E BE 
F1 59 00 88 00 1D 07 C5 FF E2 00 01 FF F7 FF 19 00 F0 59 CD 
F3 5A 00 70 00 0E 07 C4 FF E0 00 03 FF F8 00 32 05 AD 99 74 
F1 5B 00 85 00 0F 07 F6 FF E1 00 03 FF F8 01 09 06 34 14 89 
F1 5C 00 70 00 0D 07 D9 FF E1 00 02 FF F8 FF 14 05 40 BA 67 
F3 5D 00 77 00 04 07 E6 FF DF 00 01 FF F8 00 38 07 D5 4A 91 
F1 5E 00 72 00 09 07 F2 FF E2 00 02 FF F7 01 0A 09 54 99 C9 
F1 5F 00 6F 00 11 07 EB FF DF 00 02 FF F6 FF 1A 0B F3 3A C5 
F3 60 00 7A 00 17 07 DB FF E1 00 02 FF F6 00 35 0A D2 77 80 
F1 61 00 60 00 19 07 DB FF E0 00 04 FF F8 01 05 08 46 A4 E6 
F1 62 00 5E 00 0F 07 E0 FF E3 00 03 FF F9 FF 1A 03 B2 B4 E9 
F3 63 00 75 00 06 07 F3 FF E2 00 02 FF F6 00 39 03 E9 27 D2 
F1 64 00 6F 00 1E 07 F4 FF E3 00 02 FF F7 01 0A 09 6B 40 48 
F1 65 00 72 00 1B 07 D4 FF E0 00 02 FF F8 FF 1B 07 DC 13 55 
F3 66 00 82 00 0F 07 CF FF E0 00 02 FF F7 00 35 06 0C A8 34 
F1 67 00 7B 00 1F 07 D2 FF E1 00 02 FF F8 01 05 09 0F 19 36 
F1 68 00 82 00 0F 07 CB FF E1 00 04 FF F9 FF 17 06 E2 D6 27 
F3 69 00 79 00 21 07 FA FF E2 00 01 FF F8 00 37 09 4E 86 BB 
F1 6A 00 81 00 1C 07 E0 FF E1 00 03 FF F7 01 02 07 09 81 C5 
F1 6B 00 75 00 28 07 D1 FF DE 00 01 FF F9 FF 17 04 FF 32 7C 
F3 6C 00 7F 00 08 07 CF FF E1 00 04 FF F8 00 36 0A E4 34 82 
F1 6D 00 76 00 11 07 FC FF DF 00 03 FF F7 01 06 03 8A FD 83 
F1 6E 00 81 00 04 07 E5 FF E1 00 02 FF F7 FF 18 06 21 C1 22 
F3 6F 00 85 00 0E 07 DA FF E0 00 01 FF F6 00 36 04 CF 7A CF 
F1 70 00 7E 00 0F 07 EC FF E2 00 03 FF F9 01 0A 05 A5 B8 D6 
F1 71 00 81 00 30 07 D3 FF E1 00 02 FF F8 FF 1D 0C 2C AA 30 
F3 72 00 7D 00 17 07 C1 FF E0 00 03 FF F7 00 39 08 84 B7 F1 
F1 73 00 75 00 0E 07 DF FF E1 00 01 FF F7 01 06 03 BA 31 58 
F1 74 00 7D 00 0F 07 DA FF E0 00 03 FF F6 FF 17 08 26 5E C4 
F3 75 00 84 00 0E 07 DD FF DF 00 01 FF F6 00 38 07 7F C0 84 
F1 76 00 77 00 1A 07 BD FF E1 00 03 FF F7 01 08 07 B5 34 27 
F1 77 00 7A 00 0D 07 DA FF E2 00 05 FF F8 FF 19 04 48 E6 5D 
F3 78 00 69 FF FC 07 C4 FF DF 00 03 FF F6 00 39 FD 1F EF 81 
F1 79 00 76 00 20 07 EA FF E1 00 02 FF F8 01 03 08 8E 57 1F 
F1 7A 00 6F 00 16 07 E1 FF E0 00 02 FF F7 FF 15 04 16 CA 1B 
F3 7B 00 73 00 28 07 CD FF E1 00 02 FF F8 00 33 03 79 CB 58 
F1 7C 00 85 00 1E 07 E8 FF E1 00 02 FF F7 01 01 05 BE 1E 1D 
F1 7D 00 81 00 09 07 EA FF E0 00 01 FF F7 FF 1A 01 8C 8E B3 
F3 7E 00 77 00 17 07 EF FF E1 00 02 FF F6 00 3B 06 6C 28 AF 
F1 7F 00 72 00 19 07 DD FF E0 00 01 FF F8 01 0E 01 4B 4F 7F 
F1 80 00 8B 00 16 07 EF FF E0 00 03 FF F6 FF 19 FF E7 BA 53 
F3 81 00 70 00 1F 07 E8 FF E0 00 04 FF F8 00 3A 0B 0A E5 CC 
F1 82 00 7C 00 17 07 DC FF E0 00 02 FF F7 01 07 01 E0 BB 37 
F1 83 00 70 00 08 07 C3 FF E1 00 04 FF F8 FF 1A 0A D8 66 B1 
F3 84 00 7C 00 22 07 ED FF E0 00 03 FF F8 00 33 01 4C B3 0B 
F1 85 00 74 00 16 07 D4 FF E0 00 02 FF F9 01 0A 03 4C 96 CC 
F1 86 00 79 00 1B 07 E5 FF E2 00 06 FF F7 FF 1A 08 54 20 C5 
F3 87 00 83 00 16 07 DE FF E1 00 03 FF F8 00 36 02 6F 88 37 
F1 88 00 62 00 24 07 51 FF DF 00 02 FF F7 01 08 0A 0F 64 48 
F1 89 00 77 00 17 07 BC FF E1 00 03 FF F6 FF 17 04 28 07 18 
F3 8A 00 7F 00 1C 07 D5 FF E0 00 01 FF F7 00 38 04 1B 77 5A 
F1 8B 00 79 00 1D 07 F2 FF E2 00 03 FF F6 01 06 0B 25 E4 52 
F1 8C 00 76 00 09 07 E2 FF E1 00 02 FF F8 FF 1C 00 3C 33 D0 
F3 8D 00 74 00 16 07 FB FF E0 00 03 FF F8 00 39 09 09 CF 0D 
F1 8E 00 6C 00 20 07 E5 FF DF 00 03 FF F8 01 10 02 42 F2 B7 
F1 8F 00 6A 00 11 07 C2 FF E1 00 05 FF F6 FF 18 03 0D 3E 12 
F3 90 00 7D 00 05 07 D1 FF E0 00 01 FF F8 00 3C 09 C4 7E 6B 
F1 91 00 74 00 09 07 CD FF E3 00 02 FF F7 01 02 04 B6 AF D6 
F1 92 00 78 00 0E 07 C8 FF E2 00 02 FF F8 FF 18 06 17 95 C7 
F3 93 00 74 00 16 07 CF FF E1 00 01 FF F7 00 38 05 49 4E F0 
F1 94 00 6A 00 15 07 DE FF E0 00 02 FF F8 01 13 01 5B 99 04 
F1 95 00 78 00 1C 07 DB FF E1 00 02 FF F7 FF 1F 0B 1C 5C C6 
F3 96 00 75 00 1D 07 D0 FF E3 00 05 FF F7 00 35 04 33 00 8B 
F1 97 00 7F 00 24 07 E9 FF E0 00 02 FF F7 01 08 04 47 81 80 
F1 98 00 70 00 15 07 D3 FF E1 00 02 FF F7 FF 15 04 69 BA 83 
F3 99 00 65 00 11 07 C5 FF DE 00 04 FF F7 00 39 05 A1 9E 80 
F1 9A 00 70 00 12 07 D1 FF DF 00 02 FF F7 01 0A 0E 08 B7 80 
F1 9B 00 77 00 0C 07 D5 FF E0 00 02 FF F8 FF 16 04 77 7E 3E 
F3 9C 00 8D 00 10 07 E0 FF E1 00 04 FF F7 00 35 05 6F 4E 02 
F1 9D 00 74 00 16 07 CE FF E1 00 04 FF F7 01 0A 04 37 8B 18 
F1 9E 00 70 00 15 07 E0 FF E0 00 03 FF F8 FF 19 02 A7 8E 8C 
F3 9F 00 6E 00 07 07 E7 FF E0 00 03 FF F8 00 3B 08 3F 2A 39 
F1 A0 00 7B 00 02 07 EB FF E0 00 02 FF F7 01 0A 01 55 EB C9 
F1 A1 00 79 00 29 07 E0 FF E1 00 02 FF F7 FF 17 09 FC FF 7D 
F3 A2 00 6D 00 0D 07 D6 FF E1 00 02 FF F8 00 3B 08 DD 17 D9 
F1 A3 00 76 00 0F 07 BA FF E1 00 02 FF F7 01 06 04 5C BA 4F 
F1 A4 00 7B 00 03 07 C4 FF E1 00 01 FF F7 FF 18 03 FA CD B9 
F3 A5 00 79 00 01 07 D2 FF E0 00 02 FF F8 00 39 FF F4 55 A1 
F1 A6 00 83 00 14 07 D1 FF DF 00 02 FF F7 01 0B 09 85 7E 52 
F1 A7 00 6F 00 16 07 E5 FF E1 00 04 FF F8 FF 16 09 FF B5 DF 
F3 A8 00 8B 00 0F 07 DD FF E0 00 02 FF F8 00 3A 04 85 96 58 
F1 A9 00 79 00 16 07 D6 FF E0 00 01 FF F7 01 07 04 0E 78 84 
F1 AA 00 86 00 18 07 E9 FF E1 00 04 FF F7 FF 15 06 71 20 3A 
F3 AB 00 78 00 1D 07 C6 FF E0 00 03 FF F7 00 36 0B BE C5 1A 
F1 AC 00 7F 00 14 07 E7 FF E0 00 03 FF F9 01 06 0B 39 9E BC 
F1 AD 00 75 00 0C 07 E2 FF DF 00 02 FF F7 FF 16 06 CC DC 2F 
F3 AE 00 78 00 09 07 E9 FF E1 00 03 FF F7 00 34 06 D3 EA 34 
