F1 88 00 A0 00 09 07 E0 FF DB 00 02 00 00 FF 9B 0D 84 AA 0A 
F3 89 00 A2 00 01 07 D6 FF DB 00 03 00 00 FF DC 0D DC F9 3A 
F1 8A 00 91 00 02 07 DF FF DA 00 02 00 00 00 75 06 B2 D7 F8 
F1 8B 00 A3 00 04 07 ED FF DB 00 04 FF FF FF 9C 07 A2 99 D7 
F3 8C 00 A4 00 07 07 BC FF DC 00 02 00 00 FF E1 0D 80 0A 85 
F1 8D 00 A6 00 09 07 DB FF D9 00 03 FF FF 00 7C 01 D0 4B 30 
F1 8E 00 9F 00 14 07 B9 FF DB 00 02 FF FF FF 98 08 FC 25 2F 
F3 8F 00 A1 00 14 07 DE FF D9 00 01 00 00 FF E3 0C FB A4 03 
F1 90 00 A1 00 17 07 F0 FF DB 00 03 FF FF 00 75 05 3D A3 E6 
F1 91 00 9B 00 0E 07 D5 FF DB 00 02 00 00 FF 99 0E 31 44 0B 
F3 92 00 94 00 09 07 B7 FF D8 00 03 00 00 FF E0 06 07 52 28 
F1 93 00 B1 00 0D 07 F3 FF DA 00 03 FF FF 00 7D 05 D5 0D 3C 
F1 94 00 97 00 20 07 B8 FF D9 00 02 00 00 FF 94 0B 39 3D 2B 
F3 95 00 97 00 07 07 DA FF DB 00 03 FF FF FF E1 00 D7 F7 02 
F1 96 00 96 00 11 07 B8 FF DD 00 04 00 00 00 83 0C B0 E5 00 
F1 97 00 A0 00 22 07 BB FF DA 00 03 FF FF FF 97 02 56 B0 8C 
F3 98 00 A1 00 0E 07 C5 FF DA 00 02 FF FF FF E3 05 0D 1E 5A 
F1 99 00 8F 00 06 07 D2 FF D9 00 02 00 00 00 7C 0D CF A9 43 
F1 9A 00 9E 00 05 07 BF FF DB 00 02 00 01 FF 98 01 BD 32 45 
F1 9A 00 9E 00 05 07 BF FF DB 00 02 00 01 FF 98 01 BD 32 45 
F3 9B 00 9E 00 11 07 D9 FF DB 00 03 00 01 FF E3 09 89 B1 40 
F1 9C 00 9E 00 03 07 F1 FF DA 00 04 00 01 00 86 07 FE 43 0B 
F1 9D 00 A1 00 10 07 EC FF DA 00 03 00 00 FF 98 06 50 BF C8 
F3 9E 00 A4 00 12 07 D4 FF DB 00 02 FF FF FF E2 07 B0 10 68 
F1 9F 00 AF 00 14 07 DC FF DA 00 03 00 00 00 7D 03 21 04 E9 
F1 A0 00 B5 00 0C 07 E0 FF DC 00 04 FF FF FF 98 08 03 73 46 
F3 A1 00 98 00 10 07 BC FF DA 00 03 00 01 FF DB 07 D0 AE CA 
F1 A2 00 97 00 1A 07 E8 FF DB 00 02 00 00 00 7A 06 16 43 E9 
F1 A3 00 97 00 05 07 CD FF DC 00 03 00 02 FF 97 09 35 47 2C 
F3 A4 00 AE 00 09 07 C5 FF DB 00 01 FF FF FF E3 08 45 E1 2A 
F1 A5 00 A3 00 17 07 DA FF DD 00 02 00 00 00 7F 07 D4 16 4C 
F1 A6 00 A6 00 0E 07 BE FF DC 00 02 FF FF FF 9B 07 1F 4F 07 
F3 A7 00 93 00 10 07 D2 FF DB 00 04 00 01 FF E0 06 E6 17 A4 
F1 A8 00 97 00 11 07 CD FF DA 00 02 00 00 00 79 08 85 20 10 
F1 A9 00 A1 00 0B 07 DA FF DB 00 03 00 00 FF 98 0A 51 BC D4 
F3 AA 00 B0 00 01 07 D4 FF DB 00 02 00 00 FF E2 02 3F EC 48 
F1 AB 00 9A 00 07 07 96 FF DB 00 02 00 01 00 7D 09 28 9B BA 
F1 AC 00 A8 FF FE 07 DA FF DB 00 01 00 01 FF 96 0D 96 AF 7E 
F3 AD 00 AC 00 0A 07 D6 FF DB 00 02 00 01 FF DC 0D 73 E5 54 
F1 AE 00 9B 00 0A 07 C3 FF DB 00 04 00 01 00 7D 02 8A 5D 29 
F1 AF 00 A6 00 0B 07 F1 FF D8 00 03 00 01 FF 9C 08 2F 74 EF 
F3 B0 00 94 FF F6 07 C3 FF DB 00 03 00 00 FF DB 0A B3 B6 73 
F1 B1 00 B0 00 03 07 CE FF DB 00 03 00 01 00 7C 07 59 A0 C4 
F1 B2 00 B0 00 18 07 DE FF DA 00 03 FF FF FF 9D 06 CA 05 BF 
F3 B3 00 A5 00 02 07 C5 FF DA 00 03 FF FF FF E0 03 11 99 01 
F1 B4 00 A0 00 02 07 CF FF DA 00 03 FF FE 00 79 09 47 FE 3D 
F1 B5 00 A6 00 0B 07 D5 FF DB 00 03 FF FF FF 9A 0B 18 1F 45 
F3 B6 00 A5 00 02 07 D3 FF D9 00 02 00 01 FF DE 05 87 C8 BB 
F1 B7 00 A5 00 17 07 DD FF DA 00 02 00 00 00 7A 06 72 6A 19 
F1 B8 00 9B 00 0D 07 E6 FF DB 00 03 00 00 FF 96 09 2E 49 FA 
F3 B9 00 94 00 12 07 D1 FF DB 00 02 00 00 FF E1 0C 43 50 92 
F1 BA 00 95 00 0B 07 D8 FF DA 00 02 00 00 00 7A 06 0B 13 0E 
F1 BB 00 AB 00 19 07 CE FF DB 00 03 00 02 FF 99 07 9F 4C E8 
F3 BC 00 A0 00 15 07 D8 FF DA 00 02 FF FF FF DB 08 C4 31 E7 
F1 BD 00 9A FF FE 07 E7 FF D8 00 03 00 01 00 75 07 91 8B 54 
F1 BE 00 B1 00 03 07 C2 FF DB 00 03 00 00 FF 98 0C B2 05 F3 
F3 BF 00 96 00 10 07 D9 FF DB 00 01 00 00 FF DC 08 B8 9A 89 
F1 C0 00 9F 00 0B 07 D0 FF DA 00 01 00 00 00 75 06 80 F3 9F 
F1 C1 00 AD 00 0E 07 C6 FF DC 00 03 00 01 FF 9B 0E 11 E3 A5 
F3 C2 00 96 00 07 07 DC FF D9 00 03 00 00 FF E1 0D 85 78 3D 
F1 C3 00 A9 00 0C 07 CE FF DC 00 02 00 00 00 7A 09 DF 1E 1C 
F1 C4 00 9A 00 0F 07 D8 FF D9 00 02 00 00 FF 9A 03 AC 0A 04 
F3 C5 00 93 00 14 07 D4 FF D9 00 04 FF FF FF DE 04 9E A3 40 
F1 C6 00 99 00 06 07 D1 FF DC 00 03 00 00 00 78 0D EC DD 8F 
F1 C7 00 B5 00 0B 07 D5 FF DA 00 01 00 00 FF 9A 03 2E 93 C5 
F3 C8 00 9A 00 0E 07 BA FF DB 00 04 00 00 FF E5 07 12 2C 0A 
F1 C9 00 A1 FF FB 07 E2 FF DA 00 02 FF FF 00 7B 0D 85 30 DD 
F1 CA 00 A4 00 08 07 D4 FF DB 00 02 00 00 FF 97 0A AA AA 41 
F3 CB 00 9A 00 09 07 D6 FF D9 00 02 00 01 FF DE 05 0E 87 DA 
F1 CC 00 A6 00 14 07 DE FF DA 00 01 00 00 00 7A 04 41 6A 82 
F1 CD 00 96 00 12 07 D0 FF DC 00 03 00 01 FF 9B 09 6E 9A A6 
F3 CE 00 A7 00 15 07 DA FF DA 00 03 FF FF FF DA 0F 1B BE 54 
F1 CF 00 9F 00 06 07 E8 FF DD 00 00 00 00 00 76 01 25 3C 3E 
F1 D0 00 9E 00 1B 07 D4 FF DB 00 02 00 00 FF 99 04 2C BB C7 
F3 D1 00 A4 00 04 07 DD FF DB 00 02 00 01 FF E1 0C 93 4B 20 
F1 D2 00 97 00 0C 07 DA FF DA 00 02 00 00 00 75 0D C1 7F B7 
F1 D3 00 96 00 19 07 C9 FF DB 00 04 00 00 FF 99 06 E4 C6 DC 
F3 D4 00 8F 00 07 07 DB FF DB 00 02 00 00 FF DF 02 30 AD 1C 
F1 D5 00 97 00 04 07 D4 FF DA 00 03 00 01 00 7C 0C B4 C4 9B 
F1 D6 00 A8 00 15 07 D9 FF DA 00 04 FF FF FF 9A 05 62 F4 B2 
F3 D7 00 A6 00 10 07 E8 FF DB 00 03 00 02 FF E0 03 A5 26 CD 
F1 D8 00 A3 00 14 07 D9 FF DB 00 03 00 01 00 7D 0A 15 B6 87 
F1 D9 00 A1 00 1C 07 E7 FF DA 00 02 FF FE FF 98 01 1E 7C 7A 
F3 DA 00 95 00 0B 07 CE FF DA 00 03 FF FF FF E3 0C EE 5A B8 
F1 DB 00 98 00 1D 07 BE FF D9 00 02 FF FF 00 7C 02 A2 AA 96 
F1 DC 00 A7 00 04 07 CE FF DB 00 02 00 00 FF 9A 04 EA 45 44 
F3 DD 00 97 00 0E 07 E4 FF DA 00 03 FF FF FF DC 08 37 F2 42 
F1 DE 00 92 00 0E 07 B7 FF DA 00 02 00 00 00 78 04 5C 6B 55 
F1 DF 00 A0 00 1F 07 CA FF D9 00 02 FF FE FF 9B 06 6F 7D A0 
F3 E0 00 96 00 0D 07 BF FF D9 00 03 00 01 FF E2 05 EF C5 76 
F1 E1 00 98 00 09 07 E2 FF DB 00 02 FF FF 00 7D FF 2E 1B B7 
F1 E2 00 A2 00 02 07 CD FF D9 00 03 FF FF FF 99 0A 1E E5 16 
F3 E3 00 A3 00 08 07 C6 FF DB 00 01 FF FF FF DC 04 BA 76 1B 
F1 E4 00 A9 00 14 07 E5 FF DA 00 02 00 01 00 76 08 3F 76 F7 
F1 E5 00 99 00 09 07 B6 FF DD 00 03 FF FF FF 96 08 56 3A 2F 
F3 E6 00 A1 00 0A 07 E5 FF DA 00 02 FF FE FF E3 01 8A 89 2C 
F1 E7 00 97 00 1F 07 CD FF DA 00 03 00 00 00 7F 08 1A 51 0C 
F1 E8 00 98 FF FF 07 D2 FF DA 00 03 00 01 FF 9A 09 9C 33 AE 
F3 E9 00 A1 00 17 07 CD FF DC 00 03 00 00 FF DC 06 4D B6 46 
F1 EA 00 9E 00 06 07 CD FF DB 00 02 FF FF 00 87 07 C0 39 EA 
F1 EB 00 A5 00 09 07 B6 FF DA 00 02 00 01 FF 9C 04 E5 08 85 
F3 EC 00 94 00 16 07 E0 FF DB 00 02 00 00 FF DF 0B 1D BB 56 
F1 ED 00 A3 00 1F 07 DA FF DC 00 03 00 00 00 7A 03 2D E8 42 
F1 EE 00 95 00 22 07 ED FF DA 00 03 00 00 FF 98 00 89 05 64 
F3 EF 00 A0 00 0F 07 D5 FF DC 00 03 00 01 FF DF 06 B9 CC 31 
F1 F0 00 A4 00 0B 07 C5 FF DA 00 03 00 01 00 7C 07 27 B8 4E 
F1 F1 00 96 00 18 07 D4 FF DA 00 02 00 00 FF 95 07 D9 0B 6C 
F3 F2 00 A1 00 11 07 E9 FF DA 00 02 00 00 FF E2 05 CA E2 56 
F1 F3 00 AE 00 19 07 B1 FF DC 00 03 00 00 00 7F 03 69 59 14 
F1 F4 00 A7 00 10 07 DA FF D9 00 02 FF FF FF 97 07 0F 9B CB 
F3 F5 00 AD 00 09 07 E6 FF DB 00 01 00 00 FF E2 04 13 E0 16 
F1 F6 00 9E 00 15 07 B8 FF DB 00 05 FF FE 00 79 02 33 63 31 
F1 F7 00 9F 00 0F 07 BA FF DA 00 02 00 02 FF 95 0A BD 9F 0D 
F3 F8 00 A7 00 08 07 DE FF DA 00 03 00 00 FF D8 07 47 80 DC 
F1 F9 00 9E 00 0C 07 A4 FF DA 00 04 00 00 00 76 0C 44 9E BB 
F1 FA 00 A3 00 0C 07 E5 FF DB 00 02 00 00 FF 99 04 E2 23 B4 
F3 FB 00 AD 00 03 07 D1 FF D9 00 03 00 00 FF DF 04 BC 37 59 
F1 FC 00 B4 00 08 07 CE FF DB 00 02 00 00 00 7E 0A 1A 21 5C 
F1 FD 00 9D 00 1A 07 D1 FF DB 00 02 FF FF FF 9A 07 FB C5 7E 
F3 FE 00 97 00 0E 07 DD FF DC 00 02 00 01 FF DC 07 72 34 11 
F1 FF 00 A3 00 0F 07 D1 FF DB 00 03 FF FF 00 7D 03 26 90 07 
F1 00 00 A1 00 05 07 B1 FF DA 00 01 00 00 FF 9A 08 C3 77 FF 
F3 01 00 A0 00 11 07 D1 FF DA 00 02 00 01 FF E3 09 D3 D1 5E 
F1 02 00 A2 00 0F 07 D9 FF DB 00 04 00 00 00 78 08 A5 63 B5 
F1 03 00 A9 00 14 07 DE FF DA 00 03 00 01 FF 9A 08 42 1C CC 
F3 04 00 99 00 09 07 C5 FF DB 00 03 00 00 FF D8 03 EE 05 F5 
F1 05 00 92 00 1C 07 C4 FF DB 00 02 00 00 00 74 07 65 78 1F 
F1 06 00 A9 00 06 07 B1 FF D9 00 03 00 00 FF 94 07 3B D5 DC 
F3 07 00 85 00 0C 07 D0 FF DB 00 02 00 01 FF DF 04 0A E9 CE 
F1 08 00 A1 00 21 07 D6 FF DA 00 02 00 01 00 78 04 C1 8D 36 
F1 09 00 99 00 0B 07 BB FF DA 00 04 00 00 FF 9A 06 14 73 E8 
F3 0A 00 B0 FF FE 07 E8 FF DC 00 02 FF FF FF DD 07 BB FD 70 
F1 0B 00 A9 00 09 07 CD FF D9 00 04 00 00 00 76 05 BA F3 D2 
F1 0C 00 A2 00 14 07 CD FF DB 00 02 FF FF FF 9A 03 D1 98 F6 
F3 0D 00 A1 00 06 07 E1 FF DD 00 05 00 00 FF E4 09 75 CA C3 
F1 0E 00 9D 00 02 07 D2 FF DA 00 03 00 01 00 78 0C 61 B7 BB 
F1 0F 00 9A 00 20 07 E2 FF DC 00 03 FF FF FF 98 10 5E 13 DE 
F3 10 00 B0 00 0C 07 E0 FF DB 00 02 00 01 FF E1 0A 8D 80 32 
F1 11 00 8C 00 1B 07 D2 FF DA 00 02 FF FF 00 7C 08 66 98 3C 
F1 12 00 AF 00 02 07 CE FF DB 00 03 00 00 FF 98 09 7D D3 39 
F3 13 00 91 00 06 07 D3 FF DC 00 01 FF FF FF DF 0C B4 9A CD 
F1 14 00 9A 00 10 07 DE FF D9 00 03 00 02 00 79 06 01 6F 89 
F1 15 00 99 00 08 07 DC FF DC 00 03 FF FF FF 99 0B 57 BB B1 
F3 16 00 B3 FF FD 07 C4 FF DA 00 02 00 00 FF DE 07 EB 05 E7 
F1 17 00 9F 00 1C 07 8F FF DA 00 01 FF FF 00 7C 0D B6 4B B5 
F1 18 00 A4 00 05 07 DC FF DB 00 03 FF FF FF 97 06 B6 D4 33 
F3 19 00 93 FF FF 07 D8 FF DA 00 03 00 00 FF E0 05 0B BC F6 
F1 1A 00 A6 FF FB 07 AF FF D8 00 03 00 00 00 7D 07 C6 D5 EE 
F1 1B 00 9B 00 0E 07 CA FF DA 00 02 00 00 FF 9A 05 20 A0 40 
F3 1C 00 8D 00 0E 07 C5 FF DB 00 02 00 00 FF DB 07 91 21 59 
F1 1D 00 A9 00 02 07 BC FF DA 00 03 FF FF 00 7E 02 C6 9D 86 
F1 1E 00 96 00 07 07 E2 FF DA 00 03 00 02 FF 95 05 99 41 CD 
F3 1F 00 9D 00 04 07 BD FF DB 00 03 00 00 FF E0 0B DB E7 A3 
F1 20 00 9B 00 0A 07 BD FF DB 00 02 00 01 00 7F 04 03 C5 D7 
F1 21 00 9A 00 08 07 E8 FF DB 00 03 FF FF FF 98 0C 28 07 6B 
F3 22 00 A8 00 17 07 C4 FF DC 00 05 00 00 FF E5 05 AA 59 89 
F1 23 00 AB 00 0D 07 E4 FF DA 00 03 00 00 00 7F 05 D2 97 36 
F1 24 00 9F 00 03 07 EB FF DA 00 02 FF FF FF 99 09 09 72 8E 
F3 25 00 9E 00 16 07 CF FF DA 00 03 FF FF FF E3 02 17 19 39 
F1 26 00 A8 00 10 07 E0 FF DA 00 02 FF FF 00 85 07 F9 4A 97 
F1 27 00 A0 00 03 07 E4 FF DA 00 01 FF FF FF 9A 07 0D A6 8E 
F3 28 00 A5 00 0C 07 D4 FF DB 00 01 00 00 FF E2 02 F1 ED D4 
F1 29 00 9E 00 11 07 BF FF DB 00 02 FF FE 00 7B 09 57 AB 6E 
F1 2A 00 92 00 16 07 C9 FF D9 00 03 00 02 FF 9A 06 97 2D C5 
F3 2B 00 A7 00 06 07 C2 FF DA 00 02 00 01 FF DE 07 30 AB D2 
F1 2C 00 A2 00 23 07 D1 FF DB 00 02 00 01 00 75 0B A0 77 29 
F1 2D 00 9B 00 12 07 CB FF D9 00 02 00 00 FF 96 04 F0 80 6C 
F3 2E 00 AE 00 0A 07 DA FF D9 00 03 00 00 FF DF 0D 8E 29 DF 
F1 2F 00 9F 00 02 07 D5 FF DA 00 02 00 00 00 76 05 70 4E 86 
F1 30 00 9B 00 18 07 E6 FF D9 00 03 00 01 FF 97 07 3B 52 05 
F3 31 00 98 00 1C 07 F2 FF DB 00 03 00 00 FF E2 0B 18 5E F4 
F1 32 00 8D 00 0E 07 DC FF D9 00 03 FF FF 00 76 FF 81 6B 9F 
F1 33 00 94 00 16 07 CE FF D9 00 02 00 00 FF 9B 0D 48 76 5A 
F3 34 00 A8 00 1E 07 CF FF DB 00 00 FF FF FF DC 05 9F 4A 57 
F1 35 00 A9 00 14 07 FD FF DD 00 00 00 01 00 78 04 8A 7F F1 
F1 36 00 8A 00 0C 07 D2 FF DC 00 01 00 00 FF 99 0A D6 91 86 
F3 37 00 98 00 0B 07 C8 FF DA 00 02 FF FE FF DD 01 D0 B4 66 
F1 38 00 A7 00 14 07 CF FF DA 00 01 00 01 00 79 07 B3 C9 82 
F1 39 00 93 00 16 07 DA FF DB 00 02 FF FF FF 95 08 1A FA 57 
F3 3A 00 B5 00 15 07 D0 FF DC 00 04 FF FF FF DF 04 CF A9 82 
F1 3B 00 AB 00 15 07 DA FF D9 00 03 FF FF 00 7E 09 29 B0 89 
F1 3C 00 A2 FF FF 07 DF FF DB 00 02 FF FF FF 99 03 8A 47 C6 
F3 3D 00 A3 00 12 07 CF FF DA 00 03 00 01 FF E5 07 2A 4A FA 
F1 3E 00 A3 FF F8 07 D2 FF DA 00 03 00 00 00 7D 06 75 A2 73 
F1 3F 00 A1 00 16 07 B9 FF DA 00 02 00 00 FF 9A 08 44 E2 30 
F3 40 00 8F FF FF 07 CA FF D9 00 03 FF FE FF DF 0B 8A 88 C5 
F1 41 00 9E 00 10 07 D8 FF DA 00 03 FF FF 00 75 05 26 23 C0 
F1 42 00 96 00 02 07 D5 FF DB 00 02 FF FF FF 9B 03 CE F7 00 
F3 43 00 97 00 0E 07 C9 FF DC 00 03 FF FF FF E3 08 68 60 EB 
F1 44 00 9D 00 0C 07 C5 FF DB 00 03 00 01 00 79 06 50 84 70 
F1 45 00 B2 00 10 07 DE FF DB 00 03 00 00 FF 98 09 1D 3E FA 
F3 46 00 8B 00 0B 07 B3 FF DA 00 02 00 01 FF E4 04 B8 75 B5 
F1 47 00 9F 00 08 07 D2 FF DA 00 03 00 00 00 7E 05 25 3E 21 
F1 48 00 A3 00 07 07 CB FF DB 00 04 00 00 FF 99 08 5C 4F D9 
F3 49 00 98 FF FF 07 C5 FF DA 00 03 00 00 FF E0 04 C2 1B 7A 
F1 4A 00 A6 00 08 07 D9 FF DB 00 03 00 00 00 79 05 FF 6E 8C 
F1 4B 00 A9 00 09 07 D2 FF DD 00 03 00 01 FF 98 05 75 A2 12 
F3 4C 00 99 00 15 07 D4 FF DA 00 02 00 00 FF DF 06 FE 54 C0 
F1 4D 00 90 FF FD 07 B9 FF DB 00 02 00 00 00 76 06 DD 1A AD 
F1 4E 00 AE 00 10 07 E1 FF DC 00 01 FF FF FF 9A 05 54 23 7D 
F3 4F 00 96 00 0D 07 D6 FF DB 00 02 00 01 FF DC 08 76 AC C4 
F1 50 00 9D 00 08 07 DB FF D9 00 02 00 00 00 78 0C 0A 2D 00 
F1 51 00 B0 00 0C 07 C6 FF DA 00 04 00 00 FF 98 08 CD CB 71 
F3 52 00 9B 00 08 07 D5 FF DB 00 03 00 00 FF DD 08 A9 53 12 
F1 53 00 9E 00 10 07 DA FF DA 00 03 FF FF 00 74 06 0D 4B DC 
F1 54 00 A3 FF F8 07 E9 FF DB 00 03 00 00 FF 98 07 5B 78 4E 
F3 55 00 C1 00 08 07 CE FF DB 00 02 00 01 FF E2 09 2B D9 B5 
F1 56 00 9B 00 10 07 BA FF DC 00 04 00 01 00 79 0A 26 B6 EF 
F1 57 00 B2 00 14 07 C7 FF DC 00 01 00 00 FF 9B 07 68 AE 4D 
F3 58 00 54 FF C2 07 95 FF DB 00 00 00 00 FF E3 07 1B D3 23 
F1 59 00 91 00 01 07 D5 FF D9 FF FE 00 00 00 76 08 69 79 FA 
F1 5A 00 91 FF FD 08 04 FF DA 00 00 00 03 FF 99 0B B7 8F 71 
F3 5B 00 CE 00 01 08 32 FF E0 00 04 FF FD FF E2 07 17 9A 9E 
F1 5C 00 83 00 19 07 CA FF EB 00 05 FF F0 00 76 02 D6 FA A8 
F1 5D 00 A3 00 1B 08 31 FF EC FF F9 FF FA FF 98 03 94 B3 AA 
F3 5E 00 23 FF 53 0B EF 00 7B FF A4 FF CB FF DF 0A 03 42 5E 
F1 5F 01 CF FF 95 0C 10 02 59 FC 99 FF D7 00 78 08 C4 73 8C 
F1 60 FF C3 FF AA 0A 8F 03 1C F8 F1 FF CD FF 99 09 73 9C 7A 
F3 61 00 29 00 63 07 1D 03 57 F6 85 00 29 FF E3 02 CA 8A 45 
F1 62 01 23 00 A6 07 E6 02 97 F5 54 00 55 00 7E 04 8B 65 1B 
F1 63 02 2E 01 7F 0B 8E 03 C1 F5 C0 00 3B FF 99 06 C5 0A CE 
F3 64 00 94 02 49 09 24 06 1F F5 CD 00 51 FF D8 04 33 4F 85 
F1 65 02 37 00 E3 07 29 07 92 F6 1E 00 CA 00 4D 06 20 98 9C 
F1 66 02 4B 00 71 05 70 08 3E F7 37 01 1E FF 98 0C 55 AE B1 
F3 67 06 AC FF AA 07 DD 08 77 F8 F3 00 83 FF CA 0B 0A 69 28 
F1 68 04 10 00 32 06 C7 09 AC FC DF FF 25 00 3A 0B 7E 99 4F 
F1 69 05 10 02 1E 05 EF 0A 02 00 D2 FF 21 FF 8E 03 09 F2 3A 
F3 6A 02 4A 01 94 03 56 0A 7E 03 93 FF 9D FF B9 06 4D 4A F2 
F1 6B 00 A0 02 FE FF C1 09 83 08 04 01 54 00 34 0E 2F 00 AB 
F1 6C 01 C0 03 A2 05 21 08 B1 0C B2 03 21 FF 7E 08 40 12 35 
F3 6D 03 A4 02 CB FE 86 06 83 0E AD 04 31 FF AA 0C D6 85 A8 
F1 6E 02 6C 04 19 FD 12 00 68 0E 8A 05 64 00 3A 04 E4 DD 5B 
F1 6F 0C AB 07 11 0C 21 FE A7 0B 75 06 87 FF 6C 06 FD F8 13 
F3 70 03 B5 06 ED 08 CB 03 61 FC 8E 00 E4 FF A6 0E 05 77 AF 
F1 71 01 0C 08 F8 03 CA 01 B1 F7 31 01 A2 00 30 05 72 A0 8A 
F1 72 00 F6 07 5B 04 90 FE 49 F8 BE 06 19 FF 6B 0A 1B 83 E2 
F3 73 04 00 05 FE 06 B3 FE 64 FA B7 09 41 FF B1 02 C2 9C C0 
F1 74 04 51 04 7F 04 42 00 15 F8 80 09 70 00 2E FF 84 CA 36 
F1 75 05 10 02 52 01 14 00 35 F8 97 08 AC FF 6C 09 3F 92 30 
F3 76 04 ED 01 31 01 68 FF 15 FB 2C 07 C6 FF BB 03 31 F6 BC 
F1 77 02 B6 01 01 04 17 00 2B FD 94 07 86 00 0B 05 9F 22 4C 
F1 78 08 9B 01 85 02 8B 03 95 FE 80 05 C7 FF 67 07 09 3A 61 
F3 79 05 89 01 46 02 F5 05 31 FD B1 03 8A FF C7 01 EA 91 DE 
F1 7A 06 14 02 75 02 9F 05 0F FC 2D 02 A3 FF EE 0A AD 32 84 
F1 7B 06 E8 02 67 03 9D 04 60 F9 11 01 CA FF 65 02 70 67 5E 
F3 7C 08 C0 04 44 04 FC 03 F9 F6 ED 00 9C FF C9 01 F4 1E 35 
F1 7D 0A FB 04 69 03 06 03 0A F5 51 FE 3D FF E7 0A AD BD 3D 
F1 7E 07 C4 02 7C 00 C8 FF 9A F5 31 FC 4C FF 5B FD CB 4D 01 
F3 7F 03 5F 03 3E 01 FF FD 49 F6 57 FE 72 FF C2 0A 89 5B 1D 
F1 80 04 94 04 C5 04 74 FE 65 F5 7C 02 76 FF E6 04 13 1D 0D 
F1 81 08 40 03 2B 02 D9 02 53 F0 80 05 3F FF 49 03 87 FF 84 
F3 82 08 50 02 2B FB BE 03 06 F0 D2 06 A3 FF C6 0B 67 64 A3 
F1 83 06 DE 02 67 FE 21 00 44 F5 A3 08 1B FF E6 02 00 2D 42 
F1 84 09 48 00 E7 00 04 00 81 F8 4C 07 BA FF 42 08 E2 F1 90 
F3 85 07 32 FF C6 FD A9 00 F9 F5 CD 06 A8 FF CE 07 9B C7 C9 
F1 86 05 B7 FF 2A FC A2 00 0D F4 D7 06 54 FF EB 02 04 6D FF 
F1 87 07 A5 FF 85 FE 61 FF BB F6 88 05 44 FF 2F 0D 89 27 A0 
F3 88 07 84 FE C6 FC 97 00 3D F6 99 03 1C FF DF 04 0D 2F 9B 
F1 89 08 7C FE 5F FB 9B FE 85 F8 21 01 53 FF E8 06 88 AD 22 
F1 8A 07 62 FF C4 FE 64 FD 10 FB 4A 00 3F FF 1F 05 AB 1B 52 
F3 8B 07 0D 00 48 FE BE FE 3A FB F5 00 D3 FF E4 0A 44 B0 CD 
F1 8C 09 64 FF 82 FB 50 FF 19 FA E9 01 5C FF FC 0A 5D 99 71 
F1 8D 08 F6 00 DB FC 97 FE 56 FD 93 01 A4 FF 15 06 DA 9B 90 
F3 8E 0A 68 01 6F FD 89 FF 96 FF B8 01 97 FF DC 02 0E 3C 9E 
F1 8F 08 C8 00 39 FB B2 00 17 00 AC 00 A3 FF FD 0A 00 81 8D 
F1 90 06 D9 00 6D FD 16 FF 55 00 5F 00 79 FF 14 06 CF 4A 98 
F3 91 08 00 00 C2 FC D0 FF 9D 00 50 00 C8 FF DD 09 C5 6A 4B 
F1 92 09 2C FF 82 FA 60 FF 2B FF 9C 00 4E FF FD 02 35 42 01 
F1 93 07 83 FF 5A FD 69 FD D1 FF EC 00 53 FF 10 03 C7 0F 2D 
F3 94 07 4E FE 46 FE EE FF 02 FE BA 01 2A FF DD 0A 1E 1F 70 
F1 95 09 52 FB 8F 02 36 00 38 FD 3E 02 6E FF FB 08 E2 07 73 
F1 96 10 34 F2 81 0C 49 03 16 FD 59 02 A6 FF 13 08 64 FF D5 
F3 97 1A 26 E4 6D 10 EC 07 BC 00 00 01 F1 FF E4 FC 32 78 E5 
F1 98 1B A6 EC 7E 0B 73 08 D8 07 90 00 97 00 07 F8 83 FC 73 
F1 99 13 FF F5 EC 05 AA 08 8C 0F 03 FC 5C FF 0F 2F F1 22 7F 
F3 9A 05 3C 00 E8 FE 96 06 6D 0E 74 FB 70 FF F5 17 40 1E 90 
F1 9B 02 97 13 3E EB 0E 01 EE 04 B0 00 35 FF FD 45 39 07 9B 
F1 9C 0A 2E 10 4F C9 9A F0 8B F8 EF FE CA FF 10 36 23 86 2F 
F3 9D 00 48 0C 2F E9 DA DB EB F2 48 FD BA FF F6 15 20 0E 5A 
F1 9E 00 07 0B 17 02 5A EE D6 FC E0 00 40 00 06 10 2A 29 98 
F1 9F FD 7C 03 59 F8 1E 07 FC 0A 5B 02 9D FF 18 03 75 0A 85 
F3 A0 00 CF 01 E7 F7 F2 0C FA 0E BE 03 88 FF D3 13 2C 59 67 
F1 A1 FF AE FF E9 F9 CE 08 5C 0B EB 00 85 00 17 12 37 9D BE 
F1 A2 FF CA FE D5 FC C1 01 41 02 E2 FF 20 FF 1E 04 9F 04 60 
F3 A3 04 DD 00 FD 00 83 FE 31 00 61 FD 62 FF DC 02 F6 0C 88 
F1 A4 06 3B 00 78 FD AF FD F3 01 17 FA 3C FF F3 05 C9 7F FE 
F1 A5 05 43 01 71 FF 6B FD 73 00 E9 FA 63 FF 1E 07 86 5E 9A 
F3 A6 05 71 03 32 01 17 00 6D 01 2F FC B6 FF D8 09 8B E8 96 
F1 A7 08 5F 02 5E FC 91 02 95 01 FD FE 23 FF FE 0B 06 42 3B 
F1 A8 08 E8 01 A7 FB FE 00 64 01 C5 FD B4 FF 20 0A 3C 8C 9C 
F3 A9 06 6D 01 A4 FF 22 FE EF 01 75 FD 95 FF D1 01 63 3F FE 
F1 AA 06 7B 02 79 FF 7D 00 F1 01 09 FE B2 00 04 0C F5 C6 F4 
F1 AB 08 4D 02 B4 FB 54 02 23 02 15 FE 94 FF 25 0B 09 F5 2D 
F3 AC 06 E0 01 FB FA 86 FF B7 03 9D FD 4A FF D1 07 9E 53 F7 
F1 AD 03 51 02 29 FF 42 FE E3 02 74 FE 14 00 09 00 B2 BA 0C 
F1 AE 05 D5 01 D7 00 00 02 33 01 DA FF FF FF 23 03 5A 61 B5 
F3 AF 08 49 02 81 FB 5E 04 28 04 58 FF 4E FF D3 0C D4 82 0B 
F1 B0 07 04 01 C8 FC 4A 02 62 06 E1 FD 76 FF FC 08 BE F6 28 
F1 B1 05 54 01 9D FE 86 00 D2 06 DE FD 09 FF 26 0F CD BD C1 
F3 B2 04 FD 02 A4 00 EE 00 BC 06 CD FD 7A FF D1 09 7C F2 BE 
F1 B3 03 DB 03 5B 00 25 01 3C 07 D6 FE 7A FF FB 02 98 4D AC 
F1 B4 05 99 01 17 02 97 01 1F 02 F0 FF 9E FF 27 06 B2 49 5E 
F3 B5 06 F9 01 A6 01 14 01 E9 FE 90 00 67 FF D1 01 69 19 58 
F1 B6 0A 31 02 34 00 52 02 19 00 8F FF 77 FF F7 05 23 88 70 
F1 B7 08 30 02 12 01 4E 01 D0 06 AC FE 23 FF 34 0C 16 AE 1F 
F3 B8 08 FE 01 2B 01 5A 01 B9 08 A7 FD 52 FF D3 03 FE 07 A2 
F1 B9 09 AE 00 F5 FF 6E 00 40 0A BF FB D1 FF EF 0D B0 54 15 
F1 BA 06 16 01 24 02 AB FD E6 0E 71 FA 57 FF 33 05 53 40 13 
F3 BB 02 7B 01 FB 03 0A FD 62 12 33 FA 37 FF CC 08 61 41 AF 
F1 BC 04 3B 03 12 05 00 FB A6 15 50 FB A6 FF EC 09 8E 89 E6 
F1 BD 02 5C 02 53 06 E6 FB 07 16 CC FB 14 FF 40 05 80 92 9B 
F3 BE 01 F1 05 7C 08 41 FC 95 12 A1 FB 46 FF C1 08 91 AF 42 
F1 BF FF 8D 04 59 07 DC FE 55 11 23 FD 3E FF F0 01 F6 33 41 
F1 C0 00 C5 03 6C 0A 99 FF 1D 0B 0F FE 8A FF 55 05 88 3F 30 
F3 C1 FF EF 03 3C 08 5E FF DA 01 28 FF 85 FF BE 11 63 5A 6D 
F1 C2 FD 77 03 9D 07 4B FF 76 06 72 00 BD 00 08 03 3A 74 15 
F1 C3 02 40 04 B5 09 5F FE 63 0F 07 02 19 FF 69 04 15 79 03 
F3 C4 00 BA 03 8A 09 D2 FE 27 0D D9 02 0B FF BC 04 EB AB 26 
F1 C5 FD 6F 02 B5 05 49 FD 67 08 05 02 2F 00 19 02 72 96 FA 
F1 C6 FD 9F 02 6B 04 46 FA 11 FE 43 03 D7 FF 78 0D CB 1A 23 
F3 C7 02 B6 01 4F 09 2C F8 83 F3 BD 04 89 FF BC 03 C1 FF F3 
F1 C8 03 58 FE D4 13 A3 FA 8F F0 0C 02 D5 00 2C 06 60 20 59 
F1 C9 01 39 01 80 06 81 FB C5 FC BE 01 D9 FF 84 08 D7 1D 14 
F3 CA 04 D3 00 80 08 54 FB 38 03 AB 00 AC FF CE FE 10 26 B7 
F1 CB 03 B2 00 F7 0A 32 FC 42 04 BA FE A2 00 16 0A 72 DF A6 
F1 CC 00 CD 00 F5 08 7E FD 49 02 2C FD CB FF 83 02 92 DD 0F 
F3 CD FF 53 01 9C 09 16 FD 6A FB 61 FF 08 FF D9 04 E9 40 54 
F1 CE 02 74 01 70 08 0A FE 5E F9 4F 00 69 00 1B 08 C1 DB 13 
F1 CF 04 2D 00 FD 08 D4 FF 2B FC 7E FF 84 FF 8D 02 83 FA A3 
F3 D0 F8 5C 00 41 F5 77 00 6D 00 12 FE 1D FF DC 10 03 A5 B2 
F1 D1 01 4D 00 C0 0A CD FF CE 07 C5 FF 67 00 12 08 9C 13 0F 
F1 D2 FD 78 00 B4 00 71 00 E8 03 64 FF 6F FF 89 0E F2 4C D5 
F3 D3 03 63 01 B9 09 AD FF FD FF DD 00 70 FF DB 0A A1 3A 10 
F1 D4 FF ED 00 32 09 C9 FF 05 00 95 FF E4 00 1D 07 5B 23 51 
F1 D5 01 D0 01 59 08 0B 00 93 FE C3 00 94 FF 89 06 C3 B0 CD 
F3 D6 00 EC 00 B2 0B 01 FF E3 02 8B 00 11 FF DD 09 E6 FF 15 
F1 D7 01 F3 01 81 06 AE 00 73 03 D4 01 04 00 1A 0E BC DA 9E 
F1 D8 02 14 00 0F 06 25 FF 34 00 BD 00 23 FF 8B 12 EC A4 8F 
F3 D9 00 A1 01 3F 07 E2 FE 3B FE 4F FF 5E FF D8 02 85 EB 58 
F1 DA 01 7B 00 10 06 71 FE 76 FF 59 FF 6C 00 1F 03 EA 36 E1 
F1 DB 00 02 00 7F 08 95 FE BE 02 33 FF 7A FF 8E 07 C5 28 22 
F3 DC 01 14 00 E7 07 5F FF 0C 03 A5 FF F9 FF DB 07 9B B4 04 
F1 DD 01 38 00 2A 07 C8 FE 97 00 F0 FF A4 00 1F 09 F5 D3 C4 
F1 DE 00 DF 00 9A 07 F8 FE 7C 00 2F FF 7D FF 8E 04 1A C9 67 
F3 DF FF FA 00 E8 07 DA FE B1 01 DB FF AC FF E3 06 C1 B7 EA 
F1 E0 FF 3E 00 51 06 30 FE 80 03 15 00 1A 00 1D 0B 3B 3B 52 
F1 E1 00 79 00 6A 07 0D FD DA FE EC 00 59 FF 91 09 DB E5 41 
F3 E2 00 4A FF BA 07 D4 FD E8 FF CA 00 89 FF DB 0C 75 4F 70 
F1 E3 00 0C FF FB 07 6C FD F5 01 1A 00 B6 00 28 04 3C CF AE 
F1 E4 00 32 01 85 01 F5 FF E5 01 2E FF E0 FF 91 1C 67 C3 A8 
F3 E5 FE F8 FF E1 03 A4 FF F1 00 31 FF F0 FF E7 0F 44 64 DF 
F1 E6 00 93 FF D3 06 44 FF E5 00 0B 00 03 00 28 08 56 34 68 
F1 E7 00 5C FF F9 07 67 FF DC FF FB 00 00 FF 93 05 C5 9B B2 
F3 E8 00 A3 00 07 07 E2 FF D8 00 06 00 00 FF E9 04 1D 2B 0A 
F1 E9 00 A2 FF F7 08 23 FF DA 00 03 00 00 00 2A 08 09 97 A6 
F1 EA 00 A7 FF FB 07 E9 FF D9 00 02 00 01 FF 96 07 F8 51 D1 
F3 EB 00 9A 00 01 07 E5 FF DB 00 04 00 01 FF EA 04 72 C5 32 
F1 EC 00 A7 FF E4 07 F2 FF DB 00 03 FF FF 00 2D 05 55 F6 FD 
F1 ED 00 92 FF FF 07 C1 FF DB 00 03 FF FE FF 95 07 6A 42 4B 
F3 EE 00 A3 00 05 07 BC FF DA 00 03 00 01 FF E9 09 8D 61 66 
F1 EF 00 7E 00 01 07 DF FF DB 00 03 00 01 00 2D 09 0A 8B 7D 
F1 F0 00 A0 00 02 07 BD FF DA 00 02 FF FE FF 95 04 4A 5F F3 
F3 F1 00 92 00 02 07 EC FF DB 00 03 00 00 FF E7 07 46 3D 00 
F1 F2 00 9D FF FF 07 D1 FF DB 00 02 00 01 00 25 08 A4 88 8A 
F1 F3 00 A4 FF F6 07 D9 FF DB 00 01 FF FF FF 95 08 7F 9D 71 
F3 F4 00 8F FF F7 07 CE FF DB 00 04 FF FF FF E7 06 D3 E7 AD 
F1 F5 00 9A FF F9 07 DB FF DB 00 02 00 00 00 23 02 A9 29 72 
F1 F6 00 97 00 05 07 E5 FF DA 00 02 00 01 FF 97 05 FE 5B C6 
F3 F7 00 9D 00 09 07 DB FF D8 00 03 FF FE FF E5 05 EF B7 5F 
F1 F8 00 97 00 01 07 B2 FF D9 00 03 FF FF 00 23 06 6E 0D 70 
F1 F9 00 92 FF F5 07 EC FF DA 00 02 00 00 FF 95 02 89 DA 1F 
F3 FA 00 94 00 03 07 D1 FF DC 00 03 00 00 FF E7 03 AC ED F2 
F1 FB 00 9F FF FF 07 DC FF DC 00 02 00 00 00 28 09 89 E6 74 
F1 FC 00 9F FF FE 07 E1 FF DA 00 02 FF FF FF 98 07 F3 18 68 
F3 FD 00 9F 00 04 07 C8 FF D9 00 02 00 00 FF E7 02 9F 44 62 
F1 FE 00 98 00 01 07 DF FF DA 00 00 00 01 00 26 07 DA 9B D8 
F1 FF 00 9D FF FC 07 C7 FF DA 00 04 FF FF FF 96 06 71 8D 00 
F3 00 00 90 00 09 07 CD FF D9 00 04 FF FF FF E7 06 48 7F 34 
F1 01 00 9A 00 06 07 D6 FF DA 00 04 FF FF 00 2A 02 10 AE 6A 
F1 02 00 9B 00 01 07 D4 FF DC 00 03 FF FF FF 94 03 8F F7 FD 
F3 03 00 9D 00 10 07 D6 FF DB 00 02 00 00 FF E9 09 BB 36 CC 
F1 04 00 9B FF EE 07 D3 FF DB 00 04 00 00 00 2D 08 61 4E FA 
F1 05 00 AB FF FE 07 D9 FF D9 00 01 00 00 FF 94 09 00 42 B4 
F3 06 00 92 FF FE 07 C3 FF D9 00 03 00 02 FF E6 02 BC A6 53 
F1 07 00 A8 00 05 07 C6 FF DA 00 02 FF FF 00 1F 08 2F 6F FE 
F1 08 00 9F FF FF 07 CE FF DA 00 01 FF FF FF 94 0B 7B 6D CB 
F3 09 00 96 FF FC 07 D0 FF DC 00 02 00 00 FF E3 05 5B 1B DE 
F1 0A 00 8C FF FA 07 DD FF DB 00 02 FF FF 00 29 07 03 F2 F7 
F1 0B 00 96 00 10 07 D3 FF DA 00 05 00 00 FF 99 03 52 A5 52 
F3 0C 00 A1 FF FD 07 E9 FF DC 00 04 00 01 FF E9 00 CD F3 61 
F1 0D 00 95 FF FF 07 DB FF DB 00 03 00 01 00 2A 09 57 8A 5E 
F1 0E 00 97 FF FA 07 CE FF DB 00 03 00 02 FF 95 01 DE 94 EB 
F3 0F 00 B1 00 06 07 DC FF DB 00 02 FF FF FF EA 06 6C B4 B1 
F1 10 00 A4 FF EE 07 DA FF D9 00 04 FF FF 00 28 07 A7 6F CB 
F1 11 00 85 00 05 07 D2 FF DB 00 03 00 00 FF 97 03 8F 75 CC 
F3 12 00 90 FF FF 07 DD FF D9 00 05 00 00 FF E3 0D 4A 64 96 
F1 13 00 9F FF F9 07 B7 FF DA 00 02 FF FF 00 22 02 6F BC 91 
F1 14 00 94 00 02 07 BB FF DB 00 03 00 00 FF 99 05 34 3F A7 
F3 15 00 97 FF FF 07 D9 FF DB 00 03 00 00 FF E7 07 DA E8 18 
F1 16 00 90 00 04 07 D9 FF DB 00 03 00 00 00 2C FF DC 9A 26 
F1 17 00 97 00 07 07 DB FF DC 00 02 00 00 FF 96 0A 9B 32 05 
F3 18 00 8B 00 07 07 EA FF DB 00 02 FF FD FF E2 02 6B 7B CD 
F1 19 00 99 00 07 07 F3 FF D8 00 03 FF FF 00 2E 03 71 FE 1C 
F1 1A 00 95 00 09 07 D9 FF DB 00 03 FF FF FF 93 0B BD 14 9B 
F3 1B 00 9D FF F2 07 D5 FF D8 00 02 00 00 FF E6 01 89 BD A0 
F1 1C 00 86 FF FF 07 C8 FF DA 00 03 00 01 00 24 0B 5E 03 BC 
F1 1D 00 A1 00 09 07 D9 FF D9 00 02 00 00 FF 95 03 32 05 61 
F3 1E 00 A9 00 0B 07 C3 FF DA 00 02 FF FF FF E6 02 EB F5 EE 
F1 1F 00 97 FF F2 07 BC FF DA 00 04 00 01 00 26 08 1D 29 7D 
F1 20 00 90 FF FE 07 C6 FF DA 00 04 00 00 FF 94 00 DD 10 87 
F3 21 00 98 FF EC 07 D8 FF DC 00 03 00 00 FF E7 04 E7 D4 1F 
F1 22 00 97 00 09 07 D4 FF DD 00 02 00 00 00 2A 09 7C BF EA 
F1 23 00 A0 00 0B 07 D3 FF D9 00 03 FF FF FF 95 09 30 9D C1 
F3 24 00 9B FF FB 07 C7 FF DA 00 03 FF FF FF EC 0C AF 82 EE 
F1 25 00 8A FF FD 07 DA FF D9 00 02 00 01 00 2D 05 23 F2 73 
F1 26 00 97 00 0B 07 DC FF DD 00 02 FF FF FF 98 03 4F E8 FD 
F3 27 00 8B FF FF 07 EF FF DA 00 04 FF FF FF E7 07 04 C1 D5 
F1 28 00 9F FF FE 07 DC FF DB 00 02 00 01 00 25 08 A1 CB CC 
F1 29 00 9E 00 08 07 BA FF DB 00 04 00 00 FF 95 09 E1 48 07 
F3 2A 00 91 FF F4 07 C5 FF D9 00 01 FF FF FF E7 05 0A 8E 4E 
F1 2B 00 91 FF F9 07 DE FF DB 00 01 00 00 00 28 03 D6 83 77 
F1 2C 00 99 00 07 07 C1 FF DB 00 03 00 01 FF 93 0A 94 B9 9A 
F3 2D 00 A6 00 05 07 D2 FF DA 00 02 00 01 FF EC 08 FA 3E 07 
F1 2E 00 90 FF F3 07 E2 FF DA 00 02 00 01 00 26 0B 3A C4 09 
F1 2F 00 8F FF F9 07 CF FF DA 00 03 00 00 FF 97 02 77 76 78 
F3 30 00 A0 00 0F 07 D4 FF DC 00 02 00 01 FF EA 0A 13 B0 32 
F1 31 00 88 FF F8 07 C1 FF D9 00 02 00 01 00 29 0D 59 A7 10 
F1 32 00 AD 00 02 07 DA FF DB 00 03 00 01 FF 95 08 39 75 E9 
F3 33 00 89 00 01 07 E8 FF DB 00 03 00 00 FF E3 0A 06 62 98 
F1 34 00 97 FF EC 08 0C FF DA 00 01 00 00 00 2C 05 72 AB E0 
F1 35 00 9A 00 07 07 62 FF DE 00 04 FF FF FF 95 08 C0 8C 1C 
F3 36 00 93 00 02 07 A0 FF DC 00 04 00 00 FF E8 09 5E EA AA 
F1 37 00 93 FF FE 08 03 FF DC 00 03 00 01 00 29 04 29 B5 50 
F1 38 00 98 00 0A 07 E9 FF DB 00 03 FF FF FF 91 03 97 49 55 
F3 39 00 8D 00 02 07 9B FF DC 00 09 00 01 FF E7 06 E5 EF 67 
F1 3A 00 99 00 0B 07 66 FF DE FF FE 00 00 00 2D 0A 0F D1 82 
F1 3B 00 93 FF FE 07 D2 FF DB 00 05 00 01 FF 94 0B 13 42 84 
F3 3C 00 95 00 07 07 CF FF DA 00 02 00 00 FF E4 04 0C 3D 60 
F1 3D 00 A0 FF FB 07 E1 FF D9 00 01 FF FF 00 2A 04 6B 35 1C 
F1 3E 00 90 FF FB 07 B0 FF DB 00 03 FF FF FF 97 06 28 51 49 
F3 3F 00 9B FF EC 07 BC FF D9 00 02 00 00 FF E8 08 E9 34 B0 
F1 40 00 A7 FF F8 07 B9 FF DA 00 02 00 00 00 30 05 1F CD 63 
F1 41 00 93 00 09 07 C9 FF D9 00 03 00 00 FF 90 09 5C 5D B4 
F3 42 00 8F FF F6 07 E5 FF DB 00 04 00 01 FF EB 09 63 04 42 
F1 43 00 9B 00 06 07 D3 FF DB 00 03 FF FF 00 2C 0B 1A 8B 4D 
F1 44 00 91 FF FC 07 D8 FF D9 00 03 00 00 FF 93 0C 5D 50 01 
F3 45 00 9A FF F6 07 F6 FF DB 00 04 00 00 FF E7 06 32 A5 35 
F1 46 00 9A FF FF 07 D6 FF DC 00 02 00 00 00 26 02 4A F9 A2 
F1 47 00 9E FF FB 07 CF FF DC 00 03 00 02 FF 96 0A 23 65 3D 
F3 48 00 9D FF FF 07 D0 FF DC 00 02 00 00 FF ED 08 89 FE 9F 
F1 49 00 98 00 08 07 B2 FF DB 00 02 00 00 00 21 06 20 69 0E 
F1 4A 00 8F FF FD 07 BF FF DC 00 02 00 00 FF 93 08 54 1A C8 
F3 4B 00 98 FF F6 07 C8 FF DA 00 02 00 00 FF E4 07 19 14 E3 
F1 4C 00 96 00 10 07 E6 FF DA 00 03 FF FE 00 2D 09 D5 BB ED 
F1 4D 00 89 00 03 07 DF FF DA 00 02 00 00 FF 93 05 9B B8 DC 
F3 4E 00 96 FF F9 07 B7 FF DA 00 04 00 00 FF E7 03 96 13 82 
F1 4F 00 91 FF FB 07 B6 FF DB 00 03 00 00 00 26 0A EB 64 9A 
F1 50 00 A7 FF FB 07 DF FF D8 00 03 00 01 FF 92 07 B2 4D B1 
F3 51 00 94 00 1B 07 DC FF DB 00 02 00 01 FF EA 0A 2D 7B 5B 
F1 52 00 A4 FF FA 07 D9 FF DA 00 04 00 00 00 25 02 75 28 27 
F1 53 00 96 FF FA 07 D3 FF DB 00 01 00 02 FF 98 05 B5 C5 6E 
F3 54 00 93 FF FD 07 D2 FF D9 00 03 00 01 FF EC 0A D5 50 8A 
F1 55 00 9B FF F5 07 E8 FF DC 00 02 00 01 00 28 08 64 CE EF 
F1 56 00 A5 FF FD 07 D6 FF D9 00 02 FF FF FF 95 08 97 81 E2 
F3 57 00 90 00 06 07 E4 FF DB 00 04 00 00 FF EC 03 E0 89 E1 
F1 58 00 A2 00 09 07 DF FF DA 00 03 00 00 00 28 06 12 85 61 
F1 59 00 A4 FF FF 07 CF FF DA 00 03 00 00 FF 9A 07 AD 4F BF 
F3 5A 00 94 00 01 07 DD FF DB 00 03 FF FF FF E1 07 51 A7 9A 
F1 5B 00 96 FF F8 07 E5 FF DB 00 03 00 00 00 28 05 94 63 74 
F1 5C 00 96 FF FD 07 CF FF DA 00 02 00 00 FF 96 06 14 C0 97 
F3 5D 00 94 FF F8 07 CF FF DA 00 03 FF FF FF E8 00 74 9E 59 
F1 5E 00 86 FF F6 07 AC FF DB 00 03 FF FF 00 30 08 F8 FB 13 
F1 5F 00 7D FF F1 07 D9 FF DA 00 04 00 02 FF 95 04 BA F2 50 
F3 60 00 94 FF F9 07 D0 FF D9 00 02 00 00 FF E0 04 C1 FA 63 
F1 61 00 97 FF FA 07 DE FF DA 00 03 00 01 00 2E 07 80 21 AF 
F1 62 00 9B FF F6 07 CA FF DA 00 04 00 01 FF 95 00 03 C2 66 
F3 63 00 9A FF FF 07 F4 FF DB 00 02 00 00 FF EB 0B A5 44 B7 
F1 64 00 90 FF FC 07 D5 FF DB 00 04 00 02 00 2C 04 E7 64 8A 
F1 65 00 98 FF FC 07 DA FF DB 00 03 FF FE FF 95 04 F4 28 07 
F3 66 00 7A 00 05 07 DA FF DB 00 01 00 00 FF EA 08 3B 3C E0 
F1 67 00 93 00 02 07 AE FF DA 00 04 FF FF 00 2E 00 6A 78 57 
F1 68 00 9E 00 03 07 DF FF D8 00 03 00 00 FF 94 09 D5 F6 58 
F3 69 00 A7 FF F1 07 D4 FF D9 00 03 FF FF FF E9 06 8F E0 BF 
F1 6A 00 90 FF FE 07 BA FF DA 00 03 FF FF 00 26 04 EF 90 B1 
F1 6B 00 A1 00 09 07 E7 FF DB 00 03 00 00 FF 95 0B 11 72 B9 
F3 6C 00 89 00 01 07 C4 FF DC 00 02 00 00 FF E4 00 D6 00 7C 
F1 6D 00 AF 00 0B 07 E2 FF DB 00 04 00 00 00 2A 06 B7 C1 4A 
F1 6E 00 96 FF F9 07 D2 FF DB 00 03 00 00 FF 97 04 D0 23 98 
F3 6F 00 88 00 18 07 EB FF DB 00 03 00 02 FF E7 06 54 E9 17 
F1 70 00 A5 FF FF 07 C3 FF DD 00 03 FF FF 00 29 0A 20 DC B4 
F1 71 00 97 FF FC 07 D8 FF DB 00 04 00 00 FF 98 04 F8 B4 37 
F3 72 00 AF 00 18 07 D5 FF DE 00 04 FF FF FF EB 06 0B 90 B2 
F1 73 00 9D 00 0E 07 C9 FF DA 00 03 00 00 00 2C 06 0F F2 84 
F1 74 00 96 00 03 07 D8 FF DA 00 02 00 01 FF 97 03 71 B5 9B 
F3 75 00 9A 00 09 07 E0 FF DB 00 02 FF FE FF E6 09 10 AC DF 
F1 76 00 B4 FF FD 07 F3 FF DA 00 02 00 00 00 24 03 E3 3D 33 
F1 77 00 9D 00 04 07 BA FF DD 00 02 00 02 FF 98 02 99 F8 96 
F3 78 00 9D FF F2 07 BB FF DA 00 04 00 00 FF E7 09 4C 25 67 
F1 79 00 98 FF F0 07 C1 FF DA 00 01 00 00 00 28 07 98 53 D5 
F1 7A 00 8C FF F5 07 CD FF D9 00 01 FF FF FF 96 0C 73 19 7A 
F3 7B 00 93 00 02 07 CD FF DB 00 04 00 00 FF E7 05 B3 77 8F 
F1 7C 00 94 FF F4 07 C1 FF DC 00 02 FF FF 00 1D 06 18 B9 13 
F1 7D 00 97 FF FF 07 CD FF DA 00 02 00 00 FF 95 0B B2 92 DE 
F3 7E 00 A5 FF FB 07 C5 FF DA 00 02 FF FF FF E7 08 41 58 88 
F1 7F 00 A1 FF EB 07 BC FF DB 00 03 FF FF 00 2F 0A 89 5D EB 
F1 80 00 9D 00 01 07 D4 FF DD 00 02 00 00 FF 92 04 5E 5D 63 
F3 81 00 95 00 05 07 BF FF DA 00 04 00 00 FF EA 09 BD 71 C7 
F1 82 00 A8 FF F2 07 F3 FF DA 00 04 FF FF 00 1A 0A 87 00 B0 
F1 83 00 A1 FF F3 07 C4 FF DA 00 03 00 00 FF 94 06 73 9C 28 
F3 84 00 8D 00 09 07 EC FF DB 00 01 00 00 FF E7 08 05 E9 B0 
F1 85 00 89 00 04 07 BE FF DA 00 02 FF FF 00 29 05 3B 82 49 
F1 86 00 96 00 07 07 CA FF DB 00 04 00 01 FF 97 09 4A EC 86 
F3 87 00 93 FF F7 07 DD FF D9 00 02 00 01 FF E6 09 AF 08 20 
F1 88 00 92 00 09 07 CD FF DA 00 03 FF FF 00 28 05 1A EF 37 
F1 89 00 9F FF F0 07 C9 FF DB 00 02 00 01 FF 95 05 DB 53 FB 
F3 8A 00 8A FF F1 07 C2 FF DA 00 02 00 00 FF E8 07 79 5E AC 
F1 8B 00 9B FF F6 07 DC FF DB 00 02 00 00 00 2E 09 E9 06 55 
F1 8C 00 A5 FF FA 07 C7 FF DB 00 04 00 01 FF 97 08 23 BC 7B 
F3 8D 00 A2 FF FD 07 BA FF DB 00 01 00 00 FF E7 04 5D AF 9D 
F1 8E 00 AC FF FB 07 D4 FF D9 00 04 FF FF 00 23 09 16 22 DF 
F1 8F 00 9B 00 07 07 CD FF DA 00 02 00 00 FF 91 08 52 B2 3D 
F3 90 00 93 FF FF 07 CA FF DA 00 03 00 02 FF E4 09 0B F3 AC 
F1 91 00 AB 00 0E 07 E8 FF DA 00 02 FF FF 00 26 07 C3 4A C9 
F1 92 00 96 00 06 07 D0 FF DC 00 03 00 00 FF 96 04 07 79 D7 
F3 93 00 8A FF FC 07 E5 FF DA 00 04 FF FF FF EA 06 EB 4E 93 
F1 94 00 97 00 05 07 E9 FF DB 00 01 00 00 00 29 07 32 84 C2 
F1 95 00 90 00 12 07 FC FF DA 00 03 FF FF FF 94 05 CE D6 14 
F3 96 00 96 FF F7 07 B1 FF DA 00 02 00 01 FF EB 05 69 BD 19 
F1 97 00 A3 FF F5 07 CB FF DB 00 03 00 01 00 29 01 95 3A 20 
F1 98 00 91 FF F4 07 D3 FF DC 00 01 00 00 FF 96 09 12 69 BB 
F3 99 00 92 FF FD 07 DF FF D9 00 02 00 01 FF E7 05 AD 2E B1 
F1 9A 00 9B 00 01 07 E7 FF DA 00 02 00 01 00 24 05 19 A3 74 
F1 9B 00 96 FF F6 07 C4 FF DB 00 03 00 00 FF 97 05 82 F6 E0 
F3 9C 00 9F FF F9 07 E0 FF DB 00 03 00 00 FF E7 04 D9 C7 7C 
F1 9D 00 A0 FF F9 07 BF FF DA 00 02 00 00 00 23 08 03 FC C6 
F1 9E 00 A3 00 0A 07 BC FF DA 00 02 FF FF FF 94 03 58 F8 1A 
F3 9F 00 99 FF FB 07 BA FF DA 00 02 FF FF FF ED 04 45 61 84 
F1 A0 00 9D FF F5 07 B1 FF DA 00 02 FF FF 00 27 09 EE 5B C5 
F1 A1 00 84 00 03 07 DE FF DB 00 02 FF FF FF 95 09 06 42 E2 
F3 A2 00 99 FF FF 07 CA FF DB 00 03 00 01 FF E7 09 4F CE 16 
F1 A3 00 95 FF EB 07 D6 FF DC 00 03 00 01 00 29 03 4B 4F 1C 
F1 A4 00 95 FF FD 07 D5 FF DB 00 02 00 00 FF 95 04 3B 58 31 
F3 A5 00 A1 FF EF 07 F0 FF D9 00 02 00 00 FF EB 07 C9 D0 DA 
F1 A6 00 9D FF F2 07 CD FF DC 00 04 00 01 00 2C 06 D3 E3 07 
F1 A7 00 A1 FF FB 07 BE FF DC 00 04 00 00 FF 96 05 2B F2 55 
F3 A8 00 94 00 0A 07 D0 FF DB 00 04 FF FF FF E2 05 8B 8F 6F 
F1 A9 00 92 FF F9 07 DA FF DA 00 03 FF FF 00 29 02 D9 90 E7 
F1 AA 00 93 00 01 07 E0 FF DA 00 02 00 00 FF 93 08 19 63 4E 
F3 AB 00 97 FF F2 07 C7 FF DA 00 03 00 00 FF EA 04 A3 81 03 
F1 AC 00 A1 00 12 07 C5 FF DA 00 01 00 00 00 24 03 7C 6D 97 
F1 AD 00 9B FF FF 07 DB FF DB 00 02 FF FF FF 94 08 09 8D 0D 
F3 AE 00 8B 00 02 07 E2 FF DA 00 00 FF FE FF E7 02 3D 9D 1B 
F1 AF 00 8A FF F7 07 C3 FF DA 00 04 00 00 00 21 09 A9 2C 37 
F1 B0 00 95 FF FD 07 B3 FF DB 00 02 00 00 FF 92 03 D9 DB 88 
F3 B1 00 97 FF FB 07 C8 FF DB 00 03 00 01 FF E8 07 2C E6 FA 
F1 B2 00 A9 FF FF 07 BF FF DA 00 03 00 00 00 29 08 CC 64 AB 
F1 B3 00 95 FF F7 07 EB FF DA 00 03 FF FF FF 96 01 D1 BE AC 
F3 B4 00 9D FF FF 07 E0 FF DA 00 00 00 00 FF EB 06 34 B2 FD 
F1 B5 00 91 FF F9 07 D5 FF DA 00 02 00 00 00 2C 04 31 A9 69 
F1 B6 00 97 00 0F 07 CA FF DC 00 01 FF FF FF 92 00 D7 04 12 
F3 B7 00 98 FF F9 07 C7 FF DC 00 03 00 00 FF E6 08 7D 80 80 
F1 B8 00 A0 00 0B 07 C7 FF DA 00 03 FF FF 00 26 03 0E 38 9A 
F1 B9 00 A8 FF FD 07 D2 FF DA 00 02 00 00 FF 93 06 97 31 E5 
F3 BA 00 88 00 07 07 B3 FF DB 00 03 00 01 FF E8 06 CB F8 45 
F1 BB 00 91 00 07 07 C7 FF DA 00 02 00 00 00 2C 04 43 0B 67 
F1 BC 00 95 FF F7 07 CD FF DB 00 03 FF FF FF 95 08 4D 5A 42 
F3 BD 00 9A 00 02 07 C7 FF DB 00 02 00 00 FF E8 04 95 EC CA 
F1 BE 00 8F FF FB 07 F0 FF DB 00 03 00 00 00 29 04 E9 FB 8E 
F1 BF 00 95 00 03 07 EB FF DC 00 02 00 00 FF 95 0A EC 99 0C 
F3 C0 00 A2 00 04 07 DD FF DA 00 02 FF FF FF E1 05 28 70 E2 
F1 C1 00 A0 FF F8 07 DD FF DB 00 03 00 00 00 2D 0B ED 54 D4 
F1 C2 00 A6 FF F8 07 D2 FF DB 00 03 00 00 FF 96 03 EE C4 CD 
F3 C3 00 8A 00 04 07 CF FF DA 00 02 00 00 FF E7 05 B7 C0 FD 
F1 C4 00 90 00 09 07 E2 FF D9 00 02 FF FF 00 2E 07 27 99 22 
F1 C5 00 9A FF FD 07 E1 FF D8 00 01 00 00 FF 94 03 77 2F 2E 
F3 C6 00 9E 00 01 07 F1 FF DB 00 02 FF FF FF E4 09 0B 35 05 
F1 C7 00 95 00 01 07 C1 FF DB 00 01 00 00 00 28 06 78 7E EE 
F1 C8 00 8C FF F8 07 CE FF DB 00 03 FF FE FF 95 04 4C C2 4B 
F3 C9 00 96 00 0A 07 B8 FF DB 00 03 00 01 FF E7 0B D5 14 B2 
F1 CA 00 97 00 04 07 DA FF D9 00 02 00 01 00 2E 02 B4 FA DA 
F1 CB 00 9A 00 1A 07 C5 FF DB 00 02 00 00 FF 95 06 B0 11 63 
F3 CC 00 8A FF E6 07 B1 FF DB 00 04 00 00 FF DF 05 28 7D B5 
F1 CD 00 95 FF FB 07 C7 FF DB 00 02 00 00 00 27 08 EE F4 A9 
F1 CE 00 7C 00 04 07 B9 FF DB 00 03 FF FF FF 97 0B A2 31 8D 
F3 CF 00 95 FF FC 07 BF FF DA 00 04 FF FF FF EA 07 F2 5E AA 
F1 D0 00 AE FF FB 07 B8 FF DA 00 03 00 00 00 2C 05 7E 4F DB 
F1 D1 00 91 00 09 07 C6 FF DA 00 04 00 00 FF 97 04 9C 6B D7 
F3 D2 00 A8 FF E5 07 CE FF DA 00 03 00 00 FF E4 0A 07 AB A1 
F1 D3 00 9E 00 09 07 CD FF D9 00 04 FF FF 00 26 08 F0 86 CA 
F1 D4 00 95 00 07 07 D2 FF DB 00 02 FF FF FF 97 03 E0 41 DE 
F3 D5 00 9B FF F3 07 B2 FF DB 00 02 00 01 FF E7 07 44 96 88 
F1 D6 00 A2 FF FB 07 D5 FF DA 00 01 00 00 00 2E 09 0D 51 55 
F1 D7 00 AC 00 09 07 DB FF DB 00 03 FF FF FF 99 0C 45 82 38 
F3 D8 00 94 FF FB 07 CE FF DB 00 01 00 02 FF E1 0A 25 D0 0A 
F1 D9 00 9D FF F8 07 D4 FF DC 00 03 00 00 00 2A 04 44 76 51 
F1 DA 00 94 FF FA 07 D2 FF DA 00 03 00 01 FF 94 08 EA FA 31 
F3 DB 00 94 00 0C 07 DA FF DA 00 04 00 01 FF EA 08 9A FB 97 
F1 DC 00 9A 00 02 07 BB FF DA 00 02 00 01 00 31 0B E5 9F 4B 
F1 DD 00 9D FF F0 07 BF FF D9 00 03 FF FF FF 93 0A A1 D6 CD 
F3 DE 00 8D 00 05 07 DD FF DB 00 04 FF FF FF E7 01 23 89 13 
F1 DF 00 A1 FF F8 07 C7 FF DB 00 01 00 00 00 34 09 F6 2E 5C 
F1 E0 00 95 00 04 07 D4 FF D8 00 02 00 01 FF 95 0B 17 EF 30 
F3 E1 00 9B FF FC 07 D4 FF DA 00 02 00 01 FF EA 07 7C 37 23 
F1 E2 00 8F FF FA 07 EA FF DA 00 04 00 01 00 1D 05 8E 25 53 
F1 E3 00 8F FF F7 07 BF FF DA 00 05 00 01 FF 95 04 22 C0 AD 
F3 E4 00 B0 00 07 07 CB FF DA 00 04 00 00 FF E8 0A DB 99 B1 
F1 E5 00 AB FF EB 07 DC FF DB 00 03 00 00 00 32 05 17 EC 6E 
F1 E6 00 94 00 03 07 E2 FF DB 00 03 00 00 FF 94 05 B9 98 54 
F3 E7 00 A5 00 01 07 E6 FF DB 00 03 00 02 FF E7 06 EC 44 CE 
F1 E8 00 86 FF FA 07 DB FF DB 00 02 00 00 00 26 07 2A 6B 3F 
F1 E9 00 85 00 0F 07 C3 FF DA 00 03 00 00 FF 97 09 E1 DD BB 
F3 EA 00 AB 00 0C 07 BF FF DA 00 04 FF FF FF E5 02 5F CC C9 
F1 EB 00 AD 00 0A 07 CD FF DB 00 03 00 00 00 21 09 CE 6C C8 
F1 EC 00 88 FF F3 07 E0 FF DB 00 03 FF FF FF 93 08 F1 30 66 
F3 ED 00 A6 00 11 07 CE FF DA 00 03 FF FF FF E8 08 EA D1 37 
F1 EE 00 AB FF EF 07 E5 FF DB 00 04 00 00 00 21 0C 2D F4 83 
F1 EF 00 A1 FF EF 07 B8 FF DB 00 04 00 01 FF 97 01 AE CE 8F 
F3 F0 00 93 FF F0 07 C1 FF DB 00 03 00 00 FF E3 04 FA 0F DE 
F1 F1 00 A5 FF FE 07 DA FF D9 00 02 00 00 00 29 09 5F A6 72 
F1 F2 00 9D FF FE 07 B7 FF DA 00 04 00 00 FF 98 07 DE 0A 0B 
F3 F3 00 97 FF FF 07 DC FF DA 00 04 00 00 FF EC 05 C9 F1 F2 
F1 F4 00 8C 00 01 07 D0 FF DC 00 04 00 00 00 22 02 AF 5F 1F 
F1 F5 00 A2 00 09 07 E7 FF DB 00 03 00 00 FF 95 04 24 EC 01 
F3 F6 00 97 00 11 07 C9 FF D9 00 02 00 00 FF E4 07 C1 46 BC 
F1 F7 00 91 00 02 07 A4 FF DC 00 03 FF FF 00 2A 03 A9 FA CA 
F1 F8 00 92 00 01 07 C1 FF DC 00 02 00 01 FF 99 03 EC AC 18 
F3 F9 00 99 FF E3 07 D5 FF DB 00 01 00 00 FF EA 08 6D 67 9A 
F1 FA 00 93 FF F0 07 AD FF DC 00 01 FF FF 00 30 02 F6 87 3A 
F1 FB 00 99 00 05 07 D1 FF DA 00 03 00 01 FF 94 0A 4F 96 67 
F3 FC 00 9E 00 16 07 CB FF DB 00 02 00 00 FF E4 03 05 90 01 
F1 FD 00 90 00 04 07 E0 FF DA 00 02 00 01 00 2A 03 EC 36 D2 
F1 FE 00 8F FF FF 07 CA FF DD 00 01 00 00 FF 96 08 D4 7A C8 
F3 FF 00 92 00 09 07 D3 FF DB 00 03 00 00 FF E5 00 CC AF E2 
F1 00 00 93 FF F6 07 D2 FF DC 00 04 00 01 00 21 07 F4 42 29 
F1 01 00 91 00 01 07 E6 FF DA 00 03 00 00 FF 97 02 C5 24 C4 
F3 02 00 9A 00 03 07 C1 FF DC 00 01 FF FF FF E8 04 EB 87 88 
F1 03 00 AB 00 01 07 E1 FF DB 00 02 FF FE 00 30 0C 48 72 39 
F1 04 00 A5 FF FC 07 B6 FF DA 00 03 00 00 FF 96 00 B7 02 41 
F3 05 00 91 FF F3 07 C5 FF D9 00 02 00 00 FF E7 0A 12 D8 6F 
F1 06 00 9A 00 06 07 DA FF DA 00 04 00 00 00 25 03 8A 1C EE 
F1 07 00 99 00 02 07 BB FF DB 00 03 FF FE FF 94 03 3F FF 56 
F3 08 00 8C FF EC 07 B1 FF DB 00 03 00 00 FF E8 0A 08 8C EB 
F1 09 00 A3 FF FA 07 D6 FF DA 00 03 00 00 00 2E 03 27 AB 83 
F1 0A 00 A1 00 07 07 DC FF DA 00 03 FF FF FF 91 05 0D 4E 1E 
F3 0B 00 8F FF F1 07 E5 FF DB 00 03 00 01 FF EB 06 10 66 32 
F1 0C 00 9F FF F5 07 E7 FF DA 00 02 00 00 00 32 03 CE 93 B8 
F1 0D 00 9A FF FE 07 D0 FF DA 00 02 FF FE FF 95 0B F9 BC E2 
F3 0E 00 A3 00 09 07 C7 FF DA 00 03 00 00 FF E3 03 03 48 64 
F1 0F 00 94 FF F9 07 CA FF DB 00 04 FF FF 00 25 04 85 0B 2E 
F1 10 00 8C FF FC 07 B7 FF DB 00 03 FF FF FF 9A 0C 17 F3 F9 
F3 11 00 A0 FF F9 07 D1 FF D9 00 03 00 01 FF EB 08 A5 AB 6D 
F1 12 00 9E FF F5 07 D2 FF DA 00 03 00 00 00 2C 0D 0A EA 94 
F1 13 00 9A FF FC 07 C2 FF DA 00 03 FF FE FF 99 08 C3 37 BD 
F3 14 00 A3 FF F5 07 C1 FF DB 00 04 00 01 FF E3 06 35 96 DC 
F1 15 00 A2 FF EE 07 DA FF DB 00 03 FF FF 00 28 0C 28 89 74 
F1 16 00 9F 00 09 07 D4 FF DC 00 03 00 01 FF 93 06 6A 49 33 
F3 17 00 A6 00 05 07 CF FF DB 00 02 00 01 FF E8 0B 77 E6 F8 
F1 18 00 AC FF FF 07 CB FF DB 00 04 00 00 00 29 07 C3 C2 58 
F1 19 00 9B FF F4 07 CD FF DB 00 04 FF FE FF 98 06 C4 29 43 
F3 1A 00 95 FF F6 07 FA FF DB 00 03 FF FF FF E8 08 28 31 84 
F1 1B 00 95 FF FB 07 D2 FF DB 00 03 00 00 00 25 05 6F FD 2F 
F1 1C 00 A7 FF F7 07 BE FF DA 00 03 FF FF FF 97 07 49 1E 9E 
F3 1D 00 7B FF FC 07 DC FF DC 00 01 00 00 FF E3 08 09 90 F3 
F1 1E 00 A3 FF EE 07 CF FF DB 00 04 00 00 00 2C 0A BD FF A3 
F1 1F 00 88 00 0A 07 DC FF DB 00 01 FF FF FF 94 0A 46 D5 ED 
F3 20 00 8C FF F6 07 D5 FF DB 00 02 00 00 FF E5 05 76 6A 6E 
F1 21 00 91 00 06 07 F1 FF D9 00 03 00 00 00 29 03 CA EF 89 
F1 22 00 92 FF F5 07 D0 FF DB 00 02 FF FF FF 95 09 BD B9 B4 
F3 23 00 90 00 04 07 B9 FF DC 00 03 00 00 FF E3 08 F2 4A 97 
F1 24 00 A6 FF EE 07 C5 FF DC 00 03 FF FF 00 29 07 D1 DA 7E 
F1 25 00 8C 00 08 07 C4 FF DB 00 04 00 00 FF 97 03 FF 15 70 
F3 26 00 94 00 06 07 D3 FF DB 00 01 00 01 FF E7 05 B8 DC 10 
F1 27 00 93 FF FC 07 E4 FF D9 00 04 FF FF 00 23 09 32 A4 C2 
F1 28 00 9E FF FF 07 C8 FF DA 00 03 00 00 FF 93 08 45 67 6C 
F3 29 00 A7 FF FB 07 D9 FF DA 00 04 FF FF FF E8 08 1A C1 84 
F1 2A 00 8F 00 02 07 D2 FF DB 00 03 00 01 00 23 02 44 D9 B6 
F1 2B 00 9E 00 02 07 CB FF DB 00 02 00 00 FF 91 07 75 16 53 
F3 2C 00 84 FF EE 07 C7 FF DB 00 03 FF FF FF E0 09 67 7B 2F 
F1 2D 00 AF 00 09 07 C8 FF DB 00 03 00 00 00 25 08 CC 42 49 
F1 2E 00 A4 00 03 07 D8 FF D8 00 02 00 01 FF 99 07 F5 2B A3 
F3 2F 00 9D 00 07 07 DF FF DB 00 02 00 00 FF E3 03 C1 9F FA 
F1 30 00 8C FF FE 07 CF FF DC 00 02 FF FE 00 2F 0C 9D 91 D4 
F1 31 00 A5 FF F3 07 DD FF DA 00 02 00 00 FF 93 08 80 1A 2D 
F3 32 00 97 00 09 07 C9 FF DA 00 02 FF FF FF E5 0B 2C ED 5C 
F1 33 00 A8 FF FE 07 C8 FF DD 00 02 00 00 00 2C 07 C5 9E DC 
F1 34 00 85 00 05 07 C7 FF DA 00 01 00 00 FF 94 06 4E 22 9F 
F3 35 00 84 00 04 07 C2 FF DA 00 04 00 00 FF E7 09 B3 76 DC 
F1 36 00 8F FF F6 07 B9 FF D9 00 00 FF FF 00 22 05 A2 D3 8A 
F1 37 00 94 FF E9 07 C5 FF DB 00 02 FF FF FF 93 03 63 91 1C 
F3 38 00 8F FF FD 07 E4 FF D9 00 00 FF FF FF EA 0D D3 1B E8 
F1 39 00 A7 FF F8 07 E4 FF DB 00 04 00 00 00 31 0E 28 DD 86 
F1 3A 00 A0 00 02 07 D2 FF DE 00 03 00 00 FF 92 10 CC 2F 11 
F3 3B 00 A1 FF E9 07 E4 FF DA 00 05 00 02 FF E9 09 E1 C8 18 
F1 3C 00 B6 00 03 07 F1 FF DB 00 03 00 02 00 28 05 1F 04 15 
F1 3D 00 85 FF FE 07 DE FF DA 00 03 00 00 FF 95 0D 05 44 D6 
F3 3E 00 96 FF FA 07 B6 FF DB 00 03 FF FF FF E7 0C 69 AC D0 
F1 3F 00 99 FF FC 07 BD FF DB 00 04 00 00 00 2A 0E 35 83 F6 
F1 40 00 A0 FF F7 07 D2 FF DA 00 03 00 00 FF 94 08 A5 A2 2E 
F3 41 00 A2 FF F7 07 CD FF DC 00 02 00 00 FF EA 0B 3C B7 7B 
F1 42 00 9B 00 04 07 BD FF DB 00 02 00 00 00 25 08 15 20 E0 
F1 43 00 99 FF F8 07 EB FF DC 00 03 00 00 FF 95 03 8D 99 D5 
F3 44 00 8A 00 05 07 D6 FF DB 00 03 00 01 FF E5 09 9D 7F F4 
F1 45 00 96 00 0A 07 CE FF DB 00 04 00 00 00 1E 0B 05 D4 0F 
F1 46 00 9B 00 07 07 D1 FF DA 00 01 FF FF FF 94 04 5B E2 11 
F3 47 00 8B 00 02 07 C9 FF DB 00 02 00 01 FF E7 0C BC E9 9F 
F1 48 00 97 FF F2 07 C3 FF DA 00 03 FF FF 00 23 05 AA FA E2 
F1 49 00 A7 00 0A 07 CE FF DC 00 04 00 00 FF 99 07 0F CD 10 
F3 4A 00 86 FF FE 07 B9 FF DA 00 03 00 01 FF E9 08 C3 F9 4C 
F1 4B 00 9A FF FB 07 C9 FF DA 00 01 00 00 00 2A 01 7D 12 F7 
F1 4C 00 8D 00 0A 07 E0 FF DC 00 01 00 00 FF 94 0B E4 A2 2C 
F3 4D 00 98 FF FE 07 BF FF DB 00 02 00 00 FF E4 08 3F 50 63 
F1 4E 00 9F 00 02 07 D6 FF DA 00 03 00 00 00 28 0B 39 65 D4 
F1 4F 00 9F FF FD 07 CF FF D9 00 03 00 01 FF 95 0A 50 4D 00 
F3 50 00 92 00 05 07 D2 FF DB 00 02 00 00 FF E3 04 02 BE 6F 
F1 51 00 94 00 07 07 E5 FF DC 00 03 FF FF 00 21 09 E9 EA 6E 
F1 52 00 91 00 0E 07 C9 FF DA 00 03 00 00 FF 97 05 0E 62 4C 
F3 53 00 9A 00 09 07 D8 FF DC 00 02 00 01 FF EA 04 9B 33 3D 
F1 54 00 A1 00 1A 07 E1 FF DA 00 03 00 00 00 26 0B 9E EA A9 
F1 55 00 99 FF FA 07 DF FF DC 00 01 FF FF FF 99 02 4E 00 D2 
F3 56 00 A0 FF F5 07 D9 FF DA 00 03 00 01 FF EA 02 9C 5F 7B 
F1 57 00 92 00 0A 07 C5 FF DB 00 03 00 01 00 1F 09 51 52 3A 
F1 58 00 A0 FF FF 07 D3 FF DB 00 04 00 00 FF 96 00 EB 54 88 
F3 59 00 92 00 02 07 BA FF DB 00 05 FF FF FF E5 0B 09 AB 15 
F1 5A 00 A0 FF F5 07 CA FF DC 00 02 FF FF 00 32 04 5F C4 D0 
F1 5B 00 AE 00 0B 07 AB FF DC 00 03 00 01 FF 96 03 B2 7C 38 
F3 5C 00 89 00 05 07 CD FF D9 00 03 00 00 FF E3 0C 82 48 34 
F1 5D 00 8C FF FB 07 D3 FF DB 00 02 FF FF 00 27 02 1F C7 0C 
F1 5E 00 95 00 03 07 DD FF DB 00 02 00 01 FF 94 09 92 D5 93 
F3 5F 00 A1 00 02 07 DB FF DB 00 03 00 00 FF E7 06 31 CF 56 
F1 60 00 A2 FF FB 07 BC FF DB 00 04 00 00 00 26 07 D5 27 25 
F1 61 00 8B FF F7 07 CB FF DB 00 04 00 00 FF 96 0C 6B 90 01 
F3 62 00 AF 00 07 07 EB FF DA 00 03 FF FF FF E2 02 C8 CB B9 
F1 63 00 94 00 04 07 DC FF DA 00 03 00 01 00 30 09 E2 98 7D 
F1 64 00 8D 00 02 07 C9 FF DC 00 01 FF FF FF 95 04 80 C7 E5 
F3 65 00 A1 00 11 07 DE FF DC 00 03 FF FF FF E8 04 DB B2 12 
F1 66 00 96 00 03 07 D6 FF DC 00 02 00 00 00 2C 05 89 A8 E1 
F1 67 00 A0 FF FE 07 C5 FF DC 00 01 00 00 FF 94 04 E2 99 1E 
F3 68 00 9E FF F8 07 C2 FF DB 00 02 FF FF FF E9 04 E6 A5 61 
F1 69 00 A1 00 06 07 C3 FF DB 00 02 00 00 00 28 04 3D D3 AE 
F1 6A 00 94 FF FC 07 D6 FF DC 00 03 00 00 FF 99 05 D1 B5 FA 
F3 6B 00 97 FF F1 07 DF FF DB 00 03 00 00 FF EE 08 2C 23 F0 
F1 6C 00 9A FF FA 07 C9 FF D9 00 03 00 00 00 24 04 32 09 40 
F1 6D 00 9E FF F2 07 DF FF D9 00 03 00 00 FF 94 03 68 FA F7 
F3 6E 00 94 FF FF 07 CB FF DD 00 04 00 01 FF E8 0C 2E A4 4F 
F1 6F 00 9B 00 08 07 B0 FF D9 00 02 00 01 00 27 08 30 9B 7E 
F1 70 00 96 00 02 07 DA FF DA 00 03 00 00 FF 97 0B 5B 0D 72 
F3 71 00 8D FF F9 07 BF FF DB 00 02 00 00 FF E3 04 86 F1 3B 
F1 72 00 A5 00 02 07 D9 FF DA 00 02 00 00 00 27 05 A8 95 B9 
F1 73 00 92 FF FD 07 CF FF DB 00 04 00 00 FF 93 0C 02 AE 53 
F3 74 00 98 FF F1 07 C6 FF DA 00 02 00 01 FF E8 0C 05 8A 5B 
F1 75 00 97 FF FE 07 FC FF DB 00 03 FF FE 00 29 07 F7 1D 91 
F1 76 00 A0 00 10 07 D4 FF DA 00 01 00 00 FF 96 05 CB 52 A6 
F3 77 00 8D FF F8 07 DF FF DA 00 02 00 00 FF EA 0A C1 56 25 
F1 78 00 9B FF F4 07 C7 FF DB 00 03 00 00 00 22 0D 7A 2A ED 
F1 79 00 96 00 07 07 D6 FF DB 00 03 FF FF FF 8F 05 34 98 30 
F3 7A 00 9F 00 16 07 D8 FF DB 00 03 00 00 FF E7 07 DF C6 BC 
F1 7B 00 9B FF F6 07 FA FF DA 00 02 00 00 00 28 02 E7 93 63 
F1 7C 00 AC FF FE 07 B1 FF DA 00 03 FF FF FF 96 09 89 96 81 
F3 7D 00 94 00 09 07 C5 FF DA 00 01 00 00 FF E7 09 FB 15 00 
F1 7E 00 99 00 06 07 CF FF DB 00 03 00 00 00 22 04 E2 FD 21 
F1 7F 00 93 FF FE 07 FB FF DB 00 02 00 00 FF 93 08 43 90 96 
F3 80 00 94 FF F3 07 E7 FF DB 00 03 FF FF FF E5 05 DA 12 86 
F1 81 00 99 FF FA 07 C4 FF DA 00 05 00 00 00 27 0A 81 C0 17 
F1 82 00 9E FF F1 07 DA FF DA 00 03 00 00 FF 94 07 6A 3C 2E 
F3 83 00 96 00 03 07 B7 FF DC 00 03 00 01 FF E4 02 B8 E0 00 
F1 84 00 9E 00 03 07 F0 FF DA 00 03 00 01 00 1F 07 DC F9 9F 
F1 85 00 8F 00 06 07 DF FF D9 00 02 00 00 FF 93 08 FB 16 DB 
F3 86 00 A2 00 16 07 EA FF DA 00 03 00 00 FF E0 09 DC 4B 95 
F1 87 00 98 FF F0 07 BA FF D9 00 04 FF FE 00 2C 04 64 2A C2 
F1 88 00 98 FF FD 07 DB FF DA 00 01 FF FF FF 95 02 48 38 39 
F3 89 00 9E FF EE 07 CB FF DB 00 03 00 02 FF E6 09 86 26 AC 
F1 8A 00 88 FF FD 07 D0 FF DC 00 02 00 02 00 28 06 94 74 A2 
F1 8B 00 9F FF FD 07 DD FF D9 00 03 00 00 FF 96 06 F6 10 4A 
F3 8C 00 8F 00 08 07 B8 FF DB 00 02 00 01 FF E6 03 7B 20 F5 
F1 8D 00 9D FF FD 07 B3 FF D9 00 03 00 00 00 2A 04 0D 7A 21 
F1 8E 00 A5 FF F7 07 C5 FF D8 00 02 00 01 FF 94 06 F1 6B 99 
F3 8F 00 A2 FF FB 07 E2 FF DA 00 03 00 00 FF E8 05 E4 10 66 
F1 90 00 8C FF EC 07 C3 FF DC 00 02 00 02 00 2E 02 5B 7F 12 
F1 91 00 94 00 06 07 E8 FF DC 00 02 00 00 FF 96 08 4E 7C 00 
F3 92 00 8C 00 06 07 D2 FF D9 00 04 FF FF FF E7 03 99 79 71 
F1 93 00 92 00 0E 07 DB FF DA 00 02 00 00 00 2A 08 E5 99 7C 
F1 94 00 9A 00 02 07 B9 FF DC 00 03 00 01 FF 92 00 D1 27 47 
F3 95 00 9D FF F8 07 E2 FF DA 00 04 00 00 FF EA 05 70 5F 43 
F1 96 00 9B 00 02 07 ED FF DC 00 01 00 00 00 2C 0A 81 39 01 
F1 97 00 8D FF FD 07 BB FF DB 00 03 FF FF FF 92 06 12 7F C6 
F3 98 00 9F 00 0E 07 CF FF DB 00 03 FF FF FF E6 07 E4 8C 00 
F1 99 00 8D 00 18 07 E5 FF DB 00 01 00 01 00 2D 01 5F BB 7B 
F1 9A 00 8F FF FE 07 D2 FF D9 00 03 FF FF FF 95 03 F4 9C 42 
F3 9B 00 9D FF F9 07 E0 FF DB 00 02 FF FF FF E7 0A 88 27 A1 
F1 9C 00 AD FF E6 07 CD FF DB 00 02 FF FF 00 27 00 CF 9A 72 
F1 9D 00 A1 FF FC 07 C8 FF DB 00 03 FF FF FF 96 0B A7 23 18 
F3 9E 00 9E FF FA 07 D4 FF DB 00 02 00 00 FF E5 04 1D 66 28 
F1 9F 00 A3 FF FC 07 D6 FF DB 00 03 00 00 00 23 01 F9 4D 0E 
F1 A0 00 99 FF F7 07 E2 FF DA 00 01 FF FF FF 94 0E 3E 45 C7 
F3 A1 00 91 FF F7 07 D3 FF DB 00 02 00 00 FF EC 03 50 12 01 
F1 A2 00 99 00 06 07 DC FF DC 00 05 00 00 00 26 04 54 89 20 
F1 A3 00 8C FF F6 07 C5 FF DB 00 04 FF FF FF 97 04 DB 40 15 
F3 A4 00 9A FF F5 07 D1 FF DC 00 04 00 00 FF E7 02 40 6E 01 
F1 A5 00 8F FF EA 07 EA FF DB 00 03 00 00 00 23 07 39 0E 81 
F1 A6 00 9F FF F4 07 D2 FF DA 00 02 FF FF FF 93 08 4D 78 42 
F3 A7 00 8B 00 05 07 CE FF DA 00 03 00 00 FF E3 07 D5 BA 82 
F1 A8 00 96 00 0B 07 F2 FF DB 00 03 00 01 00 25 0B EA 77 16 
F1 A9 F5 53 FF 01 10 7A 01 2F 00 68 01 70 FF 93 0D 6D 00 97 
F3 AA 02 A6 02 45 0A 5D 04 DA FF 17 05 26 FF E5 09 89 92 DD 
F1 AB 07 93 FE 00 0C 46 06 D4 FF 91 03 A6 00 2E 05 75 ED 4F 
F1 AC 00 F7 00 A7 01 9A 07 9E FE 76 02 13 FF 97 0F 63 57 2E 
F3 AD FB 7C 01 4A 08 86 05 F9 FB C0 02 6C FF DE 0E AC 1F 8C 
F1 AE FF DC 01 55 FC 62 05 FA F9 7A 06 3E 00 1D 2B 97 EB BB 
F1 AF 00 97 00 7C 01 B6 00 A6 FD 83 08 0D FF 90 12 AF 4F 5F 
F3 B0 FF 6C 01 DA F9 72 FC B4 02 9D 08 8B FF DA 0C 68 04 58 
F1 B1 FF 70 FF 11 FD 4F F7 69 09 08 09 45 00 0D 06 49 CF DA 
F1 B2 03 1D FB B6 FB 12 F0 27 05 2D 08 AC FF 8C 09 08 5A B9 
F3 B3 ED 0C 01 92 C5 85 FD AB FF 68 02 0D FF EA 7F BC 77 BB 
F1 B4 00 F8 01 AB 0B 14 01 CD FD D2 00 FF 00 04 7F BC DE EF 
F1 B5 FD E4 00 04 F4 59 00 B4 08 50 03 67 FF 8C 7F BC 6F 6C 
F3 B6 01 20 00 57 0F 80 FF 41 01 56 02 DA 00 03 7F BC 8A 73 
F1 B7 09 5A FF C5 20 56 FF 08 00 8C 02 19 FF F9 4C 73 CB 26 
F1 B8 04 52 FF 73 03 9A FE 58 FA A1 01 72 FF A3 34 C9 6A F2 
F3 B9 00 79 00 FE FA 5D FC C7 FA 59 00 38 00 01 31 7D 47 6F 
F1 BA FF DA 01 08 00 F5 FD 8A FB E4 FF 0D FF F4 3F 1F C0 31 
F1 BB 04 1B FF 39 0F 0F FE D0 FE 6F 00 A5 FF A6 1E B5 15 20 
F3 BC 03 F8 FF D6 0D 66 FE 9A FB 58 01 65 00 08 22 4A 13 A8 
F1 BD FB AC 02 58 07 21 FE 0C F7 D8 03 EC FF E2 0F 8E 3F 50 
F1 BE 07 24 FC 29 03 5D 01 09 F8 3C 08 77 FF 98 02 26 E5 AB 
F3 BF 0A E3 FE 20 06 D2 00 62 F9 CB 08 EF 00 0A 0B 58 30 7E 
F1 C0 0D CB FF B4 0C BC 01 C8 02 1F 06 CE FF D1 03 1C 3E 75 
F1 C1 0F 61 FF 14 0A 59 05 A1 03 ED 01 A9 FF 98 06 07 46 27 
F3 C2 0D 7B FE CB 08 A2 08 65 FF AE FB AE 00 16 04 72 B0 45 
F1 C3 0B 45 FC A7 09 0B 0E 8F F6 F6 F6 63 FF C7 11 BC 1D 01 
F1 C4 04 DD FF 95 00 A1 0D 6B F4 F7 F2 7B FF 8F 16 B4 DF D4 
F3 C5 FE 66 FE FD 06 01 09 09 F8 0C F2 05 FF FB 07 DD 1E 03 
F1 C6 F6 C6 00 59 06 17 07 36 FE F3 F4 DE FF D8 0A 46 44 40 
F1 C7 F9 95 FF C3 03 E9 03 F1 03 11 FF 63 FF 86 09 34 46 52 
F3 C8 FF 6E 01 10 02 F8 02 78 02 6A 02 E7 FF DC 0D 3C AF 38 
F1 C9 02 E0 01 83 FF 4A 01 1B FD D6 02 A3 FF DA 0D 7A E1 54 
F1 CA 03 9C FF 35 05 7D FE 49 F6 D7 01 71 FF 76 03 5D D5 01 
F3 CB 09 FB 01 01 03 60 FE 1A F3 63 FD E2 FF D9 0C 32 33 73 
F1 CC 00 3A 01 E4 0E BC FD 36 F4 A9 FB 9D FF DB 0D D1 A0 6E 
F1 CD 0A 2F 08 23 05 1F 00 46 F5 5A FB C9 FF 73 0C 70 DC A4 
F3 CE 01 A6 06 CB 06 60 00 B6 E9 59 FB 75 FF D4 06 F1 36 41 
F1 CF FE DC 04 0F 00 80 00 6E E1 61 02 1F FF D3 05 84 9B DF 
F1 D0 07 46 03 36 FA DD FB 6E DF 97 06 AE FF 65 06 3A 1F CC 
F3 D1 08 6F 04 64 00 09 F8 1A DF 3D 06 D0 FF D8 06 7E 08 52 
F1 D2 06 DF 02 A9 02 54 FD 2A E1 67 06 03 FF D6 0E F4 80 B8 
F1 D3 07 9C 01 87 FF 04 03 39 E8 CC 05 0E FF 48 0B 37 CE F2 
F3 D4 05 7D 02 A8 FD 01 05 DB EF A3 03 3C FF D8 02 01 F2 E4 
F1 D5 0A 26 00 86 F6 D2 05 3B F5 65 02 F5 FF FE 09 4C F9 56 
F1 D6 0A D3 FF BB F7 0F 01 04 FB 05 01 95 FF 31 0A 34 B7 8E 
F3 D7 06 B8 00 C7 FA EB FE 0C FC B2 01 8B FF EB 06 F2 B8 B2 
F1 D8 05 37 01 1B FC DC FD 2A FB DB 03 03 00 1E 01 2E 67 FB 
F1 D9 06 3E 01 AF FC BC FD 29 F9 7E 03 AE FF 12 03 BD 8D BD 
F3 DA 06 66 01 F7 FB 66 FD 1B F9 B7 03 8B FF E3 05 C1 5F 94 
F1 DB 07 45 01 CB FA 76 FC D0 FB 35 02 9B 00 27 06 52 D3 8D 
F1 DC 06 89 02 01 FA E2 FC C2 FB 3A 01 90 FF 18 07 55 79 FA 
F3 DD 05 B4 02 4C FB 8A FD 91 FC 03 01 A9 FF DD 07 08 F7 21 
F1 DE 07 A2 02 02 FA 72 FE B8 FD F6 01 D9 00 37 03 E6 87 1C 
F1 DF 07 1E 01 08 FA 34 FF 67 FF 22 00 E0 FF 16 08 49 DD 89 
F3 E0 05 D5 01 3A FB 42 00 8B 00 C1 01 01 FF DB 07 02 6A 0B 
F1 E1 06 81 00 C1 FB 1D 01 DD 01 64 01 74 00 47 05 DD 8A 74 
F1 E2 07 EB FF 4B FA 5E 02 2B 00 5F 01 2C FF 13 05 57 3D 2A 
F3 E3 08 EE FF 1C FC 2E 02 50 02 D1 00 EC FF DE 05 C5 AF ED 
F1 E4 0A BE FE 17 FF B4 03 BB 05 A1 FF 84 00 3C 07 04 67 E2 
F1 E5 0C CA FC 73 03 45 06 26 08 0A FD D2 FF 15 00 45 EA 6F 
F3 E6 0D 6F FA 7D 06 9C 0A 32 0C E5 FD 33 FF DC 00 08 19 4E 
F1 E7 0C 71 F8 73 00 CD 0C 28 0C 7C FF 04 00 32 04 3B FC 89 
F1 E8 0B EE FA DC FC 55 06 01 08 9B 02 12 FF 17 0F 85 98 BF 
F3 E9 0D BA 00 0E FD 8F 00 A7 06 16 01 60 FF FC 0B 1D 70 07 
F1 EA 0C 88 02 73 FA 0B FF 10 08 4A FD 33 00 10 04 2A 93 C9 
F1 EB 03 C9 01 1E F6 58 FC 6B 08 6C FA 61 FF 18 05 8E DC F4 
F3 EC 02 F7 01 D8 F2 AC F8 A8 00 8D FC F8 FF FC 0E B1 60 DF 
F1 ED 07 FA 04 D9 F1 FD F5 F2 FC 2C FE 50 00 02 0B 58 7C C1 
F1 EE 07 EA 05 8F F4 CC F5 FD FF 9D FB F9 FF 1D 00 9F 18 21 
F3 EF 04 4B 05 49 F7 1B F9 71 03 B2 F9 91 FF F3 03 5E 41 0A 
F1 F0 03 23 04 5E F5 C1 FC F6 07 10 FA 84 00 08 01 C6 2A AF 
F1 F1 03 C7 03 FC F7 26 FE 37 09 A9 FC 5A FF 22 05 92 53 7B 
F3 F2 01 3D 02 F7 FA C9 FE F0 0C 70 FD 44 FF E1 05 22 76 3D 
F1 F3 00 1F 02 40 FC D5 00 56 0B 87 FE BD 00 1B 02 12 2F B6 
F1 F4 03 21 02 DF FC AE 01 1D 0B 45 FF 58 FF 2B 0A 70 A0 24 
F3 F5 03 3E 03 26 FE 0B 00 D3 0A C5 FD E4 FF E2 04 E8 BB E3 
F1 F6 01 FE 02 12 FE 6C 00 AB 09 AF FC DA 00 11 0B D8 9D D9 
F1 F7 01 73 02 53 00 2D 00 89 07 84 FD 0F FF 32 00 AD 9B 31 
F3 F8 02 26 02 6A 01 05 00 9D 04 EA FE 00 FF DB 01 C8 45 55 
F1 F9 01 C8 03 F0 02 3C 01 3C 02 57 FF 9C FF FA 06 B8 3C 04 
F1 FA 04 56 04 3E 00 B9 01 D8 00 ED 01 6C FF 35 03 43 03 81 
F3 FB 08 7A 04 18 FF 96 00 E0 FD CA 01 9B FF D8 0B BF 2E 17 
F1 FC 09 99 03 DA 00 38 FE 65 FE A6 00 9B FF F6 03 4E 11 D7 
F1 FD 08 A9 04 52 02 3B FC 90 06 68 FF 6E FF 42 02 F6 1F E5 
F3 FE 06 5A 03 6E 01 A3 FB 92 10 70 FF A1 FF DF 12 B9 6A F0 
F1 FF 08 18 02 BB 05 50 FB 02 11 98 FF 26 FF EF FC C6 A5 77 
F1 00 04 ED 03 9E 07 00 FD 2D 0B 55 FD 06 FF 44 0E F7 13 17 
F3 01 06 16 02 A3 06 54 FE DD 0C C9 FC 12 FF DC FF D3 63 EC 
F1 02 03 D5 02 F7 07 53 FD EA 0A 38 FC FE FF E9 FD 6F 09 53 
F1 03 01 C6 02 89 06 77 FC 82 0C 76 FF 22 FF 5C 07 1C ED EA 
F3 04 04 7E 01 EC 0C BC FB 22 15 32 01 38 FF D3 05 62 96 3C 
F1 05 04 19 03 2E 09 A0 FB 1F 12 02 01 B7 FF EF 0A 26 59 01 
F1 06 04 BB 02 77 0C F6 FD B3 09 DB 01 11 FF 6C 09 2A 35 15 
F3 07 03 AE 01 4B 09 90 00 C7 02 03 01 09 FF D2 03 81 E7 88 
F1 08 00 F6 01 A1 06 07 01 08 FD 9D 01 7F 00 02 09 B1 E6 20 
F1 09 01 2E 02 B3 06 03 01 40 FC 50 02 91 FF 86 07 6B 7B 0B 
F3 0A FF 07 01 95 0F C9 FB 3A 0E 92 01 D2 FF D6 1E 08 D3 D5 
F1 0B 01 63 02 72 0B 14 FB 5E 11 E3 01 C1 00 03 0C A0 D6 07 
F1 0C 01 5D 01 0F 0F 7B FF D8 02 CE 00 0E FF 85 04 B5 6A DD 
F3 0D FF 08 01 2E 07 D1 02 2C F7 13 00 95 FF DB 13 C8 96 BD 
F1 0E 05 40 01 8F 08 91 FC E0 00 6F 00 50 00 10 19 99 43 52 
F1 0F 03 43 FF E8 04 C7 FB DB 03 06 FE 7F FF 90 04 EA 77 9B 
F3 10 03 F5 00 91 06 6E FB D5 05 67 FD 66 FF D8 09 00 F5 E9 
F1 11 01 76 01 8C 0A 51 FD 1E 06 1D FC 70 00 05 01 47 DF F9 
F1 12 FE 8B 02 51 09 7D FF B6 04 A1 FC F3 FF 8E 05 0A 73 F6 
F3 13 FE C7 00 76 0B BD FB 3F 02 07 FD 91 FF D6 47 9F BC 06 
F1 14 FE A6 00 BA 09 9A FC 9E FD 3A FE 5A 00 12 05 9F 40 62 
F1 15 FB F5 03 34 A3 DE 01 74 F7 9B FE C7 FF 9C 3A 0E 92 9B 
F3 16 02 E4 01 32 04 AB FE 49 FB 7A FF 38 FF D8 09 C3 9C 54 
F1 17 00 44 01 98 02 49 FE D4 02 46 FF 36 00 23 26 F3 3A 78 
F1 18 FF 93 01 E4 FD EA FF 77 05 29 FF 8A FF 9B 24 F1 4D D2 
F3 19 00 2F FF EB 0E A1 FC 39 05 1E 00 1B FF DD 0C 1B C4 37 
F1 1A 01 24 FF 70 0A 6D FB CC FD F8 FF CC 00 1C 0F 95 D3 A9 
F1 1B 00 CC FF 6F 0B FE FB 32 FD 25 FF EE FF 9C 0B 32 26 A6 
F3 1C 00 89 00 03 08 8F FE 1D 03 E0 FF E3 FF E2 04 02 FD 7B 
F1 1D FF EF FF 4D 0E 38 FC B4 FF A5 00 74 00 1C 0F 8E 04 6C 
F1 1E 04 0F 00 62 04 B3 FF 79 FF EF 00 10 FF 9E 23 15 0E D7 
F3 1F 00 40 00 02 07 89 FF EC FF F4 FF F6 FF EC 15 23 9E 0E 
F1 20 00 4F 00 14 07 CD FF E2 00 01 FF FE 00 28 05 EB 33 E6 
F1 21 01 26 FF EF 07 F8 FF D4 00 0E FF FA FF A0 06 85 C3 0C 
F3 22 00 69 00 0B 07 91 FF DA 00 0D FF F1 FF E4 0A F2 FD A5 
F1 23 00 A4 00 02 07 B3 FF E1 00 03 FF F9 00 2A 08 FC 04 01 
F1 24 00 96 FF F4 07 E6 FF DE 00 01 FF F9 FF A4 0C 9B 20 95 
F3 25 00 8F 00 06 07 E9 FF DF 00 02 FF FA FF ED 09 93 4E 78 
F1 26 00 8C 00 09 08 02 FF DE 00 01 FF FA 00 1E 06 D5 F9 C4 
F1 27 00 A7 FF F7 07 FE FF DF 00 01 FF F9 FF 9F 07 B4 83 C7 
F3 28 00 86 00 0A 07 F8 FF E0 00 02 FF F9 FF EA 04 FB 0C DE 
F1 29 00 A0 00 0D 07 D9 FF E1 00 01 FF F9 00 2E 04 A4 36 14 
F1 2A 00 9B 00 04 07 AC FF E1 00 02 FF FB FF 9E 04 F1 4F 64 
F3 2B 00 96 00 07 07 CD FF E1 00 01 FF FA FF E6 08 8F 9D C3 
F1 2C 00 96 00 12 07 CF FF E0 00 03 FF F9 00 24 08 CC F7 66 
F1 2D 00 88 FF FF 07 DE FF E1 00 02 FF FA FF A3 01 96 E9 92 
F3 2E 00 8F FF F6 07 D3 FF E0 00 01 FF FA FF EA 07 0F 3D 72 
F1 2F 00 AC FF F9 07 CB FF DF 00 03 FF FB 00 26 06 F8 87 1B 
F1 30 00 8C 00 07 07 EB FF E0 00 01 FF F9 FF 9D 0C 85 FA A9 
F3 31 00 92 00 0C 07 C5 FF DF 00 01 FF F9 FF E7 05 8A A0 BB 
F1 32 00 95 00 10 07 B6 FF E0 00 03 FF F9 00 25 06 7D 07 48 
F1 33 00 93 00 07 07 CD FF DF 00 02 FF FA FF A3 06 51 61 C9 
F3 34 00 A6 FF FD 07 DB FF DF 00 01 FF FB FF E8 06 5F 36 D8 
F1 35 00 8A 00 04 07 CF FF E0 00 02 FF FB 00 29 05 3D 22 E6 
F1 36 00 95 00 0E 07 D3 FF DE 00 00 FF FA FF A4 03 49 CE 2A 
F3 37 00 9E 00 0F 07 CE FF DE 00 02 FF FA FF E8 01 C6 DF 1F 
F1 38 00 95 00 07 07 B3 FF E0 00 02 FF FA 00 25 07 80 AF 1E 
F1 39 00 9B FF FE 07 E5 FF E0 00 01 FF F9 FF A1 04 76 C8 2C 
F3 3A 00 95 FF FB 07 C6 FF DE 00 02 FF FA FF E8 03 65 E3 F5 
F1 3B 00 A3 00 04 07 FA FF DF 00 00 FF F9 00 25 06 30 1C F7 
F1 3C 00 A1 00 0C 07 D5 FF DE 00 02 FF FA FF A3 05 AC B9 BE 
F3 3D 00 9B 00 17 07 CB FF E0 00 02 FF F8 FF E8 04 3B DA D4 
F1 3E 00 9F FF FB 07 CB FF E0 00 02 FF FB 00 25 05 FB DB D2 
F1 3F 00 90 FF F8 07 77 FF E1 00 02 FF FA FF A3 04 73 7E F9 
F3 40 00 98 00 04 07 D8 FF DF 00 01 FF FA FF E8 0C EF B1 5D 
F1 41 00 97 00 09 08 00 FF E0 00 02 FF FA 00 27 0C 46 BD E7 
F1 42 00 93 00 0F 08 AC FF E2 00 10 FF FA FF A2 0D 8D 19 E1 
F3 43 00 C4 FF F5 09 79 FF D6 00 04 FF FB FF E3 03 23 77 7E 
F1 44 00 C5 00 01 08 7B FF D7 00 03 FF F9 00 1D 02 C6 0E 92 
F1 45 00 7F 00 09 07 98 FF E2 00 02 FF F8 FF A2 07 6C 17 E0 
F3 46 00 A5 00 1A 07 DF FF DE 00 03 FF FC FF EC 04 16 C4 A6 
F1 47 00 86 FF FA 07 EC FF DE 00 05 FF F9 00 28 09 27 C0 CF 
F1 48 00 90 FF FC 07 7E FF E3 00 03 FF F9 FF A3 06 3D 76 86 
F3 49 00 95 00 0F 07 C2 FF E1 00 01 FF FA FF E7 09 73 B1 DF 
F1 4A 00 97 FF F9 07 E5 FF DF 00 03 FF F9 00 24 0D 2C 03 69 
F1 4B 00 9E 00 05 07 FA FF DE 00 02 FF F9 FF A1 0B F6 2A 29 
F3 4C 00 9A 00 16 07 EF FF DF 00 00 FF F8 FF EC 08 56 A8 80 
F1 4D 00 B0 00 0A 07 C5 FF DF 00 00 FF FA 00 26 06 C7 51 2C 
F1 4E 00 7E 00 01 07 D4 FF E0 00 01 FF FA FF A5 FF 4C D2 90 
F3 4F 00 8C 00 03 07 C6 FF DF 00 02 FF F9 FF EA 0E 04 2F 83 
F1 50 00 9E 00 14 07 C1 FF DF 00 02 FF F9 00 1D 02 76 F4 F4 
F1 51 00 8C 00 15 07 F3 FF E0 00 01 FF F9 FF A0 08 01 5F B0 
F3 52 00 96 FF FC 07 D1 FF E0 00 02 FF FA FF E4 0C 8A 9B A5 
F1 53 00 A8 00 07 07 C8 FF DE 00 02 FF FB 00 26 05 E3 B3 8E 
F1 54 00 A2 00 17 07 DF FF DF 00 03 FF F9 FF 9F 08 8D 06 B0 
F3 55 00 AF FF E1 07 D9 FF E0 00 02 FF F8 FF EA 04 9C E8 5E 
F1 56 00 A2 FF EC 08 03 FF DF 00 02 FF FA 00 2C 09 D2 D1 4F 
F1 57 00 94 FF F8 07 D1 FF E1 00 02 FF F9 FF 9E 0B F1 3C AB 
F3 58 00 8D 00 14 07 B6 FF E0 00 02 FF F9 FF ED FF 2B 96 45 
F1 59 00 88 00 22 07 D0 FF E0 00 01 FF F9 00 1E 0A B6 7F 45 
F1 5A 00 83 00 11 07 D6 FF DF 00 01 FF FB FF A0 03 D3 8F 9D 
F3 5B 00 96 00 09 07 C3 FF DF 00 03 FF F9 FF EA 06 A8 1B 20 
F1 5C 00 99 FF EF 07 DE FF DF 00 04 FF FA 00 23 0A 2B A9 90 
F1 5D 00 9D FF EF 07 C2 FF DF 00 01 FF F9 FF A3 03 50 16 DC 
F3 5E 00 B7 00 03 07 C4 FF DF 00 00 FF FA FF EA 05 A1 21 A9 
F1 5F 00 A0 00 08 07 DD FF E0 00 02 FF FA 00 25 03 1E AD 52 
F1 60 00 78 00 08 07 F0 FF E1 00 01 FF F8 FF 9F 03 A3 9F 08 
F3 61 00 93 00 07 07 DF FF DF 00 03 FF FA FF EE 0A B2 4C 78 
F1 62 00 A0 00 05 07 B2 FF E0 00 03 FF F9 00 24 01 E7 0C F4 
F1 63 00 90 00 23 07 C8 FF E0 00 03 FF F8 FF 9E 05 CD 45 04 
F3 64 00 A7 FF F8 07 C1 FF E1 00 04 FF F9 FF E7 05 95 52 DA 
F1 65 00 A5 FF F4 07 E2 FF DE 00 05 FF F7 00 25 01 25 50 61 
F1 66 00 9B 00 05 07 C4 FF E1 00 02 FF F6 FF A3 09 7A 0A 8B 
F3 67 00 94 FF F5 07 DB FF DE 00 03 FF F8 FF EB 03 30 AA 18 
F1 68 00 A5 FF FE 07 E5 FF DF 00 01 FF F8 00 25 01 6D AA EA 
F1 69 00 A0 00 0F 07 E6 FF E0 00 01 FF FA FF A1 09 C0 B3 E5 
F3 6A 00 9F 00 0E 07 F6 FF DF 00 02 FF F9 FF EE 03 5F 18 95 
F1 6B 00 AB 00 02 07 DC FF E0 00 02 FF F9 00 1D 09 63 93 4B 
F1 6C 00 8F 00 01 07 D2 FF E0 FF FF FF FA FF A3 05 1D B0 FA 
F3 6D 00 A3 00 07 07 A8 FF DF 00 02 FF FB FF EC 04 BF 47 A3 
F1 6E 00 99 FF F2 07 D6 FF DF 00 03 FF FB 00 22 0A 50 1E 20 
F1 6F 00 95 00 0D 07 BA FF E0 00 03 FF FB FF A5 05 16 A7 3A 
F3 70 00 91 FF FC 07 EA FF E0 00 02 FF FA FF EA 08 A5 D9 8F 
F1 71 00 96 FF FD 07 D4 FF DF 00 00 FF F9 00 1F 03 0C F1 B8 
F1 72 00 92 00 09 07 D0 FF E0 00 00 FF FB FF A7 04 BE 4D D8 
F3 73 00 94 00 0E 07 D8 FF DF 00 01 FF FB FF E3 07 1F F6 56 
F1 74 00 A3 FF F6 07 F1 FF DF 00 00 FF FB 00 21 04 B4 86 EA 
F1 75 00 7F FF F0 07 D0 FF DF 00 04 FF F9 FF A3 03 B9 34 D0 
F3 76 00 A0 00 1F 07 DA FF DF 00 05 FF FC FF E9 06 AF EB 4D 
F1 77 00 93 00 19 07 F4 FF E1 00 00 FF F9 00 24 0A A0 0B 3E 
F1 78 00 8A 00 1B 07 EB FF E1 00 00 FF F9 FF A1 0B BB 66 19 
F3 79 00 AD 00 1D 07 D4 FF E0 00 04 FF F6 FF E9 01 08 1B 47 
F1 7A 00 88 00 09 07 D2 FF DE 00 07 FF F6 00 26 06 D1 4D C4 
F1 7B 00 8C FF F8 07 E7 FF DD 00 08 FF F8 FF A1 09 E1 26 87 
F3 7C 00 8B 00 0C 07 D0 FF DD 00 05 FF FA FF E3 0D 3D 7C E3 
F1 7D 00 93 00 2A 07 CF FF E0 00 03 FF F6 00 1E 0B 58 75 BA 
F1 7E 00 8F 00 18 07 CE FF E1 00 05 FF F7 FF A3 03 FF 84 4C 
F3 7F 00 7B 00 18 07 C2 FF DE 00 05 FF F1 FF E5 06 B7 99 F4 
F1 80 00 8D FF FC 07 D0 FF DE 00 05 FF F4 00 25 07 76 77 18 
F1 81 00 A7 00 03 07 F8 FF DD 00 03 FF F3 FF A6 0A 80 0A 75 
F3 82 00 B2 FF F8 07 BB FF DE 00 03 FF EE FF EC 0A 43 1B 1B 
F1 83 00 AC FF F1 07 C6 FF DD 00 06 FF ED 00 26 05 57 C8 1A 
F1 84 00 99 00 05 07 BF FF DD 00 04 FF EB FF A1 0A 31 B4 F5 
F3 85 00 9E 00 16 07 D3 FF DD 00 03 FF E4 FF EB 09 1F DE 9A 
F1 86 00 93 00 0C 07 D8 FF DC 00 05 FF E0 00 29 09 56 59 71 
F1 87 00 98 FF FF 07 C2 FF DB 00 06 FF DB FF A3 07 56 60 61 
F3 88 00 96 FF FB 07 B3 FF DC 00 07 FF DC FF E7 04 37 74 63 
F1 89 00 83 FF FF 07 C9 FF DB 00 06 FF E1 00 25 0B CA 5A E2 
F1 8A 00 89 00 08 07 DC FF DC 00 07 FF E8 FF A0 09 06 3B 46 
F3 8B 00 8D 00 01 07 D2 FF DD 00 06 FF F2 FF ED 04 E6 98 2E 
F1 8C 00 95 00 21 07 D9 FF DF 00 02 FF F7 00 27 09 1E 12 38 
F1 8D 00 93 00 02 07 EA FF DE 00 00 FF FA FF A0 0C 56 D8 2B 
F3 8E 00 9B 00 0D 07 CD FF E1 FF FD FF FB FF EC 0D A4 7F E4 
F1 8F 00 94 00 05 07 D6 FF E0 FF FF FF F9 00 2D 09 95 3B 15 
F1 90 00 9F 00 0C 07 C7 FF E2 FF FB FF FC FF A3 02 D1 4C 33 
F3 91 00 91 FF FA 07 D9 FF E1 FF FC FF FD FF EB 0B D1 2C 6D 
F1 92 00 8A 00 0D 07 D6 FF E2 FF FC FF FE 00 1E 0A 0E C7 D5 
F1 93 00 97 00 1A 07 DC FF E2 FF FC FF FB FF 9D 0A 2F 6B 8A 
F3 94 00 90 FF F8 07 C3 FF E0 FF FE FF FC FF E9 02 B6 E5 15 
F1 95 00 99 00 07 07 AD FF E1 FF FD FF FE 00 22 08 2A DF CB 
F1 96 00 93 FF F5 07 CD FF E1 FF FD FF FE FF A0 08 24 77 77 
F3 97 00 83 FF F9 07 BE FF E2 FF FC FF FE FF EB 08 FC 26 CF 
F1 98 00 9B 00 03 07 DF FF E1 FF FE 00 00 00 23 07 9D D4 15 
F1 99 00 8D 00 04 07 D3 FF E0 00 00 FF FC FF A2 04 E6 3A 0F 
F3 9A 00 93 00 01 07 DE FF DF 00 01 FF FB FF EC FF C8 90 58 
F1 9B 00 8F 00 0C 07 C6 FF DF 00 00 FF FC 00 24 0B 94 61 9F 
F1 9C 00 9D 00 01 07 D5 FF E0 00 02 FF FD FF 9E 05 6F DF 33 
F3 9D 00 98 FF FD 07 D3 FF DF 00 00 FF FC FF E9 05 F1 04 EC 
F1 9E 00 A2 FF FF 07 DC FF E1 FF FF FF FB 00 24 06 74 17 9A 
F1 9F 00 9E 00 0F 07 CF FF DF 00 01 FF FD FF A1 03 63 E8 6B 
F3 A0 00 9E 00 02 07 FA FF E0 00 01 FF FC FF EA 0B 0C CD F3 
F1 A1 00 99 00 09 07 AF FF E0 00 02 FF FB 00 29 03 B6 0D B6 
F1 A2 00 9A 00 06 07 D2 FF DF 00 01 FF FC FF A0 04 D5 76 CF 
F3 A3 00 94 FF F1 07 CB FF E0 00 03 FF FA FF E3 0B 36 B2 34 
F1 A4 00 92 00 0C 07 DE FF E0 00 00 FF F9 00 19 03 6A 52 9D 
F1 A5 00 A2 FF FD 07 CB FF E0 00 00 FF F9 FF A2 09 35 61 F5 
F3 A6 00 95 00 12 07 D2 FF E0 00 01 FF F9 FF E8 05 8A EA E9 
F1 A7 00 95 00 0E 07 C1 FF DF 00 01 FF FA 00 29 07 32 A7 9D 
F1 A8 00 96 00 0A 07 EF FF E0 00 00 FF F9 FF 9C 07 E9 53 F4 
F3 A9 00 92 FF F7 07 BC FF DF 00 01 FF F9 FF E8 03 46 3A 67 
F1 AA 00 88 00 09 07 C3 FF E0 00 02 FF FA 00 23 05 98 44 0A 
F1 AB 00 98 00 02 07 D1 FF E0 00 03 FF FA FF A2 04 87 04 54 
F3 AC 00 99 FF F7 07 DD FF E0 FF FF FF F9 FF E8 02 4A 8C 3F 
F1 AD 00 89 FF FD 07 CB FF DF 00 04 FF F7 00 29 0A 35 08 F2 
F1 AE 00 94 00 06 07 E5 FF DF 00 04 FF F8 FF A1 01 A0 83 D5 
F3 AF 00 A3 FF FB 07 CE FF E1 00 03 FF F8 FF E3 04 55 36 6C 
F1 B0 00 90 00 07 07 CD FF E1 00 04 FF F8 00 1E 08 B5 48 B9 
F1 B1 00 8F 00 11 07 AE FF DF 00 03 FF FA FF A1 FF 11 7A 6E 
F3 B2 00 98 00 02 07 CD FF DE 00 01 FF F9 FF EE 0B BA 4D 58 
F1 B3 00 8F 00 01 07 DD FF DE FF FF FF F9 00 23 02 09 8A 06 
F1 B4 00 9A 00 02 07 C2 FF DE 00 02 FF F9 FF A0 04 03 E1 5F 
F3 B5 00 A3 FF FB 07 D3 FF DE 00 01 FF FA FF E8 04 A6 97 BF 
F1 B6 00 8C 00 09 07 C2 FF DF 00 03 FF FB 00 21 04 A0 49 04 
F1 B7 00 A0 00 05 08 02 FF E1 00 01 FF F9 FF A5 0A 5E 8A 9C 
F3 B8 00 8A 00 01 07 D8 FF DD 00 03 FF FA FF E8 08 20 9D 3C 
F1 B9 00 91 00 07 07 EB FF DE 00 02 FF FA 00 1E 05 23 36 EA 
F1 BA 00 A0 00 08 07 BE FF E0 00 01 FF FA FF 9F 0B 9C 4E 1F 
F3 BB 00 9E 00 0B 07 E5 FF DF 00 00 FF FA FF E5 00 65 E1 05 
F1 BC 00 A4 00 02 07 F4 FF DF FF FE FF FC 00 1C 08 6B 03 7A 
F1 BD 00 87 00 0F 07 D9 FF DE 00 00 FF FA FF A3 03 68 7D CA 
F3 BE 00 A4 00 08 07 DA FF DE 00 02 FF FB FF EA 06 22 2F 99 
F1 BF 00 8D FF FC 07 ED FF DE 00 02 FF FA 00 23 09 2A A8 58 
F1 C0 00 92 FF F8 07 D1 FF E0 00 00 FF FB FF A3 04 B4 36 8F 
F3 C1 00 A9 00 0F 07 E5 FF E0 00 04 FF FB FF E2 08 5D 0F D1 
F1 C2 00 83 00 06 07 E0 FF DF 00 01 FF F9 00 21 07 86 F1 55 
F1 C3 00 83 00 08 07 D1 FF DF 00 03 FF F9 FF A3 06 1F 1D 53 
F3 C4 00 97 FF F3 07 CB FF E1 00 01 FF FB FF EC 08 31 C5 6B 
F1 C5 00 89 FF F6 07 D6 FF E0 00 01 FF FA 00 2A 02 85 32 0F 
F1 C6 00 84 FF FD 07 C6 FF E0 00 03 FF FB FF A7 04 E7 9E B8 
F3 C7 00 95 00 06 07 D4 FF E0 00 01 FF FB FF E7 07 68 8F 5C 
F1 C8 00 86 FF FA 07 AF FF DF 00 02 FF FA 00 26 09 D9 F0 33 
F1 C9 00 9D 00 06 07 ED FF DF 00 03 FF FB FF A2 09 F5 B3 75 
F3 CA 00 9F FF F4 07 C1 FF DF 00 02 FF FB FF EE 02 A9 13 AA 
F1 CB 00 92 00 03 07 D8 FF DF 00 02 FF F9 00 25 05 B2 8F 21 
F1 CC 00 A8 00 01 07 B4 FF E0 00 01 FF FA FF A4 07 4C A6 51 
F3 CD 00 A6 00 14 07 E5 FF DF 00 02 FF FA FF E4 08 0C D9 86 
F1 CE 00 9A FF FB 07 ED FF DE 00 02 FF FA 00 1F 0A BB 68 A7 
F1 CF 00 A0 00 10 07 E9 FF E0 00 02 FF FB FF A2 04 D7 7E 7F 
F3 D0 00 93 00 09 07 D6 FF DF 00 03 FF FB FF EB 06 3E 24 AF 
F1 D1 00 7E FF FE 07 B6 FF E1 00 02 FF FC 00 29 0B E2 5E CC 
F1 D2 00 99 00 10 07 DF FF DE 00 00 FF FA FF A3 07 8B 54 4D 
F3 D3 00 90 00 0C 07 C4 FF DF 00 03 FF FA FF E3 07 F9 DA 86 
F1 D4 00 9B 00 07 07 DE FF DF 00 03 FF FA 00 22 04 44 76 B5 
F1 D5 00 8B 00 02 07 BE FF DF 00 02 FF FA FF A2 07 FD 2D 85 
F3 D6 00 96 00 08 07 DA FF DF 00 01 FF FB FF EA 05 DF 2A 88 
F1 D7 00 91 00 04 07 DB FF DF 00 00 FF FA 00 1F 04 C4 A5 5A 
F1 D8 00 8D FF FD 07 D6 FF DF 00 03 FF F9 FF A3 07 39 32 94 
F3 D9 00 9E 00 0C 07 C9 FF E0 00 02 FF FB FF EB 08 98 1D 82 
F1 DA 00 8A FF FF 07 EB FF DF 00 02 FF F9 00 21 0A D7 F9 82 
F1 DB 00 90 00 0E 07 CE FF DF 00 02 FF FA FF A1 09 55 B9 EB 
F3 DC 00 9F 00 07 07 C6 FF DF 00 01 FF F8 FF E5 05 82 2B F8 
F1 DD 00 9A 00 08 07 D3 FF E0 00 01 FF F9 00 23 0A 96 B8 0E 
F1 DE 00 8F FF F9 07 D0 FF E1 00 02 FF F9 FF A0 0B 5D E6 53 
F3 DF 00 B2 00 09 07 DA FF E1 00 02 FF FA FF EA 0D 9D EA 36 
F1 E0 00 97 FF F7 07 D5 FF E0 00 03 FF F9 00 25 03 EF 83 87 
F1 E1 00 8A 00 0A 07 D8 FF DF FF FF FF F8 FF A2 05 9C F9 48 
F3 E2 00 88 FF FF 07 D6 FF E0 00 00 FF F9 FF EB 09 0D AC 88 
F1 E3 00 A2 00 04 07 D5 FF DE 00 01 FF FA 00 1E 0B 02 6A D6 
F1 E4 00 9E 00 16 07 BC FF E0 00 00 FF F8 FF A0 06 B3 6B 67 
F3 E5 00 91 00 0B 07 C9 FF DF 00 02 FF FA FF EA 04 C4 41 E0 
F1 E6 00 A5 FF F9 07 B2 FF E0 00 01 FF FA 00 27 01 B7 61 61 
F1 E7 00 97 00 08 07 CA FF E0 00 01 FF F9 FF A1 0B C4 56 37 
F3 E8 00 87 00 04 07 E8 FF E1 00 04 FF F9 FF EA 09 60 F5 AA 
F1 E9 00 98 00 03 07 B8 FF DE 00 03 FF F9 00 1F 04 68 1E F4 
F1 EA 00 97 00 12 07 C8 FF DF 00 04 FF F9 FF 9F 06 6A 5C FB 
F3 EB 00 8A 00 01 07 CA FF DF 00 01 FF FA FF E9 04 12 FD 59 
F1 EC 00 A0 00 05 07 C2 FF DF 00 03 FF F9 00 26 0C 37 1D 25 
F1 ED 00 9D FF FC 07 CE FF DE 00 02 FF F9 FF A2 02 4F 3A 71 
F3 EE 00 AE FF EE 07 C1 FF E0 00 04 FF FA FF E7 06 B8 B1 0D 
F1 EF 00 93 00 0C 07 DA FF DF 00 03 FF F9 00 1E 0A 15 67 B0 
F1 F0 00 8A 00 0B 07 D8 FF E1 00 04 FF F9 FF A4 04 8D EC 95 
F3 F1 00 9E 00 06 07 B9 FF E0 00 04 FF F7 FF ED 0A 02 40 A1 
F1 F2 00 8D 00 1A 07 D6 FF DF 00 04 FF F9 00 27 01 10 B6 56 
F1 F3 00 91 00 07 07 EA FF E0 00 02 FF FB FF A3 05 95 2D 47 
F3 F4 00 A0 00 0F 07 D3 FF E0 00 00 FF F8 FF E5 08 F1 27 50 
F1 F5 00 89 00 07 07 E8 FF DF 00 02 FF FB 00 25 01 F6 B8 79 
F1 F6 00 8A 00 04 07 D8 FF DE 00 02 FF FC FF 9E 07 51 FC 69 
F3 F7 00 8C 00 05 07 E4 FF DE 00 02 FF FC FF EB 05 B2 1B 99 
F1 F8 00 A2 FF FF 07 C5 FF E1 00 01 FF FB 00 25 03 67 7D E2 
F1 F9 00 9D 00 04 07 E6 FF E1 00 00 FF FA FF A5 08 B4 DA 26 
F3 FA 00 8D 00 01 07 CE FF DF 00 02 FF FC FF EB 05 F0 4F 50 
F1 FB 00 87 00 02 07 D6 FF E0 00 02 FF FA 00 29 04 35 E5 44 
F1 FC 00 99 00 02 07 E5 FF DF 00 03 FF FC FF A1 06 33 69 BD 
F3 FD 00 A1 00 03 07 F6 FF E1 00 02 FF FC FF EA 00 0E 8A 73 
F1 FE 00 92 FF F0 07 D4 FF E0 00 00 FF FA 00 25 0B 2D 19 22 
F1 FF 00 A6 FF F5 07 9F FF E1 00 03 FF FB FF A1 03 1E 25 D3 
F3 00 00 91 00 02 07 C7 FF E2 00 02 FF FA FF EE 05 8B 47 2C 
F1 01 00 70 00 1A 07 D6 FF DF FF FF FF FB 00 25 08 BA E6 D2 
F1 02 00 91 00 0D 07 DD FF E0 FF FF FF FA FF A2 02 C9 0E 9E 
F3 03 00 8F 00 08 07 B1 FF DE 00 03 FF F8 FF E7 0A B5 E6 96 
F1 04 00 9F FF F4 07 B7 FF DE 00 05 FF FB 00 1B 07 C3 47 A0 
F1 05 00 A9 FF DC 07 F2 FF DE 00 03 FF FA FF 9F 06 62 88 E9 
F3 06 00 99 FF E7 07 BE FF DF 00 02 FF F9 FF EE 09 0B 6D 34 
F1 07 00 96 00 01 07 B8 FF DE 00 03 FF F8 00 26 FD F0 6E C3 
F1 08 00 87 00 0A 07 BD FF DF 00 03 FF F8 FF A4 08 E5 6D E0 
F3 09 00 7F 00 08 07 D5 FF DF 00 01 FF F9 FF E7 04 56 9D FC 
F1 0A 00 A5 00 11 07 CA FF DF 00 01 FF FC 00 28 01 85 E6 CE 
F1 0B 00 95 FF FE 07 DB FF DE 00 04 FF FA FF 9F 08 55 09 30 
F3 0C 00 A0 FF F6 07 D8 FF DD 00 02 FF F9 FF E7 02 6D 55 27 
F1 0D 00 96 00 0E 07 C5 FF DF 00 02 FF FB 00 26 08 97 D4 B2 
F1 0E 00 86 00 01 07 E7 FF DE 00 01 FF F8 FF A2 05 04 D4 49 
F3 0F 00 8C FF FA 07 C5 FF E0 00 00 FF FA FF EE 08 4C 54 B1 
F1 10 00 82 00 0F 07 D2 FF DF 00 03 FF FA 00 2D 07 C8 AB F7 
F1 11 00 93 FF F9 07 FA FF E1 00 03 FF FA FF A0 02 8A 96 6A 
F3 12 00 93 00 0B 07 E2 FF DF 00 02 FF FA FF E6 01 FA F9 9F 
F1 13 00 C2 FF EF 07 B8 FF E0 00 02 FF F9 00 22 06 AD 3B 20 
F1 14 00 9E FF F1 07 F6 FF DF 00 00 FF FB FF A1 09 BD 77 40 
F3 15 00 8B FF FE 07 E7 FF E0 00 03 FF FC FF E8 0A 82 62 D0 
F1 16 00 97 FF FE 07 D2 FF E0 00 01 FF F9 00 23 06 60 61 91 
F1 17 00 A3 00 14 07 D0 FF E0 00 00 FF F9 FF 9F 03 AC F9 95 
F3 18 00 95 00 05 07 ED FF DF 00 01 FF F8 FF EE 07 AB 53 F0 
F1 19 00 A2 FF F3 07 EF FF DE 00 03 FF F8 00 28 08 2A 9A 1B 
F1 1A 00 A0 FF FC 07 E0 FF DE 00 02 FF F7 FF A0 09 39 B9 26 
F3 1B 00 A1 FF E4 07 CA FF DE 00 06 FF F8 FF EA 04 D1 36 FB 
F1 1C 00 88 00 05 07 CD FF E0 00 03 FF F8 00 29 04 BC C5 34 
F1 1D 00 93 00 16 07 F0 FF DC 00 02 FF F6 FF A2 09 9A D6 C1 
F3 1E 00 8C 00 0C 07 E0 FF DF 00 03 FF F7 FF EE 07 AF D6 A8 
F1 1F 00 88 FF FC 07 CE FF DE 00 04 FF F7 00 1F 08 22 01 3E 
F1 20 00 92 FF FD 07 D8 FF E0 00 03 FF F7 FF A1 05 17 33 F9 
F3 21 00 95 00 0B 07 DF FF DF 00 04 FF F8 FF EB 09 EA D4 79 
F1 22 00 91 FF F9 07 F2 FF DE 00 04 FF F6 00 21 07 74 22 CC 
F1 23 00 86 00 0B 07 C5 FF E0 00 05 FF F9 FF A2 05 28 BE 68 
F3 24 00 93 00 0C 07 DE FF DE 00 04 FF F6 FF E7 04 9D 6A FF 
F1 25 00 85 00 15 07 CD FF DF 00 06 FF F5 00 23 08 2F 71 87 
F1 26 00 98 00 01 07 EF FF DE 00 05 FF F5 FF A3 0A AF B1 42 
F3 27 00 A0 FF FB 07 C2 FF E0 00 04 FF F6 FF EA 0B 04 A8 2C 
F1 28 00 90 00 04 07 D8 FF DD 00 05 FF F6 00 27 04 40 A5 0E 
F1 29 00 8D 00 02 07 C3 FF DC 00 07 FF F7 FF 9F 05 3D 48 28 
F3 2A 00 87 00 05 07 CF FF DC 00 06 FF F5 FF ED 07 37 57 B2 
F1 2B 00 9B 00 0A 07 E4 FF DD 00 05 FF F5 00 25 0C 0A 38 62 
F1 2C 00 9E FF FC 07 D0 FF DC 00 07 FF F3 FF A3 08 04 9F C7 
F3 2D 00 A8 FF F0 07 D0 FF DC 00 05 FF EF FF E7 07 32 1C 30 
F1 2E 00 8D 00 08 07 C4 FF DB 00 06 FF EB 00 1E 05 93 07 F1 
F1 2F 00 94 00 06 07 CE FF DA 00 09 FF E6 FF 9E 06 E4 3D 46 
F3 30 00 9F FF FA 07 F0 FF D9 00 08 FF E6 FF EA 06 9C 46 5A 
F1 31 00 9D 00 11 07 D4 FF DB 00 03 FF DC 00 28 04 17 28 D1 
F1 32 00 9A 00 07 07 DF FF DB 00 03 FF D4 FF A1 06 F5 75 80 
F3 33 00 8D 00 0D 07 DF FF DB 00 04 FF D3 FF EE 06 E5 7F 9D 
F1 34 00 87 00 07 07 E1 FF D9 00 05 FF D4 00 23 06 53 4B 87 
F1 35 00 A4 FF E8 07 CE FF D9 00 05 FF CE FF A3 04 FD BB 88 
F3 36 00 94 00 19 07 C4 FF D8 00 05 FF B5 FF EA 08 EC 58 0E 
F1 37 00 CB FF F2 07 B7 FF D4 00 08 FF B9 00 2D 07 59 21 50 
F1 38 00 6B FF F4 07 D8 FF D0 00 0F FF BE FF A5 0A 9E 13 CF 
F3 39 00 6F 00 06 07 DC FF CB 00 19 FF EC FF E4 03 62 F5 59 
F1 3A 00 7F 00 05 07 AA FF C9 00 1C FF F9 00 2A 06 03 92 9F 
F1 3B 00 A0 FF F5 07 B8 FF D1 00 16 FF FB FF A2 08 CE 4F F2 
F3 3C 00 97 00 02 07 E1 FF D9 00 0A FF FD FF E8 08 68 21 23 
F1 3D 00 8F 00 15 07 DD FF E1 00 01 FF FE 00 25 0B 77 99 F7 
F1 3E 00 89 00 0C 07 E7 FF E1 00 01 FF F8 FF 9B 02 81 8D D4 
