F1 8C 00 72 00 18 07 DF FF E1 00 02 FF F7 00 F3 04 37 F0 87 
F1 8D 00 7C FF FE 07 EC FF E0 00 02 FF F8 FF 18 0C 2F E8 38 
F3 8E 00 76 00 0E 07 D4 FF E0 00 01 FF F8 00 36 FE E0 25 D6 
F1 8F 00 7A 00 02 07 D9 FF E2 00 02 FF F6 00 FB 07 69 40 E4 
F1 90 00 84 00 14 07 DD FF E1 00 04 FF F9 FF 19 01 CF 2C 88 
F3 91 00 86 00 17 07 D3 FF E0 00 03 FF F6 00 32 04 97 93 2D 
F1 92 00 70 00 1C 07 D8 FF E1 00 01 FF F7 00 FD 07 29 0F 3C 
F1 93 00 78 00 18 07 C6 FF E2 00 02 FF F8 FF 18 01 7A 6B 1C 
F3 94 00 7B 00 16 07 D6 FF E1 00 03 FF F8 00 3C 05 C4 D5 89 
F1 95 00 73 00 12 07 D5 FF E1 00 02 FF F8 00 F6 0A 49 66 76 
F1 96 00 79 00 08 07 DC FF E2 00 01 FF F7 FF 19 06 73 55 CB 
F3 97 00 7D 00 10 07 C2 FF E1 00 02 FF F8 00 30 08 5B 70 DF 
F1 98 00 78 00 1D 07 B6 FF E1 00 03 FF F6 00 F6 02 E6 9B 0E 
F1 99 00 74 00 24 07 E6 FF E2 00 02 FF F7 FF 18 04 30 9D EC 
F3 9A 00 75 00 0D 07 D1 FF E1 00 02 FF F6 00 35 07 91 BF 67 
F1 9B 00 7C 00 0E 07 CB FF E1 00 04 FF F8 00 FE 03 B1 1E F7 
F1 9C 00 7D 00 21 07 CB FF E2 00 03 FF F9 FF 1A 09 82 6E 67 
F3 9D 00 74 00 1F 07 DF FF E1 00 02 FF F7 00 30 05 61 64 E1 
F1 9E 00 6F 00 1A 07 D0 FF E1 00 02 FF F7 00 FB 04 48 B4 EF 
F1 9F 00 8F 00 1C 07 DB FF E1 00 03 FF F7 FF 16 08 4C 06 56 
F3 A0 00 79 00 18 07 D4 FF E0 00 02 FF F8 00 37 07 FE 8F 91 
F1 A1 00 7B 00 1A 07 CF FF E1 00 02 FF F7 00 F3 0C E3 4C ED 
F1 A2 00 89 00 1C 07 CE FF E0 00 02 FF F9 FF 10 07 34 3B 9C 
F3 A3 00 8A 00 1E 07 D5 FF E0 00 03 FF F8 00 36 09 FD 3B 08 
F1 A4 00 6A 00 12 07 CF FF DF 00 01 FF F8 00 F2 0B 0A 0C 05 
F1 A5 00 74 FF FE 07 D0 FF E1 00 01 FF F7 FF 15 0C 20 9D 07 
F3 A6 00 6D 00 12 07 E6 FF E0 00 03 FF F7 00 35 0F 00 D2 0D 
F1 A7 00 8D 00 0D 07 F4 FF E1 00 02 FF F6 00 F6 06 8B EF 04 
F1 A8 00 87 00 12 07 BF FF E0 00 02 FF F9 FF 1C 07 58 53 C7 
F3 A9 00 73 FF FE 07 D1 FF E1 00 03 FF F8 00 39 08 BB 4A 0A 
F1 AA 00 7A 00 1B 07 CD FF E2 00 02 FF F8 00 F7 04 13 43 3C 
F1 AB 00 74 00 0F 07 E2 FF E3 00 02 FF F6 FF 19 02 C4 55 84 
F3 AC 00 84 00 12 07 CF FF E1 00 03 FF F8 00 30 06 0E F0 AE 
F1 AD 00 90 00 08 07 D5 FF E1 00 01 FF F7 00 F8 0C 1E 72 A9 
F1 AE 00 88 00 14 07 E4 FF E2 00 03 FF F8 FF 17 0A C2 5A A7 
F3 AF 00 79 00 10 07 D4 FF E1 00 00 FF F7 00 33 09 C0 B7 1E 
F1 B0 00 7C 00 0A 07 F2 FF E2 00 04 FF F7 00 F4 0A 4F 2F DB 
F1 B1 00 6B 00 12 07 F5 FF E0 00 02 FF F9 FF 18 0F EF 41 71 
F3 B2 00 65 00 22 07 DD FF E1 00 03 FF F8 00 38 13 43 44 1C 
F1 B3 00 8B 00 0F 07 F6 FF E0 00 03 FF F8 00 F8 0E 42 08 B4 
F1 B4 00 83 FF F7 07 D5 FF E0 00 02 FF F8 FF 16 0B 4D AA 55 
F3 B5 00 78 00 15 07 B8 FF E1 00 02 FF F8 00 37 07 17 BD D0 
F1 B6 00 72 00 17 07 BB FF E1 00 03 FF F6 00 F1 08 5A 8E DC 
F1 B7 00 7F 00 11 07 EA FF E1 00 03 FF F6 FF 19 0C F4 10 2C 
F3 B8 00 79 00 1D 07 C9 FF E1 00 02 FF F8 00 38 0C 9E 5F BD 
F1 B9 00 69 00 09 07 CE FF E0 00 02 FF F7 00 F6 0B 96 60 81 
F1 BA 00 7D 00 1B 07 CA FF E1 00 03 FF F9 FF 18 0A A7 30 90 
F3 BB 00 89 00 15 07 C5 FF E1 00 02 FF F7 00 35 08 5F 19 8C 
F1 BC 00 8F 00 0C 07 E9 FF E1 00 03 FF F7 00 F6 06 06 63 21 
F1 BD 00 65 00 0B 07 D5 FF E0 00 02 FF F8 FF 15 04 A9 9A C8 
F3 BE 00 8D 00 21 07 C3 FF DF 00 02 FF F7 00 36 05 99 0F 22 
F1 BF 00 65 00 11 07 DC FF E2 00 03 FF F6 00 F4 0D 74 9B A7 
F1 C0 00 6A 00 0B 07 C1 FF E1 00 02 FF F7 FF 13 08 B0 B5 12 
F3 C1 00 92 00 1F 07 B6 FF E1 00 04 FF F8 00 35 06 3A F6 91 
F1 C2 00 92 00 07 07 C3 FF E1 00 01 FF F7 00 FA 06 8B B9 E4 
F1 C3 00 8C 00 16 07 E5 FF E1 00 01 FF F7 FF 19 0A 76 D7 E6 
F3 C4 00 7B 00 0E 07 D6 FF E1 00 03 FF F7 00 36 09 AC A4 99 
F1 C5 00 7D 00 17 07 DE FF E1 00 02 FF F8 00 F4 04 82 4E AF 
F1 C6 00 7C 00 19 07 EF FF DF 00 02 FF F9 FF 17 05 EB 23 12 
F3 C7 00 75 00 10 08 15 FF E1 00 03 FF F9 00 3A 09 89 9E 7C 
F1 C8 00 76 00 0C 07 EB FF E0 00 00 FF F8 00 FC 0A 7B 85 EF 
F1 C9 00 82 00 1F 07 C6 FF E1 00 01 FF F9 FF 16 0C F2 84 96 
F3 CA 00 84 00 1D 07 BA FF E2 00 01 FF F8 00 37 05 E8 25 A6 
F1 CB 00 81 00 16 07 D9 FF DF 00 02 FF F6 00 F7 05 61 39 AE 
F1 CC 00 79 00 24 07 E1 FF DF 00 02 FF F7 FF 1A 10 55 A4 D0 
F3 CD 00 6C 00 1D 07 FC FF DF 00 01 FF F7 00 35 0E 8F 47 70 
F1 CE 00 74 00 1B 07 D2 FF E2 00 03 FF FA 00 F3 09 EC 23 1C 
F1 CF 00 70 00 23 07 D9 FF E0 00 03 FF F7 FF 17 04 6F 45 46 
F3 D0 00 79 00 1B 07 B9 FF E1 00 02 FF F8 00 38 04 A4 B6 E2 
F1 D1 00 87 00 18 07 D9 FF E3 00 04 FF F8 00 FD 08 C6 88 2E 
F1 D2 00 82 00 0D 07 CD FF E1 00 02 FF F7 FF 1B 03 F9 9E 89 
F3 D3 00 6C 00 16 07 BB FF E0 00 03 FF F8 00 38 04 42 D9 8D 
F1 D4 00 82 00 0C 07 EF FF E1 00 02 FF F7 00 F4 0F E4 F2 3D 
F1 D5 00 7E 00 15 07 E1 FF E1 00 03 FF F8 FF 17 07 3B 24 3B 
F3 D6 00 85 00 17 07 F6 FF E0 00 02 FF F7 00 32 0F 99 76 D2 
F1 D7 00 8D 00 19 07 D3 FF DF 00 02 FF F8 00 FC 03 A7 B0 DA 
F1 D8 00 7F 00 0F 07 DD FF E1 00 02 FF F7 FF 19 0A 91 61 7E 
F3 D9 00 7D 00 14 07 D4 FF E1 00 03 FF F8 00 39 11 2A BD 4E 
F1 DA 00 6B 00 11 07 E8 FF E1 00 02 FF F7 00 F7 0A E9 7E 42 
F1 DB 00 7B 00 14 07 CF FF E1 00 03 FF F9 FF 1A 0E AA 89 4A 
F3 DC 00 6E 00 14 07 D6 FF E0 00 02 FF F6 00 35 03 B7 3D B6 
F1 DD 00 81 00 2A 07 DC FF E0 00 02 FF F7 00 FC 04 76 9E D7 
F1 DE 00 82 00 11 07 D6 FF E0 00 03 FF F7 FF 16 0B DA 41 A0 
F3 DF 00 66 00 11 07 D0 FF E2 00 05 FF F7 00 3B 01 F5 FA 78 
F1 E0 00 73 00 0A 07 D6 FF E1 00 02 FF F9 00 F4 09 B3 D5 38 
F1 E1 00 6F 00 11 07 C8 FF E1 00 01 FF F9 FF 1C 08 A2 48 3B 
F3 E2 00 83 00 2A 07 F1 FF E0 00 02 FF F8 00 3C 05 53 71 F2 
F1 E3 00 6F 00 1C 07 EC FF E1 00 03 FF F8 00 F3 07 C3 B8 FE 
F1 E4 00 7F 00 18 07 F0 FF E1 00 03 FF F9 FF 16 03 94 6B 66 
F3 E5 00 77 00 02 07 E1 FF E2 00 01 FF F6 00 35 03 D4 42 71 
F1 E6 00 75 00 10 07 B8 FF E0 00 03 FF F8 00 F7 09 A2 E9 B1 
F1 E7 00 77 00 0F 07 CF FF DF 00 02 FF F8 FF 18 FF E9 A2 1F 
F3 E8 00 64 00 1F 07 D6 FF E0 00 01 FF F7 00 34 09 39 28 30 
F1 E9 00 67 00 0C 07 E6 FF E0 00 01 FF F6 01 02 09 EB 4D 3D 
F1 EA 00 90 00 0B 07 D8 FF E0 00 03 FF F7 FF 19 09 75 E9 7C 
F3 EB 00 90 00 21 07 D0 FF E2 00 03 FF F7 00 33 0A 24 D4 E3 
F1 EC 00 91 00 16 07 E9 FF E0 00 03 FF F8 00 F4 04 D0 00 CB 
F1 ED 00 6D 00 0A 07 B1 FF E1 00 03 FF FA FF 19 0D 9D 8F EC 
F3 EE 00 86 00 18 07 FB FF E0 00 02 FF F8 00 35 09 82 33 A3 
F1 EF 00 78 00 0D 07 DC FF E2 00 03 FF F6 00 F6 06 E6 A8 01 
F1 F0 00 7D 00 18 07 D5 FF E1 00 03 FF F7 FF 15 0E 0A DA 91 
F3 F1 00 7D 00 04 07 BC FF E1 00 04 FF F7 00 31 08 18 26 2F 
F1 F2 00 7D 00 1C 07 DC FF E0 00 02 FF F8 00 F1 08 BA 88 AB 
F1 F3 00 7F 00 10 07 F5 FF E0 00 03 FF F7 FF 17 06 E7 27 27 
F3 F4 00 78 00 15 07 D5 FF E0 00 03 FF F6 00 38 09 02 C1 59 
F1 F5 00 70 00 0B 07 E5 FF E0 00 01 FF F7 00 F8 0C 92 FB 76 
F1 F6 00 76 00 0F 07 CD FF E1 00 01 FF F8 FF 16 04 71 2B CF 
F3 F7 00 87 00 07 07 C1 FF E1 00 04 FF F8 00 3F 05 3E 90 CD 
F1 F8 00 87 00 09 07 E2 FF E2 00 03 FF F7 01 02 0E CA 10 59 
F1 F9 00 87 00 0F 07 D1 FF E1 00 02 FF F7 FF 17 0C 13 34 FA 
F3 FA 00 77 00 28 07 C2 FF E2 00 01 FF F7 00 2F 0F E6 AA 35 
F1 FB 00 7D 00 20 07 F7 FF E0 00 02 FF F8 01 00 0C B0 95 24 
F1 FC 00 72 00 14 07 E1 FF E2 00 02 FF F7 FF 17 06 DD 28 5A 
F3 FD 00 6E 00 0D 07 E0 FF E2 00 03 FF F9 00 41 0C 1E 6C A2 
F1 FE 00 79 00 18 07 DE FF DF 00 04 FF F8 00 F6 06 F6 90 3B 
F1 FF 00 90 00 0C 07 D9 FF E0 00 02 FF F7 FF 17 0A 54 74 26 
F3 00 00 83 00 15 07 F2 FF E0 00 01 FF F8 00 35 04 BE 3F ED 
F1 01 00 84 00 08 07 D3 FF E1 00 02 FF F8 00 FB 06 10 B4 D9 
F1 02 00 82 00 12 07 D6 FF E1 00 02 FF F7 FF 19 07 BB 9A 09 
F3 03 00 6A 00 19 07 C9 FF E0 00 02 FF F6 00 2E 06 F7 54 8E 
F1 04 00 86 00 0E 07 C5 FF E0 00 02 FF F7 00 F3 08 F4 38 16 
F1 05 00 7E 00 08 07 D5 FF E0 00 03 FF F8 FF 16 05 05 2C FA 
F3 06 00 77 00 15 07 CA FF E1 00 03 FF F8 00 35 09 1A 3E AD 
F1 07 00 75 00 16 07 C5 FF E1 00 03 FF F9 00 FC 0B 9E 72 1A 
F1 08 00 7A 00 20 07 DA FF E2 00 02 FF F9 FF 1A 07 76 47 93 
F3 09 00 7E 00 18 07 D5 FF E0 00 02 FF F8 00 3D 07 BE FB B2 
F1 0A 00 72 00 0E 07 DA FF E0 00 02 FF F7 00 FA 05 AB 76 A4 
F1 0B 00 7B 00 0F 07 C2 FF E2 00 02 FF F8 FF 1E 0A B9 EB AE 
F3 0C 00 7D 00 24 07 DC FF E1 00 02 FF F7 00 36 09 DF 25 B2 
F1 0D 00 7D 00 1F 07 E4 FF E1 00 03 FF F8 00 F8 08 EF 82 F5 
F1 0E 00 7E 00 07 07 ED FF DF 00 02 FF F8 FF 17 0C AC 7B 0B 
F3 0F 00 88 00 23 07 D2 FF E2 00 02 FF F8 00 33 0E 40 5D A1 
F1 10 00 7B 00 10 07 ED FF E0 00 03 FF F8 00 F6 09 88 FA 22 
F1 11 00 75 00 18 07 CD FF E1 00 03 FF F7 FF 1B 0A 5D 53 5C 
F3 12 00 7A 00 1E 07 E7 FF E2 00 02 FF F7 00 39 05 5C DC F8 
F1 13 00 81 00 1D 07 F1 FF E1 00 03 FF F8 00 FA 09 77 61 CF 
F1 14 00 85 00 0B 07 D8 FF E0 00 03 FF F9 FF 19 09 E9 50 76 
F3 15 00 84 00 09 07 DA FF E1 00 01 FF F7 00 31 07 D6 F0 41 
F1 16 00 7B 00 10 07 AE FF DF 00 02 FF F8 00 F1 04 7F 1C 42 
F1 17 00 64 00 14 07 E0 FF E2 00 02 FF F7 FF 12 04 64 D1 AA 
F3 18 00 7A 00 1A 07 D9 FF E1 00 02 FF F8 00 35 07 62 5F 9F 
F1 19 00 74 00 11 07 BD FF E0 00 01 FF F8 01 00 03 5C 45 1E 
F1 1A 00 6C 00 1F 07 D2 FF E0 00 03 FF F9 FF 1A 0B 37 DB 39 
F3 1B 00 81 00 09 07 E5 FF E0 00 01 FF F8 00 32 06 D7 A0 BD 
F1 1C 00 86 00 14 07 E8 FF E0 00 03 FF F9 00 F5 09 B3 79 AE 
F1 1D 00 8B 00 15 07 D3 FF E0 00 03 FF F8 FF 18 08 DC B6 FD 
F3 1E 00 7E 00 18 07 E4 FF E2 00 03 FF F8 00 2E 07 45 8A 52 
F1 1F 00 88 00 0F 07 C5 FF E2 00 01 FF F8 00 FB 07 2C AC 9A 
F1 20 00 74 00 14 07 B8 FF E1 00 03 FF F7 FF 18 07 8D 17 5B 
F3 21 00 87 00 0B 07 D4 FF E0 00 03 FF F8 00 3C 08 90 3F 07 
F1 22 00 6F 00 1A 07 E5 FF E0 00 03 FF F8 00 FA 0A 57 15 6F 
F1 23 00 76 00 15 07 E5 FF E0 00 04 FF F8 FF 1C 03 A2 46 B8 
F3 24 00 91 00 03 07 D1 FF E0 00 02 FF F7 00 37 06 AF BF 02 
F1 25 00 76 00 10 07 DB FF E1 00 02 FF F9 00 F3 0B D9 A9 A6 
F1 26 00 89 00 06 07 CE FF E2 00 02 FF F6 FF 16 0B 07 4D 57 
F3 27 00 82 00 1E 07 D1 FF E0 00 05 FF F9 00 37 0A E2 74 43 
F1 28 00 87 00 15 07 C8 FF E1 00 02 FF F6 00 F1 02 87 19 96 
F1 29 00 7D 00 05 07 EF FF E0 00 02 FF F6 FF 1A 06 C8 DE B1 
F3 2A 00 87 00 15 07 D3 FF E0 00 04 FF F9 00 35 07 CA F4 0C 
F1 2B 00 7B 00 01 08 07 FF E0 00 03 FF F7 01 01 05 B0 CC A2 
F1 2C 00 7A 00 01 07 C4 FF E1 00 03 FF FA FF 1B 07 B1 B3 39 
F3 2D 00 6D 00 1B 07 CB FF E2 00 04 FF F8 00 39 0D 68 1F 87 
F1 2E 00 65 00 0C 07 D1 FF E1 00 03 FF F8 00 F4 11 6C 24 27 
F1 2F 00 6E 00 1F 07 F2 FF E1 00 03 FF F8 FF 16 15 4C 96 60 
F3 30 00 7B 00 0E 07 EB FF E3 00 01 FF F8 00 37 0F E5 1E DF 
F1 31 00 86 00 1D 07 C7 FF E1 00 02 FF F8 00 FC 09 92 AD 67 
F1 32 00 88 00 15 07 CB FF E1 00 02 FF F7 FF 1B 0C B5 35 77 
F3 33 00 8B 00 09 07 DF FF E1 00 02 FF F7 00 2F 0C 19 0C 6A 
F1 34 00 83 00 19 07 CB FF E1 00 03 FF F8 00 F7 0F 4D E5 83 
F1 35 00 64 00 17 07 BD FF E1 00 03 FF F6 FF 1B 0B 24 C0 BE 
F3 36 00 77 00 11 07 D8 FF E0 00 04 FF F7 00 3A 0F 66 42 9F 
F1 37 00 88 00 14 07 EF FF E1 00 02 FF F7 00 F1 10 34 33 A7 
F1 38 00 75 00 18 07 F5 FF E1 00 03 FF F8 FF 14 09 08 B3 AE 
F3 39 00 7E 00 17 07 C4 FF E0 00 04 FF F7 00 35 0B 20 DF F0 
F1 3A 00 85 00 08 08 04 FF E1 00 03 FF F9 00 F8 07 1E B5 93 
F1 3B 00 75 00 0B 07 E6 FF E1 00 02 FF F7 FF 19 07 D7 F0 0A 
F3 3C 00 6B 00 16 07 EA FF E1 00 03 FF F8 00 34 0C 5D DD 3E 
F1 3D 00 62 00 07 07 C5 FF E0 00 02 FF F8 00 F5 00 F5 F5 B2 
F1 3E 00 81 00 17 07 C2 FF E0 00 04 FF F8 FF 18 0A 57 89 32 
F3 3F 00 89 00 19 07 DC FF E2 00 02 FF F8 00 39 07 AF 49 FC 
F1 40 00 6F 00 15 07 E6 FF E1 00 03 FF F8 00 F7 0D 16 A1 05 
F1 41 00 89 00 10 07 E6 FF E1 00 02 FF F7 FF 14 0E B9 BA 41 
F3 42 00 7A 00 1F 07 C9 FF E2 00 02 FF F9 00 34 02 B2 0E 10 
F1 43 00 7C 00 12 07 C9 FF E0 00 02 FF F9 00 FC 0C AD FA AE 
F1 44 00 6D 00 12 07 E0 FF E1 00 01 FF F8 FF 18 12 7B 9D AE 
F3 45 00 85 00 14 07 D1 FF E1 00 02 FF F7 00 39 0C 02 99 CC 
F1 46 00 87 00 0A 07 E5 FF E1 00 02 FF F8 00 FA 11 F3 B9 BA 
F1 47 00 75 00 0E 07 E0 FF DF 00 02 FF F7 FF 18 04 1F 62 FD 
F3 48 00 79 00 17 07 DF FF E1 00 03 FF F7 00 35 06 E6 5F 7A 
F1 49 00 6B 00 08 07 BF FF E0 00 03 FF F9 00 FB 0E 3E 5F 60 
F1 4A 00 81 00 1E 07 EC FF E1 00 04 FF F9 FF 16 09 F3 DD CA 
F3 4B 00 77 00 10 07 D2 FF E0 00 03 FF F9 00 35 0E 49 97 DD 
F1 4C 00 75 00 0D 07 CF FF E0 00 03 FF F7 00 FA 09 AE AA 44 
F1 4D 00 82 00 1E 07 DC FF E0 00 02 FF F8 FF 18 08 E1 49 12 
F3 4E 00 77 00 1B 07 DE FF E0 00 04 FF F7 00 32 0F 8E 3A 67 
F1 4F 00 85 00 16 07 DA FF E0 00 01 FF F7 00 F6 0A D0 E7 17 
F1 50 00 84 00 08 07 F0 FF E0 00 02 FF F9 FF 19 0C 40 61 00 
F3 51 00 82 00 28 07 F2 FF E3 00 03 FF F8 00 31 05 7A AC 20 
F1 52 00 73 00 2A 07 E6 FF E0 00 02 FF F6 00 F1 06 37 50 C0 
F1 53 00 7C 00 16 07 C9 FF E1 00 02 FF F7 FF 19 0A 16 79 FD 
F3 54 00 7D 00 12 07 E6 FF E0 00 02 FF F7 00 36 06 87 AD 8A 
F1 55 00 84 00 1C 08 04 FF E1 00 03 FF F9 00 F6 09 2D 87 F0 
F1 56 00 86 00 10 07 DC FF E1 00 01 FF F7 FF 1A 07 CE 03 2D 
F3 57 00 8C FF FE 07 D6 FF E0 00 03 FF F8 00 2F 0B 6F 1A F9 
F1 58 00 90 00 19 07 C1 FF E1 00 03 FF F8 01 02 0A C5 5B EC 
F1 59 00 7A 00 22 07 FA FF E0 00 02 FF F9 FF 16 06 88 9F 2E 
F3 5A 00 7E 00 1A 07 E1 FF E1 00 02 FF F8 00 38 04 5C 00 BB 
F1 5B 00 6F 00 1A 07 B8 FF E1 00 02 FF F8 01 01 0A 61 82 32 
F1 5C 00 7F 00 16 07 E0 FF E0 00 03 FF F9 FF 16 08 AC 6F F3 
F3 5D 00 77 00 0D 07 F4 FF E0 00 02 FF F7 00 35 0D 90 95 F0 
F1 5E 00 6A 00 1B 07 D5 FF E1 00 01 FF F7 00 EC 08 1B F4 4A 
F1 5F 00 85 00 08 07 E4 FF E2 00 04 FF F9 FF 16 04 3F 73 9A 
F3 60 00 84 00 1C 07 C5 FF E0 00 03 FF F8 00 39 0C 9F 33 D7 
F1 61 00 81 00 26 07 D8 FF E0 00 02 FF F9 00 F4 08 BE AC D4 
F1 62 00 6D 00 04 07 F0 FF E0 00 03 FF F8 FF 18 0D 3B DF 4B 
F3 63 00 89 00 1B 07 E5 FF DF 00 02 FF F6 00 35 07 FF AE 2A 
F1 64 00 82 00 2A 07 E8 FF E1 00 02 FF F8 00 F7 09 FE 8E FC 
F1 65 00 7F 00 0F 07 BC FF E0 00 01 FF F7 FF 17 0E 4A CF 9B 
F3 66 00 83 00 12 07 EB FF E2 00 02 FF F8 00 37 07 66 93 F6 
F1 67 00 79 00 19 07 CF FF E3 00 01 FF F7 00 F3 07 F9 55 B5 
F1 68 00 6D 00 14 07 DD FF E0 00 02 FF F8 FF 17 03 A4 2B D8 
F3 69 00 70 00 0C 07 C8 FF E1 00 03 FF F7 00 36 09 01 90 4F 
F1 6A 00 84 00 08 07 E4 FF E0 00 04 FF F7 00 F0 08 62 32 C7 
F1 6B 00 7E 00 08 07 D4 FF E2 00 02 FF F8 FF 19 05 C5 DE 92 
F3 6C 00 83 00 1F 07 EC FF E1 00 02 FF F8 00 31 04 24 F5 3A 
F1 6D 00 7D 00 28 07 D5 FF E0 00 03 FF F9 00 F3 06 1D 4D F8 
F1 6E 00 7D 00 26 07 C3 FF E0 00 03 FF F6 FF 15 0B FF CB DD 
F3 6F 00 64 00 11 07 CE FF E0 00 02 FF F8 00 33 08 17 17 62 
F1 70 00 6C 00 22 07 DE FF E1 00 02 FF F8 00 FB 05 CA 82 66 
F1 71 00 75 00 07 07 D4 FF E2 00 01 FF F8 FF 16 05 09 8F 06 
F3 72 00 8A 00 0C 07 C7 FF E1 00 02 FF F7 00 37 06 7D 54 26 
F1 73 00 6E 00 18 07 C9 FF E2 00 02 FF F6 00 FA 0A 7D 2A 87 
F1 74 00 6A 00 1B 07 E6 FF E1 00 03 FF F7 FF 18 08 71 30 1F 
F3 75 00 78 00 18 07 D2 FF E1 00 04 FF F8 00 35 04 AA 7E BA 
F1 76 00 83 00 27 07 F0 FF E1 00 02 FF F9 00 FA 09 A7 80 3E 
F1 77 00 85 00 14 07 CB FF E1 00 03 FF F9 FF 16 09 3A E3 7B 
F3 78 00 7F 00 19 07 D4 FF DE 00 02 FF F8 00 32 09 9B 7E 0D 
F1 79 00 86 00 0F 07 D0 FF E1 00 02 FF F8 00 F3 05 21 4C 65 
F1 7A 00 6D 00 05 07 BD FF E2 00 03 FF F9 FF 14 01 77 B9 1E 
F3 7B 00 8A 00 18 07 D6 FF E0 00 02 FF F8 00 37 08 31 79 24 
F1 7C 00 7E 00 11 07 DB FF E1 00 03 FF F7 00 F5 05 29 33 0E 
F1 7D 00 7D 00 0B 07 D0 FF E1 00 02 FF F7 FF 16 03 77 96 AB 
F3 7E 00 86 00 0F 07 D2 FF E1 00 02 FF F9 00 3B 05 CC 67 BF 
F1 7F 00 76 00 0F 07 CB FF E1 00 03 FF F7 00 FB 02 6D 68 03 
F1 80 00 68 00 1C 07 DF FF E1 00 03 FF F8 FF 17 08 71 92 01 
F3 81 00 76 00 18 07 FA FF E2 00 02 FF F7 00 38 03 56 72 2A 
F1 82 00 79 00 0F 07 DB FF E0 00 04 FF F8 00 F6 03 F1 B8 52 
F1 83 00 6B 00 06 07 C9 FF E0 00 03 FF F9 FF 1A 06 7E A2 20 
F3 84 00 78 00 1C 08 00 FF E1 00 02 FF F7 00 38 05 54 51 85 
F1 85 00 83 00 19 07 CF FF DF 00 03 FF F8 00 FB 08 BB 92 77 
F1 86 00 76 00 1B 07 D9 FF DF 00 01 FF F7 FF 19 01 36 6F C0 
F3 87 00 7C 00 0C 07 E7 FF E0 00 02 FF F8 00 32 02 C4 E3 CB 
F1 88 00 75 00 16 07 D1 FF E0 00 03 FF F6 00 F8 07 ED 2A 55 
F1 89 00 6A 00 1F 07 C3 FF E1 00 01 FF F8 FF 1C 08 39 78 A5 
F3 8A 00 87 00 0C 07 B2 FF E0 00 03 FF F9 00 32 07 D2 59 80 
F1 8B 00 77 00 12 07 DF FF E1 00 04 FF F6 00 FC 03 AA DA 3D 
F1 8C 00 75 00 02 07 CD FF E2 00 02 FF F8 FF 14 02 F5 9F A1 
F3 8D 00 82 00 09 07 EB FF E1 00 01 FF F8 00 32 07 4D 66 46 
F1 8E 00 82 00 0A 07 D5 FF E0 00 03 FF F9 00 FB 03 0B B9 8A 
F1 8F 00 7E 00 0F 07 E6 FF E0 00 02 FF F7 FF 17 04 5E 05 94 
F3 90 00 7B 00 1D 07 D8 FF E2 00 02 FF F8 00 37 07 A2 0E 52 
F1 91 00 6F 00 0A 07 F7 FF E1 00 04 FF F8 00 F5 00 F5 B1 4D 
F1 92 00 8C 00 09 07 CD FF E0 00 02 FF F8 FF 15 0A 7C FC 60 
F3 93 00 6F 00 1E 07 DD FF E1 00 03 FF F8 00 36 06 85 69 46 
F1 94 00 81 00 12 07 F1 FF E1 00 03 FF F8 00 FB 08 A1 8D 81 
F1 95 00 7F 00 0D 07 D4 FF E1 00 04 FF F7 FF 1B 08 03 37 DD 
F3 96 00 7B 00 1D 07 C9 FF E2 00 03 FF F7 00 3A 01 71 2F 1B 
F1 97 00 82 00 16 07 C9 FF E0 00 03 FF F6 00 F5 06 C3 57 87 
F1 98 00 82 00 08 07 E6 FF E0 00 02 FF F8 FF 17 04 74 52 90 
F3 99 00 7D 00 20 07 E1 FF E1 00 03 FF F9 00 30 05 3D 14 D3 
F1 9A 00 87 00 1B 07 EB FF E1 00 03 FF F7 00 FD 09 88 F6 AC 
F1 9B 00 77 00 12 07 BC FF E2 00 01 FF F9 FF 12 02 E5 19 FA 
F3 9C 00 77 00 12 07 DE FF E1 00 03 FF F8 00 35 06 A0 AE AD 
F1 9D 00 79 00 19 07 DD FF E0 00 01 FF F8 00 F8 01 B7 17 00 
F1 9E 00 81 00 15 07 D6 FF E0 00 02 FF F9 FF 16 04 E6 4F 04 
F3 9F 00 82 00 21 07 D4 FF E1 00 03 FF F7 00 34 0A 83 F2 A1 
F1 A0 00 7A 00 08 07 DC FF E2 00 04 FF FA 00 F7 00 76 A4 EC 
F1 A1 00 8A FF FB 07 DA FF E1 00 02 FF F9 FF 16 02 C6 30 4A 
F3 A2 00 83 FF F5 07 E4 FF E0 00 01 FF F6 00 3C 04 19 9C 52 
F1 A3 00 7D 00 14 07 CB FF E1 00 02 FF F7 00 F4 07 5B 11 8D 
F1 A4 00 81 00 19 07 DE FF E1 00 03 FF F9 FF 17 0B B3 19 B6 
F3 A5 00 82 00 0A 07 E6 FF E0 00 02 FF F9 00 39 07 A4 3C 77 
F1 A6 00 8C 00 0C 07 BE FF E0 00 01 FF F6 00 FA 06 2A B1 9A 
F1 A7 00 86 00 1F 07 CF FF E1 00 04 FF F7 FF 16 08 8D 31 0A 
F3 A8 00 88 00 0E 07 E5 FF E1 00 02 FF F8 00 36 03 7C 14 34 
F1 A9 00 76 00 0A 07 E4 FF E1 00 03 FF F9 00 FB 07 AB 74 12 
F1 AA 00 81 00 18 07 E2 FF E0 00 04 FF F7 FF 18 02 FA C7 8C 
F3 AB 00 7C 00 1C 07 D1 FF E0 00 03 FF F8 00 39 07 1B 8E A1 
F1 AC 00 73 00 03 07 D3 FF E1 00 02 FF F8 00 F7 0A 3A 08 60 
F1 AD 00 75 00 1C 07 DE FF E0 00 03 FF F7 FF 17 04 AF 1F B5 
F3 AE 00 73 00 09 07 BB FF E1 00 01 FF F8 00 39 0B 43 2D A1 
F1 AF 00 68 00 16 07 E7 FF DF 00 01 FF F8 00 F8 08 36 9F FE 
F1 B0 00 81 00 05 07 D6 FF E1 00 02 FF F6 FF 18 0A 6A 66 3E 
F3 B1 00 8A 00 10 07 F3 FF E0 00 03 FF F8 00 33 10 23 A3 DA 
F1 B2 00 82 00 21 07 BE FF E1 00 02 FF F9 00 FF 0B A5 D0 52 
F1 B3 00 82 00 0C 07 CD FF E0 00 02 FF F8 FF 1B 0C 07 1F 3B 
F3 B4 00 76 00 0E 07 EC FF E0 00 04 FF F8 00 34 09 BC FA 20 
F1 B5 00 78 00 1A 07 FF FF E1 00 02 FF F7 00 F1 09 8F 31 B9 
F1 B6 00 7A 00 16 07 D4 FF E3 00 03 FF F7 FF 18 09 EC 64 7F 
F3 B7 00 8D 00 0C 07 D8 FF E1 00 02 FF F8 00 38 08 59 27 F8 
F1 B8 00 78 00 15 07 D1 FF E0 00 02 FF F9 00 F4 04 F5 BB 6B 
F1 B9 00 83 00 1E 07 F8 FF E2 00 03 FF F7 FF 1A 09 13 7C A7 
F3 BA 00 85 FF FF 07 CD FF E2 00 03 FF F8 00 35 08 AD D7 86 
F1 BB 00 7C 00 0D 07 CD FF E1 00 02 FF F9 00 F4 08 5B 50 8F 
F1 BC 00 77 00 0A 07 D8 FF E0 00 04 FF F6 FF 18 04 6D 52 8E 
F3 BD 00 81 00 15 07 E4 FF E2 00 03 FF F8 00 35 02 24 FE 5D 
F1 BE 00 8D 00 0B 07 BA FF E1 00 02 FF F7 00 F7 06 1F A0 6F 
F1 BF 00 7D FF FE 07 D3 FF E1 00 03 FF F9 FF 16 05 EE A0 90 
F3 C0 00 7B 00 24 07 DE FF E0 00 02 FF F7 00 30 07 61 23 67 
F1 C1 00 6D 00 0E 07 BD FF E0 00 02 FF F8 00 F8 02 FA 46 0E 
F1 C2 00 87 00 18 07 C6 FF E0 00 03 FF F7 FF 19 06 D8 CF 5C 
F3 C3 00 92 00 12 07 D8 FF E1 00 03 FF F4 00 34 05 42 2E 87 
F1 C4 00 97 FF F9 07 B1 FF E2 00 05 FF EE 00 FE 04 20 E7 49 
F1 C5 00 9E 00 23 07 E9 FF E7 00 06 FF E3 FF 17 05 12 D7 AF 
F3 C6 00 66 00 2C 09 74 FF F6 00 0D FF E8 00 35 05 A4 C1 CC 
F1 C7 FD 80 FF AB 0B 6C 00 B9 00 47 00 D3 00 FC 07 C6 5C 3D 
F1 C8 01 D8 00 8D 08 7B 01 F7 FE 91 02 06 FF 18 06 DB D5 EB 
F3 C9 FF 52 FF 96 0F 7F 02 A5 02 49 01 26 00 38 03 61 0B 4D 
F1 CA FF 58 00 74 0A CF 05 6C 01 F0 01 92 00 F4 0C 1E 68 DA 
F1 CB 00 22 02 22 0B CE 07 29 00 2E 01 D3 FF 14 0C 98 FE D0 
F3 CC FF 44 02 1A 07 BF 08 0A 04 D0 02 C3 00 2A 12 45 6B 52 
F1 CD FF C4 01 8C 08 7D 07 35 0D 9C 04 4D 00 F6 09 91 C8 67 
F1 CE 00 A7 02 F0 05 75 04 55 13 9F 04 E9 FF 11 0B 39 CD D6 
F3 CF FF 99 02 B9 05 82 00 17 13 C6 04 85 00 19 09 02 FC 89 
F1 D0 FE F7 02 93 06 F4 FB 96 16 7E 03 29 01 05 0A 5B E0 9F 
F1 D1 FD 32 01 00 04 82 F6 DE 19 6A 00 9A FF 06 0E 4C EB C0 
F3 D2 F8 91 00 AF 07 6B F2 23 1A FA FD 38 00 15 06 BE 07 32 
F1 D3 F7 DF FE 06 00 DF EE 63 1D 86 FB 4D 01 14 04 75 BA 99 
F1 D4 F8 80 FB 65 FC FE EA DA 1F 49 F8 F7 FE FE 08 82 F9 4E 
F3 D5 FA 3D F9 5F FD 0D E8 75 22 41 F5 52 00 2B 0C 86 6C F2 
F1 D6 FD E0 F9 92 FC 1C E8 E5 23 4E F0 BF 01 53 10 73 4B CF 
F1 D7 EE 27 FF 42 0D 41 EB BF 20 1A ED 49 FE F4 0D C5 A5 94 
F3 D8 F8 7C FD 9C FF F0 F5 32 1A 5E F6 09 00 4B 06 54 01 CF 
F1 D9 F5 44 FD 96 FD 86 F6 99 07 3A FC 93 01 72 11 CD 16 32 
F1 DA FD 89 FE 3B FD C6 F8 1E FF AE 03 3D FE DA 0D A2 4C EF 
F3 DB FE 15 FF 74 FB 33 F8 B4 00 A8 04 D9 00 60 07 19 F7 22 
F1 DC FB 6E FE E7 FA 82 F9 24 02 D3 05 6C 01 7F 03 F3 D8 A1 
F1 DD FB 01 FE C7 FA 18 F9 DC 03 EE 06 2F FE B9 02 BF 4E 5B 
F3 DE F7 EE FE B4 F9 74 FA 76 03 6F 05 6D 00 4F 08 82 BE BE 
F1 DF F5 08 FD B6 F7 A6 FA AF 01 53 05 BD 01 74 03 8E 98 6D 
F1 E0 F4 DD FD DD F6 6E FA 4B 01 CF 04 AD FE B6 03 9C 58 C4 
F3 E1 F5 C3 FE 17 F6 E0 FA 31 05 55 00 5E 00 44 09 9C 3A 53 
F1 E2 F7 86 FE 8C F8 BC FB 41 06 54 FB 37 01 69 03 C7 D0 06 
F1 E3 F9 3F FF 96 F9 6A FD D4 05 CC F7 94 FE B7 0D EC FA 65 
F3 E4 FA 56 00 C3 F8 FF 00 04 05 7F F5 59 00 40 01 C6 60 4C 
F1 E5 FB B4 01 DB F9 22 00 82 05 29 F4 D3 01 6D 05 CC 00 DC 
F1 E6 FD 72 02 74 F9 B9 00 20 03 B5 F5 81 FE B4 05 0B 16 FC 
F3 E7 FF 26 03 45 F9 CB FF EF 04 FE F5 9B 00 52 04 18 6F 0B 
F1 E8 FF 9F 03 9D FA 90 FF C9 06 B3 F5 A0 01 6D 0C 6A B5 27 
F1 E9 00 13 03 BF FB 3E FF C8 07 5B F6 82 FE AC 05 B6 4E 68 
F3 EA 00 DE 03 9E FB BE 00 08 06 4C F8 42 00 6E 07 83 20 30 
F1 EB 07 0A 04 F6 FB E7 00 65 03 B5 FA 1B 01 79 0B 97 1F 8B 
F1 EC 11 04 0A 68 FC A2 02 BD 01 10 F9 39 FE A3 05 C4 28 55 
F3 ED 0A 5F 0F F2 F1 79 06 A2 FE A4 00 66 00 81 0C 55 D5 E0 
F1 EE 06 48 0B 2A E8 D2 01 26 05 79 19 D7 01 67 08 B3 86 3C 
F1 EF FF B3 03 3A F1 62 F6 27 09 48 2C 5C FE 9D F6 30 63 E2 
F3 F0 E3 B4 03 28 F6 F7 F5 B2 0A D1 29 D5 00 72 03 E2 59 B1 
F1 F1 E2 40 00 46 F7 DF FE 47 03 16 15 0E 01 64 0B 9D 82 05 
F1 F2 EB 90 FB 04 FA E6 0C 65 FC AE FF 15 FE A0 0C 64 F9 25 
F3 F3 F5 63 FC 1A F5 D0 0F AD FC 84 F4 59 00 35 11 42 79 94 
F1 F4 FB 8A FF 51 F6 B7 08 06 01 B9 F5 68 01 37 02 CF D4 5F 
F1 F5 FF 13 00 0A F9 B3 00 B3 03 6C FA D3 FE A8 03 F3 BC 3A 
F3 F6 00 90 FF F5 FA CA FD E4 02 A2 FE 46 00 4B 03 4A C3 21 
F1 F7 FF 6B 00 73 F9 D1 FD F1 02 10 FE 6C 01 34 04 CE EC 18 
F1 F8 FD 1A 01 47 F9 32 FE 7E 01 A1 FE 9B FE A1 0A CC C3 A7 
F3 F9 FC AB 01 3C F9 2B FF 43 FF EB 00 2F 00 48 02 66 38 88 
F1 FA FC FC 00 E5 F9 6F FF F6 FE AC 01 06 01 40 07 95 99 04 
F1 FB FC B2 00 76 FA 6E 00 D3 FE 67 00 D9 FE 9C FD F6 8F 8A 
F3 FC FC 22 00 1F FC 79 02 0C FC DA 00 9C 00 50 08 C7 AD AB 
F1 FD FB A2 00 1E FD 43 03 44 F8 C3 00 80 01 44 0B F7 C5 34 
F1 FE FA A5 00 74 FD 61 04 2E F4 61 00 65 FE 9F 02 61 F8 2A 
F3 FF F9 AA FF 61 FE C4 05 55 F0 BE 00 FA 00 55 05 42 FC B0 
F1 00 F8 44 FE 4C FF F6 07 29 EC F4 02 20 01 40 07 BD 36 02 
F1 01 F8 32 FE 0A FF CC 09 29 EA 39 03 A0 FE 9C 16 42 16 69 
F3 02 F6 E1 FD B8 FD AF 0A B3 E8 19 04 72 00 4F 1C 1D 61 49 
F1 03 F5 F4 FD 37 FD 22 0A D7 E6 10 05 14 01 57 1A 6D CC 10 
F1 04 F6 FE FC CC 00 EA 0B 69 E4 81 04 ED FE AE 17 66 DC AE 
F3 05 F7 A4 FC A0 01 6F 0C 59 E1 52 03 65 00 53 08 7B 7D 79 
F1 06 F6 27 FA 21 03 04 0C 59 DC 92 02 05 01 61 0F 60 B7 F7 
F1 07 F6 54 F9 2B 03 E7 0C 07 D6 66 01 4F FE BE 17 DC D9 B8 
F3 08 F6 DF F8 7A 09 42 0D CC D5 66 FE A9 00 49 03 21 C2 CB 
F1 09 F8 F5 F9 E2 04 A6 0E AE E0 5F FC 82 01 6B FD B5 05 FC 
F1 0A F9 9C FA 4C 02 FF 0B CA E9 EF FB 65 FE F2 02 F7 0C 3D 
F3 0B FB 6E FB B1 05 20 07 DB F1 54 FB 4F 00 40 06 7F 49 8A 
F1 0C FC 57 FB CF 09 5E 06 6D F4 B7 FB 93 01 29 08 D3 8C 3A 
F1 0D FD EA FC E7 09 86 07 9C F5 8A FC 1B FF 14 02 49 36 BF 
F3 0E FE 5F FE 99 08 16 06 C0 F9 E3 FB CC 00 3B 0A 90 94 85 
F1 0F FD 42 00 11 08 2F 04 09 FE 4B FC 32 01 0C 0C B9 40 33 
F1 10 FD D4 00 6B 08 09 00 D5 FF 1E FE 96 FF 16 08 57 E2 81 
F3 11 00 AF 00 6F 0A 47 FF 9A FD B6 00 08 00 25 09 34 C0 19 
F1 12 00 4A 00 EF 09 DE 00 A2 FE AF FF 27 00 FB 05 03 E1 D7 
F1 13 FF 8E 01 53 08 42 01 1E FF 1F FF 40 FF 14 0C FF 52 E2 
F3 14 FF CB 00 C3 07 4C 00 C0 FF 16 00 37 00 2F 0A F6 B8 5A 
F1 15 01 19 00 28 06 A4 FF D7 FF 95 00 05 00 FE 03 DF 3C E3 
F1 16 00 41 00 4A 08 12 FF 87 01 8A FE D5 FF 11 03 85 F4 1E 
F3 17 FB 42 FF C5 FB A3 FF FB 02 77 FF 20 00 2A 0B 47 E6 84 
F1 18 FF 1B FF C2 08 58 FE 99 02 49 FF C7 00 F8 0B EF DE 97 
F1 19 01 EB FE 77 09 66 FE AB FD 94 FF 77 FF 13 0A ED 62 72 
F3 1A 00 B4 00 32 08 EF FE D0 FF E5 FF 06 00 28 03 8E 2E 2A 
F1 1B 00 0B 01 48 07 EF FF 24 01 14 FF 08 00 FB 0A 76 1A 82 
F1 1C FE FC 02 12 06 B8 FF 57 00 BD FE E2 FF 15 0A 8B 2F 90 
F3 1D FF 6E 01 99 07 3A FF 4A FF EC FE F5 00 2C 08 1E EB D7 
F1 1E FF B9 01 58 07 76 FF 46 FE FD FF 39 00 FA 05 97 5E 98 
F1 1F FF C7 FF FE 08 64 FE DE FE F8 FF 7C FF 14 03 62 74 19 
F3 20 00 B4 00 40 09 AA FF 9E FC B7 FF CA 00 33 08 75 07 FC 
F1 21 FF A8 01 C9 08 0B FF 8B FD 7A FF D2 01 01 06 EF D0 6D 
F1 22 00 9A 00 78 07 F3 FF BE FF 98 00 29 FF 16 09 36 96 8A 
F3 23 01 3A 00 BC 07 E2 FF BF FF 90 00 06 00 30 08 04 3F 86 
F1 24 00 DE 00 66 06 BB FF BB FF D1 FF DD 00 F8 01 78 81 E5 
F1 25 01 21 00 52 07 E6 FF 94 FF AB FF E2 FF 16 08 8A 68 DE 
F3 26 FF 5D 00 35 06 71 FF 75 FF 4F FF DF 00 31 06 23 80 71 
F1 27 00 8D 00 29 07 DE FF 9A 00 46 00 1B 00 F5 03 15 A6 DF 
F1 28 00 48 00 7A 05 A3 FF 57 01 87 00 32 FF 16 04 95 20 E7 
F3 29 FF CA FE F7 07 44 FE 6C 03 C2 00 88 00 39 03 45 5F 7C 
F1 2A 00 24 00 9A 07 EB FD FC 00 11 00 C2 00 FC 0B B2 C7 D5 
F1 2B 01 68 00 1E 08 84 FE 48 FF B9 00 CB FF 13 04 52 09 2D 
F3 2C 00 DD 00 58 08 D8 FF 0B FF 2E 00 8C 00 37 04 F7 BC F4 
F1 2D 01 0E FF DD 08 7E FF 50 FF C9 00 50 00 FE 09 07 28 CC 
F1 2E 00 B9 00 19 08 32 FF BC FF BF FF FD FF 19 06 64 05 1B 
F3 2F 00 6F 00 0F 07 D8 FF DA FF FB FF FB 00 39 0C 3E 46 57 
F1 30 00 77 00 1B 07 BE FF E5 00 05 FF FB 00 FC 00 09 13 F1 
F1 31 00 82 00 15 07 CB FF DE 00 01 FF F5 FF 17 02 1B 9C D0 
F3 32 00 7B 00 17 07 EB FF DF 00 03 FF F0 00 3F 07 62 85 2D 
F1 33 00 62 00 35 08 0A FF E1 00 05 FF F1 00 F7 03 CE 12 4B 
F1 34 01 4A 00 14 07 BD FF DC 00 00 FF F4 FF 19 08 03 82 61 
F3 35 00 59 00 21 07 DB FF E5 00 07 00 02 00 37 01 D1 0D 37 
F1 36 00 A3 00 19 07 DE FF DE FF FE 00 0E 00 FC 02 C1 C8 2E 
F1 37 00 5B 00 2A 07 C1 FF E6 00 09 FF FC FF 17 07 CF 2D 27 
F3 38 00 4B 00 6C 07 BA FF E5 00 03 FF F1 00 3F 04 DF 0E DB 
F1 39 00 9D FF B6 08 61 FF B4 FF DD FF F0 00 FA 06 72 F8 47 
F1 3A 00 89 00 1F 07 CE FF DA FF FD FF FA FF 1D 04 4D A1 EA 
F3 3B 00 36 00 31 07 C5 FF DE 00 04 FF EF 00 38 FF 71 DF B0 
F1 3C 00 3A 00 03 07 FA FF DC FF FF FF F1 00 F2 09 BC 89 19 
F1 3D 00 76 00 0D 07 C9 FF E0 00 03 FF F6 FF 18 02 12 67 7E 
F3 3E 00 81 00 03 07 DB FF E0 00 02 FF F6 00 39 04 35 BE A1 
F1 3F 00 62 00 11 07 D8 FF E0 00 01 FF F5 00 FA 06 4F 4A EA 
F1 40 00 72 00 12 07 C8 FF E1 00 02 FF F5 FF 18 01 30 91 FD 
F3 41 00 84 00 20 07 D5 FF E0 00 02 FF F7 00 35 09 6B 87 B6 
F1 42 00 A5 00 0D 07 B9 FF DF FF FE FF F7 00 F8 04 9B 76 AE 
F1 43 00 A3 FF FC 07 D2 FF E1 00 01 FF F7 FF 1B 04 04 DF 78 
F3 44 00 7C 00 1A 07 DF FF E1 00 02 FF F7 00 3C 06 A2 CB 88 
F1 45 00 8A 00 1B 07 B1 FF E2 00 02 FF F7 00 F3 FF 12 81 71 
F1 46 00 8F 00 15 07 DF FF E1 00 03 FF F6 FF 16 09 43 70 58 
F3 47 00 8F 00 11 07 E0 FF DF 00 02 FF F6 00 38 02 46 84 0F 
F1 48 00 8C 00 14 07 EB FF E0 00 02 FF F6 00 F6 03 18 21 C7 
F1 49 00 7E 00 0F 07 DA FF E0 00 02 FF F7 FF 18 08 72 6F E8 
F3 4A 00 91 00 10 07 E0 FF E0 00 02 FF F7 00 30 06 89 21 73 
F1 4B 00 8A 00 0C 07 B1 FF E0 00 04 FF F8 00 F8 07 25 96 07 
F1 4C 00 78 00 0F 07 FB FF E0 00 03 FF F6 FF 18 05 20 86 01 
F3 4D 00 7F 00 1A 07 E2 FF E0 00 03 FF F8 00 3A 04 14 4E FC 
F1 4E 00 68 00 0E 07 F7 FF E0 00 03 FF F7 00 FA 07 A9 16 85 
F1 4F 00 6A 00 0D 07 FD FF E0 00 03 FF F6 FF 17 01 C9 43 B4 
F3 50 00 7A 00 0F 07 DC FF E1 00 02 FF F7 00 3C 02 D0 FC FB 
F1 51 00 73 00 09 07 F0 FF E0 00 05 FF F6 00 F7 09 82 6B 46 
F1 52 00 7A 00 1C 07 DA FF DF 00 03 FF F7 FF 17 08 AA 37 0F 
F3 53 00 7C 00 21 07 EF FF E0 00 03 FF F8 00 36 0C 5D A7 02 
F1 54 00 6E 00 0F 07 D3 FF DF 00 01 FF F7 00 FF 05 EC 5F 23 
F1 55 00 75 00 0E 07 E1 FF E0 00 02 FF F7 FF 19 04 D7 86 53 
F3 56 00 7C 00 1C 07 C9 FF E0 00 03 FF F7 00 3A 07 48 51 58 
F1 57 00 89 00 12 07 E4 FF E1 00 04 FF F6 01 05 07 C4 BB EB 
F1 58 00 85 00 18 07 CE FF E0 00 01 FF F8 FF 19 07 E6 89 60 
F3 59 00 88 00 19 07 C8 FF E1 00 03 FF F6 00 35 05 8A F8 79 
F1 5A 00 82 00 08 07 D0 FF E1 00 02 FF F7 00 FC 04 24 3A A7 
F1 5B 00 8B 00 15 07 D9 FF E0 00 03 FF F6 FF 16 07 E0 9D C0 
F3 5C 00 7A 00 15 07 E7 FF E1 00 03 FF F5 00 3C 05 ED 08 F3 
F1 5D 00 85 00 10 07 E8 FF E1 00 02 FF F7 00 FD 07 25 02 FB 
F1 5E 00 81 00 17 07 D4 FF E0 00 03 FF F6 FF 19 04 72 DF E9 
F3 5F 00 8A 00 0F 07 E2 FF DF 00 04 FF F6 00 3F 08 D4 72 E3 
F1 60 00 7B 00 0E 07 D4 FF DF 00 02 FF F8 00 F5 06 4D A3 90 
F1 61 00 77 00 0F 07 CD FF E2 00 02 FF F6 FF 17 05 D4 C2 B4 
F3 62 00 75 00 06 07 CD FF E2 00 02 FF F6 00 3C 04 D2 6E 52 
F1 63 00 7C 00 17 07 D1 FF DF 00 00 FF F6 00 F3 0A DD E0 9D 
F1 64 00 7C 00 15 07 D4 FF E1 00 01 FF F6 FF 19 09 1D 0E A3 
F3 65 00 83 00 0C 07 B2 FF E0 00 02 FF F7 00 39 08 57 D5 A9 
F1 66 00 77 00 11 07 CA FF E0 00 03 FF F7 00 FA 04 DC C4 8F 
F1 67 00 86 00 05 07 E1 FF E0 00 00 FF F7 FF 1A 07 F2 17 EC 
F3 68 00 77 00 1A 07 C9 FF DF 00 02 FF F6 00 34 0A 2F D2 76 
F1 69 00 73 00 18 07 E7 FF DF 00 03 FF F7 00 F1 09 38 32 11 
F1 6A 00 90 00 0D 07 D6 FF E2 00 04 FF F7 FF 17 05 C6 D3 92 
F3 6B 00 8D 00 0C 07 C7 FF E2 00 03 FF F7 00 31 06 02 0D BF 
F1 6C 00 84 00 0C 07 C8 FF E0 00 03 FF F6 00 FC 09 78 4A AB 
F1 6D 00 72 00 15 07 E6 FF E0 00 02 FF F8 FF 16 08 7A C8 C3 
F3 6E 00 83 00 19 07 E1 FF DF 00 02 FF F7 00 3A 06 A0 D5 06 
F1 6F 00 75 00 14 07 E7 FF E3 00 01 FF F7 00 FA 06 54 E4 D5 
F1 70 00 86 00 14 07 E4 FF E0 00 02 FF F7 FF 18 02 32 89 A0 
F3 71 00 85 00 0B 07 F6 FF DF 00 03 FF F7 00 36 0A 8D 75 82 
F1 72 00 92 00 0F 07 E6 FF DF 00 03 FF F7 00 F4 03 6F FD 09 
F1 73 00 7B 00 1A 07 C2 FF E0 00 02 FF F6 FF 1A 07 76 EB 33 
F3 74 00 7B 00 06 07 F6 FF E0 00 01 FF F6 00 3C 05 4F B9 C2 
F1 75 00 84 00 0E 07 FB FF E0 00 02 FF F6 00 F1 03 FB 7A 33 
F1 76 00 7C 00 0D 07 D6 FF E4 00 04 FF F8 FF 1A 09 80 46 BC 
F3 77 00 89 00 0F 07 DE FF E1 00 03 FF F7 00 37 04 69 88 80 
F1 78 00 7A 00 1C 07 D2 FF DF 00 02 FF F7 00 EF 06 77 8F B9 
F1 79 00 83 00 21 07 DF FF E0 00 02 FF F6 FF 19 0A B7 A0 D8 
F3 7A 00 92 00 15 07 E2 FF E1 00 02 FF F5 00 37 09 B0 9D 5C 
F1 7B 00 88 00 18 07 ED FF E1 00 03 FF F6 00 FE 0E 72 17 00 
F1 7C 00 78 00 0B 07 CA FF E0 00 03 FF F8 FF 18 03 4D 5E A4 
F3 7D 00 7F 00 02 07 B3 FF E0 00 02 FF F7 00 3D 01 31 6B 8A 
F1 7E 00 8B 00 1A 07 CE FF DF 00 02 FF F8 00 FA 09 46 3C 35 
F1 7F 00 7E 00 0E 07 DE FF E0 00 03 FF F5 FF 18 04 C4 45 11 
F3 80 00 6A 00 24 07 D6 FF DF 00 01 FF F7 00 3C 04 F1 0E C4 
F1 81 00 86 00 11 07 D1 FF E3 00 02 FF F8 00 F3 03 A8 47 D6 
F1 82 00 78 00 1B 07 D2 FF E2 00 02 FF F6 FF 16 03 51 89 E2 
F3 83 00 7C 00 17 07 ED FF DF 00 03 FF F6 00 3D 08 9C 73 AD 
F1 84 00 8D 00 15 07 D4 FF DF 00 03 FF F7 00 FA 04 7F 7C 69 
F1 85 00 8D 00 26 07 CD FF E0 00 03 FF F7 FF 1A 02 A5 F0 5D 
F3 86 00 79 00 1A 07 C9 FF E0 00 01 FF F8 00 37 0A 54 9F DA 
F1 87 00 81 FF FF 07 9A FF E1 00 02 FF F7 00 FA FF 50 3C A5 
F1 88 00 8B 00 16 07 A3 FF E1 00 03 FF F7 FF 16 0A BB 90 51 
F3 89 00 7A 00 2A 07 F1 FF DF 00 02 FF F8 00 37 01 05 CD AE 
F1 8A 00 6D 00 15 07 F7 FF DF 00 04 FF F6 00 FC 02 A8 B8 33 
F1 8B 00 75 00 2C 07 F6 FF E1 00 03 FF F7 FF 16 06 C9 C4 C2 
F3 8C 00 7E 00 22 07 C3 FF DE 00 03 FF F6 00 3A 00 FA A2 A2 
F1 8D 00 92 00 0C 07 E2 FF E0 00 03 FF F8 01 02 09 14 32 84 
F1 8E 00 95 00 1C 07 DD FF E0 00 02 FF F7 FF 19 04 AC 1A 67 
F3 8F 00 92 00 28 07 F1 FF E1 00 04 FF F6 00 39 07 AC 9D F2 
F1 90 00 69 FF FC 07 DA FF E0 00 02 FF F6 00 F4 09 C3 4F FE 
F1 91 00 72 00 0C 07 F8 FF E0 00 03 FF F7 FF 19 01 DE 46 C1 
F3 92 00 70 00 18 07 D8 FF DF 00 02 FF F6 00 39 0C BB 8A 42 
F1 93 00 6A 00 1F 08 31 FF DE 00 05 FF F6 00 F8 02 CF 74 60 
F1 94 00 93 00 0A 07 7C FF E1 00 00 FF F7 FF 1A 02 5A E1 70 
F3 95 00 A0 FF FE 08 2F FF DD 00 00 FF F7 00 38 08 48 19 A1 
F1 96 00 8B 00 0B 08 08 FF E0 00 02 FF F6 01 03 01 DC 70 47 
F1 97 00 6D 00 0D 07 B0 FF E0 00 04 FF F6 FF 1A 09 4F 66 99 
F3 98 00 6B 00 1C 07 B2 FF E2 00 04 FF F6 00 37 02 F7 F5 11 
F1 99 00 65 00 10 07 DB FF E0 00 03 FF F8 00 F1 01 1C E3 CB 
F1 9A 00 82 00 20 07 ED FF E0 00 03 FF F7 FF 16 08 8A 2E 06 
F3 9B 00 89 00 0F 07 CF FF E3 00 02 FF F6 00 36 04 5E D0 B1 
F1 9C 00 7D 00 0E 07 DB FF E1 00 02 FF F7 00 F6 05 4D 7E D0 
F1 9D 00 83 00 0D 07 DE FF E0 00 04 FF F6 FF 17 09 38 23 98 
F3 9E 00 77 00 11 07 CA FF E0 00 03 FF F7 00 37 02 8F BD 45 
F1 9F 00 7F 00 02 07 FB FF DF 00 02 FF F6 00 F3 09 B7 6B 4E 
F1 A0 00 A0 00 1E 07 DD FF E2 00 02 FF F6 FF 17 07 43 81 8A 
F3 A1 00 76 00 0E 07 D8 FF E2 00 02 FF F7 00 34 06 9A 4F 6A 
F1 A2 00 68 00 20 07 E2 FF E0 00 02 FF F7 00 FE 0E 14 BB 36 
F1 A3 00 81 00 19 07 F2 FF DF 00 02 FF F7 FF 1A 03 BF C8 63 
F3 A4 00 8D 00 11 07 B8 FF DF 00 02 FF F6 00 38 0D 19 44 BC 
F1 A5 00 7A 00 17 07 D2 FF E1 00 02 FF F6 00 F6 03 93 BB B8 
F1 A6 00 6F 00 18 07 D1 FF E1 00 04 FF F6 FF 19 06 54 78 2A 
F3 A7 00 72 00 18 07 C1 FF E1 00 03 FF F7 00 39 09 66 E9 68 
F1 A8 00 75 00 22 07 D9 FF E1 00 03 FF F6 00 F3 04 93 5B 70 
F1 A9 00 68 00 10 08 06 FF E2 00 02 FF F8 FF 17 0A 13 79 C3 
F3 AA 00 82 00 0E 07 E1 FF DF FF FF FF F6 00 36 03 B0 0F EB 
F1 AB 00 79 00 0A 07 C8 FF E0 00 02 FF F7 00 FD 0A 88 1F A0 
F1 AC 00 7B 00 08 07 D5 FF E0 00 02 FF F6 FF 18 0A 6D D3 14 
F3 AD 00 7D 00 24 07 DB FF E0 00 02 FF F7 00 3C 04 50 EA 3E 
F1 AE 00 79 00 0F 08 15 FF DF 00 03 FF F7 00 FB 03 F4 CF 31 
F1 AF 00 7D 00 14 07 C4 FF E1 00 04 FF F6 FF 18 09 A6 D6 1C 
F3 B0 00 8D 00 15 07 DB FF E0 00 03 FF F6 00 3B 08 18 E8 7E 
F1 B1 00 76 00 0F 07 BC FF DE 00 04 FF F7 01 01 08 FB BC FD 
F1 B2 00 8F 00 1E 07 DF FF DF 00 03 FF F7 FF 1B 02 FF 88 F8 
F3 B3 00 83 00 0C 07 C9 FF E0 00 01 FF F6 00 38 04 C4 F3 5A 
F1 B4 00 70 00 0B 07 E5 FF E1 00 02 FF F9 00 F6 09 2D DD 59 
F1 B5 00 79 00 20 07 D6 FF DE 00 03 FF F6 FF 1A 09 83 51 31 
F3 B6 00 72 FF FD 07 D0 FF E1 00 02 FF F7 00 38 09 91 44 14 
F1 B7 00 7B 00 1E 07 D0 FF E3 00 00 FF F6 00 F4 05 98 17 22 
F1 B8 00 72 00 17 07 C7 FF E2 00 00 FF F7 FF 1E 06 F5 DC E5 
F3 B9 00 73 00 1F 07 C7 FF E1 00 02 FF F7 00 3B 09 B2 DA CD 
F1 BA 00 76 00 15 07 D1 FF E0 00 03 FF F7 00 FD 06 3D BC FF 
F1 BB 00 95 00 16 07 AD FF E1 00 03 FF F8 FF 18 08 3B E6 B8 
F3 BC 00 83 00 09 07 CF FF DF 00 02 FF F7 00 36 06 22 49 D0 
F1 BD 00 93 00 08 07 B4 FF E1 00 03 FF F8 00 FD 09 E1 B6 84 
F1 BE 00 96 00 1A 07 FC FF E1 00 03 FF F8 FF 19 0A 72 19 1E 
F3 BF 00 84 00 1D 07 F5 FF E1 00 03 FF F6 00 37 05 A5 F8 4B 
F1 C0 00 77 00 21 07 CF FF E1 00 03 FF F6 00 F1 05 76 4E 09 
F1 C1 00 76 00 15 07 E7 FF E0 00 03 FF F5 FF 17 07 4A 0B EC 
F3 C2 00 82 00 14 07 C6 FF DE 00 02 FF F5 00 36 0B F2 6D 11 
F1 C3 00 8D 00 1D 07 D6 FF E1 00 02 FF F7 00 F2 06 67 BE C4 
F1 C4 00 85 00 08 07 D0 FF E0 00 04 FF F8 FF 1B 04 66 60 1E 
F3 C5 00 73 00 07 08 0F FF E1 00 03 FF F8 00 38 05 5E D8 A9 
F1 C6 00 70 00 18 07 CB FF E0 00 02 FF F6 00 FF 06 2B E6 38 
F1 C7 00 6D 00 0F 07 D2 FF E0 00 02 FF F7 FF 19 0B 26 0D 8F 
F3 C8 00 86 00 17 07 D0 FF E0 00 01 FF F8 00 32 07 D5 88 BE 
F1 C9 00 93 00 10 07 CA FF E1 00 03 FF F5 00 FE 03 4E 89 E9 
F1 CA 00 75 00 1A 07 D1 FF DE 00 02 FF F6 FF 19 0B 45 EF 5B 
F3 CB 00 6F 00 20 07 D0 FF DF 00 04 FF F7 00 3C 0A 83 05 9C 
F1 CC 00 84 00 15 07 D6 FF E2 00 03 FF F6 00 FC 09 83 40 78 
F1 CD 00 6E 00 15 07 C8 FF E1 00 04 FF F7 FF 18 02 22 0F 7C 
F3 CE 00 84 00 10 07 E7 FF E1 00 04 FF F6 00 32 02 65 BE DB 
F1 CF 00 8F 00 15 07 D1 FF E1 00 01 FF F7 01 02 08 46 4F 4A 
F1 D0 00 86 00 0E 07 F4 FF DE 00 05 FF F6 FF 19 09 78 B1 9B 
F3 D1 00 85 00 06 08 34 FF DF 00 03 FF F8 00 3C 05 85 BF 3D 
F1 D2 00 86 00 0D 07 A4 FF E3 00 01 FF F7 00 FC 07 B1 E4 BC 
F1 D3 00 77 00 15 07 DF FF E1 00 02 FF F6 FF 17 03 EF 53 07 
F3 D4 00 6E 00 0D 07 CB FF DF 00 03 FF F7 00 3C 0A 32 07 D4 
F1 D5 00 75 00 14 07 BF FF E1 00 02 FF F8 00 FF 00 8F 63 30 
F1 D6 00 6A 00 1A 07 C5 FF E1 00 03 FF F7 FF 1B 03 61 DD A9 
F3 D7 00 86 00 0B 07 E1 FF E0 00 02 FF F7 00 3F 05 79 B1 62 
F1 D8 00 92 00 09 07 BA FF E1 00 03 FF F7 00 FA 01 01 8D E3 
F1 D9 00 9D 00 1A 07 D0 FF DF 00 02 FF F7 FF 19 0B 05 D5 C9 
F3 DA 00 7A 00 10 07 EB FF E2 00 02 FF F9 00 35 00 95 A9 45 
F1 DB 00 62 00 15 07 D0 FF DF 00 01 FF F6 00 F6 04 01 22 C2 
F1 DC 00 74 00 14 07 E1 FF DE 00 04 FF F6 FF 17 06 D1 49 D9 
F3 DD 00 7F 00 12 07 DA FF E0 00 03 FF F7 00 3C 03 15 A8 89 
F1 DE 00 85 00 16 07 F4 FF E2 00 04 FF F7 00 FE 09 12 5A C0 
F1 DF 00 91 00 08 07 DD FF E0 00 03 FF F7 FF 17 00 BE B9 FC 
F3 E0 00 84 00 12 07 FA FF E1 00 03 FF F7 00 35 04 80 A2 56 
F1 E1 00 86 00 19 07 DE FF E0 00 02 FF F7 00 F7 07 FE E1 33 
F1 E2 00 79 00 0F 07 F1 FF E0 00 01 FF F7 FF 1A 05 A7 46 2B 
F3 E3 00 7D 00 0D 07 E1 FF E0 00 04 FF F8 00 32 05 EA 03 30 
F1 E4 00 7F 00 18 07 D8 FF E0 00 02 FF F8 00 F4 03 6A 11 A2 
F1 E5 00 83 00 0C 07 E8 FF E1 00 03 FF F7 FF 1B 05 A2 FF 96 
F3 E6 00 8A 00 14 07 BD FF E0 00 02 FF F5 00 3A 0C 1D 33 7A 
F1 E7 00 83 00 15 07 E7 FF E0 00 03 FF F6 00 F5 08 55 55 A9 
F1 E8 00 72 00 1A 07 BB FF E1 00 02 FF F7 FF 14 06 1C 5F 4E 
F3 E9 00 78 00 1E 07 DB FF E0 00 03 FF F7 00 38 0C 2C 0C AF 
F1 EA 00 8A 00 24 07 CE FF E1 00 03 FF F8 00 F8 03 71 78 AE 
F1 EB 00 7B 00 07 07 DC FF DF 00 04 FF F6 FF 14 0B B6 93 1E 
F3 EC 00 7C 00 0A 07 BE FF DF 00 04 FF F5 00 37 01 86 CF 93 
F1 ED 00 97 00 1C 07 EB FF DE 00 02 FF F8 00 FE 02 0B CF 08 
F1 EE 00 85 00 23 07 E0 FF E0 00 03 FF F7 FF 1D 05 37 5B E0 
F3 EF 00 88 00 0A 07 D4 FF DF 00 05 FF F6 00 39 00 D7 10 47 
F1 F0 00 72 00 0B 07 C3 FF E0 00 03 FF F7 00 FE 06 66 2C 58 
F1 F1 00 82 00 14 07 D6 FF E0 00 03 FF F6 FF 18 03 95 49 00 
F3 F2 00 7E 00 18 07 DB FF E1 00 02 FF F8 00 39 01 95 BC BD 
F1 F3 00 7C 00 12 07 BE FF DF 00 01 FF F8 01 01 0A D2 56 66 
F1 F4 00 7E 00 1A 07 E6 FF DF 00 03 FF F7 FF 15 00 77 7C 07 
F3 F5 00 77 00 1C 07 D1 FF E0 FF FF FF F8 00 39 08 9B A1 92 
F1 F6 00 70 00 12 07 DF FF E0 00 03 FF F7 00 FB 07 48 E0 D9 
F1 F7 00 85 00 18 07 EF FF E1 00 00 FF F7 FF 1C 0A E2 29 74 
F3 F8 00 82 00 01 07 FC FF E1 00 01 FF F6 00 38 0C B3 C2 B3 
F1 F9 00 7A 00 20 07 BD FF E2 00 03 FF F7 00 F2 05 E2 AA C9 
F1 FA 00 83 00 14 07 CE FF E2 00 03 FF F7 FF 17 03 69 C8 ED 
F3 FB 00 7E 00 0C 07 E6 FF E1 00 03 FF F7 00 37 06 61 1C 04 
F1 FC 00 7D 00 14 07 DD FF E0 00 03 FF F7 00 F1 07 F5 CA 69 
F1 FD 00 7D 00 10 07 DF FF E2 00 03 FF F7 FF 15 08 42 49 A2 
F3 FE 00 79 00 20 07 D5 FF E0 00 02 FF F7 00 35 01 24 2F 0F 
F1 FF 00 86 00 18 07 DE FF E0 00 04 FF F7 01 01 03 3E CC E6 
F1 00 00 7B 00 05 07 E4 FF E0 00 02 FF F8 FF 19 09 05 F7 79 
F3 01 00 82 00 07 07 B4 FF DF 00 01 FF F7 00 37 08 A8 F8 F5 
F1 02 00 8F 00 17 07 FB FF DE 00 05 FF F8 00 FA 0A 7F 04 8B 
F1 03 00 83 00 1A 07 E1 FF E1 00 01 FF F7 FF 18 04 01 45 C7 
F3 04 00 84 00 12 07 D8 FF E1 00 04 FF F8 00 3C 04 CE 14 3F 
F1 05 00 85 00 1A 07 DF FF E1 00 02 FF F7 00 FC 06 66 C8 2E 
F1 06 00 79 00 19 07 F5 FF E2 00 01 FF F7 FF 19 05 E2 FE 63 
F3 07 00 83 00 15 07 C2 FF DF 00 01 FF F7 00 37 05 B4 47 B0 
F1 08 00 72 00 11 07 C9 FF E0 00 02 FF F7 00 F3 03 17 FF 21 
F1 09 00 8F 00 21 07 BE FF E1 00 02 FF F8 FF 18 06 08 70 2C 
F3 0A 00 7C 00 0F 07 DA FF E0 00 02 FF F7 00 36 07 C0 DA 93 
F1 0B 00 8B 00 19 07 EC FF E0 00 03 FF F7 00 FB 03 97 42 5D 
F1 0C 00 87 00 11 07 E4 FF DF 00 03 FF F7 FF 18 03 FC 26 89 
F3 0D 00 78 00 17 07 D5 FF E1 00 00 FF F7 00 37 03 1B AF 70 
F1 0E 00 87 00 0B 07 DF FF E0 00 01 FF F7 01 02 09 28 64 64 
F1 0F 00 83 00 08 07 C6 FF E0 00 02 FF F6 FF 19 07 21 41 1B 
F3 10 00 8B 00 1C 07 D5 FF E1 00 03 FF F6 00 39 02 F3 C9 91 
F1 11 00 6E 00 15 07 E2 FF E1 00 03 FF F8 00 F3 06 8D 1A B1 
F1 12 00 76 00 26 07 D2 FF E0 FF FF FF F9 FF 1A 07 A6 32 93 
F3 13 00 76 00 1F 07 E9 FF DF 00 01 FF F9 00 3D 0B 12 8D 2A 
F1 14 00 79 00 26 07 DC FF E0 00 02 FF F8 00 F5 07 40 FD B0 
F1 15 00 83 00 0B 07 C4 FF E0 00 02 FF F7 FF 17 02 0D 3D 93 
F3 16 00 7A 00 14 07 BE FF DF 00 02 FF F7 00 32 09 10 E3 26 
F1 17 00 83 00 0F 07 D2 FF E1 00 04 FF F8 00 F0 08 A9 E6 6B 
F1 18 00 7F 00 1E 07 E8 FF E0 00 02 FF F7 FF 15 09 75 BA 57 
F3 19 00 7D 00 21 07 C7 FF E1 00 03 FF F6 00 3C 03 A4 52 98 
F1 1A 00 77 00 04 07 C1 FF E0 00 03 FF F8 00 FF 04 14 00 53 
F1 1B 00 76 00 0D 07 C7 FF DE 00 03 FF F7 FF 1B 09 7E 6F EE 
F3 1C 00 83 00 10 07 D9 FF DE 00 03 FF F9 00 34 06 5E 34 0F 
F1 1D 00 82 00 11 07 C1 FF DF 00 02 FF F8 00 FA 04 1F 32 E0 
F1 1E 00 78 00 1F 07 ED FF E1 00 03 FF F7 FF 19 07 E3 8A B2 
F3 1F 00 7D 00 0C 07 C1 FF E0 00 05 FF F8 00 2D 04 FB 64 AC 
F1 20 00 74 00 0D 07 CF FF E2 00 04 FF F7 00 FB 09 4F 81 3A 
F1 21 00 88 00 08 07 C2 FF E0 00 03 FF F8 FF 1A 00 6E 03 47 
F3 22 00 78 00 26 07 C1 FF DF 00 03 FF F8 00 37 04 E6 81 22 
F1 23 00 88 00 14 07 D6 FF DF 00 01 FF F8 00 FE 07 B5 E6 DC 
F1 24 00 7C 00 03 07 FE FF E1 00 01 FF F8 FF 19 02 D2 7C CE 
F3 25 00 83 00 18 07 DD FF E0 00 03 FF F7 00 38 0A E9 74 0E 
F1 26 00 74 00 0C 07 DC FF E0 00 03 FF F8 00 FF 01 2F 08 C7 
F1 27 00 86 00 1C 07 D3 FF E0 00 01 FF F7 FF 1E 04 6E 1B 56 
F3 28 00 83 00 0C 07 EB FF E1 00 02 FF F6 00 36 09 3C 91 47 
F1 29 00 81 00 1A 07 D5 FF E0 00 03 FF F8 00 FD 03 92 F8 DE 
F1 2A 00 78 00 17 07 F7 FF DF 00 03 FF F7 FF 1A 08 81 35 9C 
F3 2B 00 7A 00 09 07 DE FF DF 00 03 FF F7 00 35 00 12 01 FB 
F1 2C 00 77 00 02 07 C3 FF E1 00 01 FF F7 00 FE 01 FD 25 3F 
F1 2D 00 8F 00 14 07 DB FF E1 00 02 FF F7 FF 1A 08 7B 75 77 
F3 2E 00 8F 00 15 07 EB FF E2 00 02 FF F8 00 37 01 C4 25 13 
F1 2F 00 7A 00 11 07 C7 FF E1 00 02 FF F7 00 FC 05 9C 88 E5 
F1 30 00 6D FF FC 07 C7 FF E0 00 03 FF F7 FF 19 05 18 E2 73 
F3 31 00 6E 00 12 07 FF FF E0 00 02 FF F7 00 3A 01 5A CE 95 
F1 32 00 6E 00 15 07 E0 FF E0 00 02 FF F6 00 FA 08 1D 15 EB 
F1 33 00 86 00 1C 07 ED FF E1 00 02 FF F8 FF 1A 00 C2 D8 D8 
F3 34 00 83 00 17 07 B8 FF DF 00 03 FF F9 00 35 02 52 A2 A8 
F1 35 00 87 00 21 07 C9 FF E2 00 04 FF F8 00 F3 08 8B 36 3B 
F1 36 00 86 00 1F 07 CB FF E0 00 02 FF F7 FF 1B FE FD 51 01 
F3 37 00 6C 00 16 07 E2 FF E1 00 02 FF F7 00 3C 08 74 BC A7 
F1 38 00 83 00 17 07 EB FF DF 00 01 FF F7 00 F7 03 2E 94 97 
F1 39 00 7B 00 0A 07 D4 FF E0 00 03 FF F6 FF 17 03 66 A3 5B 
F3 3A 00 7A 00 18 07 C6 FF E2 00 03 FF F7 00 3C 06 30 31 5A 
F1 3B 00 7F 00 19 07 DB FF E0 00 05 FF F8 00 FF 02 BF 0E D4 
F1 3C 00 94 00 28 07 D4 FF DF 00 04 FF F5 FF 1C 08 60 3C 4F 
F3 3D 00 8B 00 0B 07 E8 FF E0 00 04 FF F9 00 3B 06 01 D3 F5 
F1 3E 00 94 00 11 07 CD FF E1 00 03 FF F6 00 FD 03 FF 45 79 
F1 3F 00 7B 00 0E 07 DC FF E0 00 03 FF F8 FF 18 09 24 02 E0 
F3 40 00 6E 00 11 07 CB FF E1 00 01 FF F8 00 38 01 A5 C3 1D 
F1 41 00 7A 00 01 07 DB FF DE 00 04 FF F6 00 F8 05 49 B9 C5 
F1 42 00 7F 00 17 07 C8 FF DF 00 03 FF F9 FF 1D 06 ED 3E 74 
F3 43 00 79 00 12 07 E8 FF E0 00 03 FF F7 00 35 05 F7 C3 18 
F1 44 00 83 00 0C 07 DE FF E1 00 02 FF F7 00 F6 08 88 CF 1B 
F1 45 00 82 00 0F 07 FB FF E1 00 03 FF F7 FF 19 03 DE 04 DF 
F3 46 00 8F 00 07 07 E1 FF E2 00 02 FF F7 00 3D 03 6C 88 F2 
F1 47 00 83 00 1B 07 E0 FF E1 00 02 FF F7 00 FA 07 76 E5 32 
F1 48 00 85 00 10 07 E0 FF E0 00 03 FF F7 FF 18 08 1F 39 19 
F3 49 00 82 00 19 07 C9 FF E0 00 04 FF F7 00 32 0B CE A2 44 
F1 4A 00 81 00 18 07 E5 FF DE 00 03 FF F8 00 FC 02 D5 43 28 
F1 4B 00 79 00 10 07 DD FF E1 00 01 FF F7 FF 19 03 D3 B5 40 
F3 4C 00 7F 00 0F 07 DE FF E0 00 03 FF F7 00 36 0A 6A A8 24 
F1 4D 00 7C 00 1F 07 E1 FF E0 00 02 FF F9 00 F8 08 9D 7A C5 
F1 4E 00 7D 00 19 07 E8 FF E1 00 05 FF F7 FF 18 09 6F 3A 82 
F3 4F 00 87 00 0F 07 C6 FF E0 00 03 FF F7 00 38 05 5B C9 3C 
F1 50 00 85 00 1F 07 F3 FF E0 00 03 FF F8 00 F8 06 4C 8B 6F 
F1 51 00 7E 00 20 07 C2 FF E2 00 03 FF F7 FF 16 08 BB C0 12 
F3 52 00 83 00 0A 07 D9 FF DF 00 03 FF F9 00 34 06 D6 C5 DC 
F1 53 00 7E 00 0D 07 EC FF E1 00 03 FF F7 00 F7 08 00 99 7C 
F1 54 00 6B 00 1C 07 BC FF E1 00 03 FF F7 FF 18 04 6F CD AE 
F3 55 00 7C 00 07 07 D9 FF E1 00 02 FF F6 00 3B 07 44 E8 A7 
F1 56 00 76 00 1B 07 D9 FF E0 00 02 FF F8 00 F8 08 C1 D1 22 
F1 57 00 7F 00 04 07 FA FF DF 00 03 FF F8 FF 19 03 2C B5 F3 
F3 58 00 70 00 0E 07 D1 FF E0 00 03 FF F7 00 38 06 38 40 F4 
F1 59 00 7C 00 17 07 CB FF E0 00 03 FF F7 00 F4 07 15 86 47 
F1 5A 00 7D 00 10 07 D1 FF DF 00 03 FF F8 FF 18 09 41 2A B7 
F3 5B 00 7D 00 0C 07 FB FF E0 00 03 FF F7 00 3A 08 94 78 51 
F1 5C 00 69 00 0F 07 CD FF E0 00 02 FF F7 00 FA 04 12 C4 27 
F1 5D 00 72 00 1F 07 F1 FF E0 00 02 FF F6 FF 17 06 0D C2 3B 
F3 5E 00 76 00 18 07 C9 FF DF 00 03 FF F6 00 3B 07 92 22 79 
F1 5F 00 85 00 11 07 C1 FF DF 00 03 FF F6 00 F6 0A A7 14 C3 
F1 60 00 7D FF FC 07 E1 FF E0 00 04 FF F6 FF 1B 08 77 A7 12 
F3 61 00 6F 00 0F 07 BF FF E0 00 02 FF F7 00 37 06 98 3D 51 
F1 62 00 7E 00 12 07 FA FF DF 00 02 FF F6 00 FA 07 74 21 8B 
F1 63 00 82 00 1C 07 D3 FF E1 00 03 FF F7 FF 18 08 56 70 3E 
F3 64 00 86 00 09 07 D6 FF E1 00 02 FF F7 00 3E 0A 39 8A 9A 
F1 65 00 7A 00 09 07 C3 FF E0 00 02 FF F8 00 FB 02 80 5B FC 
F1 66 00 78 00 04 07 D9 FF E2 00 02 FF F7 FF 19 05 9C 57 D1 
F3 67 00 7E 00 0B 07 E9 FF E1 00 00 FF F7 00 35 09 92 0E 0E 
F1 68 00 6E 00 07 07 CF FF E1 00 02 FF F6 00 FC 09 5A 3A 90 
F1 69 00 79 00 1A 07 D9 FF E1 00 02 FF F6 FF 1C 07 D2 3D 9B 
F3 6A 00 79 00 04 07 D0 FF E0 00 03 FF F7 00 36 04 E0 A4 49 
F1 6B 00 79 00 0D 07 DA FF E0 00 03 FF F7 00 F8 04 DA A2 03 
F1 6C 00 8D 00 1F 07 CD FF E1 00 04 FF F7 FF 1A 0A 44 30 85 
F3 6D 00 7F 00 1A 07 E1 FF E0 00 03 FF F6 00 39 04 BF 98 7D 
F1 6E 00 7A 00 14 07 DC FF E0 00 02 FF F8 00 F6 02 EF B1 FC 
F1 6F 00 8A FF FB 07 EF FF E1 00 03 FF F7 FF 1B 08 65 74 89 
F3 70 00 8A 00 0B 07 DF FF E2 00 03 FF F7 00 36 05 A2 85 8D 
F1 71 00 82 00 15 07 DE FF E0 00 02 FF F7 00 FB 0B E7 29 6B 
F1 72 00 79 00 0D 07 CE FF E2 00 04 FF F7 FF 15 04 61 4F DA 
F3 73 00 6E 00 19 07 C9 FF E0 00 01 FF F7 00 30 03 A5 3A C8 
F1 74 00 7A 00 09 07 DA FF DF 00 04 FF F8 00 F6 06 D3 53 95 
F1 75 00 7A 00 15 07 FD FF E2 00 02 FF F7 FF 18 05 B7 3F FC 
F3 76 00 7E 00 10 07 C7 FF E0 00 03 FF F9 00 3D 07 AC 8A 9C 
F1 77 00 7A 00 19 07 EF FF E1 00 03 FF F8 00 F5 01 7E 38 FF 
F1 78 00 83 00 18 07 E6 FF DE 00 03 FF F7 FF 17 03 6F 3E F6 
F3 79 00 85 00 16 07 D1 FF E0 00 03 FF F7 00 36 09 FE 5B 84 
F1 7A 00 66 00 18 07 E1 FF E0 00 02 FF F6 00 FF 05 26 44 F3 
F1 7B 00 9F 00 29 07 D5 FF E1 00 03 FF F5 FF 17 06 10 5C F7 
F3 7C 00 79 00 07 07 DE FF E1 00 02 FF F8 00 35 04 BC B0 49 
F1 7D 00 88 00 15 07 C1 FF DF 00 03 FF F7 00 F8 03 33 D6 56 
F1 7E 00 84 00 0E 07 D5 FF DF 00 03 FF F7 FF 1A 0A 11 B6 FC 
F3 7F 00 8A 00 1C 07 C9 FF DF 00 01 FF F8 00 35 04 53 32 32 
F1 80 00 78 00 1B 07 D2 FF E2 00 02 FF F7 00 F8 02 56 B1 32 
F1 81 00 89 00 27 07 D1 FF E2 00 03 FF F7 FF 1D 08 63 DE 46 
F3 82 00 76 00 07 07 E4 FF E1 00 02 FF F7 00 37 03 9A 8B 18 
F1 83 00 76 00 14 07 CA FF E0 00 02 FF F7 00 F5 09 84 F4 28 
F1 84 00 8C 00 08 07 CB FF E3 00 04 FF F8 FF 16 03 21 D0 4B 
F3 85 00 87 00 15 07 CE FF DF 00 02 FF F6 00 39 03 74 E4 3F 
F1 86 00 82 00 11 07 CB FF E0 00 02 FF F7 00 FC 0B C9 68 68 
F1 87 00 77 00 0E 07 F2 FF E0 00 01 FF F6 FF 18 01 75 7E 3A 
F3 88 00 84 00 21 07 E1 FF E0 00 03 FF F8 00 34 0A 23 05 1C 
F1 89 00 72 00 0E 07 DF FF E0 00 03 FF F9 00 F7 04 67 20 ED 
F1 8A 00 7E 00 0D 07 D8 FF E0 00 00 FF F5 FF 1A 04 48 64 C3 
F3 8B 00 77 00 1C 07 DD FF E2 00 04 FF F7 00 38 07 92 08 41 
F1 8C 00 7A 00 0E 07 E8 FF E0 00 03 FF F8 00 F6 04 4B FA B7 
F1 8D 00 82 00 18 07 CE FF E1 00 02 FF F8 FF 1A 09 A1 45 4D 
F3 8E 00 8D 00 02 07 DC FF DE 00 02 FF F7 00 3A 02 E3 C9 EA 
F1 8F 00 93 00 19 07 FC FF E1 00 03 FF F7 00 FE 02 7D A2 A9 
F1 90 00 7E 00 0C 07 CE FF E1 00 02 FF F8 FF 21 07 29 8B 86 
F3 91 00 7A 00 1F 07 C9 FF E1 00 02 FF F6 00 33 04 8D 09 0C 
F1 92 00 6E 00 1C 07 CD FF E0 00 03 FF F7 00 FB 04 3B 32 EB 
F1 93 00 74 00 1B 07 CA FF E0 00 03 FF F8 FF 17 03 7C BF 14 
F3 94 00 7B 00 10 07 D3 FF E1 00 04 FF F8 00 32 08 5D B5 65 
F1 95 00 81 00 12 08 07 FF DF 00 04 FF F7 00 F8 09 85 B8 03 
F1 96 00 85 00 0C 07 D8 FF DF 00 03 FF F8 FF 1B 01 95 D5 67 
F3 97 00 78 00 15 07 D0 FF E2 00 03 FF F7 00 35 03 74 E2 8A 
F1 98 00 75 00 0C 07 C9 FF E0 00 04 FF F6 00 F3 05 25 83 5C 
F1 99 00 82 00 1E 07 E8 FF DE 00 02 FF F7 FF 17 05 C5 EE 90 
