F1 1C 00 9B FF FA 07 BC FF DF 00 03 FF F9 00 76 02 25 AE E4 
F1 1D 00 B2 00 08 07 CA FF E1 00 02 FF F9 FF A8 04 2F 03 FD 
F3 1E 00 A5 00 0F 07 DA FF E0 00 01 FF F9 FF DF 06 00 B6 66 
F1 1F 00 98 00 04 07 DC FF E0 00 02 FF FA 00 7C 04 06 3D C2 
F1 20 00 9D 00 1A 07 CB FF E0 00 02 FF FA FF A5 05 5C 49 1C 
F3 21 00 A7 00 0A 07 BF FF DF 00 02 FF FA FF E2 03 65 15 69 
F1 22 00 9A 00 0E 07 C4 FF DF 00 04 FF FB 00 72 00 94 E3 51 
F1 23 00 A5 00 0D 07 EA FF DF 00 02 FF FA FF A9 02 56 03 84 
F3 24 00 AE 00 17 07 E8 FF DE 00 02 FF FA FF E9 00 AC AC 2B 
F1 25 00 A2 00 02 07 C5 FF DD 00 01 FF F9 00 7E 01 4E 64 BE 
F1 26 00 9A 00 0F 07 DB FF DF 00 02 FF F9 FF A6 02 47 B1 99 
F3 27 00 A4 00 07 07 BD FF E0 00 03 FF FA FF E7 02 BD 39 A4 
F1 28 00 9E FF FD 07 E9 FF E0 00 03 FF F9 00 75 02 C3 00 21 
F1 29 00 99 00 03 07 A3 FF DE 00 02 FF F9 FF A6 00 A3 80 02 
F3 2A 00 AD 00 14 07 DC FF E0 00 02 FF FA FF E8 00 BA 09 45 
F1 2B 00 A2 00 0E 07 A6 FF DF 00 02 FF FA 00 72 03 87 B2 11 
F1 2C 00 A1 00 24 07 CF FF E0 00 03 FF FB FF A7 00 FD 2A 29 
F3 2D 00 A5 00 1A 07 E7 FF E0 00 01 FF F9 FF E7 01 1F 31 B3 
F1 2E 00 95 00 16 07 D4 FF DF 00 02 FF F9 00 81 01 91 0C F8 
F1 2F 00 90 00 1C 07 BC FF E1 00 01 FF F9 FF A7 00 2A E1 5A 
F3 30 00 99 00 18 07 EF FF DF 00 02 FF FA FF DF 03 CE 37 D5 
F1 31 00 BE 00 21 07 D5 FF E2 00 01 FF FA 00 7D 02 CC 43 F7 
F1 32 00 AB 00 12 07 DC FF DF 00 02 FF FA FF A8 05 83 10 63 
F3 33 00 A0 00 1B 07 D6 FF DD 00 03 FF FA FF E7 09 9F A1 EC 
F1 34 00 97 00 12 07 D3 FF DF 00 02 FF F9 00 7D 08 77 64 A7 
F1 35 00 9A 00 12 07 C7 FF DF 00 03 FF F9 FF A7 0A C3 B2 9E 
F3 36 00 B0 00 0D 07 D3 FF DF 00 02 FF FA FF E5 04 CD B0 50 
F1 37 00 95 00 14 07 F1 FF DF 00 01 FF F8 00 86 08 91 61 62 
F1 38 00 AB 00 10 07 D8 FF E0 00 04 FF FA FF A5 07 A7 E0 90 
F3 39 00 96 00 07 07 C4 FF E0 00 02 FF FA FF EA 07 5A 15 E7 
F1 3A 00 A8 00 14 07 D0 FF DF 00 01 FF FA 00 7D 04 FB D9 1F 
F1 3B 00 AD 00 08 07 F0 FF DE 00 03 FF F9 FF A7 07 5F 62 53 
F3 3C 00 A3 FF FE 07 C6 FF DF 00 01 FF FA FF E6 04 50 13 43 
F1 3D 00 AB 00 0F 07 E9 FF DF 00 01 FF FA 00 73 08 AD 7B 00 
F1 3E 00 B3 00 18 07 CF FF DF 00 01 FF FB FF A6 0D 61 2C 78 
F3 3F 00 97 00 0E 07 BA FF DE 00 02 FF FB FF E4 08 C0 7B 6E 
F1 40 00 A1 00 1C 07 F6 FF E1 00 00 FF FA 00 73 05 96 56 8E 
F1 41 00 9F 00 09 07 D1 FF E0 00 02 FF F9 FF A6 03 B9 6E 9F 
F3 42 00 A2 00 11 07 E4 FF DF 00 01 FF F9 FF E3 03 0E 90 7D 
F1 43 00 9A 00 0C 07 EA FF DE 00 03 FF F9 00 74 02 64 49 4A 
F1 44 00 B2 00 22 07 CB FF E1 00 02 FF FA FF A8 FF 94 B1 EE 
F3 45 00 95 00 0D 07 BF FF DF 00 02 FF F9 FF DC 04 40 9B 8E 
F1 46 00 84 00 07 07 F1 FF DF 00 02 FF F9 00 75 07 2F 8C 1A 
F1 47 00 95 00 0E 07 CF FF E0 00 02 FF F9 FF A6 08 E9 2C 0F 
F3 48 00 94 00 1A 07 E2 FF E1 00 00 FF F9 FF DF 07 62 E8 69 
F1 49 00 A4 00 16 07 D5 FF DF 00 02 FF FC 00 76 04 62 FA 67 
F1 4A 00 B1 00 0C 07 F2 FF E0 00 03 FF F9 FF AA 04 BD 32 CE 
F3 4B 00 AD 00 14 07 D1 FF DE 00 02 FF F9 FF E8 01 F6 A5 FF 
F1 4C 00 A0 00 1C 07 C9 FF DF 00 03 FF FB 00 7F 02 EB FE F4 
F1 4D 00 93 00 1B 07 D9 FF E1 00 03 FF F9 FF AA 02 AC 7F 8A 
F3 4E 00 93 00 0B 07 BF FF E0 00 02 FF FA FF E6 02 BB 00 8A 
F1 4F 00 9A 00 05 07 B0 FF E2 00 02 FF FA 00 7C 04 21 DC F9 
F1 50 00 AE 00 05 07 BD FF DF 00 03 FF FB FF AC 05 A5 20 E1 
F3 51 00 A2 00 02 07 F2 FF E0 00 02 FF FA FF E7 0C 14 E7 01 
F1 52 00 96 00 09 07 BF FF DE 00 01 FF FB 00 7B 0B 16 CF 6A 
F1 53 00 91 00 1C 07 C1 FF DF 00 03 FF F8 FF A7 0F 0D 48 57 
F3 54 00 8B 00 0B 07 E7 FF DF 00 02 FF FA FF E8 0E 45 5E 1D 
F1 55 00 8F 00 11 07 F8 FF DF 00 03 FF F9 00 7B 10 29 DD 07 
F1 56 00 AD 00 0B 07 D6 FF E0 00 02 FF F9 FF A4 0B 54 F4 46 
F3 57 00 A5 FF F4 07 F3 FF DF 00 01 FF FB FF E1 07 6A 2D 46 
F1 58 00 8B 00 08 07 C9 FF DF 00 02 FF FB 00 71 04 87 4D FC 
F1 59 00 9D 00 08 07 E4 FF E0 00 03 FF FA FF A6 02 F9 A4 3B 
F3 5A 00 97 00 0C 07 DF FF DF 00 02 FF F9 FF EA 03 B2 B7 EB 
F1 5B 00 9E 00 0C 07 B6 FF DE 00 01 FF F9 00 6D 04 B9 A4 AF 
F1 5C 00 8B 00 11 07 DF FF DF 00 01 FF FA FF A8 04 1E 22 D5 
F3 5D 00 A3 00 0D 07 E6 FF DE 00 02 FF F9 FF EA 11 00 44 21 
F1 5E 00 98 00 12 07 CB FF DF 00 03 FF F9 00 79 0B 87 F0 F9 
F1 5F 00 AE 00 1A 07 B6 FF DF 00 02 FF F8 FF AC 02 EF FE 67 
F3 60 00 9A 00 24 07 D2 FF DF 00 01 FF FA FF E3 02 79 DF 52 
F1 61 00 92 00 17 07 9C FF E1 00 02 FF F9 00 76 04 94 14 0A 
F1 62 00 93 00 14 07 B8 FF E2 00 01 FF F9 FF A8 03 28 80 78 
F3 63 00 A8 00 1C 07 D4 FF E1 00 02 FF FA FF EA 01 FC E4 59 
F1 64 00 97 00 20 07 C7 FF DE 00 01 FF F8 00 74 02 F8 3F 0F 
F1 65 00 AD 00 11 07 FD FF DF 00 02 FF FA FF A7 01 F9 50 1D 
F3 66 00 A1 00 05 07 E0 FF DF 00 02 FF FC FF E3 04 4B 34 AF 
F1 67 00 A7 00 0D 07 D0 FF DE 00 01 FF F9 00 7D 06 5B BA 46 
F1 68 00 98 00 0B 07 B8 FF E0 00 00 FF F9 FF A8 0E 58 43 E7 
F3 69 00 9B 00 0D 07 CD FF E0 00 03 FF FA FF EF 0C C8 B6 22 
F1 6A 00 A0 00 12 07 C5 FF E1 00 03 FF F8 00 78 16 F6 37 5E 
F1 6B 00 97 00 0A 07 EA FF E0 00 01 FF FA FF A6 11 4E F5 23 
F3 6C 00 9A 00 1A 07 DC FF E0 00 02 FF FA FF EC 11 DA BC 11 
F1 6D 00 8B 00 11 07 D6 FF DF 00 01 FF F9 00 80 07 BF 10 7D 
F1 6E 00 8F 00 15 07 D6 FF E0 00 01 FF FA FF A7 08 EB 7F 7A 
F3 6F 00 9F 00 0D 07 D9 FF DE 00 03 FF FB FF E1 0D 60 7A 50 
F1 70 00 96 00 0B 07 BB FF DE 00 02 FF F9 00 75 0D A0 E3 96 
F1 71 00 A4 00 0E 07 C2 FF E1 00 03 FF F9 FF A5 11 7B 2A A0 
F3 72 00 B5 00 1A 07 CD FF E0 00 02 FF F9 FF EF 10 A8 D2 98 
F1 73 00 99 00 1A 07 FC FF DE FF FF FF FB 00 78 11 BC 71 71 
F1 74 00 AE 00 0B 07 C4 FF DE 00 00 FF F9 FF A3 12 46 16 B5 
F3 75 00 A1 00 15 07 DA FF DD 00 02 FF FA FF E1 0F 7D 1F AB 
F1 76 00 9D 00 0F 07 E5 FF E0 00 02 FF FA 00 7C 1C 63 2C DE 
F1 77 00 9F 00 14 07 F3 FF DE 00 03 FF FA FF A4 0A FF 54 05 
F3 78 00 A0 00 06 07 C1 FF DE 00 02 FF F7 FF E3 09 A8 60 55 
F1 79 00 A4 00 11 07 CF FF DF 00 02 FF FA 00 81 05 46 B9 FC 
F1 7A 00 A4 00 04 07 E0 FF DE 00 01 FF FA FF A5 04 16 B4 29 
F3 7B 00 98 00 12 07 E4 FF DE 00 02 FF FB FF EA 0A 1D 22 52 
F1 7C 00 A8 00 06 08 04 FF DE 00 00 FF F8 00 7C 0D 17 23 08 
F1 7D 00 AC 00 08 07 DE FF DF 00 03 FF FA FF A3 0B A7 DD AC 
F3 7E 00 AC 00 21 07 C6 FF DD 00 01 FF F9 FF DF 0E 57 7D FE 
F1 7F 00 A2 00 05 07 BD FF DE 00 02 FF FB 00 78 1C 43 D0 1C 
F1 80 00 9F 00 12 07 D5 FF DF 00 01 FF F8 FF A5 1A 92 1E 4A 
F3 81 00 A8 00 10 07 BF FF E0 00 01 FF FA FF E2 08 E4 F8 1E 
F1 82 00 A4 00 0E 07 C9 FF E0 00 02 FF FA 00 7D 06 6B D9 2E 
F1 83 00 AC 00 1D 07 CB FF E0 00 02 FF FA FF A2 0C 55 AD 7B 
F3 84 00 A4 00 14 07 D2 FF DE 00 01 FF F9 FF E3 0D 84 1A C5 
F1 85 00 A0 00 0D 07 E7 FF DE 00 02 FF FA 00 7D 0F 03 D6 D4 
F1 86 00 94 00 1C 07 C8 FF DF 00 00 FF F9 FF A7 0A 1C 4D 8F 
F3 87 00 9F 00 16 07 DE FF E0 00 02 FF F9 FF E9 03 B1 98 DD 
F1 88 00 A0 00 0F 07 CA FF DF 00 01 FF F9 00 7E 03 F7 67 47 
F1 89 00 9F FF FE 07 CE FF DF 00 01 FF FA FF A6 06 65 B2 BF 
F3 8A 00 A0 00 16 07 E7 FF DE 00 01 FF FA FF E0 0B 1E A7 73 
F1 8B 00 A7 00 1B 07 C8 FF DF 00 02 FF F9 00 7F 04 DF 4E 13 
F1 8C 00 A4 00 08 07 FB FF E2 00 01 FF FB FF A8 04 C5 AF D8 
F3 8D 00 98 00 0E 07 D0 FF E0 00 02 FF FA FF ED 05 01 37 65 
F1 8E 00 95 00 1B 07 CD FF DF 00 02 FF FA 00 7B 0A 8F 41 D8 
F1 8F 00 A6 00 17 08 24 FF E0 00 01 FF FA FF A5 09 7E 4A D8 
F3 90 00 A9 00 17 07 E2 FF DE 00 03 FF FA FF E3 06 18 75 5B 
F1 91 00 98 00 02 07 9A FF E0 00 01 FF FA 00 7B 01 F1 2F C3 
F1 92 00 9B 00 0B 07 E9 FF DE 00 02 FF F8 FF A9 02 6D 3C D4 
F3 93 00 98 00 10 07 C9 FF E1 00 01 FF F8 FF DF 01 55 7B 15 
F1 94 00 98 00 10 07 C2 FF E1 00 01 FF FA 00 79 03 6A 82 4E 
F1 95 00 98 00 0D 07 B2 FF E1 00 02 FF FA FF A6 03 64 4F 54 
F3 96 00 9D 00 22 07 BB FF E0 00 02 FF FA FF E7 08 36 4A 71 
F1 97 00 A2 00 0E 07 DB FF E0 00 02 FF FA 00 81 04 7F 15 44 
F1 98 00 97 00 0D 07 EC FF E1 00 02 FF FB FF A9 02 B3 88 A5 
F3 99 00 9D 00 26 07 E0 FF E1 00 01 FF FA FF E5 02 C4 0C A9 
F1 9A 00 A0 00 0E 07 C3 FF E0 00 03 FF F9 00 7D 02 70 E0 9D 
F1 9B 00 95 00 1B 07 C2 FF DE 00 01 FF FB FF A6 05 F1 FD 71 
F3 9C 00 AC 00 15 07 D1 FF DF 00 01 FF FA FF E7 08 19 ED D8 
F1 9D 00 B9 00 12 07 BD FF E0 00 01 FF FA 00 7F 0A 3C 45 1B 
F1 9E 00 A4 00 0F 07 CE FF E0 00 00 FF F8 FF A9 21 DC F1 B3 
F3 9F 00 9B 00 07 07 D9 FF E0 00 02 FF FA FF E5 23 09 5B 92 
F1 A0 00 93 00 17 07 C7 FF DF 00 02 FF FA 00 70 23 3A F9 D6 
F1 A1 00 97 00 14 07 ED FF E0 00 02 FF FB FF A5 0B 91 9D 6A 
F3 A2 00 A8 FF FF 08 02 FF DF 00 01 FF F9 FF EB 06 C3 6F F5 
F1 A3 00 9D 00 17 07 DA FF DE 00 02 FF FA 00 76 07 C8 1B 9F 
F1 A4 00 93 00 0F 07 DC FF E0 00 02 FF FA FF A4 0C BB 21 29 
F3 A5 00 AD 00 0F 07 E0 FF E0 00 03 FF FA FF E7 0B 1D 5F 91 
F1 A6 00 A5 00 16 07 E1 FF DF 00 01 FF F9 00 7A 06 6C B2 33 
F1 A7 00 92 00 1A 07 E2 FF DF 00 03 FF FB FF A9 05 B8 F2 78 
F3 A8 00 9B FF FF 07 DD FF DF 00 01 FF FA FF E4 08 E6 6C 23 
F1 A9 00 A6 00 0C 07 D8 FF DF 00 02 FF F8 00 7A 05 C3 D5 85 
F1 AA 00 9F 00 0E 07 D1 FF E0 00 00 FF FA FF AA 06 8D D4 DD 
F3 AB 00 96 00 1F 07 E4 FF E0 00 03 FF FA FF E8 03 F1 73 FA 
F1 AC 00 97 00 11 07 D5 FF E1 00 01 FF FA 00 74 08 FA 5C 7E 
F1 AD 00 90 00 0F 07 D8 FF DF 00 01 FF FA FF A9 0B 48 B4 D7 
F3 AE 00 86 00 0D 07 F3 FF DF 00 04 FF FA FF E9 06 48 05 CD 
F1 AF 00 9F 00 14 07 CD FF DF 00 00 FF F9 00 7A 04 56 06 AC 
F1 B0 00 A7 00 18 07 E1 FF E0 00 01 FF FC FF A8 03 E4 E7 B5 
F3 B1 00 9D 00 0B 07 E7 FF DE 00 01 FF FB FF E0 05 13 F7 00 
F1 B2 00 A0 00 11 07 CD FF E1 00 02 FF F9 00 7D 06 4F 87 29 
F1 B3 00 9A 00 18 07 C5 FF DE 00 02 FF F9 FF A6 08 CA 92 CC 
F3 B4 00 A7 00 19 07 EF FF E0 00 02 FF F9 FF E4 07 05 F0 B5 
F1 B5 00 9A 00 27 07 E2 FF E0 00 02 FF FA 00 7E 07 20 2B A2 
F1 B6 00 A3 00 1C 07 CB FF E0 00 01 FF F8 FF A5 05 1A DC 81 
F3 B7 00 95 00 1C 07 CF FF E0 00 02 FF FA FF E1 04 71 DB 02 
F1 B8 00 A7 00 09 07 C3 FF DF 00 04 FF FA 00 85 02 A0 55 8A 
F1 B9 00 9F 00 1B 07 E2 FF DF 00 01 FF F9 FF A8 08 29 A8 D9 
F3 BA 00 A5 00 05 07 DA FF E0 00 02 FF FA FF EB 06 D3 6C 53 
F1 BB 00 A8 00 23 07 F0 FF DF 00 02 FF FA 00 7D 05 9C 95 A9 
F1 BC 00 8D 00 0D 07 D0 FF E0 00 03 FF FA FF A4 05 28 CF B0 
F3 BD 00 A6 00 14 07 EA FF E2 00 02 FF F8 FF E1 03 10 02 B7 
F1 BE 00 9D 00 0E 07 DD FF E0 00 02 FF FB 00 7C 0B 01 47 39 
F1 BF 00 A1 00 08 07 E6 FF DE 00 02 FF FB FF A4 09 63 B8 8F 
F3 C0 00 A1 00 19 07 CE FF DF 00 02 FF FA FF E8 07 9B D8 F0 
F1 C1 00 AD 00 12 07 D6 FF DF 00 03 FF FA 00 7F 0D 66 68 F8 
F1 C2 00 AF 00 1C 07 D4 FF E1 00 03 FF FA FF A6 04 8E C1 E8 
F3 C3 00 9E 00 11 07 BD FF DE 00 02 FF FA FF E6 04 A9 1E C8 
F1 C4 00 AD 00 08 07 D1 FF DF 00 02 FF F9 00 78 03 EC 45 E9 
F1 C5 00 94 00 0B 07 EC FF E1 00 02 FF FA FF A5 09 6C 6F CC 
F3 C6 00 99 00 17 07 DB FF E0 00 03 FF F9 FF DD 10 AB AE 62 
F1 C7 00 94 00 04 07 BF FF E1 00 02 FF FA 00 7D 12 FE 1D AC 
F1 C8 00 AF FF F8 07 BB FF DF 00 01 FF FB FF A9 11 AC E0 D1 
F3 C9 00 A9 00 05 07 C9 FF E1 00 00 FF F9 FF E6 0D AA 82 45 
F1 CA 00 A6 00 0C 07 D3 FF E0 00 00 FF F9 00 80 0B E4 8F 2C 
F1 CB 00 A1 00 18 07 E0 FF E1 00 02 FF F9 FF A6 0A 73 47 97 
F3 CC 00 99 00 16 07 CE FF DE 00 01 FF F8 FF E3 06 A2 3A 79 
F1 CD 00 A3 00 10 07 B6 FF E0 00 01 FF FB 00 78 0A E2 52 C8 
F1 CE 00 9F 00 0F 07 B6 FF DF 00 01 FF F9 FF A8 0A 24 64 09 
F3 CF 00 A9 00 17 07 D0 FF E0 00 04 FF FA FF E4 0E 9E DA 52 
F1 D0 00 AC 00 12 07 DD FF DE 00 00 FF FB 00 83 0E E4 F9 C9 
F1 D1 00 9F 00 0C 07 A3 FF E0 00 03 FF F9 FF A4 0E 4E E4 DC 
F3 D2 00 9D 00 02 07 CE FF E0 00 02 FF FB FF E5 0D B5 F4 26 
F1 D3 00 A4 00 20 07 DE FF DF 00 01 FF FB 00 74 06 88 37 49 
F1 D4 00 A1 00 0B 07 CA FF DF 00 01 FF FB FF A6 04 8A 9B 33 
F3 D5 00 A3 00 0E 07 C4 FF DF 00 01 FF FA FF E7 17 D7 78 4B 
F1 D6 00 9B 00 11 07 D0 FF E0 00 00 FF F9 00 7C 19 39 58 08 
F1 D7 00 92 FF FF 07 F6 FF DE 00 01 FF F9 FF A9 17 9C 5C F3 
F3 D8 00 95 00 24 07 E9 FF E0 00 02 FF F9 FF E9 19 DD 47 88 
F1 D9 00 9A 00 09 07 D0 FF DD 00 01 FF FA 00 75 15 3F 59 1C 
F1 DA 00 A0 00 11 07 DC FF DF 00 01 FF F8 FF A9 0E 77 F0 E8 
F3 DB 00 A9 00 14 07 CE FF DF 00 00 FF FA FF E7 04 CD 3F A4 
F1 DC 00 9B 00 0A 07 D4 FF E0 00 03 FF F9 00 7A 05 56 CC A5 
F1 DD 00 AD 00 09 07 BE FF DF 00 02 FF F9 FF A8 14 82 D5 5E 
F3 DE 00 A1 00 08 07 D1 FF DF 00 02 FF F9 FF E4 14 2A D4 1D 
F1 DF 00 9F 00 05 07 BE FF E0 00 01 FF F9 00 78 06 42 42 94 
F1 E0 00 A0 00 0B 07 F0 FF DF 00 02 FF F9 FF A6 05 A6 E3 E0 
F3 E1 00 A6 00 15 07 EB FF DE 00 02 FF F9 FF E4 03 72 71 57 
F1 E2 00 A3 00 17 07 CF FF DF 00 02 FF FA 00 75 05 2A 84 87 
F1 E3 00 A7 00 09 07 C9 FF DE 00 01 FF FB FF A9 0E 91 64 4A 
F3 E4 00 90 00 0C 07 C3 FF E0 00 02 FF FB FF E4 16 67 0A 55 
F1 E5 00 94 FF FF 07 E4 FF E0 00 02 FF FB 00 7A 12 17 CF D4 
F1 E6 00 93 00 06 07 CF FF E0 00 03 FF FA FF A4 13 8B 86 68 
F3 E7 00 A1 00 1A 07 D3 FF DE 00 03 FF FB FF E3 13 3A 44 DA 
F1 E8 00 A3 00 14 07 C7 FF DE 00 02 FF F8 00 79 11 78 20 B9 
F1 E9 00 B1 00 0D 07 E8 FF E0 00 03 FF F9 FF A7 08 11 AE DB 
F3 EA 00 96 00 17 07 DE FF E1 00 01 FF FA FF E5 08 1A B4 12 
F1 EB 00 A0 00 12 07 E8 FF DF 00 01 FF FA 00 74 06 56 36 A3 
F1 EC 00 8B 00 07 07 CE FF E0 00 01 FF FB FF AC 0A D5 B5 9A 
F3 ED 00 98 00 1E 07 B6 FF E0 00 02 FF FA FF DE 08 C4 19 CC 
F1 EE 00 9F 00 0E 07 F4 FF E0 00 02 FF F8 00 7C 03 E0 36 2C 
F1 EF 00 A9 00 11 07 F6 FF DE 00 02 FF FA FF A6 06 84 AD B9 
F3 F0 00 9F 00 18 07 DA FF E0 00 02 FF FA FF E3 0B 37 34 F6 
F1 F1 00 A6 00 0A 07 D9 FF DF 00 03 FF F9 00 78 10 84 DB 47 
F1 F2 00 A8 00 0D 07 E9 FF E0 00 03 FF FA FF AB 1A AB E1 A5 
F3 F3 00 A7 00 0E 07 D2 FF DF 00 01 FF FB FF E4 12 36 F8 85 
F1 F4 00 96 00 24 07 DC FF DE 00 01 FF FB 00 7A 0E A4 DE D9 
F1 F5 00 9E 00 14 08 02 FF E1 00 01 FF FB FF A6 10 13 CA 39 
F3 F6 00 9E 00 1D 07 D3 FF E0 00 01 FF FA FF E7 12 68 D4 FC 
F1 F7 00 A3 00 16 07 C3 FF E0 00 02 FF FB 00 7C 09 D5 7C 4D 
F1 F8 00 A4 00 06 07 D2 FF DF 00 01 FF FA FF A6 08 A4 C0 50 
F3 F9 00 A9 00 15 07 EF FF DE 00 03 FF F9 FF E5 05 DD 87 21 
F1 FA 00 95 00 1B 07 F3 FF E0 00 01 FF FA 00 7D 03 1E DB 1E 
F1 FB 00 96 00 1B 07 DE FF DF 00 02 FF FA FF A7 04 2B 0B 60 
F3 FC 00 A4 FF E9 07 CD FF DE 00 01 FF FA FF E2 04 9B BA D4 
F1 FD 00 A1 00 09 07 D8 FF E1 00 03 FF FC 00 7B 07 24 A2 D8 
F1 FE 00 9F 00 17 07 BF FF E0 00 02 FF F9 FF A8 08 DC 9D 82 
F3 FF 00 95 00 24 07 CD FF E0 00 02 FF FA FF E0 07 57 92 E4 
F1 00 00 A0 00 14 07 CD FF DE 00 02 FF F8 00 81 04 25 CF 92 
F1 01 00 98 00 17 07 E0 FF DF 00 01 FF FB FF AA 03 83 C9 A8 
F3 02 00 BA 00 16 07 DB FF E0 00 02 FF F9 FF E3 09 AB 81 9A 
F1 03 00 97 00 1C 07 DE FF DF 00 02 FF FA 00 78 09 3A 34 C1 
F1 04 00 93 00 11 07 C6 FF E1 00 03 FF F9 FF A5 0B D9 77 75 
F3 05 00 96 00 1A 07 CA FF DF 00 02 FF F9 FF E4 0C 5C D8 9F 
F1 06 00 A0 00 0B 07 BE FF E0 00 02 FF FA 00 7E 0B 2A 54 14 
F1 07 00 9E 00 15 07 CE FF DE 00 01 FF FB FF A8 0C A8 0E 3D 
F3 08 00 98 00 0B 07 C8 FF E0 00 03 FF F9 FF DF 07 13 8A 1D 
F1 09 00 AB 00 10 07 DE FF E0 00 01 FF FA 00 72 04 C6 D8 51 
F1 0A 00 97 00 0D 07 E6 FF DF 00 03 FF F9 FF A8 01 AC BF 7F 
F3 0B 00 AF 00 0E 07 DE FF E0 00 01 FF FA FF E4 04 D9 62 05 
F1 0C 00 9D 00 19 07 DC FF E0 00 02 FF FB 00 78 0D 5D 5D 1C 
F1 0D 00 A0 00 0F 07 C3 FF DF 00 01 FF F9 FF A5 16 DA 69 6D 
F3 0E 00 A5 00 16 07 D2 FF E1 00 01 FF FA FF E7 08 CF 30 3D 
F1 0F 00 A8 00 0C 07 BD FF E1 00 02 FF FA 00 7D 07 34 52 B0 
F1 10 00 A7 00 14 07 D5 FF DF 00 03 FF FB FF AB 05 67 B2 34 
F3 11 00 92 FF FF 07 D5 FF DF 00 02 FF F9 FF E8 05 B6 6D 75 
F1 12 00 9F 00 03 07 C6 FF DF 00 02 FF F9 00 79 06 39 C4 8D 
F1 13 00 A1 00 07 07 C2 FF DF 00 02 FF F9 FF A7 06 0C F1 F5 
F3 14 00 A1 FF FC 07 BC FF DF 00 02 FF FB FF DF 04 4A 4C 7D 
F1 15 00 A6 00 19 07 D6 FF DE 00 01 FF FB 00 7C 04 6B AE 16 
F1 16 00 A3 00 07 07 C1 FF DE 00 00 FF FA FF A5 04 7B F4 DC 
F3 17 00 98 FF FC 07 CA FF DF 00 01 FF FA FF E1 03 C8 E9 30 
F1 18 00 92 00 09 07 E0 FF DF 00 01 FF FA 00 7A 02 06 CE 38 
F1 19 00 91 00 17 07 D0 FF E0 00 01 FF FA FF A4 01 77 32 B8 
F3 1A 00 A1 FF FF 07 E4 FF DF 00 02 FF F9 FF E3 09 AF FA 72 
F1 1B 00 B4 00 0C 07 C8 FF DE 00 02 FF FA 00 7C 0B 48 6E C8 
F1 1C 00 A0 FF FF 07 ED FF DF 00 03 FF FA FF A9 0C D3 70 77 
F3 1D 00 96 00 01 07 E7 FF E0 00 03 FF F9 FF E3 07 A4 F1 75 
F1 1E 00 96 00 10 07 F6 FF E0 00 03 FF FA 00 79 08 34 67 BD 
F1 1F 00 89 00 03 07 C7 FF DF 00 01 FF FA FF A7 09 12 D6 0E 
F3 20 00 94 00 04 07 F2 FF DE 00 01 FF FA FF E5 0C 64 68 7A 
F1 21 00 99 00 0A 07 CF FF DF 00 01 FF F9 00 79 0F 19 73 45 
F1 22 00 A0 00 18 07 C5 FF E0 00 00 FF FB FF A8 07 AA 11 A9 
F3 23 00 A3 00 1F 07 C2 FF DF 00 02 FF FA FF E4 08 59 F0 F2 
F1 24 00 9D 00 0D 07 E2 FF DF 00 02 FF F9 00 80 08 97 BC FF 
F1 25 00 9F 00 09 07 C5 FF E0 00 01 FF FA FF A6 08 15 F3 A7 
F3 26 00 9F 00 05 07 D4 FF E1 00 00 FF F9 FF EA 0A 68 AD 45 
F1 27 00 9D 00 19 07 F7 FF DF 00 03 FF F9 00 76 07 E6 D5 E8 
F1 28 00 99 00 1A 07 C4 FF DF 00 02 FF F9 FF A7 08 34 A9 9B 
F3 29 00 9E 00 1E 07 DD FF DF 00 03 FF FA FF EA 0B 08 B0 39 
F1 2A 00 A6 00 1E 07 DC FF DF 00 03 FF FA 00 76 0C 20 27 C8 
F1 2B 00 A0 00 03 07 DE FF E0 00 00 FF FA FF A8 0D 6A 47 8F 
F3 2C 00 9D 00 20 07 C8 FF DF 00 02 FF FA FF E2 0F 28 9A CE 
F1 2D 00 99 00 1D 07 F3 FF DE 00 00 FF FB 00 7B 0D 4E 52 3E 
F1 2E 00 A4 00 17 07 D1 FF E0 00 01 FF F9 FF AB 07 D6 91 02 
F3 2F 00 96 00 06 07 FB FF DE 00 02 FF FA FF E3 06 AC FD B1 
F1 30 00 A8 00 0D 07 DD FF DF 00 01 FF F9 00 7B 05 29 88 BA 
F1 31 00 9B 00 10 07 E0 FF DE 00 01 FF FB FF A2 02 5D 99 86 
F3 32 00 99 00 05 07 D8 FF E0 00 03 FF FA FF EA 06 BC C6 89 
F1 33 00 9F 00 10 07 E2 FF E0 00 01 FF F9 00 7C 06 84 E3 13 
F1 34 00 A0 00 11 07 C6 FF E0 00 01 FF FA FF AB 07 E5 A9 6C 
F3 35 00 99 00 1C 07 D4 FF DF 00 03 FF F9 FF E5 08 6E 79 E6 
F1 36 00 A9 00 14 07 D9 FF DF 00 02 FF FB 00 7F 07 A2 4B 80 
F1 37 00 A3 00 16 07 DC FF DF 00 02 FF F9 FF A2 0A BB EF 97 
F3 38 00 8F 00 21 07 D3 FF E0 00 02 FF F9 FF E4 04 9E 25 FD 
F1 39 00 A7 00 29 07 D8 FF E1 00 04 FF FA 00 7C 05 1D 02 16 
F1 3A 00 A3 00 17 07 BF FF DF 00 04 FF FA FF A2 04 3A 05 8A 
F3 3B 00 AF 00 18 07 B3 FF E0 00 00 FF FB FF E1 05 3E 5B CE 
F1 3C 00 A0 00 15 07 DC FF E0 00 01 FF F8 00 7C 03 43 8A 1D 
F1 3D 00 A0 00 12 07 DD FF DF 00 02 FF FA FF A5 04 A7 EC 72 
F3 3E 00 A1 00 0F 07 C9 FF DE 00 01 FF F9 FF E7 02 C1 D2 C9 
F1 3F 00 90 00 14 07 BF FF E0 00 03 FF F9 00 7C 03 98 0B 37 
F1 40 00 A0 00 0E 07 E2 FF E0 00 01 FF FA FF A8 01 E4 7F EF 
F3 41 00 99 00 09 07 BE FF DF 00 01 FF FA FF E8 02 3E A3 DF 
F1 42 00 B3 00 16 07 DD FF E1 00 02 FF FA 00 72 01 62 B1 07 
F1 43 00 98 00 19 07 C3 FF DE 00 02 FF F8 FF A7 01 5E 25 49 
F3 44 00 96 00 0A 07 D1 FF E0 00 00 FF FA FF EA 01 F4 92 5C 
F1 45 00 A5 00 1F 07 EA FF E0 00 02 FF FA 00 7C 01 77 71 3D 
F1 46 00 A0 00 16 07 D5 FF DF 00 01 FF F9 FF A4 01 8E EC BE 
F3 47 00 9E 00 0F 07 D1 FF DF 00 03 FF F9 FF E7 01 6E FE 55 
F1 48 00 9D 00 0B 07 CB FF E0 00 01 FF FA 00 7F 03 97 2A 28 
F1 49 00 93 00 15 07 DC FF DF 00 03 FF F9 FF A4 07 2E E3 76 
F3 4A 00 91 00 0B 07 C1 FF DF 00 02 FF F9 FF E8 0C 61 36 8E 
F1 4B 00 90 00 18 07 D9 FF E1 00 00 FF FA 00 7B 04 D9 9A 85 
F1 4C 00 AE 00 08 07 E0 FF E0 00 02 FF F9 FF A7 05 46 26 8C 
F3 4D 00 94 00 1A 07 D6 FF E0 00 02 FF FA FF E2 03 57 5D D7 
F1 4E 00 A9 00 12 07 E6 FF E1 00 00 FF F9 00 7D 06 5B ED FA 
F1 4F 00 9A 00 22 07 B3 FF E0 00 02 FF FA FF A8 0A 2A E5 97 
F3 50 00 99 00 02 07 DB FF DF 00 03 FF FA FF E6 0C 8D C1 37 
F1 51 00 A1 00 10 08 11 FF E1 00 01 FF FA 00 7E 09 19 D4 FB 
F1 52 00 A0 00 0F 07 DC FF DF 00 01 FF FA FF A9 0E 96 BC F9 
F3 53 00 A0 00 07 07 C1 FF DF 00 03 FF FB FF E3 12 BD EA 76 
F1 54 00 AF 00 11 07 EF FF DE FF FF FF F9 00 72 26 B1 1D FD 
F1 55 00 A6 00 12 07 DF FF DF 00 03 FF F9 FF A4 28 33 B8 89 
F3 56 00 A1 00 1B 07 CA FF E0 00 01 FF FA FF E7 20 64 96 50 
F1 57 00 97 00 10 07 D2 FF E0 00 01 FF FA 00 7F 16 55 53 32 
F1 58 00 A3 00 10 07 D3 FF DF 00 02 FF F9 FF A6 0B CE 9B B4 
F3 59 00 9D 00 06 07 D6 FF DE 00 03 FF FA FF E4 12 BF 50 74 
F1 5A 00 9F 00 0E 07 CB FF DF 00 02 FF FA 00 7A 15 A6 C8 79 
F1 5B 00 A6 00 19 07 DE FF E0 00 02 FF FB FF A7 0B C8 85 46 
F3 5C 00 98 00 02 07 BC FF DE 00 01 FF FA FF E8 09 7A 9C 8D 
F1 5D 00 A5 00 12 07 CE FF E0 00 02 FF FA 00 79 09 BE 72 B9 
F1 5E 00 A1 00 09 07 C6 FF DF 00 03 FF F9 FF AC 0B 54 6D CC 
F3 5F 00 97 00 0C 07 DB FF DD 00 03 FF FA FF E4 0A 02 23 50 
F1 60 00 92 00 15 07 D2 FF E0 00 03 FF FA 00 78 06 ED B6 CC 
F1 61 00 98 00 17 07 ED FF DF 00 03 FF FA FF A7 07 54 59 93 
F3 62 00 A3 00 08 07 D2 FF DE 00 02 FF F9 FF E2 04 C3 C1 5A 
F1 63 00 9A 00 11 07 DF FF E0 00 02 FF F9 00 7D 06 59 D4 9E 
F1 64 00 A9 00 0E 07 E5 FF DF 00 00 FF F9 FF A2 04 92 BC E1 
F3 65 00 A4 00 1A 07 CB FF E0 00 02 FF F8 FF E2 04 80 2D 68 
F1 66 00 92 00 19 07 C3 FF E1 00 01 FF FA 00 7B 06 44 A1 50 
F1 67 00 A5 00 12 07 C9 FF DF 00 02 FF F9 FF A7 06 13 1C 18 
F3 68 00 A3 FF FC 07 F8 FF DF 00 03 FF FA FF E9 07 FB 0D 35 
F1 69 00 A5 00 04 07 E0 FF E0 00 01 FF F9 00 78 04 00 42 C4 
F1 6A 00 A2 00 04 07 CA FF DE 00 01 FF F9 FF A9 03 20 80 B5 
F3 6B 00 97 00 0C 07 E2 FF DF 00 00 FF FB FF E7 01 BA D0 96 
F1 6C 00 B4 00 17 07 DC FF DF 00 01 FF FA 00 78 02 32 1A 74 
F1 6D 00 87 00 03 07 D5 FF DF 00 01 FF F9 FF A5 02 29 72 1D 
F3 6E 00 AB 00 15 07 D2 FF E0 00 02 FF F9 FF E5 03 99 1F 6A 
F1 6F 00 93 00 08 07 DB FF DE 00 03 FF F9 00 70 01 46 97 79 
F1 70 00 A8 00 0C 07 E4 FF E2 00 04 FF F9 FF AB 02 FA AF 75 
F3 71 00 98 00 10 07 CA FF DF 00 00 FF FA FF E3 04 64 84 F1 
F1 72 00 92 00 12 07 C8 FF E0 00 03 FF FA 00 7F 03 82 F3 2D 
F1 73 00 A2 00 07 07 DA FF DF 00 01 FF F9 FF A6 06 A8 BB B9 
F3 74 00 95 00 1A 07 DF FF DF 00 02 FF FA FF E4 08 61 68 84 
F1 75 00 95 00 0D 07 DA FF DF 00 02 FF FA 00 85 09 70 0B 4E 
F1 76 00 AE 00 18 07 D1 FF DF 00 03 FF FA FF A8 06 3B 7F 5C 
F3 77 00 AC 00 0B 07 DB FF DF 00 02 FF FA FF E3 04 FF A3 9F 
F1 78 00 98 00 12 07 CE FF DF 00 03 FF FC 00 75 06 0C 27 30 
F1 79 00 94 00 18 07 ED FF E2 00 02 FF F9 FF A7 0B DB 64 AF 
F3 7A 00 A7 00 03 07 D6 FF DF 00 03 FF FA FF E7 08 05 FC C6 
F1 7B 00 A9 FF FE 07 CF FF E0 00 00 FF F8 00 7B 05 94 B2 77 
F1 7C FE B3 FF B0 0A 99 FF F0 FF FD FF CD FF A3 0A 79 69 F3 
F3 7D 00 38 FF EA 06 93 00 F6 FF C1 FF 9E FF E8 07 0D 92 79 
F1 7E FD A9 FF B4 0D 09 02 DD FF AF FF A0 00 74 06 BE EA EF 
F1 7F 00 B7 FF C0 0B 6A 05 54 00 86 00 76 FF A7 0B B7 EA 7C 
F3 80 01 7D 00 02 09 7E 06 A9 02 20 00 38 FF DC 0A E4 9D 18 
F1 81 FF F3 01 A8 08 B7 07 29 04 F3 00 45 00 7A 08 9A 76 8C 
F1 82 FE 6A 02 C8 08 EE 07 49 07 36 00 F3 FF A5 04 C0 8D 16 
F3 83 FE 6F 02 A8 09 61 07 D9 0A 6D 01 C1 FF CF 02 D8 5D C5 
F1 84 FD AA 04 63 05 39 07 13 0C 2D 02 7A 00 84 0C AF 2C B7 
F1 85 FD 9E 03 CC 06 5A 04 C9 07 94 03 2C FF 9A 0E 09 11 62 
F3 86 FE 26 02 F7 06 79 04 31 07 38 03 36 FF C2 08 F3 35 DB 
F1 87 FE B1 00 76 07 0D 03 9A 0C 40 03 ED 00 9B 0C 94 19 DC 
F1 88 FA 90 03 D7 06 7D 02 AB 0F 1E 06 53 FF 92 10 0F D4 D0 
F3 89 FC B8 03 76 06 F3 00 DC 0B 78 09 31 FF B9 11 7B 73 01 
F1 8A FF 6D 04 58 05 37 FF B0 09 EA 09 C0 00 9E 13 6B E5 59 
F1 8B F9 5F 02 DF 02 03 FD 99 09 BF 08 94 FF 83 15 B0 12 EC 
F3 8C 03 85 02 69 05 9C FB 16 05 FC 08 31 FF B1 11 C1 64 5B 
F1 8D FE A1 03 AB 07 EB FC 72 03 15 02 C0 00 8A 06 02 05 97 
F1 8E FC 19 03 D2 05 8A FF 5E 05 12 FF 30 FF 7C 04 93 FE 86 
F3 8F F9 EC 02 63 03 76 FF 73 08 7B FE 8A FF AE 03 35 89 A9 
F1 90 FA 6C 02 4A 06 30 FE C5 05 E8 00 46 00 7B 03 1D 53 E3 
F1 91 FA 18 01 AB 05 AF FF D9 FF 88 01 D9 FF 81 14 FB F1 68 
F3 92 FA 8B 03 19 04 BF 01 36 FF 8E 03 FF FF B1 17 AE C5 F0 
F1 93 FE 2C 03 78 03 FA 02 10 03 E7 04 54 00 7E 0A 72 5B 6F 
F1 94 FD 69 03 B2 04 29 01 7D 05 D4 03 11 FF 7D 0D 37 27 B2 
F3 95 FD C1 02 BF 03 24 00 8B 09 DA 02 A0 FF B1 0A BE 33 9A 
F1 96 FE 49 04 B8 05 CC FF 95 0A 23 00 EA 00 7C 0B 12 53 47 
F1 97 FD 8E 04 49 04 47 00 C5 07 9C FE D4 FF 7A 08 C7 C6 0B 
F3 98 FB F4 04 0B 03 01 01 9C 07 3F FC CE FF AD 04 47 BC 5C 
F1 99 FA E8 04 A9 02 93 01 4F 09 1C FC 2C 00 78 05 50 36 E0 
F1 9A F9 5C 04 BF 03 16 00 4F 08 6A FC E6 FF 79 04 B1 B3 D2 
F3 9B F7 45 05 03 02 89 00 38 06 38 FF 59 FF A7 03 94 F2 B2 
F1 9C F9 03 04 1B 02 71 00 0E 04 13 01 43 00 8B 05 A2 B8 13 
F1 9D FA 41 05 02 02 64 FF CC 05 53 02 21 FF 70 0E 89 8B C8 
F3 9E FB 32 04 6A 02 01 FF 6F 07 0A 01 98 FF AE 0B E3 E7 C0 
F1 9F F9 EF 03 C4 01 08 FE 87 06 8C 00 5C 00 84 08 02 77 F1 
F1 A0 F9 8D 03 5B 01 EA FE A5 05 D6 00 49 FF 72 05 E3 E9 40 
F3 A1 F7 E5 04 C1 00 3E FF 2F 03 6F 01 78 FF A7 07 13 52 63 
F1 A2 F9 D4 03 4E 00 09 FF 03 05 09 03 CA 00 8B 05 B0 D7 5E 
F1 A3 F6 C7 03 BE 03 FC FF D5 03 97 04 38 FF 6B 04 3B F5 04 
F3 A4 FB 71 03 E0 00 11 00 6F 07 15 03 9A FF A8 04 64 E1 72 
F1 A5 F9 95 04 87 FF 82 FF C6 09 79 02 A4 00 88 03 52 21 59 
F1 A6 F8 93 05 83 FE 48 FF 3C 08 DE 03 5F FF 6C 02 64 78 5D 
F3 A7 F8 65 05 C8 FD FB FD A8 06 D6 06 0A FF A7 02 45 42 01 
F1 A8 FA 97 05 FC FF 22 FC 6E 04 4B 08 21 00 80 01 53 1A E6 
F1 A9 FB 92 06 1A FF A2 FC 45 03 A8 07 85 FF 6E 03 7E 7F 75 
F3 AA FB 07 06 7E FF D1 FC 47 04 B5 06 82 FF A3 02 65 2A 0C 
F1 AB F9 C2 06 2D FF C0 FC 6C 07 23 06 8E 00 69 06 29 FD 83 
F1 AC FB 16 06 94 FF E0 FC 84 06 7A 06 7F FF 6D FF CF D0 6D 
F3 AD FA CC 06 F4 00 78 FC A3 04 A6 06 75 FF AF 07 3B 47 88 
F1 AE FA D9 07 28 00 34 FC BF 03 DA 07 CA 00 57 01 E7 9E FB 
F1 AF FB 9B 07 5D 00 65 FC 4D 04 F3 09 1F FF 70 04 F1 A8 43 
F3 B0 FB F4 07 53 00 74 FB CC 04 3A 0A 59 FF B8 02 15 CD D0 
F1 B1 FD 62 06 E2 01 09 FB CD 03 E0 0A E9 00 47 04 14 8C 42 
F1 B2 FE 26 07 22 01 F1 FC D9 04 03 0B 7B FF 7B 03 8E 53 0D 
F3 B3 FF 1B 07 00 01 96 FE 9E 04 8F 0B 08 FF CA 01 6E D2 1C 
F1 B4 FE FB 07 A6 00 A6 FF 52 03 67 0A 7D 00 21 01 D5 F0 81 
F1 B5 00 BD 07 44 01 7F FF 82 03 46 0A D4 FF 86 03 5A 17 E6 
F3 B6 01 BD 07 4C 02 2D 00 3C 02 D7 09 E9 FF D2 02 8D 1E 1B 
F1 B7 01 E5 07 AD 01 3D 00 EC 02 9B 08 FC 00 16 05 27 08 B9 
F1 B8 02 46 08 09 00 B8 00 A6 02 23 08 9F FF 88 FF D2 77 0D 
F3 B9 02 CC 06 FC 00 77 FF E3 01 6C 08 4B FF E1 02 8F 14 BA 
F1 BA 03 80 05 DF 01 0A FF 0F FF D9 07 E1 00 05 00 95 F6 46 
F1 BB 03 2D 05 A8 01 2E FE E6 FF AF 08 CA FF 8A 03 9C 1B 20 
F3 BC 04 52 06 71 01 DE FF 57 FF 8F 0B 9B FF F1 03 54 FF 6F 
F1 BD 01 0C 10 BC F4 86 FE ED 02 04 0A E7 FF ED 09 05 28 75 
F1 BE 0B F4 24 E7 E7 21 F6 E6 FA 1B F7 A3 FF 8C 10 9C 34 5F 
F3 BF 32 BB 0C CF EB 17 F4 04 E1 F2 BF C0 00 08 03 D6 31 46 
F1 C0 1F 42 0B 30 F5 64 EC 64 DF 88 8D 01 FF DD 12 AC 2A D6 
F1 C1 28 50 0D CA F6 AE E5 45 AB C3 9A AE FF 8D FF 5B DA 9F 
F3 C2 2B 51 EA 7C 1A C0 F2 87 C5 CC AE CB FF CE F5 20 3F F0 
F1 C3 0A 20 F1 B2 FA 5F 12 B7 F0 BB CD 7C 00 22 52 DA A7 AA 
F1 C4 10 0D 07 21 06 EF 0C 7C F8 F2 F8 44 FF 83 50 E5 85 85 
F3 C5 10 34 07 F7 0C 4E 05 38 0B D9 08 4A FF D4 28 44 48 1F 
F1 C6 FF 05 00 18 08 01 FE BE 12 AA 05 22 00 91 32 06 8F 16 
F1 C7 F7 58 FD 80 0B 66 FC 37 0A 4B 04 D1 FF 94 01 61 80 94 
F3 C8 FD 96 FE 37 0B 41 00 53 00 9C 04 71 FF CA 01 B1 C4 21 
F1 C9 FE 6B 00 67 09 35 01 88 FF 03 FF D4 00 92 04 EA BD 28 
F1 CA FD 24 01 8E 08 87 00 06 01 EA FD F1 FF 87 00 D2 48 CC 
F3 CB FB 7D 01 17 08 06 FE 05 03 B6 00 18 FF C6 00 D6 07 EB 
F1 CC FE 58 00 3D 09 D9 FE 21 00 47 02 B2 00 8E FE 8B 05 17 
F1 CD FE E5 00 51 09 08 00 18 FF 83 02 CB FF 82 02 41 0B A7 
F3 CE FE 9E 00 AE 06 DD 00 C4 00 FE 02 1C FF C7 02 72 BC 9E 
F1 CF FD DC 00 D2 06 D2 FF 69 01 C2 01 AF 00 9A 03 13 46 A0 
F1 D0 FD 52 00 A4 09 9E FF E1 FF D9 02 F9 FF 8B 02 8A 73 38 
F3 D1 FF 1B 01 87 09 8F 01 F6 00 06 04 C3 FF C7 02 85 85 C6 
F1 D2 FF 24 02 0D 05 8A 01 83 02 18 04 F2 00 8A 02 0B 7A E6 
F1 D3 FF 48 01 5A 05 BA FF 62 00 21 03 FB FF 89 02 7A DA 0C 
F3 D4 FD F0 00 3D 08 09 FF C5 FD 9E 03 DB FF C9 02 DE 4F 68 
F1 D5 FE 15 01 0E 07 52 01 F8 01 36 04 B3 00 91 03 10 00 85 
F1 D6 FF F4 01 DB 05 E7 02 A3 04 36 04 92 FF 87 04 1C 25 04 
F3 D7 FE AB 02 0B 05 38 01 8F 05 85 03 5A FF C0 02 C7 4E 99 
F1 D8 FC A1 02 19 06 4E 01 30 07 EF 03 2B 00 80 FF 6E 0E 8B 
F1 D9 FC 3F 02 6D 05 E1 01 B0 06 FC 04 1B FF 89 03 73 AF 37 
F3 DA FC D9 02 DC 06 CE 01 98 01 61 04 C3 FF C6 06 A4 CB 50 
F1 DB FC 90 02 E1 07 1B 02 2F FC BA 05 1B 00 7B FF 4C E2 51 
F1 DC FE 44 03 69 06 04 02 54 FB 91 04 CE FF 83 03 46 89 57 
F3 DD FE FD 03 09 05 CA 01 E7 F9 D7 03 87 FF BD 03 C4 B1 8E 
F1 DE FF 33 03 29 08 46 02 2C F7 E2 02 77 00 7E 03 54 33 97 
F1 DF FE 01 03 A9 07 64 03 8A F9 60 01 95 FF 7E 03 A2 B4 01 
F3 E0 FD CC 04 1F 05 69 04 2F FC 38 01 3C FF BB 00 95 55 DD 
F1 E1 FE 8B 03 B4 04 EB 03 65 FD 0B 01 25 00 6B 01 7B CE 55 
F1 E2 FD 73 03 D1 07 F3 03 65 FE A3 01 3D FF 7E 01 FD D2 7A 
F3 E3 FC 5E 04 3C 05 17 03 9C 01 66 01 9A FF B8 01 70 08 48 
F1 E4 FE 4C 04 33 03 0D 02 20 01 91 01 A6 00 68 03 44 4A 8D 
F1 E5 FF 9B 03 FF 09 8B 01 42 FE 0C 00 96 FF 7C 03 1C 65 29 
F3 E6 FD FC 04 73 08 98 03 9A FC A1 FF 42 FF BB 02 30 B5 EC 
F1 E7 FC 22 04 A3 04 FD 03 B2 FF A7 FF 0A 00 67 02 A0 98 36 
F1 E8 FD 84 04 7B 04 08 01 50 01 0A FF 28 FF 77 01 2A 11 EC 
F3 E9 FF 62 03 F9 08 67 FF 5E FD D6 FE 23 FF AE FF E6 FC 9D 
F1 EA FD 58 04 61 08 6E 00 1F FD 6B FC AF 00 69 03 BD D0 D1 
F1 EB FC 88 04 EC 06 39 00 82 FF B8 FC 3D FF 79 02 36 53 5F 
F3 EC FC 59 04 5C 05 E4 FF C0 FF A2 FC 3F FF AD 00 FA C4 04 
F1 ED FD A7 03 7D 07 99 FF 4B FD 03 FC 67 00 73 01 59 83 8F 
F1 EE FD 4E 02 C2 06 67 FF F5 FB C1 FC 4A FF 78 03 2F CA 32 
F3 EF FB 05 03 7B 05 91 FF 7B FB F0 FC F9 FF B2 04 A2 AC 77 
F1 F0 FD 23 04 0B 07 49 FF 3F FC 3D FE 73 00 7C 03 92 BF FD 
F1 F1 FF A0 03 29 06 E0 FF 8C FA A3 FE 04 FF 77 02 48 05 B8 
F3 F2 FE C9 03 BA 05 E7 FF 5F F9 B3 FD 21 FF B5 03 B0 83 A3 
F1 F3 FE 39 04 14 05 7A FF 09 FA D3 FD 13 00 8A 01 90 D0 F5 
F1 F4 FD 7D 04 61 07 06 FF 10 FC AB FD E2 FF 7B 02 A8 7A 35 
F3 F5 FF 48 03 7C 06 0A FF AF FD E5 FE D0 FF B3 02 34 D1 0A 
F1 F6 FE B4 03 43 05 D9 FF 81 FE 12 FF 21 00 81 03 4C 60 DD 
F1 F7 FE 1A 03 69 07 2A FF 98 FE 45 FF EE FF 81 02 13 4F F3 
F3 F8 FF 1C 02 61 1D A2 F5 1E F8 0B FD 7A FF AD 35 F1 CD 1D 
F1 F9 00 30 02 6C 08 88 FD 45 FB 9A FD 3D 00 89 0C CD CF AA 
F1 FA FF 26 01 CC 0C C3 F8 FB FB 21 FF B9 FF 81 23 B1 50 95 
F3 FB 00 3C 01 5B 11 DD F9 32 FD 54 FE A2 FF BA 1A 32 F7 35 
F1 FC 00 38 01 E0 0B 20 FA C3 FF 81 FF 4A 00 85 0F BF 0C BC 
F1 FD FD FD 03 70 FE 8E FB 1F 01 24 FE C7 FF 8A 06 34 37 E4 
F3 FE FF 58 01 38 0C 14 FA 48 FF E2 FF 95 FF C5 09 58 55 45 
F1 FF 01 6A 01 EB 06 31 FA 9D FE 63 FF FD 00 7E 0A 35 35 9B 
F1 00 02 3D 00 D6 07 BA FA 1C FD 27 FF 7D FF 91 03 32 6A 33 
F3 01 01 52 00 B9 06 E0 F9 BD FD CA FE C6 FF CE 05 4A 3C B6 
F1 02 FE AE 00 AF 09 BB F9 C2 FF 59 FE E9 00 79 04 02 6A 09 
F1 03 FE B2 00 24 09 D5 FA EE 00 01 FF DF FF 9B 03 73 FC 52 
F3 04 00 1C FF F8 08 74 FB 94 FF 7B 00 8D FF D5 04 DC D3 F3 
F1 05 FF C2 00 26 09 03 FB E9 FE FD 00 CB 00 80 04 5F 01 F7 
F1 06 01 99 FF 2F 0E 23 FC 5E 00 1F 00 FB FF 9D 03 05 99 FD 
F3 07 01 9F FE 86 05 E6 FF BC FF E0 00 61 FF EB 13 B0 A7 61 
F1 08 01 15 00 46 08 6B FF E1 FF FF FF F7 00 74 05 9E 20 50 
F1 09 00 DE FF F8 08 08 FF E0 00 03 FF F8 FF A3 06 48 30 48 
F3 0A 00 B5 00 18 07 F0 FF DE 00 01 FF FB FF EB 08 FB 76 76 
F1 0B 00 49 00 28 07 86 FF DF 00 02 FF F9 00 79 0A 49 3D 3C 
F1 0C 00 9A FF F4 07 CE FF DF 00 02 FF F6 FF A7 06 ED D1 16 
F3 0D 00 7B 00 12 07 C9 FF E3 00 04 FF F8 FF E7 0A A9 DB 01 
F1 0E 01 00 FF FB 07 55 FF E8 00 05 FF FC 00 7B 0B FA BA DC 
F1 0F 00 B0 00 0C 07 EA FF DC 00 00 FF F9 FF A8 09 26 F3 91 
F3 10 00 B9 00 0C 07 F4 FF DB FF FE FF FA FF E3 03 D1 2C DA 
F1 11 00 AB 00 08 07 D8 FF E0 00 02 FF FA 00 7C 02 2B E8 FC 
F1 12 00 B4 00 17 07 DD FF DF 00 02 FF FA FF A7 02 65 8D F0 
F3 13 00 B1 00 19 07 D5 FF DF 00 02 FF FA FF E3 02 45 9B AF 
F1 14 00 A3 00 02 07 E0 FF E1 00 03 FF F9 00 7F 01 E7 E9 D5 
F1 15 00 A4 00 02 07 DB FF DE 00 02 FF FA FF A5 02 E2 72 76 
F3 16 00 9A 00 15 07 BC FF DF 00 02 FF FB FF E6 00 40 7C 48 
F1 17 00 9A 00 15 07 D9 FF DF 00 03 FF F9 00 80 06 61 FB 27 
F1 18 00 91 00 1E 07 D2 FF E2 00 00 FF FA FF A4 0A D6 CB E7 
F3 19 00 9A 00 0F 07 D5 FF E1 00 03 FF F9 FF E6 0E 49 43 07 
F1 1A 00 A7 00 18 07 D6 FF E1 00 02 FF FA 00 83 0D D8 4C F1 
F1 1B 00 92 00 08 07 DE FF E0 00 03 FF FA FF A6 02 86 D0 2B 
F3 1C 00 A2 00 02 07 E6 FF DF 00 01 FF F9 FF EE 03 82 78 D3 
F1 1D 00 9B 00 15 07 F0 FF E0 00 02 FF FB 00 80 05 89 9A 73 
F1 1E 00 AF 00 10 07 D2 FF E0 00 02 FF FB FF A7 07 76 99 19 
F3 1F 00 91 00 19 07 CF FF E1 00 01 FF FB FF E4 09 B8 07 5D 
F1 20 00 AB 00 2B 07 D0 FF E1 00 03 FF FA 00 7A 09 DA 58 78 
F1 21 00 A5 00 02 07 DC FF E0 FF FF FF FA FF A9 08 0F F4 3D 
F3 22 00 97 00 1E 07 DD FF DF 00 00 FF FB FF EB 07 50 54 C5 
F1 23 00 9E 00 05 07 C9 FF E0 00 02 FF F9 00 84 03 03 F9 71 
F1 24 00 A8 00 18 07 EB FF DF 00 03 FF F9 FF A3 0C D0 AE 21 
F3 25 00 A3 00 11 07 CD FF E1 00 01 FF F9 FF DF 0C 63 42 10 
F1 26 00 A1 00 07 07 E8 FF DF 00 01 FF FA 00 83 08 7D 42 97 
F1 27 00 A1 00 0C 07 CD FF E0 00 01 FF FA FF A8 0B 57 34 47 
F3 28 00 9E 00 11 07 DE FF E0 00 04 FF FA FF E5 09 03 97 59 
F1 29 00 9E 00 1D 07 F0 FF E0 00 02 FF F9 00 7D 03 BC EC 3C 
F1 2A 00 A1 00 1D 07 E9 FF E0 00 03 FF FA FF A7 05 99 1F 88 
F3 2B 00 98 00 0A 07 CB FF DF 00 01 FF FB FF E5 04 8C D7 F7 
F1 2C 00 98 00 08 07 F1 FF E0 00 01 FF FC 00 7B 08 27 40 53 
F1 2D 00 A1 00 1B 07 CA FF E1 00 00 FF F9 FF A8 09 48 5F BE 
F3 2E 00 A3 00 18 07 CF FF DF 00 01 FF F9 FF E4 05 E0 B3 FE 
F1 2F 00 96 00 12 07 EB FF E0 00 03 FF F8 00 7E 07 E4 BB 77 
F1 30 00 A3 00 16 07 CF FF E0 00 02 FF FB FF A2 00 33 67 60 
F3 31 00 A0 00 03 07 E2 FF E1 00 02 FF FB FF E8 03 D9 8B 1C 
F1 32 00 A3 00 18 07 DA FF DE 00 00 FF FA 00 7B 02 4F 3A BE 
F1 33 00 A2 FF FD 07 CE FF E0 00 02 FF F8 FF A7 02 15 BD 64 
F3 34 00 A3 00 12 07 A7 FF E0 00 02 FF FB FF E7 01 6F C3 32 
F1 35 00 A1 00 1D 07 D3 FF DF 00 03 FF FA 00 7A 01 01 C7 08 
F1 36 00 9E FF FF 07 D5 FF E0 00 02 FF F8 FF A4 01 A2 5F D7 
F3 37 00 B0 00 02 07 DF FF E1 00 02 FF FB FF EA 03 03 32 29 
F1 38 00 B3 00 0B 07 C7 FF E1 00 02 FF FC 00 76 01 EB 56 10 
F1 39 00 AE 00 12 07 BA FF E0 00 02 FF FA FF AA 02 59 7D D6 
F3 3A 00 9E 00 0F 07 DD FF DF 00 03 FF F9 FF E3 01 50 88 BC 
F1 3B 00 A1 00 1A 07 E4 FF E2 00 01 FF F9 00 76 02 19 A9 AD 
F1 3C 00 AF FF FF 07 E8 FF DF 00 02 FF F9 FF A8 04 E4 34 37 
F3 3D 00 A4 00 17 07 DB FF DF 00 00 FF FA FF E7 04 97 13 C4 
F1 3E 00 A8 00 11 07 E0 FF DF 00 00 FF FA 00 80 04 C7 CB A3 
F1 3F 00 98 00 10 07 D9 FF DF 00 02 FF FA FF A5 03 89 BE D7 
F3 40 00 AB 00 09 07 C2 FF E0 00 03 FF F9 FF E6 00 94 EE 85 
F1 41 00 A2 00 1B 07 DC FF DE 00 04 FF FA 00 73 03 AB 27 CE 
F1 42 00 90 00 1A 07 D6 FF DE 00 01 FF F8 FF A6 02 55 0A F2 
F3 43 00 9A FF FD 07 D9 FF DF 00 01 FF FB FF E9 05 1D DB 4E 
F1 44 00 A1 00 08 07 E1 FF E1 00 03 FF FB 00 7E 03 39 A4 BE 
F1 45 00 9E 00 04 07 DF FF E0 00 03 FF FB FF A0 02 9D 82 90 
F3 46 00 94 00 05 07 D6 FF DF 00 01 FF FC FF EA 03 5E 7D DE 
F1 47 00 A3 00 08 07 DA FF E0 00 03 FF FB 00 81 01 84 C9 26 
F1 48 00 9D 00 0D 07 D8 FF E0 00 03 FF FA FF A2 03 C8 2F 1B 
F3 49 00 A1 00 1E 07 CA FF E0 00 00 FF F9 FF E8 FF CA 16 9E 
F1 4A 00 A8 00 0B 07 E2 FF E2 00 01 FF F9 00 79 06 1A 18 44 
F1 4B 00 AC 00 19 07 C1 FF E0 00 01 FF FA FF A6 05 08 90 75 
F3 4C 00 A7 00 15 07 C7 FF E1 00 03 FF F9 FF E1 04 4F DF C6 
F1 4D 00 8C 00 05 07 DD FF E0 00 03 FF FA 00 7A 03 9B F3 53 
F1 4E 00 A2 00 09 07 D6 FF E0 00 00 FF F8 FF A6 01 F8 87 3C 
F3 4F 00 98 00 16 07 C8 FF DE 00 02 FF FA FF E4 02 B8 C2 71 
F1 50 00 A6 00 1E 07 DD FF E0 00 00 FF FB 00 7E 00 12 E7 0A 
F1 51 00 9E 00 20 07 E0 FF E0 00 01 FF FC FF A4 02 55 00 1B 
F3 52 00 BB 00 12 07 CB FF DF 00 02 FF FA FF EC 02 86 9E 73 
F1 53 00 9B 00 16 07 D5 FF E0 00 00 FF FB 00 75 01 ED 63 5D 
F1 54 00 B1 00 0A 07 A5 FF E0 00 04 FF F9 FF A6 03 CD F5 88 
F3 55 00 A3 00 04 07 D0 FF DF 00 00 FF FB FF E9 00 2B B0 E3 
F1 56 00 A5 00 02 07 C4 FF DE 00 02 FF F9 00 83 02 46 2F DF 
F1 57 00 90 00 0C 07 DD FF E0 00 02 FF F9 FF A4 01 9F B2 A1 
F3 58 00 A2 00 06 07 C8 FF E0 00 04 FF F9 FF E7 03 3E 52 C5 
F1 59 00 A7 FF FD 07 F2 FF E0 00 02 FF F9 00 80 02 CA BE 40 
F1 5A 00 98 00 0F 07 BB FF DE 00 03 FF F8 FF AC 00 DD F6 33 
F3 5B 00 A6 FF FE 07 C3 FF DF 00 01 FF FC FF E4 04 27 34 3E 
F1 5C 00 A5 FF FE 07 D4 FF DE 00 02 FF FB 00 7C FF FC 52 15 
F1 5D 00 A4 00 01 07 D4 FF E0 00 01 FF FB FF A7 04 21 11 BB 
F3 5E 00 A3 00 0C 07 E6 FF E2 00 04 FF FC FF ED 00 6E CB BE 
F1 5F 00 A2 00 18 07 C5 FF E0 00 02 FF FA 00 84 02 C8 13 AA 
F1 60 00 AD FF FD 07 BE FF E0 00 02 FF FB FF A7 00 ED E8 A0 
F3 61 00 A1 00 09 07 D0 FF DF 00 01 FF FA FF DE 02 78 89 D4 
F1 62 00 B5 00 0C 07 CD FF DF 00 01 FF F9 00 7A 01 E9 A1 1C 
F1 63 00 B7 00 12 07 CB FF E0 00 04 FF F9 FF A8 01 B1 11 0D 
F3 64 00 A5 00 14 07 D0 FF E0 00 01 FF FB FF E6 01 42 74 65 
F1 65 00 86 00 16 07 DC FF E0 00 01 FF FA 00 7E 01 E7 46 DF 
F1 66 00 99 00 09 07 D9 FF DD 00 02 FF FA FF A5 01 D1 C2 A9 
F3 67 00 A1 00 0C 07 D0 FF E0 00 00 FF F9 FF E9 01 88 6B CA 
F1 68 00 AE 00 1A 07 FA FF E0 00 01 FF FA 00 83 02 4C 8D 5C 
F1 69 00 B3 00 09 07 D2 FF E0 00 03 FF F8 FF A4 01 42 C8 D2 
F3 6A 00 99 00 01 07 F0 FF E0 00 01 FF FB FF E9 01 8C 16 E3 
F1 6B 00 8D 00 08 07 DB FF E0 00 02 FF FB 00 7E 01 90 A0 78 
F1 6C 00 94 00 18 07 C4 FF E0 00 03 FF FA FF A2 01 39 B0 FA 
F3 6D 00 9B 00 0F 07 B6 FF E1 00 01 FF F9 FF E0 01 19 FA A9 
F1 6E 00 AC 00 14 07 BD FF DF 00 01 FF F9 00 79 02 0A C5 85 
F1 6F 00 AE 00 14 07 E4 FF E0 00 03 FF F8 FF A8 01 52 C2 DC 
F3 70 00 94 00 0E 07 DB FF DF 00 02 FF FA FF E8 01 7C CB CB 
F1 71 00 98 00 18 07 CB FF DF 00 02 FF FB 00 7B 01 56 1E CC 
F1 72 00 8B 00 0E 07 DF FF E1 00 01 FF FA FF AB 01 4F 47 69 
F3 73 00 A6 00 03 07 DA FF E0 00 02 FF FA FF EA 01 20 6E 38 
F1 74 00 A9 00 1E 07 BE FF DE 00 02 FF F8 00 76 02 8C F5 F7 
F1 75 00 AB 00 17 07 DA FF DF 00 01 FF FA FF AA 00 5D C8 57 
F3 76 00 A4 00 16 07 F0 FF DF 00 01 FF F9 FF E0 01 9C 75 26 
F1 77 00 9D 00 16 07 E4 FF E0 00 01 FF FA 00 7F 01 F1 EB FE 
F1 78 00 91 00 0E 07 D8 FF E0 00 03 FF FA FF A4 01 9E 90 BB 
F3 79 00 9F 00 1C 07 BF FF DE 00 01 FF FA FF E8 01 53 5D EF 
F1 7A 00 9A 00 14 07 CD FF DF 00 00 FF FA 00 7D 03 A8 0A 81 
F1 7B 00 A7 00 0E 07 C4 FF DE 00 02 FF F9 FF A4 04 95 9D C4 
F3 7C 00 9E 00 15 07 D3 FF DE 00 02 FF FA FF E4 03 9E 30 46 
F1 7D 00 95 00 26 07 D8 FF DF 00 02 FF FA 00 80 04 81 A7 E8 
F1 7E 02 87 00 89 04 81 FF EF 00 00 00 03 FF A6 37 C0 C2 4C 
F3 7F 00 86 FF EE 07 5D FF E5 00 03 FF FC FF E3 18 5B 48 15 
F1 80 00 96 00 2E 07 D3 FF D9 00 01 FF F8 00 76 10 50 68 06 
F1 81 00 B5 FF F3 07 84 FF DF 00 01 FF F9 FF A7 07 50 43 7E 
F3 82 00 B6 00 1F 07 C9 FF DE 00 02 FF FA FF E7 01 DC 44 6C 
F1 83 00 B3 00 08 07 D5 FF E0 00 02 FF FA 00 7E 02 60 F2 B1 
F1 84 00 9B 00 0B 07 BA FF DF 00 01 FF FB FF A7 00 EC 08 32 
F3 85 00 9A 00 02 07 C5 FF DF 00 01 FF F9 FF EA 01 63 70 DE 
F1 86 00 9E 00 0E 07 E7 FF DF 00 03 FF FB 00 7C 04 8B 08 BE 
F1 87 00 A2 FF FF 07 E6 FF E1 00 03 FF F9 FF A2 04 C2 AD 0A 
F3 88 00 AC 00 1D 07 C6 FF E1 00 01 FF FA FF EA FC EE 42 52 
F1 89 00 97 00 1A 07 D3 FF E0 00 03 FF F9 00 7E 08 F9 94 AD 
F1 8A 00 99 00 03 07 CF FF DE 00 01 FF FB FF A8 06 86 39 29 
F3 8B 00 A0 00 1A 07 CF FF E0 00 03 FF FA FF E7 0C 00 B9 FC 
F1 8C 00 9A 00 22 07 E1 FF E0 00 02 FF F8 00 7E 07 7A 19 5B 
F1 8D 00 9F 00 15 07 B6 FF E0 00 01 FF FA FF A8 02 E1 38 C7 
F3 8E 00 B0 00 1B 07 ED FF E1 00 01 FF FA FF E1 05 88 78 CE 
F1 8F 00 B0 00 07 07 D5 FF E1 00 01 FF F9 00 7C 00 EC 91 2B 
F1 90 00 A4 00 12 07 C6 FF E1 00 02 FF FA FF A7 02 21 52 04 
F3 91 00 A1 FF FE 07 CA FF E0 00 00 FF FA FF E3 02 24 1E 51 
F1 92 00 9E FF FE 07 DE FF DF 00 01 FF FB 00 7C 00 FA 7A 1E 
F1 93 00 98 00 19 07 F8 FF DD 00 02 FF FA FF A4 05 1F 32 C1 
F3 94 00 98 00 15 07 D2 FF E0 00 04 FF F9 FF E4 FF F3 2E 5F 
F1 95 00 99 00 0D 07 E1 FF DF 00 02 FF FA 00 7E 03 8E D4 3D 
F1 96 00 A5 00 11 07 D1 FF DF 00 01 FF F9 FF A8 00 14 B0 11 
F3 97 00 AF 00 05 07 CE FF E0 00 01 FF FA FF E7 01 EB 69 E2 
F1 98 00 96 FF F8 07 C8 FF DE 00 03 FF F9 00 7D 02 2F D5 E4 
F1 99 00 9B 00 16 07 F5 FF E0 00 01 FF F9 FF AA 01 42 5D 1E 
F3 9A 00 AD 00 17 07 E2 FF DF 00 01 FF FA FF E3 02 3C 6B DF 
F1 9B 00 A2 00 0B 07 C8 FF DE 00 01 FF FA 00 7C 02 41 3F 1A 
F1 9C 00 A1 00 01 07 DF FF DF 00 03 FF F9 FF A5 04 17 16 AC 
F3 9D 00 9A 00 0E 07 C9 FF E0 00 02 FF FA FF E9 02 F2 D1 6C 
F1 9E 00 A4 00 16 07 E0 FF DF 00 01 FF FB 00 7C 01 9A 81 F8 
F1 9F 00 9E 00 1A 07 E2 FF E0 00 01 FF FB FF A7 00 49 FC E3 
F3 A0 00 87 00 19 07 CF FF DF 00 02 FF F9 FF E2 03 3D 3F 3B 
F1 A1 00 A5 00 19 07 D3 FF E0 00 02 FF FA 00 86 05 A6 BF 5B 
F1 A2 00 9E 00 0B 07 D1 FF E0 00 02 FF FA FF A4 00 6D 91 95 
F3 A3 00 9B 00 15 07 C1 FF E0 00 03 FF FA FF E7 02 93 17 ED 
F1 A4 00 A6 00 0E 07 C5 FF E0 00 02 FF F9 00 80 01 D2 D9 C4 
F1 A5 00 A0 00 1B 07 B8 FF E0 00 01 FF F8 FF A2 01 56 D9 FF 
F3 A6 00 9B 00 17 07 CA FF DF 00 02 FF FA FF E7 01 45 3E EA 
F1 A7 00 A0 00 15 07 E2 FF DF 00 03 FF FA 00 7F 01 AF 35 B9 
F1 A8 00 A7 00 15 07 D0 FF E1 00 03 FF F8 FF A9 01 DF C6 92 
F3 A9 00 A0 00 0C 07 C5 FF DF 00 02 FF F9 FF EA 01 8D 71 15 
F1 AA 00 95 00 18 07 DB FF E0 00 03 FF FB 00 7E 02 8D 69 43 
F1 AB 00 A3 00 09 07 CF FF E0 00 02 FF FA FF A6 01 B6 6C 34 
F3 AC 00 A4 00 05 07 CD FF E0 00 01 FF F9 FF E7 02 A2 23 21 
F1 AD 00 9D 00 10 07 D8 FF DF 00 02 FF F9 00 7C 02 06 91 3F 
F1 AE 00 9E 00 1A 07 D9 FF DF 00 02 FF FA FF A7 02 1E B9 C4 
F3 AF 00 AB 00 0F 07 BF FF DF 00 02 FF FA FF EA 01 5F A4 DE 
F1 B0 00 9B 00 17 07 C3 FF E0 FF FF FF F9 00 81 FF DF 6B 2F 
F1 B1 00 A3 00 1A 07 C1 FF E0 00 03 FF FB FF A7 03 6C 77 DF 
F3 B2 00 A2 00 09 07 DC FF DE 00 01 FF FB FF E6 01 B6 7E B4 
F1 B3 00 A9 00 16 07 E7 FF DF 00 00 FF FA 00 83 02 02 D8 87 
F1 B4 00 AC 00 12 07 F0 FF E0 00 02 FF F8 FF A6 01 BC 9B AF 
F3 B5 00 A5 00 0F 07 D4 FF DF 00 02 FF FA FF E9 02 08 FF EF 
F1 B6 00 9B 00 1D 07 D4 FF E0 00 02 FF F9 00 7C 02 7E C4 F7 
F1 B7 00 9D 00 05 07 D9 FF DF 00 02 FF FA FF A5 02 EE 85 8B 
F3 B8 00 A5 00 18 07 D2 FF DF 00 01 FF FA FF E6 00 EB 59 41 
F1 B9 00 A0 00 0E 07 CD FF E0 00 02 FF F9 00 7C 01 83 BB BD 
F1 BA 00 96 00 1F 07 D8 FF E0 00 01 FF F9 FF A6 04 4A 86 6E 
F3 BB 00 A2 00 09 07 D5 FF E0 00 02 FF F9 FF E5 01 AE 42 9C 
F1 BC 00 AD 00 1A 07 C9 FF E2 00 02 FF FA 00 84 01 C3 92 00 
F1 BD 00 9B 00 18 07 C1 FF E2 00 02 FF F9 FF A5 00 85 A0 EB 
F3 BE 00 9B 00 16 07 C8 FF E0 00 02 FF FA FF E7 01 66 3A 7C 
