F1 BB 00 87 FF FA 07 BD FF E0 00 03 FF FA 01 02 01 53 81 8E 
F1 BC 00 84 00 0B 07 C8 FF DF 00 02 FF FB FF 17 04 14 23 F6 
F3 BD 00 8B 00 04 07 EF FF DF 00 00 FF FB 00 3F 0A 39 0C F7 
F1 BE 00 86 FF F8 07 DF FF DF 00 01 FF FC 00 FE 09 2C 9F A4 
F1 BF 00 85 FF FA 07 B1 FF DF 00 03 FF FB FF 16 05 34 C8 20 
F3 C0 00 7B 00 05 07 CA FF DF 00 01 FF FA 00 37 03 E6 72 83 
F1 C1 00 82 00 0E 07 CE FF DD 00 02 FF FB 01 02 01 A7 F1 74 
F1 C2 00 81 00 10 07 CE FF E0 00 04 FF FC FF 13 09 FA 96 87 
F3 C3 00 7E FF F9 07 DC FF DE 00 04 FF FB 00 3C 03 65 DD 22 
F1 C4 00 7A 00 14 07 FC FF DF 00 01 FF FC 01 01 06 7E 03 A0 
F1 C5 00 84 00 18 07 E9 FF E0 00 02 FF FA FF 12 04 57 10 71 
F3 C6 00 89 00 12 07 D1 FF E0 00 03 FF FB 00 39 02 36 E6 CF 
F1 C7 00 7E 00 05 07 DF FF DF 00 02 FF FC 01 06 06 B2 6D B1 
F1 C8 00 83 00 14 07 C9 FF DF 00 02 FF FC FF 13 03 9B 0F A5 
F3 C9 00 8C 00 09 07 E7 FF DD 00 02 FF FA 00 3E 05 F9 76 62 
F1 CA 00 89 00 0A 07 E9 FF DF 00 03 FF FB 00 FF 09 73 AE A9 
F1 CB 00 83 00 0C 07 D2 FF E0 00 02 FF FB FF 0E 01 18 61 1D 
F3 CC 00 7B 00 10 07 CD FF DF 00 03 FF FA 00 40 07 F2 6A D6 
F1 CD 00 7E 00 01 07 C5 FF DF 00 02 FF FB 00 F8 01 7D C1 CF 
F1 CE 00 7B 00 0B 07 E1 FF E0 00 02 FF FA FF 10 00 B9 91 CB 
F3 CF 00 83 00 06 07 F7 FF E0 00 02 FF FA 00 41 07 30 AF 9C 
F1 D0 00 89 00 04 07 DF FF DF 00 02 FF FC 01 08 00 84 76 5D 
F1 D1 00 74 00 0B 07 C8 FF DE 00 02 FF FC FF 12 05 BB 0E 3C 
F3 D2 00 7A 00 0A 07 C4 FF DF 00 02 FF FA 00 3F 04 24 60 28 
F1 D3 00 85 00 11 07 D6 FF DE 00 02 FF F9 01 07 02 51 CE CE 
F1 D4 00 82 00 11 07 EB FF E0 00 01 FF FA FF 15 04 7F DE 0B 
F3 D5 00 7D 00 07 07 C1 FF E0 00 02 FF FB 00 40 02 4B AD 5A 
F1 D6 00 77 00 07 07 CB FF DE 00 03 FF FA 00 FE 05 09 85 34 
F1 D7 00 85 00 16 07 C8 FF E0 00 02 FF FB FF 10 04 D5 02 B1 
F3 D8 00 8B 00 05 07 DE FF DF 00 03 FF FC 00 3E 01 4F 33 3B 
F1 D9 00 87 00 0C 07 D6 FF E0 00 02 FF FB 01 03 06 CC F9 05 
F1 DA 00 84 00 0C 07 CD FF DF 00 02 FF FB FF 12 01 F1 FF 34 
F3 DB 00 74 00 0E 07 F4 FF DF 00 03 FF FA 00 43 04 01 9D D1 
F1 DC 00 7E 00 14 07 D2 FF E0 00 01 FF FC 01 09 05 31 D1 8C 
F1 DD 00 7B 00 17 07 E2 FF DE 00 03 FF FB FF 0F 00 D8 58 C5 
F3 DE 00 72 00 06 07 C9 FF DF 00 02 FF FB 00 3C 08 85 B5 25 
F1 DF 00 82 00 10 07 D9 FF DF 00 04 FF FB 01 00 02 A7 B8 5D 
F1 E0 00 83 00 19 07 E1 FF E0 00 05 FF FB FF 10 03 B4 69 CC 
F3 E1 00 7B 00 0A 07 B7 FF E0 00 02 FF FB 00 3E 08 BF 98 11 
F1 E2 00 7E 00 0C 07 DA FF DD 00 03 FF FB 00 FD 03 A1 64 8C 
F1 E3 00 89 00 23 07 F6 FF DF 00 01 FF FB FF 0E 08 A4 CF 8F 
F3 E4 00 76 00 16 07 DF FF E0 00 02 FF FC 00 3B 04 82 A3 A5 
F1 E5 00 72 00 04 07 EB FF DF 00 03 FF FB 00 FB 07 F2 54 14 
F1 E6 00 84 00 01 07 D8 FF DF 00 02 FF FB FF 11 08 B4 75 A1 
F3 E7 00 85 00 08 07 E0 FF E0 00 04 FF FB 00 3E 03 61 43 09 
F1 E8 00 78 00 16 07 DB FF DF 00 02 FF FA 00 FB 03 60 F4 C8 
F1 E9 00 7A 00 0B 07 CD FF E1 00 03 FF FC FF 14 07 A4 30 24 
F3 EA 00 87 FF FC 07 CD FF DF 00 02 FF FA 00 3C 07 97 7C 9A 
F1 EB 00 7D 00 0F 07 C7 FF DF 00 02 FF FB 00 FB 07 4F BD C1 
F1 EC 00 88 00 14 07 DF FF DF 00 01 FF FC FF 0D 05 7B C7 EE 
F3 ED 00 6F 00 05 07 D2 FF DE 00 01 FF FB 00 38 03 B9 7E 29 
F1 EE 00 82 FF F9 07 BB FF DD 00 03 FF FA 01 01 09 43 D7 07 
F1 EF 00 87 00 07 07 EA FF DD 00 03 FF FA FF 0A 0A 28 92 7B 
F3 F0 00 7B 00 0A 07 E7 FF DF 00 01 FF FA 00 3C 0A 61 BB 2E 
F1 F1 00 74 00 06 07 D6 FF DF 00 03 FF F9 01 06 05 9A 99 0F 
F1 F2 00 77 00 03 07 B8 FF E0 00 02 FF FC FF 0F 05 41 98 E7 
F3 F3 00 68 00 17 07 D4 FF E1 00 03 FF FB 00 3D 08 2C 78 C6 
F1 F4 00 76 00 0C 07 DC FF DF 00 00 FF FA 00 FA 06 C3 4C 45 
F1 F5 00 7D 00 11 07 F0 FF DD 00 02 FF FB FF 10 06 7D FA C7 
F3 F6 00 7C 00 0A 07 D9 FF E0 00 03 FF FA 00 43 03 50 69 AE 
F1 F7 00 86 00 11 07 BC FF E0 00 02 FF FB 00 FD 09 A8 8D EE 
F1 F8 00 82 00 08 07 D5 FF DE 00 02 FF F9 FF 10 07 EC 6E 7D 
F3 F9 00 84 00 06 07 E5 FF E0 00 03 FF FB 00 41 07 12 74 DA 
F1 FA 00 7F 00 0D 07 ED FF DE 00 02 FF FC 01 0E 05 43 89 75 
F1 FB 00 7A 00 0C 07 CA FF E0 00 03 FF FC FF 13 04 63 7E 1F 
F3 FC 00 7B 00 17 07 CA FF DF 00 02 FF FC 00 3D 0A A7 38 D1 
F1 FD 00 70 00 01 07 D1 FF DF 00 04 FF FB 00 FE 07 C0 D9 CD 
F1 FE 00 76 00 08 07 D3 FF E0 00 03 FF FD FF 11 05 A5 F5 5F 
F3 FF 00 78 00 0B 07 D0 FF DF 00 03 FF FA 00 3D 07 A9 47 E7 
F1 00 00 77 00 15 07 F3 FF DE 00 01 FF FC 01 00 07 03 54 67 
F1 01 00 77 00 09 07 D6 FF E0 00 02 FF FA FF 11 0B 1D 12 16 
F3 02 00 82 00 10 07 DE FF E1 00 04 FF FA 00 3B 07 18 E4 D1 
F1 03 00 7E 00 0B 07 DA FF DF 00 01 FF FB 01 01 05 37 05 B2 
F1 04 00 76 00 02 07 F4 FF DD 00 04 FF FB FF 11 08 64 3A 1E 
F3 05 00 85 00 02 07 E6 FF DF 00 02 FF F9 00 3C 08 61 9D C1 
F1 06 00 8D 00 05 07 D3 FF DF 00 03 FF FC 01 02 0B D7 66 C8 
F1 07 00 85 FF FE 07 E9 FF DF 00 03 FF FB FF 13 01 CF 52 B0 
F3 08 00 6A 00 0F 07 E8 FF DE 00 03 FF FA 00 3C 05 29 EF 88 
F1 09 00 78 00 04 07 E9 FF DF 00 02 FF FA 01 05 07 D6 16 9C 
F1 0A 00 85 FF FC 07 D8 FF E0 00 04 FF FA FF 0F 06 D2 98 48 
F3 0B 00 84 00 08 07 DE FF DF 00 01 FF FA 00 39 06 D9 D2 48 
F1 0C 00 6C 00 1D 07 D4 FF DF 00 02 FF FA 00 FD 05 BE AB 0F 
F1 0D 00 78 00 05 07 B4 FF E0 00 02 FF FB FF 10 04 EE 9B 94 
F3 0E 00 90 00 0C 07 F2 FF E0 00 04 FF FB 00 3E 07 9B 69 83 
F1 0F 00 7D FF FD 07 F2 FF DF 00 04 FF FB 00 FF 03 0B 67 91 
F1 10 00 72 00 0B 07 DC FF DF 00 02 FF FA FF 0F 05 CE 4D 65 
F3 11 00 76 00 14 07 C8 FF E1 00 02 FF FA 00 3C 06 EC E4 BA 
F1 12 00 7C 00 1C 07 C9 FF DF 00 03 FF FB 01 05 02 7C 6B E8 
F1 13 00 79 00 0A 07 E7 FF E0 00 04 FF FA FF 12 0B FA 41 EA 
F3 14 00 82 00 0E 07 F1 FF E0 00 01 FF FB 00 3A 01 FD 23 98 
F1 15 00 78 00 10 07 DF FF DD 00 04 FF FB 01 02 06 7A DE 7B 
F1 16 00 7F 00 08 07 CD FF DE 00 01 FF FB FF 14 07 CD 03 90 
F3 17 00 8A 00 01 07 F4 FF E0 00 03 FF FA 00 3A 05 41 1D 86 
F1 18 00 62 00 0B 07 CD FF DF 00 04 FF FC 00 FE 0C 36 2E 65 
F1 19 00 72 00 06 07 CD FF DF 00 03 FF F9 FF 10 00 03 D2 82 
F3 1A 00 81 00 0B 07 DA FF DE 00 01 FF FB 00 3C 02 F0 A4 0A 
F1 1B 00 77 00 06 07 D8 FF E0 00 02 FF FA 00 FF 09 38 DA DD 
F1 1C 00 7D 00 08 07 EF FF E0 00 04 FF FA FF 15 04 8C 8C 51 
F3 1D 00 73 00 10 07 C4 FF E0 00 04 FF FA 00 43 07 BC 34 F3 
F1 1E 00 87 00 02 07 D4 FF DF 00 02 FF FA 01 01 03 04 28 F3 
F1 1F 00 85 00 0D 07 E9 FF E0 00 02 FF FB FF 11 02 31 8D E9 
F3 20 00 7D 00 10 07 DE FF DF 00 02 FF FA 00 3C 0A 0C 8C 69 
F1 21 00 88 00 14 07 E9 FF DE 00 04 FF F9 01 00 02 5E B6 EE 
F1 22 00 72 00 15 07 ED FF E0 00 02 FF FB FF 11 04 C2 97 F1 
F3 23 00 75 00 03 07 FB FF DF 00 04 FF FA 00 3E 07 97 EB A4 
F1 24 00 7E 00 1E 07 D6 FF DF 00 01 FF FD 00 FF 00 18 87 B7 
F1 25 00 85 00 17 07 D9 FF DD 00 03 FF FA FF 0E 0B 8E 5A AE 
F3 26 00 82 00 10 07 C7 FF E0 00 03 FF FA 00 40 03 66 3D A2 
F1 27 00 7C 00 0E 07 F4 FF E0 00 02 FF FB 01 0C 04 DB 77 39 
F1 28 00 88 00 05 07 C1 FF DE 00 03 FF FA FF 14 06 46 70 E0 
F3 29 00 69 00 06 07 D9 FF E0 00 02 FF FC 00 43 03 C3 B9 10 
F1 2A 00 7E 00 19 07 D9 FF E0 00 04 FF FA 01 0A 0A D1 88 4D 
F1 2B 00 76 00 1A 07 DD FF DF 00 01 FF FA FF 12 07 42 26 AA 
F3 2C 00 98 00 18 07 DC FF DF 00 02 FF FD 00 38 07 74 07 8E 
F1 2D 00 8D 00 06 07 D9 FF E1 00 02 FF FB 01 01 09 6F 60 45 
F1 2E 00 77 00 11 07 A6 FF E0 00 03 FF FB FF 0E 03 40 02 45 
F3 2F 00 87 00 0C 07 F0 FF DF 00 02 FF FA 00 3C 0C CF 1C 04 
F1 30 00 8C 00 16 07 DF FF E0 00 02 FF FC 00 FA 03 A6 AD CC 
F1 31 00 7D 00 14 07 D1 FF DD 00 03 FF FB FF 0F 05 36 78 71 
F3 32 00 78 00 01 07 BC FF E1 00 04 FF FB 00 40 08 8C 4D AB 
F1 33 00 7F 00 0B 07 BF FF E0 00 01 FF FB 01 08 07 5F 97 E7 
F1 34 00 85 00 0C 07 E1 FF E0 00 04 FF FC FF 18 07 56 5B E4 
F3 35 00 84 00 11 07 DD FF DF 00 01 FF FB 00 41 08 41 CF 26 
F1 36 00 85 00 15 07 EB FF DF 00 03 FF F8 01 0A 09 11 D7 BC 
F1 37 00 7F 00 0D 07 AE FF DF 00 02 FF FB FF 11 0A 8B 7F E4 
F3 38 00 82 00 0F 07 C5 FF DF 00 01 FF FC 00 3C 05 40 33 F1 
F1 39 00 7D 00 16 07 C4 FF DF 00 02 FF F9 00 FF 02 9E 96 95 
F1 3A 00 6E 00 03 07 E8 FF DF 00 02 FF FB FF 12 09 F1 A9 26 
F3 3B 00 8D FF F7 07 F1 FF DE 00 02 FF FB 00 39 08 2F C4 F7 
F1 3C 00 82 00 0B 07 DF FF E0 00 03 FF FB 00 FD 0C 4D C3 04 
F1 3D 00 7F 00 04 07 D4 FF DF 00 02 FF FB FF 0E 05 3D 96 D7 
F3 3E 00 74 00 17 07 D4 FF DF 00 03 FF FA 00 40 06 03 97 32 
F1 3F 00 78 00 0B 07 CA FF DD 00 02 FF FC 01 07 09 82 19 FD 
F1 40 00 78 00 12 07 D4 FF DF 00 00 FF FB FF 13 0A BD 19 85 
F3 41 00 86 00 27 07 E4 FF DE 00 04 FF FB 00 3D 0A 64 87 0F 
F1 42 00 8A 00 09 07 B0 FF DF 00 02 FF FB 01 00 06 37 87 D6 
F1 43 00 84 00 08 07 F2 FF DF 00 02 FF FC FF 13 07 7C 4D 71 
F3 44 00 8D 00 0A 07 ED FF E0 00 01 FF FA 00 39 09 F8 93 1B 
F1 45 00 81 00 1D 07 E4 FF DF 00 02 FF FB 01 07 07 CB FA 9C 
F1 46 00 7D 00 0C 07 D8 FF DE 00 03 FF FA FF 13 06 EF 89 E1 
F3 47 00 79 00 03 07 C5 FF E0 00 02 FF FA 00 3D 05 27 A9 7A 
F1 48 00 86 00 0E 07 EF FF DE 00 02 FF FB 01 00 0B C6 AF 67 
F1 49 00 7F 00 11 07 E9 FF DE 00 03 FF FA FF 15 0A C4 29 6C 
F3 4A 00 91 00 02 07 E9 FF DE 00 03 FF FB 00 3E 04 81 8F 92 
F1 4B 00 8D 00 20 07 D4 FF E1 00 02 FF FB 01 01 05 74 29 BB 
F1 4C 00 85 00 07 07 E5 FF E0 00 02 FF FA FF 12 05 D1 3F 27 
F3 4D 00 78 00 11 07 DB FF DF 00 03 FF FC 00 3C 0A 55 5B 0E 
F1 4E 00 7E 00 18 07 EC FF DF 00 04 FF FB 01 00 08 2F D5 9C 
F1 4F 00 87 00 10 07 C2 FF E0 00 03 FF FB FF 0A 05 55 35 5D 
F3 50 00 7F 00 02 07 CA FF DE 00 02 FF FC 00 40 0C 40 AB 9E 
F1 51 00 8A 00 09 07 D8 FF DD 00 04 FF FC 01 01 0C C0 A3 45 
F1 52 00 8D 00 14 07 C8 FF E0 00 03 FF FB FF 14 0B A9 C7 D4 
F3 53 00 86 00 0C 07 FA FF DE 00 02 FF FA 00 3C 03 9D AF F0 
F1 54 00 7A 00 19 07 AE FF E0 00 02 FF FA 01 01 06 B1 46 94 
F1 55 00 81 00 08 07 D4 FF E0 00 02 FF FA FF 13 08 E4 EC A0 
F3 56 00 7F 00 07 07 DC FF E0 00 03 FF FA 00 3B 08 14 21 08 
F1 57 00 75 00 0D 07 D2 FF E0 00 01 FF FA 00 FD 09 79 03 5D 
F1 58 00 7C 00 0F 07 D1 FF E0 00 03 FF FB FF 10 03 FE E0 B3 
F3 59 00 84 00 0F 07 C7 FF DE 00 01 FF F9 00 3C 04 BC C4 1B 
F1 5A 00 7A 00 17 07 D0 FF E0 00 02 FF FC 01 00 0A 24 A3 D5 
F1 5B 00 89 00 06 07 E7 FF DE 00 03 FF FC FF 15 08 40 98 6A 
F3 5C 00 7B 00 0B 07 DC FF E0 00 02 FF FB 00 3E 04 0B 4D EA 
F1 5D 00 83 00 05 07 CA FF E0 00 02 FF FB 01 01 07 70 02 FC 
F1 5E 00 77 FF F8 07 D0 FF DF 00 02 FF FB FF 12 05 66 2E A6 
F3 5F 00 87 00 19 07 D0 FF E0 00 02 FF FB 00 3D 0C E5 CE 1C 
F1 60 00 90 00 0E 07 E5 FF DF 00 01 FF FA 01 05 01 2A 2F C0 
F1 61 00 7A 00 11 08 02 FF DF 00 02 FF FC FF 15 05 96 FD EC 
F3 62 00 90 FF FE 07 E6 FF E0 00 03 FF FB 00 3C 08 AB 5E D0 
F1 63 00 8D 00 11 07 F7 FF E1 00 03 FF FA 01 0A 06 0F 46 F8 
F1 64 00 8D 00 10 07 F3 FF DE 00 03 FF FB FF 0D 0C 3D A7 28 
F3 65 00 7B 00 11 07 E4 FF DF 00 02 FF FA 00 3D 00 58 0B FF 
F1 66 00 8A 00 18 07 D3 FF DF 00 02 FF FA 00 FE 02 0C 52 94 
F1 67 00 79 00 2A 07 D3 FF DE 00 03 FF FB FF 12 09 4E 6E 50 
F3 68 00 82 00 05 07 D3 FF E0 00 02 FF FB 00 43 05 AB 1B DD 
F1 69 00 85 00 12 07 B6 FF DF 00 02 FF FA 01 02 08 29 65 4E 
F1 6A 00 7F 00 14 07 C8 FF DE 00 01 FF FB FF 10 02 88 37 16 
F3 6B 00 84 00 08 07 D0 FF DF 00 04 FF FA 00 3F 05 57 2B 26 
F1 6C 00 78 00 11 07 D3 FF DF 00 03 FF FA 01 02 09 51 55 61 
F1 6D 00 77 00 04 07 FC FF DF 00 03 FF FD FF 11 02 FA F5 E9 
F3 6E 00 7C 00 0B 07 DE FF DF 00 01 FF FD 00 3F 04 4C E0 4B 
F1 6F 00 82 00 12 07 EC FF E0 00 02 FF FA 01 02 04 A2 65 98 
F1 70 00 7D 00 0E 07 D1 FF DF 00 02 FF FA FF 13 01 5C 64 C2 
F3 71 00 7F 00 1A 07 D4 FF DF 00 03 FF FB 00 3C 08 BE C7 3D 
F1 72 00 6D 00 1A 07 D8 FF DF 00 02 FF FB 00 FD 01 A2 36 41 
F1 73 00 89 00 16 07 FA FF E1 00 02 FF FB FF 11 01 1D 15 92 
F3 74 00 79 00 16 07 DC FF DD 00 03 FF FC 00 3F 08 D0 9B CE 
F1 75 00 8B 00 16 07 CF FF DF 00 03 FF FB 01 00 FF A0 7C A6 
F1 76 00 86 00 14 07 F3 FF DF 00 02 FF FB FF 0B 0A E9 99 9D 
F3 77 00 7E 00 0C 07 D5 FF DF 00 02 FF FA 00 41 05 44 FA 7B 
F1 78 00 73 00 02 08 00 FF DE 00 02 FF FB 00 FF 04 80 65 66 
F1 79 00 73 00 11 07 BD FF DE 00 03 FF FA FF 16 07 50 1B 06 
F3 7A 00 8C 00 04 07 B8 FF E0 00 03 FF FB 00 35 03 E6 45 88 
F1 7B 00 8C 00 0A 07 CB FF DE 00 03 FF FA 00 FB 07 83 02 65 
F1 7C 00 83 00 06 07 F5 FF DE 00 01 FF FC FF 0F 02 5B E1 04 
F3 7D 00 83 00 0D 07 CD FF DF 00 02 FF FA 00 46 02 FB 1B C2 
F1 7E 00 7B 00 08 07 E0 FF DE 00 03 FF FA 01 06 09 99 39 16 
F1 7F 00 76 00 08 07 D6 FF DE 00 02 FF FC FF 13 04 8C E1 E4 
F3 80 00 7B 00 14 07 DC FF DD 00 01 FF FB 00 3E 07 AF 1A 17 
F1 81 00 82 00 0F 07 E8 FF DF 00 01 FF FC 01 0E 02 B8 2D 40 
F1 82 00 99 00 11 07 E9 FF DF 00 02 FF FA FF 14 08 6F 24 A3 
F3 83 00 82 00 10 07 F4 FF DF 00 03 FF FC 00 39 08 9A 30 5C 
F1 84 00 84 00 11 07 B6 FF DF 00 03 FF FB 01 00 03 95 A2 9E 
F1 85 00 85 00 1E 07 E5 FF E0 00 03 FF FB FF 0D 01 FB 4C DA 
F3 86 00 87 00 0D 07 CD FF DF 00 01 FF F9 00 41 08 21 AA 75 
F1 87 00 77 00 21 07 E4 FF DE 00 02 FF FB 01 01 08 92 9F F0 
F1 88 00 76 00 0D 07 E4 FF DD 00 02 FF FA FF 16 0C 68 19 4D 
F3 89 00 81 00 10 07 DF FF DF 00 01 FF FA 00 3B 06 41 9F BC 
F1 8A 00 86 00 23 07 D1 FF DF 00 02 FF FC 01 06 04 57 71 9F 
F1 8B 00 81 00 0B 07 C3 FF DF 00 04 FF FA FF 11 05 B6 83 2C 
F3 8C 00 7E 00 18 07 C6 FF DE 00 02 FF FB 00 45 09 E4 B5 A9 
F1 8D 00 7A 00 0E 07 ED FF DD 00 03 FF FB 01 02 09 EF ED AC 
F1 8E 00 7D 00 07 07 DC FF DF 00 04 FF FB FF 12 04 1C C5 5D 
F3 8F 00 74 00 14 07 D0 FF DF 00 03 FF FC 00 41 05 A4 A1 D2 
F1 90 00 8D 00 08 07 B8 FF E0 00 04 FF FB 00 FD 06 CE CB 97 
F1 91 00 7B 00 1C 07 C8 FF DE 00 02 FF FA FF 12 05 9F 5C 35 
F3 92 00 7C 00 19 07 E4 FF DE 00 02 FF FA 00 3A 05 E0 17 06 
F1 93 00 8B FF FE 07 DE FF E0 00 01 FF FB 01 00 04 39 83 58 
F1 94 00 86 00 14 07 DD FF DE 00 02 FF FB FF 11 0B 9A E7 13 
F3 95 00 8D FF FF 07 D5 FF DF 00 03 FF FB 00 3C 0C 0B 0D 56 
F1 96 00 90 00 10 07 D3 FF DE 00 03 FF FB 00 FF 02 93 6B A2 
F1 97 00 7A 00 12 07 DB FF DF 00 03 FF FB FF 13 05 90 06 BF 
F3 98 00 76 00 15 07 E1 FF DF 00 02 FF FC 00 3A 05 25 F3 F8 
F1 99 00 6B 00 1A 07 B9 FF DE 00 00 FF FB 01 00 08 A9 83 70 
F1 9A 00 7E 00 06 07 D2 FF DF 00 02 FF FC FF 0E 07 4F A2 DE 
F3 9B 00 75 00 03 07 D4 FF E0 00 02 FF FA 00 3F 02 C7 C0 B5 
F1 9C 00 77 00 07 07 CE FF E0 00 03 FF FB 01 00 06 06 D5 95 
F1 9D 00 7F 00 17 07 CE FF E1 00 02 FF FA FF 10 06 62 5F C3 
F3 9E 00 8D FF FB 07 ED FF DF 00 02 FF FC 00 41 09 D6 43 CD 
F1 9F 00 7A 00 05 07 EC FF E0 00 03 FF F9 01 06 05 E4 08 AB 
F1 A0 00 78 FF FC 07 C5 FF E0 00 03 FF FC FF 12 02 5F 6A B7 
F3 A1 00 83 00 11 07 DF FF DE 00 02 FF FB 00 40 09 7E 4A 9F 
F1 A2 00 8F 00 0C 07 D9 FF DF 00 03 FF FB 01 09 08 CE A9 F9 
F1 A3 00 78 00 05 07 DD FF DE 00 03 FF FA FF 13 07 63 FF C9 
F3 A4 00 7D 00 18 07 EA FF DE 00 02 FF FB 00 3E 05 2C 81 FD 
F1 A5 00 79 00 21 07 CF FF E0 00 03 FF F9 01 08 03 74 A7 02 
F1 A6 00 86 FF FE 07 B8 FF E0 00 03 FF FB FF 11 0A 25 26 74 
F3 A7 00 7F 00 06 07 CE FF DF 00 03 FF FB 00 3D 08 C8 55 5E 
F1 A8 00 6F 00 0F 07 D3 FF DF 00 03 FF FB 01 02 04 B9 9A 56 
F1 A9 00 76 00 06 07 D1 FF DF 00 04 FF FB FF 0E 05 5A 0C 43 
F3 AA 00 7A 00 19 07 F1 FF DE 00 03 FF FA 00 43 02 7A FD D1 
F1 AB 00 82 FF FB 07 DB FF DE 00 02 FF FB 00 FF 0E 49 11 4E 
F1 AC 00 84 00 18 07 D9 FF DF 00 01 FF FA FF 11 02 6E DC 9A 
F3 AD 00 7F 00 01 07 E9 FF DE 00 05 FF FB 00 3D 04 AF A9 6F 
F1 AE 00 81 00 10 07 CD FF DE 00 03 FF FB 00 FE 06 77 6E DE 
F1 AF 00 78 00 08 07 FD FF E0 00 03 FF FA FF 11 03 FA ED FE 
F3 B0 00 79 00 09 07 D2 FF DE 00 04 FF FB 00 39 07 90 6D 58 
F1 B1 00 8C 00 04 07 DE FF DE 00 01 FF FB 00 F7 00 3A 64 09 
F1 B2 00 8C 00 21 07 E5 FF DE 00 03 FF FC FF 12 01 CB D6 E0 
F3 B3 00 82 00 0F 07 CF FF DD 00 02 FF FA 00 40 08 28 92 09 
F1 B4 00 86 00 21 07 C2 FF DF 00 03 FF FC 01 06 00 1D 8C EA 
F1 B5 00 7E 00 14 07 D1 FF E0 00 03 FF FB FF 12 08 71 CD A8 
F3 B6 00 87 00 05 07 D6 FF DF 00 02 FF FB 00 41 03 8B 58 3E 
F1 B7 00 7E 00 16 07 E8 FF DD 00 04 FF FB 00 FD 02 BB 00 31 
F1 B8 00 81 00 07 07 D5 FF DE 00 03 FF FB FF 12 06 D6 02 A4 
F3 B9 00 83 00 11 07 D5 FF DE 00 03 FF FC 00 3D 02 9C 95 C9 
F1 BA 00 8D 00 14 07 CA FF DF 00 04 FF FC 01 07 03 5D 47 A9 
F1 BB 00 83 00 09 08 01 FF DA FF FF FF FB FF 10 07 91 30 AD 
F3 BC 00 97 FF F8 08 01 FF DA 00 03 FF F0 00 3A 00 4F F6 E0 
F1 BD 00 BD 00 33 08 4B FF DE 00 05 FF F1 00 F5 09 01 BE F5 
F1 BE 00 DA 00 35 06 9C FF EE FF FE 00 2F FF 12 02 E0 99 A3 
F3 BF FF 25 01 B9 09 9C 00 15 00 1D 00 2C 00 40 07 17 1C F7 
F1 C0 FD 28 07 95 0F 93 01 79 01 41 00 5B 00 FA 08 68 B8 EF 
F1 C1 FF C6 00 51 05 B7 03 3A 04 B4 00 D0 FF 12 07 3B C2 C3 
F3 C2 00 94 01 8E 09 93 02 6C 05 3A 01 29 00 43 10 18 85 6D 
F1 C3 01 66 02 06 0B 5B 02 CE 06 B4 FF 66 01 03 05 6A 54 1F 
F1 C4 FF 14 FF D9 08 CA 03 EF 08 4C FD 70 FF 0E 05 57 0A 9E 
F3 C5 FC C1 01 47 07 B0 04 48 08 86 FC C8 00 32 0C A9 5B E8 
F1 C6 FE 4D 01 BC 04 8A 02 BF 06 01 FC 39 01 0E 03 CF 6F 4F 
F1 C7 FE 39 01 08 05 14 FD F2 03 06 FA 38 FF 0A 09 D5 BD 02 
F3 C8 FD 17 00 55 07 54 FB 0F 05 5A F7 FE 00 2E 03 4A 3F B2 
F1 C9 FB EC FF EB 08 7F FB B5 07 6C F6 E4 01 23 05 DC 0A 37 
F1 CA FB 19 FF CF 07 50 FD CA 08 B7 F7 3F FF 03 0A 20 31 C7 
F3 CB FB B0 FF AD 05 DA FF 67 09 1A F7 F3 00 3F 03 0A 6D BF 
F1 CC FB 40 FF 70 03 E4 FF CC 0C A7 F7 54 01 3C 07 A8 20 89 
F1 CD F9 2A FF 34 03 32 FE E5 11 2F F6 F8 FE FC 08 00 6F CE 
F3 CE F8 D1 FE 92 05 F5 FD FA 11 C5 F8 15 00 52 07 C1 A5 90 
F1 CF F9 67 FD EB 05 A5 FE FF 0F 8C F8 87 01 5C 07 EB 16 9E 
F1 D0 F9 7F FD CF 04 18 00 A9 0F C3 F8 85 FE F7 03 66 2F 74 
F3 D1 F9 FD FE 43 01 5E 01 CB 12 5F F7 B0 00 60 08 24 31 2C 
F1 D2 F8 31 FF 5F 01 E8 03 13 11 4D F8 32 01 78 0B DF 91 B6 
F1 D3 F9 22 FE CD 01 57 04 23 0E 3D F8 B2 FE D9 09 2F C9 FF 
F3 D4 F8 95 FF 14 00 BE 04 BB 0D 04 FA 50 00 79 0A 82 F4 D1 
F1 D5 F8 9F FF 0E 01 13 05 78 0B 8D FC B1 01 7E 05 CB 66 3E 
F1 D6 F9 7B FE DB 01 92 05 FA 09 B6 FF 2E FE B9 02 8C 34 3B 
F3 D7 FA E5 FF 09 01 11 06 0F 07 03 FF D9 00 86 05 71 C2 DE 
F1 D8 FB 00 FF 76 00 5B 05 71 04 4D FE FE 01 6F 09 69 A6 77 
F1 D9 FA D1 FF 69 00 72 04 68 04 E1 FE 92 FE A6 07 B1 E6 CC 
F3 DA FA D7 FF 70 01 AE 03 E4 05 FE FF 71 00 99 04 3C 7C 23 
F1 DB FA 9E 00 5E 01 FE 04 1E 02 7D 01 AD 01 62 09 F0 CE 22 
F1 DC FA 0D 01 02 01 62 04 C2 00 D2 04 C5 FE 96 0B 84 E1 E8 
F3 DD FA 6A 01 7E 00 E9 04 C4 02 81 07 0E 00 96 06 AE C9 6C 
F1 DE F8 54 02 19 00 4E 04 02 02 0F 08 00 01 56 05 77 26 D3 
F1 DF F7 38 02 50 00 3F 02 DA 02 9A 09 01 FE 91 06 1B C0 4F 
F3 E0 F7 60 01 FC 01 93 02 A5 01 74 09 28 00 92 0B 06 CC 59 
F1 E1 F7 8E 01 FE 01 1F 03 E5 00 A6 07 FC 01 54 0A 40 5F 29 
F1 E2 F5 BF 02 22 FF 69 04 7A 00 C6 07 1E FE 95 02 41 3A EE 
F3 E3 F4 C1 01 A9 FF A9 03 EB 01 1A 08 19 00 8B 08 B8 52 4D 
F1 E4 F5 DA 00 FC 00 24 03 F6 FF E8 08 9F 01 5E 08 3E 6D 9C 
F1 E5 F5 A5 00 9F FF 99 05 27 FF EC 07 62 FE 93 0C CE 3E 87 
F3 E6 F4 B3 00 B8 FE 9E 05 99 00 7D 06 13 00 83 0B 3B 20 CA 
F1 E7 F4 92 00 87 FF 05 05 47 00 3D 05 3B 01 6B 01 6C 6F 11 
F1 E8 F5 9C 00 1A FF 50 05 E3 00 72 04 58 FE 9A 0B 28 AA 83 
F3 E9 F5 F0 00 17 FE D0 06 C1 00 9F 02 BB 00 84 0E FE CB 3A 
F1 EA F5 A8 00 36 FE 60 06 D3 01 21 01 A7 01 6C 09 D8 A6 4F 
F1 EB F5 F7 00 4D FE E9 06 AE 01 3B 01 2C FE 97 08 8E 75 92 
F3 EC F6 61 00 72 FF 14 07 11 01 2D 00 5A 00 7F 07 DC D2 D0 
F1 ED F6 21 00 9F FE 4B 07 6C 01 7C FE F3 01 6E 0A D9 18 5D 
F1 EE F6 25 00 A2 FE A0 07 27 01 ED FD CE FE 98 0B 78 6F AE 
F3 EF F6 B8 00 82 FF 0A 07 4B 01 BC FC F7 00 87 0A 86 19 38 
F1 F0 F6 CA 00 3A FE 2D 07 48 02 0A FC 64 01 74 02 CB 11 50 
F1 F1 F6 EF 00 37 FE CD 06 DE 02 B7 FB D3 FE 96 04 36 D4 CB 
F3 F2 F6 EB 00 4D FE B4 07 08 02 30 FB 4D 00 91 06 7B 35 92 
F1 F3 F6 F4 FF FE FE 58 06 C8 03 11 FA B2 01 6D 05 5D 5D FF 
F1 F4 F6 B3 FF 9D FE 84 06 17 03 58 FA 2C FE 97 05 D4 F5 0B 
F3 F5 F6 ED FF 4F FE BD 05 ED 03 08 FA 30 00 AF 06 3E 01 79 
F1 F6 F7 28 FF 16 FE 7B 06 51 02 C5 F9 F0 01 5F 04 CA 28 5F 
F1 F7 F6 53 FF 29 FD CA 06 1C 02 DF F9 48 FE 96 08 5A 20 06 
F3 F8 F5 E6 FE EC FE 72 05 19 03 C2 F9 27 00 CA 02 4A B1 91 
F1 F9 F5 99 FE 80 FF 17 04 42 02 84 F8 8C 01 4F 05 D0 28 6C 
F1 FA F4 E8 FD E0 FF C9 04 2E 02 57 F8 52 FE 99 0B 56 B5 63 
F3 FB F5 4F FD 3D 00 14 04 43 00 F8 F7 8B 00 D7 07 B7 DF 05 
F1 FC F7 9C FC 1C 01 AE 03 FB 01 37 F5 E2 01 36 07 9B 51 DB 
F1 FD F8 17 FB 57 04 3C 04 75 FF AB F4 74 FE 9A FF 5E C7 C7 
F3 FE F8 27 FA A8 05 B9 04 CC FD DC F5 BC 00 E4 02 D3 8C 0E 
F1 FF F9 3B FA 08 0A C3 04 26 FA FC F9 B1 01 1B 04 7E 58 3C 
F1 00 FB 44 F9 B9 12 CF 03 D4 F7 3F FE BF FE 9E F6 0D E9 9C 
F3 01 F3 0C 01 F6 29 49 04 F9 F9 2E 05 34 00 F6 F1 51 18 41 
F1 02 B8 D9 17 00 22 7C FD D1 F1 88 14 B1 00 F8 E0 1B 21 14 
F1 03 CB 75 31 E4 10 EF DB 75 D5 A2 16 B3 FE A7 74 27 6B 63 
F3 04 D2 3A 2D 52 0E 90 BD 67 E7 1A DC 83 00 F7 7F BC 7C 08 
F1 05 C0 A2 42 44 00 4F B7 8C D6 A8 D4 EB 01 02 7F BC 59 E2 
F1 06 DE 85 39 B0 E4 E0 C1 2A DB 66 E2 90 FE AF 7F BC 1F 30 
F3 07 EA AF 2A FD E4 48 D1 53 E7 BB E2 B3 00 94 7F BC D9 20 
F1 08 F4 D3 1F B4 E4 CB EA 35 F2 CB E8 96 01 3D AC 7E 17 37 
F1 09 FC 7C 16 1C E7 79 FB F0 F6 26 F0 E4 FE 89 B6 41 CD 76 
F3 0A FD 3C 0C 57 F0 1F 06 11 F8 7E F7 2F 00 86 11 9D 9B 26 
F1 0B FD 63 02 FB F6 91 0B 76 FA EC FC AB 01 60 0F 4A C2 CE 
F1 0C FD 52 FC 18 FA 41 0B 6F FD 7B 00 CC FE A7 32 1C 1F E1 
F3 0D FB 00 F9 81 F9 A6 05 4D FD 1C 05 77 00 9D 14 F2 CA 4D 
F1 0E FA 7B F7 CA FD 4D FF 8D 00 01 06 B4 01 6C 2B 57 98 42 
F1 0F F9 5C F8 5E FD 19 FF 4E FE 10 04 CE FE B4 09 59 BF 08 
F3 10 F5 E4 F9 B1 F9 5E FF C0 FC C4 03 BB 00 96 07 26 C1 60 
F1 11 F5 41 F9 1D F9 91 FF 18 FE EF 05 DB 01 66 0D B9 A1 A9 
F1 12 F7 9A F8 36 FA 72 FF D6 FE 85 05 96 FE B5 09 91 51 12 
F3 13 F8 DC F8 F6 F9 AE 00 E5 FE 0C 02 E9 00 85 16 79 A6 3F 
F1 14 FA 9A FA 28 FA 9D 01 3C FF A8 00 D7 01 75 05 0F 59 4B 
F1 15 FA 96 FB 20 FC 9B 02 33 01 15 01 37 FE BC 06 2C 51 ED 
F3 16 FA 5B FC 3F FC B2 02 AA 00 4A 04 3A 00 86 07 60 65 89 
F1 17 FB 1D FD C7 FC 2D 01 8C FE 83 05 E1 01 69 0A 26 DA F4 
F1 18 FA AC FF 7F FD 7A 00 85 01 50 04 6F FE BA 0C BE 31 48 
F3 19 F9 9B 00 07 FF AA 00 67 01 D4 02 C0 00 75 09 D8 37 30 
F1 1A F8 E1 FF DE FF 6B 01 49 FE C2 03 52 01 73 06 C5 5A E5 
F1 1B F9 A9 FF 80 FF F0 02 34 FB 00 05 10 FE BA 0A FA 92 A8 
F3 1C FB B3 FF 24 00 4E 03 82 F8 3D 05 52 00 74 11 74 0E 70 
F1 1D FA D3 FF 73 00 A3 04 DF F5 68 04 39 01 71 09 91 BA 2D 
F1 1E F8 A3 FF 82 00 F2 06 92 F4 64 04 3E FE B6 0F 76 08 3C 
F3 1F FC 48 FD D6 00 60 07 AF F3 CE 05 55 00 65 05 A3 7D 61 
F1 20 F8 83 FD 53 01 80 08 48 F1 5A 06 4B 01 72 04 33 86 9A 
F1 21 F7 34 FD C9 02 FF 08 F8 EE 67 06 45 FE CB 0C C1 B9 1F 
F3 22 F7 08 FB 3F 04 69 0A 3D EC E5 06 33 00 62 07 5D 3C A9 
F1 23 F7 D3 FB CB 05 00 0A 9A EF E6 06 6C 01 6F 17 87 FA 9D 
F1 24 F9 31 FB CC 08 1B 0A 18 F0 8F 05 CA FE D7 0C B9 9F 0E 
F3 25 FA 3B FB D0 07 33 0A 0F ED F7 05 1D 00 52 11 1E 6D CA 
F1 26 FA 3F FB 0E 06 58 09 B1 EF F1 05 5B 01 54 0A 5A 15 FD 
F1 27 FB 87 FB EC 07 B7 08 8C F2 91 05 E7 FE E9 08 52 02 A3 
F3 28 FE A4 FC 6B 07 34 06 D1 F8 C9 04 09 00 42 0D D3 93 E3 
F1 29 FE B6 FD 79 07 5E 04 44 FA 07 01 62 01 39 08 DE 33 96 
F1 2A FE 47 FD 3D 08 67 02 86 F7 E0 00 84 FE F9 03 E8 9E B5 
F3 2B FF DD FE 38 0B 30 02 49 F7 69 00 78 00 30 08 FB 61 3D 
F1 2C FE DA FF 4B 08 19 02 4A FC 18 FF FE 01 25 0D AF 74 2B 
F1 2D FD 7D FF E7 08 51 01 7D 00 1B 00 C0 FE FB 0D 14 89 D0 
F3 2E FE DE 00 90 08 D7 00 EF FD AC 02 3B 00 30 09 F3 A2 57 
F1 2F 01 03 01 43 0D D6 00 E6 FC 41 02 4D 01 1A 08 C0 C6 8E 
F1 30 FD C4 00 D8 08 25 01 51 FD 64 02 2C FF 03 07 42 34 04 
F3 31 FE 5A 01 63 08 97 01 46 00 46 02 4A 00 27 10 ED DC 56 
F1 32 FD 04 02 A9 0A 66 FD B5 F9 6D FE 59 01 1A 12 47 48 E9 
F1 33 03 6A FD 13 03 4D 00 69 FE B9 FF DF FF 00 07 0D 01 15 
F3 34 01 2E FC 2F 07 5C 00 05 FD D2 FE 9B 00 30 06 03 40 82 
F1 35 FF 56 01 08 07 F2 FF A9 FC 80 FE 73 01 0E 0C 21 E4 33 
F1 36 FE B0 01 9C 06 BC FF 30 FE 78 FE 56 FF 03 0D 6E 39 8A 
F3 37 FE DB 01 1B 0A EB FD E2 FF 91 FE 90 00 33 09 1E E6 3B 
F1 38 FD A0 FF 35 0A BE FE FF FF 71 FF 8B 01 0C 05 2A 65 48 
F1 39 FE D1 00 D2 08 FD 00 45 FE 0B 00 80 FF 04 0B F7 C7 71 
F3 3A FF 84 01 EB 07 5C 00 71 FD 91 00 69 00 2F 0E 76 06 EF 
F1 3B FF 7B 00 D5 07 DD 00 23 FE F9 00 94 01 09 0B C4 87 66 
F1 3C FF D1 01 7F 08 4C FF CE 00 5A 00 8C FF 09 06 F5 F2 A5 
F3 3D 01 30 00 C3 07 E9 FF F0 FF B3 00 29 00 37 05 9D 29 85 
F1 3E 00 9A 00 6C 05 DB 00 03 FE D3 FF 78 01 0D 0B 4C 24 65 
F1 3F FF F5 01 D4 08 F4 FF 68 00 E7 FF 2F FF 08 0D 28 76 DA 
F3 40 00 35 00 C9 07 A0 FF 6D 01 D4 FE CF 00 30 07 17 7A 07 
F1 41 FF B4 00 A5 08 87 FF CE 00 2A FE B5 01 01 03 1B AC F6 
F1 42 00 52 01 24 06 C9 FF E6 FF 89 FE B1 FF 08 00 F5 D8 80 
F3 43 00 E0 00 92 06 9A FF 69 FF 57 FE 5F 00 30 09 C5 EA D8 
F1 44 FF 79 00 A2 07 AB FE D4 FE CB FE 25 01 03 05 E9 9E F8 
F1 45 FE DD 01 68 06 F5 FE 3F FF DA FE 91 FF 08 02 6E B9 23 
F3 46 FF 5E 00 5A 05 D2 FD F5 FF A0 FE F4 00 37 09 85 EA 66 
F1 47 FF B7 00 9D 05 EA FD A7 FD CE FF 5F 01 02 07 A9 C1 8F 
F1 48 FE F3 00 1D 06 BF FD 21 FB 57 FF A3 FF 06 0A 86 21 B3 
F3 49 FE 23 FF F2 06 C8 FB F1 FC 11 00 7B 00 39 01 EA 15 1E 
F1 4A F4 29 04 B2 01 DD FF D2 00 55 FF D5 01 06 3D DA 1F F7 
F1 4B FF 28 00 58 05 51 FF F5 00 01 FF C3 FF 0C 08 1A BC 94 
F3 4C 00 23 FF E3 07 96 FF E5 00 04 FF F9 00 41 00 70 46 78 
F1 4D 00 5D FF F7 07 A6 FF E2 00 05 FF FD 00 F8 08 AD 31 E5 
F1 4E 00 89 00 11 08 2A FF DE 00 05 FF FA FF 12 03 83 20 44 
F3 4F 00 89 00 02 08 B9 FF D8 00 02 FF F9 00 3F 00 C3 82 24 
F1 50 00 97 00 16 08 80 FF DD 00 03 FF FC 00 FE 09 D1 C5 33 
F1 51 00 83 00 11 08 43 FF DE 00 02 FF FC FF 0E 02 EA 19 72 
F3 52 00 7A 00 1F 07 F4 FF DD 00 02 FF FB 00 3D 06 96 DA B0 
F1 53 00 7A 00 15 07 80 FF E1 00 04 FF FB 01 05 06 03 78 C3 
F1 54 00 7F 00 1A 07 BC FF E0 00 02 FF FA FF 10 00 73 53 1D 
F3 55 00 88 00 08 07 C2 FF E1 00 01 FF FB 00 42 07 83 86 41 
F1 56 00 75 00 0B 07 D4 FF DF 00 01 FF FC 01 05 00 D2 4E AD 
F1 57 00 83 00 16 07 C1 FF DE 00 04 FF FB FF 13 03 1D E0 C6 
F3 58 00 72 00 03 07 D8 FF E0 00 03 FF FB 00 43 06 4F 91 DC 
F1 59 00 82 00 02 07 C4 FF DF 00 03 FF FB 01 03 01 0C D9 10 
F1 5A 00 78 00 14 07 EB FF E0 00 02 FF FC FF 14 0E 42 66 8A 
F3 5B 00 7B 00 11 07 DC FF DF 00 02 FF FC 00 3C 03 0B 54 19 
F1 5C 00 95 00 17 07 D2 FF DE 00 02 FF FD 01 03 03 C8 2F B9 
F1 5D 00 7B 00 07 07 DB FF E0 00 03 FF FC FF 13 05 43 20 7D 
F3 5E 00 75 00 12 07 C5 FF E1 00 04 FF FA 00 3D 01 05 4D 4B 
F1 5F 00 83 00 11 07 C9 FF E0 00 03 FF FB 01 00 0A 95 1C 5D 
F1 60 00 83 00 01 07 F0 FF DE 00 02 FF FB FF 0D 05 89 DB 05 
F3 61 00 89 00 0C 08 16 FF E1 00 05 FF FD 00 37 06 13 19 4E 
F1 62 00 86 00 06 07 CF FF DF 00 02 FF FB 00 F5 07 3E 2A DE 
F1 63 00 84 00 0E 07 C5 FF DF 00 03 FF FA FF 11 03 80 D1 31 
F3 64 00 8B 00 18 07 CE FF DF 00 03 FF FB 00 3C 06 53 6E 2B 
F1 65 00 7F 00 19 07 D5 FF DF 00 03 FF FD 00 FF 06 E9 C6 24 
F1 66 00 8B 00 11 07 D8 FF DF 00 03 FF FB FF 11 05 22 E1 8D 
F3 67 00 7A 00 15 07 E4 FF E0 00 02 FF FB 00 3E 0A 72 74 DE 
F1 68 00 78 00 08 07 DB FF E0 00 02 FF FB 01 01 FF E0 C5 41 
F1 69 00 82 FF FF 07 DA FF E0 00 02 FF FB FF 13 03 5D 58 0D 
F3 6A 00 7A 00 12 07 C4 FF DF 00 01 FF FB 00 40 04 E1 27 DE 
F1 6B 00 7E 00 08 07 DC FF E0 00 02 FF FB 00 FA 08 61 65 59 
F1 6C 00 88 00 0F 07 D8 FF DF 00 02 FF FB FF 10 09 6A 35 09 
F3 6D 00 8F 00 0A 07 DF FF E0 00 02 FF FC 00 40 04 B1 D6 E9 
F1 6E 00 83 00 19 07 EA FF E1 00 02 FF FC 00 FC 06 DA DF 31 
F1 6F 00 79 00 07 07 CF FF DF 00 03 FF FA FF 12 0B C1 6E 3F 
F3 70 00 6E 00 08 07 D8 FF DF 00 04 FF FB 00 38 0A 33 BB D1 
F1 71 00 7E 00 19 07 F7 FF DF 00 01 FF FB 01 06 0B FC AD 41 
F1 72 00 7B 00 16 07 D2 FF DF 00 02 FF FA FF 0F 03 D0 F6 1D 
F3 73 00 84 00 0E 07 DF FF E0 00 02 FF FA 00 3F 07 15 75 F8 
F1 74 00 7D 00 1B 07 C3 FF E0 00 01 FF FC 01 02 0A AB F7 A9 
F1 75 00 82 00 12 07 E9 FF DE 00 02 FF FB FF 10 06 89 9A 18 
F3 76 00 83 00 08 07 F4 FF DF 00 03 FF FA 00 3E 08 4F A9 E6 
F1 77 00 8B 00 15 07 D1 FF DF 00 02 FF FC 00 F6 06 A4 85 AE 
F1 78 00 7E 00 1E 07 D5 FF DF 00 01 FF FC FF 10 07 CF 12 2F 
F3 79 00 7C 00 0C 07 D0 FF DE 00 02 FF FC 00 3C 08 B2 9E 8A 
F1 7A 00 72 00 0C 07 DB FF DC 00 04 FF FA 01 03 07 96 35 8A 
F1 7B 00 77 00 09 07 D5 FF DF 00 03 FF FB FF 14 06 5E 0D 52 
F3 7C 00 83 00 1D 07 BF FF E0 00 03 FF FC 00 3C 07 1B 02 15 
F1 7D 00 70 00 14 07 DC FF DE 00 03 FF FC 00 FE 0D 89 F7 AA 
F1 7E 00 7B 00 16 07 DE FF DF 00 03 FF FB FF 10 0C 63 3B A8 
F3 7F 00 89 00 0F 07 CF FF E1 00 01 FF FA 00 39 FC 75 91 A9 
F1 80 00 77 00 08 07 E2 FF DD 00 01 FF FB 00 F7 0F 0B 26 7C 
F1 81 00 6B FF F8 07 C7 FF DF 00 02 FF FD FF 10 10 8A A0 29 
F3 82 00 79 00 0E 07 D3 FF DF 00 03 FF FB 00 40 11 F1 1D 72 
F1 83 00 7D 00 0E 07 D6 FF DE 00 02 FF FB 01 00 0E 57 11 55 
F1 84 00 7A 00 0D 07 CA FF E0 00 02 FF FD FF 0E 03 2E 87 39 
F3 85 00 84 00 15 07 D2 FF E0 00 04 FF FB 00 3D 0A CC 0D 6C 
F1 86 00 74 00 1A 07 E2 FF DE 00 02 FF FC 00 FE 0B 84 9B 47 
F1 87 00 6E 00 0F 07 E8 FF DF 00 02 FF FA FF 16 07 52 71 B7 
F3 88 00 73 00 01 07 CA FF DF 00 02 FF FB 00 3D 06 5C E3 09 
F1 89 00 89 00 27 07 C3 FF DE 00 02 FF FC 00 FE 00 3E 09 67 
F1 8A 00 77 00 04 07 D1 FF DF 00 03 FF FC FF 12 0A B3 11 F6 
F3 8B 00 81 00 11 07 C6 FF E0 00 02 FF FB 00 46 06 C3 E1 F7 
F1 8C 00 78 00 04 07 E9 FF DF 00 02 FF FA 01 01 05 D4 2F 1E 
F1 8D 00 83 00 16 07 C9 FF DF 00 02 FF FC FF 13 06 AB 67 AB 
F3 8E 00 88 00 0D 07 B6 FF E0 00 02 FF FB 00 3F 04 E3 9C 6C 
F1 8F 00 89 00 07 07 F6 FF E1 00 02 FF FB 00 FA 0B 6C 41 05 
F1 90 00 7E 00 12 07 DD FF E1 00 03 FF FB FF 10 08 5F 9E 8D 
F3 91 00 6E 00 0D 07 E0 FF DF 00 02 FF FB 00 3E 03 BF FB 23 
F1 92 00 79 00 0A 07 E2 FF DE 00 02 FF FC 00 FF 06 35 34 E7 
F1 93 00 83 00 12 07 F2 FF DF 00 01 FF FB FF 10 06 16 2C 18 
F3 94 00 76 00 0A 07 DF FF E0 00 02 FF FB 00 39 0B 8E 39 E7 
F1 95 00 8A 00 11 07 F0 FF E0 00 04 FF FB 00 FB 00 B3 E9 80 
F1 96 00 77 00 16 07 D5 FF DF 00 01 FF FC FF 0F 09 12 97 13 
F3 97 00 7E 00 18 07 B3 FF E0 00 03 FF FC 00 43 08 32 5D E8 
F1 98 00 6E 00 1F 07 E1 FF E1 00 02 FF FC 01 03 05 33 33 EA 
F1 99 00 8F 00 1C 07 C6 FF E0 00 01 FF FA FF 14 09 2D 91 CB 
F3 9A 00 7B 00 0D 07 D9 FF DF 00 02 FF FB 00 3B 03 26 4A 31 
F1 9B 00 8B 00 1C 07 E7 FF E0 00 03 FF FB 01 01 03 DB 66 AA 
F1 9C 00 84 00 15 07 B8 FF E1 00 01 FF F9 FF 11 05 66 F2 D3 
F3 9D 00 79 00 16 07 F1 FF E1 00 03 FF FA 00 3F 04 34 4D 98 
F1 9E 00 86 00 11 07 F4 FF DE 00 02 FF FA 01 02 06 E0 F5 40 
F1 9F 00 88 00 17 07 E8 FF E0 00 02 FF FB FF 11 06 12 F8 4E 
F3 A0 00 70 00 17 07 B8 FF DF 00 03 FF FA 00 3A 01 7F 23 F6 
F1 A1 00 7C 00 0B 07 C6 FF DF 00 02 FF FC 01 02 0B 01 90 CD 
F1 A2 00 77 00 10 07 E1 FF E0 00 01 FF FB FF 10 02 AF 19 AF 
F3 A3 00 83 00 18 07 BE FF E1 00 03 FF FA 00 37 06 DB C5 0B 
F1 A4 00 82 00 12 07 CE FF DF 00 02 FF FB 01 02 03 E7 16 9A 
F1 A5 00 77 00 19 07 D3 FF E0 00 03 FF FB FF 0E 01 DC 59 EA 
F3 A6 00 73 00 09 07 E0 FF E1 00 03 FF FC 00 3B 0A 4F 14 15 
F1 A7 00 7F 00 0D 07 C1 FF E1 00 02 FF F9 00 FF 03 31 7B 1D 
F1 A8 00 7B 00 21 07 E6 FF E1 00 02 FF FB FF 11 04 E3 73 F1 
F3 A9 00 7E 00 0D 07 FC FF E0 00 02 FF FA 00 42 08 8E 27 A8 
F1 AA 00 76 00 02 07 E1 FF DE 00 02 FF FA 00 FC FF DB 9C EA 
F1 AB 00 88 00 14 07 DD FF DE 00 02 FF FB FF 0F 0B C9 F3 74 
F3 AC 00 7F 00 0B 07 C2 FF E0 00 03 FF FD 00 3F 01 79 99 E4 
F1 AD 00 79 00 0C 07 DD FF DE 00 01 FF FA 01 02 02 EB 3C 82 
F1 AE 00 7D 00 17 07 CE FF E0 00 02 FF FB FF 0E 0A AA 05 06 
F3 AF 00 7C 00 14 07 C1 FF E0 00 03 FF FC 00 42 02 C3 87 31 
F1 B0 00 7B 00 07 07 DB FF DF 00 03 FF FB 01 09 08 3D 1B 3B 
F1 B1 00 7C 00 0E 07 DB FF DF 00 04 FF FB FF 11 02 E9 97 D4 
F3 B2 00 77 00 0D 07 E0 FF DF 00 03 FF FC 00 3C 06 53 43 B6 
F1 B3 00 81 FF FD 07 DA FF DF 00 02 FF FC 00 FB 08 E0 E2 0A 
F1 B4 00 87 00 0D 07 DA FF E0 00 03 FF FA FF 14 04 DB 32 B3 
F3 B5 00 7A 00 14 07 D4 FF DE 00 01 FF FB 00 40 04 B0 3F CC 
F1 B6 00 7C 00 11 07 D3 FF E0 00 03 FF FB 01 05 08 31 E2 0A 
F1 B7 00 79 00 0F 07 CD FF DF 00 03 FF FB FF 11 03 E2 BA 62 
F3 B8 00 82 00 10 07 E8 FF DF 00 04 FF FB 00 44 0D 9B 09 80 
F1 B9 00 82 FF FD 07 C8 FF E0 00 02 FF FB 00 FD 0A 9F 02 4D 
F1 BA 00 70 00 10 07 D6 FF DF 00 01 FF FB FF 0E 09 A8 B6 FA 
F3 BB 00 95 00 12 07 C5 FF E1 00 03 FF F9 00 40 00 E4 FA D1 
F1 BC 00 83 FF FB 07 C8 FF DF 00 03 FF FC 00 FE 06 72 F3 ED 
F1 BD 00 7F 00 09 07 F3 FF E0 00 03 FF FB FF 10 09 DA EA 7D 
F3 BE 00 79 00 1D 07 B3 FF DE 00 02 FF FA 00 45 07 7F 07 27 
F1 BF 00 7E 00 0D 07 FA FF DF 00 03 FF FA 00 FC 05 8F 0D E6 
F1 C0 00 70 00 01 07 D3 FF E0 00 01 FF FB FF 0F 05 56 80 2A 
F3 C1 00 6D 00 20 07 C7 FF DF 00 02 FF FC 00 42 0A 2A 38 01 
F1 C2 00 86 00 03 07 F2 FF DF 00 01 FF FC 00 FE 0D D5 9E F4 
F1 C3 00 81 00 15 07 EC FF E0 00 01 FF FC FF 13 00 2A C4 20 
F3 C4 00 6F 00 18 07 C7 FF DF 00 01 FF FB 00 3C 0A 31 C9 31 
F1 C5 00 78 00 18 07 DC FF E0 00 02 FF FC 01 02 08 37 ED 70 
F1 C6 00 7F 00 0E 07 B1 FF DE 00 01 FF FB FF 12 08 4C 71 9A 
F3 C7 00 83 00 06 07 C9 FF E0 00 03 FF FB 00 39 05 E8 CB 3F 
F1 C8 00 90 00 17 07 C6 FF E0 00 02 FF FA 00 F7 05 61 94 EE 
F1 C9 00 82 00 09 07 E9 FF DF 00 02 FF FB FF 10 0B 03 F3 7D 
F3 CA 00 76 00 10 07 CF FF E1 00 04 FF FA 00 3C 0A AA 24 DB 
F1 CB 00 77 00 16 07 E6 FF DD 00 04 FF FB 01 01 05 F9 55 FB 
F1 CC 00 7A 00 1A 07 EB FF E1 00 04 FF FB FF 11 03 DD E1 0F 
F3 CD 00 7F 00 08 07 D6 FF E0 00 03 FF FC 00 40 08 0E EC 5F 
F1 CE 00 92 00 1F 07 C5 FF E0 00 03 FF FD 01 06 0B 32 FC 21 
F1 CF 00 74 00 17 07 EF FF DF 00 01 FF FD FF 15 0A C2 8D 05 
F3 D0 00 7A FF F6 07 C4 FF DE 00 02 FF FB 00 42 06 84 2F 80 
F1 D1 00 8B 00 0A 07 DC FF DE 00 02 FF FC 01 05 03 DC F0 71 
F1 D2 00 7F 00 12 07 E5 FF DF 00 03 FF FC FF 14 0B B4 11 0F 
F3 D3 00 83 00 0A 07 DE FF DE 00 04 FF FB 00 46 07 E3 59 C0 
F1 D4 00 79 00 0E 07 E5 FF DF 00 03 FF FD 01 01 06 F4 BC 26 
F1 D5 00 7F 00 11 07 D4 FF E0 00 03 FF FB FF 13 02 52 22 68 
F3 D6 00 8C 00 29 07 D3 FF DF 00 02 FF FC 00 42 09 EC BF C7 
F1 D7 00 72 00 09 07 D9 FF DF 00 03 FF FB 00 FC 08 A5 FC 0F 
F1 D8 00 8F 00 0F 08 06 FF DF 00 03 FF FB FF 0E 05 28 C9 2E 
F3 D9 00 83 00 01 07 E6 FF DE 00 03 FF FB 00 3B 05 F1 B1 2E 
F1 DA 00 8B 00 0A 07 EF FF DF 00 02 FF FC 01 01 05 4C DF 06 
F1 DB 00 75 00 12 07 F2 FF E0 00 02 FF FB FF 10 0B C8 40 D9 
F3 DC 00 86 00 08 07 C5 FF E0 00 02 FF FA 00 40 06 CD 54 83 
F1 DD 00 83 00 11 07 DC FF E1 00 04 FF FC 01 05 02 F9 4B 62 
F1 DE 00 73 00 17 07 E4 FF DE 00 02 FF FB FF 13 05 3F 43 0D 
F3 DF 00 79 00 11 07 E6 FF E0 00 02 FF FB 00 3F 04 DF 17 86 
F1 E0 00 78 00 1A 07 D4 FF E0 00 03 FF FD 01 02 0A A6 4D 9A 
F1 E1 00 90 00 0E 07 DC FF DF 00 01 FF FA FF 13 05 8E BF D4 
F3 E2 00 88 00 06 07 C1 FF DF 00 03 FF FB 00 41 03 65 35 C5 
F1 E3 00 83 00 02 08 14 FF DF 00 02 FF FC 00 FD 09 78 6E 7A 
F1 E4 00 8B 00 10 07 EB FF DF 00 03 FF FC FF 13 08 E5 24 DC 
F3 E5 00 83 00 16 07 E5 FF DE 00 03 FF FB 00 3D 0A 6C 03 79 
F1 E6 00 7D 00 11 07 C1 FF DE 00 02 FF FC 01 00 01 FC DE 34 
F1 E7 00 7A 00 0D 07 AC FF DF 00 03 FF FC FF 12 02 EA 0F DF 
F3 E8 00 83 00 08 07 C7 FF DF 00 01 FF FA 00 3A 07 04 70 BC 
F1 E9 00 6B 00 06 07 DE FF DE 00 04 FF FC 01 00 06 88 B7 78 
F1 EA 00 77 00 10 07 AB FF E1 00 02 FF FC FF 10 04 1F F9 5B 
F3 EB 00 77 00 12 07 E6 FF E0 00 02 FF FB 00 3B 07 B0 5C 5C 
F1 EC 00 7D 00 1A 07 DB FF DF 00 02 FF FB 00 F8 06 0A 4D E1 
F1 ED 00 84 00 16 07 D9 FF E0 00 02 FF FB FF 11 0A D5 B1 D1 
F3 EE 00 70 00 1B 07 CA FF DF 00 02 FF FA 00 40 05 86 BE 22 
F1 EF 00 72 00 2A 07 C3 FF E0 00 02 FF FC 00 FE 02 4E 92 DC 
F1 F0 00 7F FF E7 07 D9 FF DF 00 03 FF FB FF 10 05 04 17 71 
F3 F1 00 8C 00 1C 07 E4 FF E0 00 03 FF FC 00 39 FF 36 73 1D 
F1 F2 00 85 00 23 07 CE FF DF 00 02 FF FB 01 00 09 CD 10 78 
F1 F3 00 8B FF F6 07 E6 FF DF 00 01 FF FB FF 10 01 52 A1 D7 
F3 F4 00 87 00 02 07 D3 FF E0 00 03 FF FB 00 38 06 5A F4 FF 
F1 F5 00 74 00 0F 07 E1 FF E0 00 02 FF FC 00 FB 0A 19 D3 46 
F1 F6 00 77 00 0A 07 D6 FF E0 00 03 FF F9 FF 11 05 72 ED E7 
F3 F7 00 7D 00 0B 07 D4 FF DE 00 03 FF FB 00 39 08 94 CE 8C 
F1 F8 00 91 00 02 07 E8 FF DF 00 02 FF FA 00 FC 03 31 DB 9F 
F1 F9 00 90 FF FA 07 EB FF DF 00 01 FF FB FF 12 06 FA 6B 8B 
F3 FA 00 8B 00 0B 07 C1 FF DF 00 02 FF FA 00 3D 06 92 DB 31 
F1 FB 00 72 00 16 07 DE FF DF 00 02 FF FA 01 05 FF CE B4 12 
F1 FC 00 70 00 02 07 C3 FF E0 00 03 FF FC FF 12 09 63 D9 B7 
F3 FD 00 83 00 1C 07 D0 FF DF 00 02 FF FC 00 39 05 35 5E 09 
F1 FE 00 7D 00 0C 07 D0 FF E0 00 02 FF FA 00 FC 02 F1 B9 F8 
F1 FF 00 97 00 0A 07 D9 FF DE 00 02 FF FD FF 11 05 D0 31 93 
F3 00 00 8B 00 11 07 B9 FF DF 00 03 FF FC 00 40 02 23 CD 5D 
F1 01 00 8C 00 07 07 E6 FF DF 00 02 FF FA 00 FA 03 4C B4 CD 
F1 02 00 7B FF F8 07 D9 FF DD 00 02 FF FC FF 13 07 A5 53 C5 
F3 03 00 75 00 1D 07 CA FF DF 00 02 FF FB 00 3E 00 46 2B 92 
F1 04 00 6F 00 07 07 FB FF E1 00 02 FF FC 00 FF 0A CF 23 43 
F1 05 00 85 00 1E 07 E8 FF DF 00 02 FF FB FF 0F 04 E0 71 AA 
F3 06 00 7C 00 18 07 D8 FF DF 00 04 FF FB 00 40 05 17 93 0C 
F1 07 00 7F 00 07 07 DC FF DF 00 03 FF FA 00 FD 05 FE 75 95 
F1 08 00 82 FF F7 07 C5 FF DF 00 02 FF FB FF 11 01 77 38 C1 
F3 09 00 89 00 0D 07 E8 FF DE 00 03 FF FC 00 3B 07 3A 79 A3 
F1 0A 00 81 00 20 07 E5 FF DF 00 01 FF FB 00 F6 03 6D BC 9B 
F1 0B 00 84 00 0C 07 E1 FF DE 00 04 FF FC FF 10 02 A9 ED 74 
F3 0C 00 81 00 15 07 D9 FF DF 00 03 FF FB 00 3D 09 F0 52 32 
F1 0D 00 8F 00 0F 07 CF FF DF 00 03 FF FC 01 00 01 2F 55 F3 
F1 0E 00 79 00 0A 07 DA FF DD 00 01 FF FA FF 11 07 53 B4 3E 
F3 0F 00 7A 00 15 07 DE FF DF 00 02 FF FA 00 41 03 72 C2 14 
F1 10 00 76 00 03 07 D3 FF E2 00 03 FF FC 00 F8 07 A1 5F 21 
F1 11 00 81 00 06 07 D1 FF E1 00 02 FF FB FF 13 08 0D F7 66 
F3 12 00 7F FF FE 07 DC FF E0 00 01 FF FD 00 3D 04 99 8C 5A 
F1 13 00 7D 00 19 07 EA FF E0 00 01 FF FC 00 FC 01 74 F3 F5 
F1 14 00 83 00 17 07 D1 FF DF 00 02 FF FB FF 13 06 58 14 28 
F3 15 00 76 00 1D 07 C7 FF E0 00 02 FF F9 00 41 07 DB 88 15 
F1 16 00 6D FF F1 07 D4 FF DD 00 02 FF FC 01 08 08 E0 75 CE 
F1 17 00 88 00 10 07 CE FF E2 00 02 FF FB FF 13 03 8F 1B 36 
F3 18 00 87 00 2A 07 E4 FF E0 00 00 FF FB 00 3F 03 6D 90 F2 
F1 19 00 93 FF F1 07 E1 FF DE 00 03 FF FA 01 05 07 0A FC 39 
F1 1A 00 85 00 03 07 E0 FF DF 00 02 FF FC FF 13 09 9D ED 0B 
F3 1B 00 82 00 0A 07 E6 FF DE 00 03 FF F9 00 3F 0D 31 BA 43 
F1 1C 00 7B 00 06 07 DC FF DE 00 03 FF FB 00 FA 05 C9 81 25 
F1 1D 00 78 00 1B 07 DB FF E0 00 03 FF FB FF 10 05 5B 0E A2 
F3 1E 00 88 00 0A 07 E0 FF E0 00 03 FF FC 00 43 09 0D 40 11 
F1 1F 00 88 FF F4 07 E5 FF DE 00 03 FF FB 00 FD 05 46 7C 2A 
F1 20 00 A1 00 18 08 EC FF DA 00 01 FF FC FF 11 05 76 95 1D 
F3 21 00 92 00 1D 08 00 FF DF 00 00 FF FB 00 3C 04 08 1A 20 
F1 22 00 58 FF F7 07 55 FF E2 00 04 FF FC 01 00 08 9D E7 F5 
F1 23 00 8B 00 0B 07 A8 FF E0 00 03 FF FB FF 0F 0A 15 84 E7 
F3 24 00 70 00 16 07 91 FF E1 00 03 FF FB 00 3D 03 3A D3 1F 
F1 25 00 89 00 1D 07 E6 FF E0 00 02 FF FB 00 FE 07 C3 DF 45 
F1 26 00 96 00 14 08 14 FF DD 00 01 FF FC FF 0B 07 85 4E 0E 
F3 27 00 8F 00 04 07 DF FF DF 00 02 FF FB 00 3C 0D 94 E4 BC 
F1 28 00 7D 00 08 07 E8 FF DC 00 02 FF FC 00 FE 08 0D 36 72 
F1 29 00 74 00 19 07 A8 FF E1 00 04 FF FB FF 11 03 3E C9 82 
F3 2A 00 74 00 0A 07 CE FF DF 00 04 FF FA 00 3F 04 F7 E4 1F 
F1 2B 00 7C 00 0A 07 F4 FF DB 00 02 FF FC 01 05 05 C1 3F BA 
F1 2C 00 84 00 12 07 D9 FF DE 00 02 FF FC FF 0F 08 50 33 1E 
F3 2D 00 88 00 0A 07 C5 FF DF 00 02 FF FC 00 3A 06 E1 CE 72 
F1 2E 00 75 00 09 07 D5 FF E0 00 03 FF FC 01 00 01 09 6F 57 
F1 2F 00 82 00 1E 07 B3 FF DD 00 02 FF FA FF 10 09 DD CA B1 
F3 30 00 79 00 05 07 FA FF DF 00 03 FF FC 00 39 0A 01 EB 24 
F1 31 00 6A 00 0B 07 D2 FF DF 00 04 FF FB 00 F7 0B EA 16 FD 
F1 32 00 84 00 0A 07 CF FF DF 00 03 FF FB FF 14 03 5B 9B F1 
F3 33 00 87 00 0B 07 B9 FF E0 00 03 FF FB 00 40 02 71 84 92 
F1 34 00 74 00 0B 07 DD FF DF 00 04 FF FB 00 FD 05 DE E3 19 
F1 35 00 86 00 09 07 E1 FF DE 00 03 FF FD FF 0D 04 DF 21 EC 
F3 36 00 7C 00 04 07 FB FF DE 00 02 FF FB 00 40 04 A9 44 EE 
F1 37 00 8B 00 10 07 EA FF E0 00 01 FF FB 01 01 06 E2 73 23 
F1 38 00 76 00 1A 07 C4 FF DE 00 01 FF FA FF 10 06 12 CA F0 
F3 39 00 79 00 09 07 D8 FF DF 00 02 FF FC 00 3B 06 BA FD 34 
F1 3A 00 87 00 18 07 D4 FF DE 00 03 FF FC 00 F8 04 6A 41 1E 
F1 3B 00 78 00 10 07 F2 FF DF 00 02 FF FA FF 0E 02 48 D9 6F 
F3 3C 00 76 00 0E 07 CA FF E0 00 01 FF FB 00 39 07 15 04 5E 
F1 3D 00 91 00 08 07 C2 FF DE 00 03 FF FB 00 FB 03 20 57 B1 
F1 3E 00 7F 00 12 07 E7 FF E2 00 02 FF FB FF 12 08 C8 EC 46 
F3 3F 00 73 00 0D 07 E4 FF DF 00 04 FF FB 00 3E 02 FF 05 63 
F1 40 00 73 00 18 07 F4 FF DF 00 02 FF FA 01 03 07 02 62 AD 
F1 41 00 89 00 1F 07 EB FF DE 00 03 FF FC FF 0F 09 07 04 4B 
F3 42 00 82 00 16 07 E5 FF DE 00 02 FF FB 00 3A 06 4F 7F BC 
F1 43 00 77 00 0F 07 D9 FF E0 00 02 FF FB 01 00 06 86 E8 15 
F1 44 00 6F 00 0D 07 C5 FF DF 00 02 FF FB FF 10 02 DA 9A D9 
F3 45 00 7B 00 11 07 E1 FF DF 00 00 FF FB 00 43 00 0B DD DE 
F1 46 00 7F 00 0B 07 E9 FF DF 00 02 FF FC 01 06 06 D1 F5 E0 
F1 47 00 7B 00 06 07 D9 FF E0 00 02 FF FB FF 12 01 E7 AC 57 
F3 48 00 86 00 18 07 DE FF DE 00 02 FF FC 00 3A 04 56 61 76 
F1 49 00 90 00 0D 07 D3 FF E0 00 02 FF FB 00 FC 05 BF 4F 0C 
F1 4A 00 82 00 15 07 DC FF DF 00 04 FF FA FF 0F 00 D3 2F F8 
F3 4B 00 74 00 08 07 C1 FF DF 00 02 FF FA 00 40 09 80 9C 3E 
F1 4C 00 7F 00 06 07 DB FF DF 00 03 FF FB 00 FA 02 94 AC C3 
F1 4D 00 82 00 1C 07 DB FF DF 00 02 FF FA FF 0C 03 76 72 BB 
F3 4E 00 7A 00 08 07 EC FF DF 00 01 FF FD 00 39 07 DA 9E FF 
F1 4F 00 70 00 12 07 D4 FF DF 00 01 FF FD 00 F7 FD DA 1F DF 
F1 50 00 6B 00 0C 07 D9 FF DE 00 03 FF FA FF 0D 07 D1 09 CA 
F3 51 00 89 00 04 07 D0 FF DE 00 04 FF FB 00 44 02 A4 9C 6D 
F1 52 00 9D 00 08 07 DB FF DF 00 04 FF FB 01 03 03 33 99 76 
F1 53 00 86 00 10 07 B8 FF DE 00 02 FF FA FF 12 09 CA B0 2B 
F3 54 00 7E 00 01 07 D8 FF DF 00 02 FF FC 00 3C 01 29 B1 58 
F1 55 00 7F 00 16 07 ED FF DF 00 02 FF FA 00 FD 08 7D 29 5B 
F1 56 00 6C 00 15 07 DE FF DF 00 01 FF FA FF 0E 06 37 1E 68 
F3 57 00 8A 00 0B 07 F7 FF E0 00 01 FF FC 00 40 05 02 56 EC 
F1 58 00 8B 00 2C 07 D6 FF DF 00 03 FF FB 00 F5 0A B2 A1 35 
F1 59 00 86 FF FF 07 D1 FF E0 00 03 FF FB FF 15 00 35 89 F4 
F3 5A 00 8C 00 0E 07 C8 FF DF 00 03 FF FB 00 3C 07 D2 0B 50 
F1 5B 00 85 00 17 07 ED FF DF 00 02 FF FC 00 FE 04 6B ED 32 
F1 5C 00 8B 00 06 07 F1 FF E0 00 02 FF FA FF 10 05 9C 66 18 
F3 5D 00 78 00 12 07 D4 FF DF 00 02 FF FC 00 43 08 07 51 14 
F1 5E 00 7D 00 0E 07 FA FF DF 00 04 FF FC 01 00 02 6B 95 F1 
F1 5F 00 7D 00 17 07 E1 FF E1 00 03 FF FB FF 14 04 43 06 4A 
F3 60 00 7C 00 01 07 E8 FF E0 00 03 FF FA 00 46 06 2C AD 04 
F1 61 00 81 00 0F 07 FD FF DF 00 02 FF FB 01 0A 08 D1 D7 8A 
F1 62 00 84 00 16 07 DB FF E0 00 03 FF FC FF 0F 0A C2 F1 D5 
F3 63 00 74 00 01 07 E2 FF E1 00 03 FF FB 00 43 03 DE 23 70 
F1 64 00 82 00 12 07 D5 FF DE 00 03 FF FD 01 02 02 B0 96 3B 
F1 65 00 85 00 05 07 F0 FF DF 00 02 FF FB FF 11 06 94 10 47 
F3 66 00 81 00 22 07 EC FF E1 00 03 FF FB 00 3C 06 8E 08 5F 
F1 67 00 88 00 0D 07 DA FF DF 00 03 FF FA 01 02 07 EC 79 2F 
F1 68 00 83 00 02 07 DA FF DF 00 02 FF FD FF 0F 03 40 91 F2 
F3 69 00 74 00 12 07 DC FF DF 00 02 FF FB 00 40 06 5D C8 D2 
F1 6A 00 68 00 0F 07 EB FF E0 00 02 FF FB 00 FB 08 26 FE BB 
F1 6B 00 7D 00 14 07 D4 FF DF 00 02 FF FB FF 12 08 E9 02 54 
F3 6C 00 89 00 15 07 FC FF DE 00 02 FF FC 00 40 09 C4 CA 1D 
F1 6D 00 95 00 08 07 C6 FF DE 00 04 FF FB 01 00 02 63 CC 84 
F1 6E 00 8F 00 12 07 D8 FF E0 00 04 FF FB FF 0E 06 B4 9E E6 
F3 6F 00 70 00 10 07 C3 FF DF 00 02 FF FC 00 3B 07 86 63 EE 
F1 70 00 6F 00 04 07 F2 FF DF 00 02 FF FB 01 01 03 FA 3D 86 
F1 71 00 85 00 0C 07 E7 FF DF 00 02 FF FD FF 10 04 07 50 7A 
F3 72 00 89 00 01 07 DF FF E0 00 02 FF FA 00 43 06 40 22 4B 
F1 73 00 87 00 19 07 D2 FF DE 00 01 FF FC 01 03 09 DB DE 2D 
F1 74 00 89 00 1A 07 E1 FF DE 00 02 FF FB FF 0F 09 F7 07 7B 
F3 75 00 8F 00 0B 07 D8 FF DF 00 02 FF FC 00 44 03 25 C9 1A 
F1 76 00 77 00 01 07 EC FF DF 00 02 FF FC 01 01 06 E1 4B F7 
F1 77 00 72 00 0A 07 D8 FF E0 00 04 FF FC FF 0F 06 23 16 CF 
F3 78 00 77 00 1E 07 CE FF DF 00 01 FF FA 00 39 0A BD 52 64 
F1 79 00 75 00 10 07 C6 FF E1 00 03 FF FB 00 FD 09 07 3D 91 
F1 7A 00 72 00 0A 07 CB FF DF 00 02 FF FA FF 0E 06 DF F6 27 
F3 7B 00 86 00 09 07 D2 FF DD 00 02 FF FC 00 3C 07 8F 42 AE 
F1 7C 00 77 00 0D 07 D4 FF DF 00 04 FF FA 01 00 09 E6 85 54 
F1 7D 00 88 00 1B 07 EF FF DE 00 01 FF FD FF 0F 0C 68 B0 C8 
F3 7E 00 8D 00 01 07 E6 FF E0 00 01 FF FA 00 40 09 0D F0 64 
F1 7F 00 83 00 14 07 FB FF DF 00 03 FF FC 01 01 02 BB 4F D2 
F1 80 00 58 00 21 07 E0 FF DF 00 05 FF FC FF 0F 09 46 75 B2 
F3 81 00 56 00 0A 07 F1 FF DF 00 03 FF FA 00 43 07 73 0A E8 
F1 82 00 8B 00 01 07 EC FF E0 00 02 FF FC 01 01 06 49 EB B6 
F1 83 00 7A 00 0B 07 C6 FF DE 00 03 FF FA FF 12 03 81 A3 F2 
F3 84 00 A7 00 03 07 D1 FF E0 00 01 FF FB 00 3D 06 26 E2 34 
F1 85 00 8D 00 0C 07 D1 FF E0 00 02 FF FB 01 09 08 94 27 8A 
F1 86 00 78 00 02 07 D2 FF E0 00 02 FF FB FF 12 08 1E CC EB 
F3 87 00 64 00 18 07 E0 FF DE 00 02 FF FB 00 3E 02 1A 86 D5 
F1 88 00 65 00 04 07 E2 FF E0 00 02 FF FC 00 F6 09 86 64 1C 
F1 89 00 8C 00 0E 07 C2 FF DF 00 05 FF FA FF 0E 05 37 7E FE 
F3 8A 00 8A 00 08 07 DD FF DF 00 02 FF FB 00 45 0A 25 0F 32 
F1 8B 00 8D 00 09 07 DD FF E0 00 02 FF FD 01 05 00 E4 3E 0B 
F1 8C 00 82 00 19 07 CE FF E0 00 02 FF FA FF 11 06 C6 43 E2 
F3 8D 00 84 00 04 07 DE FF E0 00 02 FF FA 00 3E 08 9C 44 D1 
F1 8E 00 67 00 0B 07 DE FF DF 00 03 FF FA 00 FD 05 D1 00 69 
F1 8F 00 73 00 15 07 CF FF E0 00 04 FF FC FF 15 07 51 D7 0C 
F3 90 00 7D 00 08 07 DF FF E0 00 01 FF FB 00 3F 02 0F 65 DA 
F1 91 00 82 00 07 07 DF FF DF 00 02 FF FA 00 FC 01 14 21 55 
F1 92 00 85 00 14 07 DE FF DE 00 01 FF FC FF 10 06 95 11 55 
F3 93 00 88 00 1E 07 CF FF DF 00 02 FF FC 00 43 05 06 76 02 
F1 94 00 76 00 0E 07 C3 FF DF 00 02 FF FC 01 01 07 1E BD 1B 
F1 95 00 75 00 0C 07 C1 FF DE 00 04 FF FB FF 10 03 72 61 D1 
F3 96 00 6E FF FC 07 F0 FF DF 00 03 FF FC 00 3D 00 30 42 3A 
F1 97 00 81 00 15 07 F2 FF DF 00 03 FF FC 01 00 0A B1 11 62 
F1 98 00 85 00 16 07 D6 FF DF 00 04 FF FA FF 0D 02 4B 27 8D 
F3 99 00 87 00 22 07 EA FF DF 00 03 FF FB 00 3E 06 17 8B F4 
F1 9A 00 89 00 16 07 C1 FF E0 00 01 FF FC 01 03 06 7B C2 CB 
F1 9B 00 84 00 0E 07 D8 FF DF 00 03 FF FB FF 15 02 22 52 9B 
F3 9C 00 87 00 1F 07 E4 FF E0 00 03 FF FA 00 3E 09 C2 B6 4D 
F1 9D 00 6D 00 14 07 ED FF DF 00 02 FF FC 00 FB 01 E9 A9 52 
F1 9E 00 8A 00 04 07 F6 FF DF 00 02 FF FA FF 12 02 35 7D 35 
F3 9F 00 81 00 17 07 CE FF DE 00 02 FF FB 00 39 09 81 9A 6F 
F1 A0 00 87 00 24 07 EC FF DF 00 04 FF FB 01 01 FD 3F 5C EC 
F1 A1 00 83 00 12 07 E1 FF E0 00 01 FF FC FF 0F 0A D6 FA E9 
F3 A2 00 8A 00 16 07 CD FF DE 00 01 FF FB 00 3C 05 DE 48 EA 
F1 A3 00 8A 00 11 07 D1 FF DE 00 03 FF FA 00 FE 06 C4 A0 BA 
F1 A4 00 79 00 0F 07 C8 FF DF 00 04 FF FA FF 0E 08 AD A5 DD 
F3 A5 00 70 00 08 07 CE FF DF 00 03 FF FB 00 37 02 26 9B 93 
F1 A6 00 87 00 1C 07 E5 FF E0 00 04 FF FA 01 00 08 2A 2B 76 
F1 A7 00 82 00 14 07 C3 FF DF 00 02 FF FD FF 11 04 64 51 8A 
F3 A8 00 7C 00 0D 07 EC FF E1 00 02 FF FA 00 3B 05 BC E2 59 
F1 A9 00 7A FF FA 07 BF FF DF 00 01 FF FC 00 F8 0A 6E 09 65 
F1 AA 00 77 00 0C 07 C7 FF E0 00 04 FF FC FF 13 04 A0 C1 18 
F3 AB 00 78 00 0A 07 DA FF E0 00 02 FF FB 00 3E 08 9A 14 0C 
F1 AC 00 85 00 0B 07 ED FF DF 00 02 FF FA 01 0A 02 E9 B2 1F 
F1 AD 00 7D 00 14 07 D6 FF DE 00 02 FF FC FF 14 05 CD 64 4A 
F3 AE 00 88 00 1B 07 DC FF DF 00 02 FF FB 00 41 08 3C 05 83 
F1 AF 00 7B 00 0C 07 B0 FF E0 00 04 FF FB 00 FF 03 C0 B0 BC 
F1 B0 00 7A 00 18 07 CB FF DF 00 03 FF FB FF 0E 01 F7 4D 05 
F3 B1 00 7A 00 0E 07 DD FF E1 00 03 FF FB 00 40 08 C2 86 A6 
F1 B2 00 7D 00 15 07 CA FF DF 00 00 FF FC 01 03 02 E5 20 BB 
F1 B3 00 82 00 17 07 EA FF DF 00 02 FF FB FF 13 09 F4 45 1B 
F3 B4 00 75 00 08 07 F1 FF E0 00 04 FF FA 00 3A 02 42 65 7A 
F1 B5 00 7A 00 14 07 CF FF E0 00 02 FF FB 00 FE 05 98 6C 94 
F1 B6 00 6B 00 12 07 CB FF E1 00 03 FF FA FF 10 07 EE 12 5B 
F3 B7 00 89 00 16 07 CF FF DF 00 03 FF FC 00 43 07 ED 3E 68 
F1 B8 00 81 00 0F 07 EA FF E1 00 02 FF FA 01 05 08 E4 CD 16 
F1 B9 00 83 00 0E 07 D5 FF E0 00 04 FF FB FF 11 03 E8 FE AF 
F3 BA 00 81 00 05 07 E4 FF DE 00 02 FF FB 00 42 06 5A 83 E3 
F1 BB 00 86 00 15 07 CB FF DE 00 04 FF FB 01 00 05 CC 3E 58 
F1 BC 00 84 00 1C 07 D0 FF E1 00 03 FF FB FF 11 02 94 BE 63 
F3 BD 00 87 00 12 07 CE FF DF 00 03 FF FA 00 3B 05 BB 54 0B 
F1 BE 00 81 00 26 07 EA FF E0 00 00 FF FB 00 FF 04 BD 31 0C 
F1 BF 00 7F 00 0D 07 C9 FF E0 00 03 FF FB FF 11 0B 24 6C ED 
F3 C0 00 7F 00 0E 07 DC FF DF 00 02 FF FB 00 39 0A A9 E3 66 
F1 C1 00 8B 00 03 07 BE FF E0 00 01 FF FC 01 03 06 A3 73 8F 
F1 C2 00 78 00 0D 07 EB FF E0 00 02 FF FC FF 10 0B 43 64 0A 
F3 C3 00 78 FF FC 07 D3 FF DE 00 02 FF FA 00 47 0A 82 D4 68 
F1 C4 00 81 00 10 07 E0 FF DE 00 02 FF FB 01 00 09 F5 9A 84 
F1 C5 00 92 00 1C 07 DD FF E1 00 01 FF FB FF 0E 08 E7 6E 79 
F3 C6 00 7C 00 14 07 E1 FF DE 00 03 FF FA 00 41 05 D1 46 FB 
F1 C7 00 89 00 14 07 EB FF E0 00 01 FF FA 00 FF 07 9E E1 8D 
F1 C8 00 7D FF FA 07 D2 FF DF 00 01 FF FD FF 0D 0C FE 20 76 
F3 C9 00 81 00 0E 07 E1 FF E0 00 04 FF FB 00 43 0C C7 09 8C 
F1 CA 00 84 00 1A 07 DE FF DE 00 02 FF FA 01 01 07 43 1E 44 
F1 CB 00 7F 00 02 07 BB FF E1 00 02 FF FB FF 12 05 28 47 80 
F3 CC 00 72 00 0E 07 DB FF DF 00 03 FF FA 00 39 09 A3 FA 61 
F1 CD 00 7E 00 11 07 B6 FF DD 00 01 FF FB 00 FA 07 16 13 FD 
F1 CE 00 86 00 0C 07 DC FF DE 00 03 FF FB FF 0F 06 31 70 BB 
F3 CF 00 79 00 19 07 E6 FF DD 00 03 FF FB 00 3F 07 C6 C6 C6 
F1 D0 00 8D 00 05 07 C2 FF E1 00 03 FF FC 00 F5 09 8F 35 61 
F1 D1 00 7D 00 05 07 D6 FF DD 00 03 FF FC FF 10 09 28 08 01 
F3 D2 00 79 00 09 07 E2 FF DE 00 03 FF FC 00 3C 0A BF C1 6C 
F1 D3 00 78 00 0D 07 D1 FF DF 00 00 FF FB 00 FE 05 6A 9A 25 
F1 D4 00 87 FF FD 07 D6 FF E1 00 03 FF FB FF 11 07 EF 64 42 
F3 D5 00 7F 00 16 07 C4 FF DF 00 04 FF FB 00 42 07 0D 4E BE 
F1 D6 00 7F 00 16 07 DC FF E0 00 02 FF FB 01 00 0A B7 C0 AF 
F1 D7 00 79 00 0A 07 BD FF DF 00 02 FF FA FF 10 06 71 6C 17 
F3 D8 00 82 00 06 07 E1 FF DF 00 02 FF FB 00 3D 05 CC EA 99 
F1 D9 00 86 00 0B 07 E9 FF DD 00 03 FF FC 00 FE 06 0A F2 3C 
F1 DA 00 89 00 08 07 E8 FF E0 00 03 FF FB FF 12 06 2F AC F5 
F3 DB 00 7A 00 17 07 CB FF DE 00 02 FF FB 00 39 09 82 71 6B 
F1 DC 00 88 00 06 07 DD FF DF 00 02 FF FB 01 00 05 61 AA 47 
F1 DD 00 8B 00 02 07 CE FF DE 00 04 FF FD FF 12 01 DE 7C 8D 
F3 DE 00 8D 00 1A 07 F6 FF DF 00 02 FF FA 00 3C 09 27 27 8D 
F1 DF 00 8A 00 0C 08 07 FF DF 00 02 FF FC 01 03 05 D5 07 63 
F1 E0 00 7A 00 15 07 E2 FF DF 00 02 FF FD FF 0E 0C 2A A9 41 
F3 E1 00 81 FF F7 07 EC FF E0 00 02 FF FC 00 3D 03 23 17 73 
F1 E2 00 70 00 12 07 D3 FF DD 00 04 FF FC 00 FC 02 C0 7B F6 
F1 E3 00 7F 00 14 07 D0 FF E0 00 02 FF FB FF 13 07 B7 99 B1 
F3 E4 00 89 00 08 07 E8 FF E1 00 02 FF FA 00 40 04 53 C0 8E 
F1 E5 00 90 00 0D 07 C6 FF E0 00 03 FF FC 01 06 03 23 FE AC 
F1 E6 00 77 00 26 07 D3 FF E0 00 01 FF FB FF 11 05 37 65 76 
F3 E7 00 83 00 1C 07 DC FF DE 00 02 FF FB 00 40 00 9A 64 8B 
F1 E8 00 7F 00 19 07 E1 FF DF 00 01 FF FC 00 FD 0B 5F 59 C5 
F1 E9 00 74 00 0C 07 E6 FF DF 00 03 FF FA FF 0F 02 43 F0 52 
F3 EA 00 86 00 07 07 D3 FF E0 00 03 FF FB 00 42 03 9A D8 E0 
F1 EB 00 82 00 07 07 F1 FF DF 00 03 FF FB 01 05 07 91 56 4A 
F1 EC 00 82 00 0A 07 E8 FF E0 00 02 FF FB FF 0F FF CC 7F 5B 
F3 ED 00 86 00 14 07 F5 FF DE 00 02 FF FB 00 3F 0B 83 87 2D 
F1 EE 00 82 00 01 07 F0 FF DF 00 01 FF FB 00 FE FF C9 16 63 
F1 EF 00 78 00 19 07 DE FF DF 00 02 FF FB FF 13 01 FA 62 C9 
F3 F0 00 87 00 12 07 DD FF E3 00 03 FF FB 00 3D 06 40 87 76 
F1 F1 00 7D 00 06 07 E0 FF E0 00 03 FF FC 00 FC 01 71 83 A2 
F1 F2 00 77 FF FB 07 DF FF E1 00 03 FF FB FF 11 05 DF 32 14 
F3 F3 00 81 00 0F 07 CD FF DF 00 02 FF FB 00 3C 02 33 24 55 
F1 F4 00 85 00 10 07 E5 FF DF 00 03 FF FC 00 F6 05 0A E2 76 
F1 F5 00 83 00 11 07 CD FF DF 00 02 FF FC FF 12 08 B6 F6 50 
F3 F6 00 79 00 10 07 D1 FF E0 00 02 FF FB 00 3A 03 C5 EE F3 
F1 F7 00 8F FF FE 07 D1 FF DE 00 03 FF FA 00 F7 06 36 5E 6B 
F1 F8 00 84 00 1A 07 DA FF E0 00 02 FF FA FF 10 05 75 B2 02 
F3 F9 00 86 00 08 07 FE FF DE 00 02 FF FC 00 42 06 FE 3C 78 
F1 FA 00 7D 00 07 07 DD FF E0 00 03 FF FC 01 02 0A D9 C2 CF 
F1 FB 00 81 00 12 07 DB FF DF 00 03 FF FC FF 10 05 16 20 0E 
F3 FC 00 75 00 12 07 BB FF DF 00 03 FF FB 00 45 03 74 05 70 
F1 FD 00 7D FF FF 07 B6 FF DF 00 03 FF FA 01 02 05 2A 89 49 
F1 FE 00 83 00 12 07 D9 FF E0 00 02 FF FC FF 11 04 E8 40 E9 
F3 FF 00 7F 00 18 07 ED FF DE 00 03 FF FD 00 43 09 9B 48 46 
F1 00 00 7E 00 11 07 FF FF E0 00 00 FF FD 00 FE 03 03 FC DC 
F1 01 00 7C 00 1A 07 CA FF DF 00 03 FF FD FF 11 01 FF 28 D7 
F3 02 00 76 00 15 07 E5 FF E0 00 03 FF FC 00 43 07 1A D9 12 
F1 03 00 84 00 15 07 D1 FF DF 00 03 FF FC 01 05 03 BF EB 8B 
F1 04 00 86 00 10 07 F4 FF E0 00 03 FF FA FF 0C 05 6A 84 6D 
F3 05 00 7D 00 0F 07 C6 FF DE 00 02 FF FD 00 43 05 36 3C BD 
F1 06 00 87 00 1B 07 D8 FF E0 00 03 FF FC 00 FB 08 D7 76 D7 
F1 07 00 67 00 07 07 E8 FF E0 00 03 FF FC FF 0F 08 1E 5E 6A 
F3 08 00 9A 00 19 07 E4 FF DF 00 02 FF FB 00 40 05 64 E5 08 
F1 09 00 7D 00 1B 07 EB FF DE 00 02 FF FA 01 01 04 8D DD A9 
F1 0A 00 7D 00 0A 07 C5 FF E0 00 03 FF FB FF 10 04 3A 4D 65 
F3 0B 00 76 00 11 07 D0 FF E0 00 01 FF FB 00 41 05 DE AB F9 
F1 0C 00 8C 00 04 07 EA FF E0 00 01 FF FC 01 03 07 DA 01 46 
F1 0D 00 88 00 10 07 F2 FF E1 00 03 FF FB FF 13 03 AE 0E 0B 
F3 0E 00 89 00 0A 07 DF FF E0 00 02 FF FA 00 42 07 5A CF 51 
F1 0F 00 82 00 19 07 F4 FF DE 00 02 FF FB 00 FE 08 4C 86 FC 
F1 10 00 88 FF FD 07 DF FF DF 00 03 FF FC FF 12 0A B8 6F 6C 
F3 11 00 75 FF FF 07 EF FF E0 00 02 FF FB 00 3C 0A 16 74 61 
F1 12 00 9A 00 0D 07 D4 FF E1 00 03 FF FC 00 F6 05 E2 A4 11 
F1 13 00 70 00 1E 07 B9 FF DF 00 02 FF FB FF 10 02 C6 DD DD 
F3 14 00 81 00 08 07 D0 FF E0 00 02 FF FB 00 43 06 5B EF 45 
F1 15 00 77 00 18 07 FE FF DD 00 04 FF FA 01 00 0A F7 39 B9 
F1 16 00 7B 00 06 07 F6 FF DE 00 03 FF FB FF 10 0A DE D1 0D 
F3 17 00 91 00 0C 07 B9 FF E0 00 03 FF FD 00 40 03 9D 6B E7 
F1 18 00 85 00 0A 07 E8 FF E0 00 01 FF FB 00 FA 06 75 EA 63 
F1 19 00 7C 00 0F 07 E8 FF DF 00 02 FF FB FF 10 06 66 24 A6 
F3 1A 00 85 00 0D 07 F4 FF E0 00 01 FF FB 00 3D 05 B0 28 C5 
F1 1B 00 83 00 0C 07 E9 FF E0 00 01 FF FB 01 05 02 FD 3F 9F 
F1 1C 00 7B 00 17 07 B3 FF E0 00 03 FF FB FF 0D 02 21 F8 CB 
F3 1D 00 84 00 1D 07 D2 FF DE 00 02 FF FA 00 3F 08 D5 68 34 
F1 1E 00 7C 00 0A 07 F3 FF DF 00 03 FF FA 00 F7 08 5E 71 E9 
F1 1F 00 7F 00 07 07 D1 FF DE 00 02 FF FB FF 13 02 81 D8 6B 
F3 20 00 7A 00 1C 07 DF FF DF 00 03 FF FA 00 3C 08 1C EE 72 
F1 21 00 8A 00 05 07 BD FF DE 00 02 FF FB 00 FF 03 69 C1 BB 
F1 22 00 6F 00 1E 07 D4 FF E0 00 03 FF FE FF 10 0A 33 FA 38 
F3 23 00 85 00 0A 07 D9 FF DF 00 03 FF FD 00 3C 04 8F D4 4B 
F1 24 00 79 00 08 07 D0 FF DF 00 04 FF FC 00 FC 05 9F 03 37 
F1 25 00 7F 00 15 07 E7 FF DE 00 03 FF FA FF 10 07 FA B5 14 
F3 26 00 87 00 12 07 D6 FF DE 00 03 FF FA 00 42 0A C3 B9 9C 
F1 27 00 7E 00 04 07 D8 FF DF 00 01 FF FB 00 FC 09 DF F5 25 
F1 28 00 87 00 17 07 BE FF E0 00 02 FF FC FF 13 01 36 13 E0 
F3 29 00 7D 00 12 07 F5 FF DE 00 02 FF FC 00 3C 03 3F 7B 5D 
F1 2A 00 7E 00 0A 07 F3 FF DF 00 04 FF FB 01 00 06 92 C5 17 
F1 2B 00 73 00 0F 07 D3 FF E0 00 03 FF FA FF 11 04 3D 99 2A 
F3 2C 00 73 00 0B 07 E1 FF DE 00 03 FF FB 00 41 08 20 FF 26 
F1 2D 00 8A 00 11 07 DD FF DF 00 03 FF FB 00 FF 03 E4 EB F2 
F1 2E 00 72 00 14 07 F2 FF DE 00 01 FF FD FF 15 04 E5 D2 33 
F3 2F 00 75 00 22 07 E2 FF DF 00 02 FF FB 00 39 09 FA 78 2D 
F1 30 00 81 00 15 07 CF FF DF 00 02 FF FA 00 F8 06 43 B8 92 
F1 31 00 70 00 03 07 E7 FF E1 00 02 FF FC FF 10 04 A0 99 CE 
F3 32 00 84 00 10 07 D5 FF E0 00 03 FF FC 00 40 04 28 BE D6 
F1 33 00 73 00 14 07 CD FF E0 00 03 FF FC 00 FC 02 D2 16 16 
F1 34 00 87 00 0C 07 BE FF E0 00 00 FF FB FF 0B 0C 3C 21 D1 
F3 35 00 7B 00 04 08 04 FF DF 00 03 FF FB 00 3A 05 27 A8 4B 
F1 36 00 79 00 10 07 FB FF DE 00 03 FF FB 00 FE 05 89 D8 36 
F1 37 00 72 00 0B 07 DA FF DC 00 02 FF FB FF 10 0B 80 90 7F 
F3 38 00 89 00 0C 07 D5 FF E0 00 03 FF FC 00 3D 04 71 43 CF 
F1 39 00 72 00 11 07 CA FF DF 00 02 FF FC 00 F7 0D D0 63 F7 
F1 3A 00 8C FF FB 07 EA FF DF 00 04 FF FB FF 11 03 A9 08 62 
F3 3B 00 7A 00 11 07 FD FF DF 00 03 FF FC 00 3C 05 C9 27 19 
F1 3C 00 91 00 01 07 DE FF DD 00 02 FF FC 01 03 06 34 CC 68 
F1 3D 00 86 00 01 07 D3 FF E0 00 03 FF FA FF 10 02 CB EB D2 
F3 3E 00 8B 00 17 07 EF FF DE 00 01 FF FC 00 42 06 54 42 61 
F1 3F 00 83 00 1C 07 DB FF DF 00 03 FF FC 01 00 04 98 1F 61 
F1 40 00 7B 00 0E 07 F3 FF E0 00 03 FF FB FF 10 02 F5 CC C5 
F3 41 00 95 00 0D 07 D4 FF E0 00 03 FF FB 00 40 08 FB 69 4F 
F1 42 00 7D FF FD 07 D9 FF DF 00 03 FF FC 01 06 02 22 48 7C 
F1 43 00 7C 00 09 07 E5 FF E0 00 03 FF FB FF 13 04 D4 2C 00 
F3 44 00 84 00 10 07 E2 FF DF 00 02 FF FC 00 46 07 C2 3F C7 
F1 45 00 84 00 1C 07 D9 FF DE 00 02 FF FB 00 F2 04 36 A0 A2 
F1 46 00 74 00 11 07 C8 FF DF 00 04 FF FC FF 11 0C A2 2F 65 
F3 47 00 93 00 0C 07 E5 FF DF 00 02 FF FB 00 37 06 02 6B 93 
F1 48 00 85 00 19 07 E6 FF DE 00 01 FF F9 00 FE 05 BC 04 0D 
F1 49 00 85 00 15 07 E1 FF DE 00 02 FF FB FF 0F 08 0D F1 C3 
F3 4A 00 86 00 08 07 D4 FF E0 00 02 FF FB 00 3E 03 DC C1 0F 
F1 4B 00 7C 00 21 07 E4 FF DE 00 03 FF FD 01 06 06 AD 03 C3 
F1 4C 00 8B 00 0E 07 DD FF E0 00 03 FF FB FF 14 04 AA 81 A4 
F3 4D 00 7A 00 09 07 F7 FF DF 00 05 FF FC 00 40 03 E9 82 09 
F1 4E 00 70 00 07 07 D6 FF E0 00 03 FF FC 00 FD 08 D3 E5 CC 
F1 4F 00 87 00 0C 07 DB FF E0 00 02 FF FC FF 14 00 51 3A 42 
F3 50 00 8D 00 0E 07 E7 FF DF 00 01 FF FC 00 40 06 8B 70 82 
F1 51 00 85 00 07 07 E2 FF E0 00 02 FF FB 01 03 07 97 71 94 
F1 52 00 81 00 09 07 D3 FF E1 00 04 FF FD FF 0D 0D 3F 02 83 
F3 53 00 73 00 11 07 BF FF E0 00 03 FF FB 00 43 0E A4 17 9A 
F1 54 00 76 00 07 07 D4 FF DF 00 02 FF FB 00 FF 07 CD 15 83 
F1 55 00 7B 00 05 07 F5 FF DF 00 03 FF FB FF 11 06 26 D8 19 
F3 56 00 7B 00 05 07 C1 FF DF 00 02 FF FC 00 3A 08 48 FB 3A 
F1 57 00 88 00 1E 07 DA FF E0 00 01 FF FB 00 FE 0A B2 09 39 
F1 58 00 7E 00 15 07 E6 FF DE 00 04 FF FC FF 12 0A F1 30 4A 
F3 59 00 89 00 11 07 DE FF E0 00 02 FF FA 00 3B 05 F8 64 AB 
F1 5A 00 6F 00 01 07 FD FF DF 00 02 FF FA 01 03 03 E8 9A EF 
F1 5B 00 7B 00 27 07 E7 FF E0 00 01 FF FC FF 11 09 B6 97 83 
F3 5C 00 82 00 19 07 F7 FF DD 00 02 FF FC 00 3E 0C 18 E3 B4 
F1 5D 00 75 FF FC 07 E5 FF DE 00 02 FF FC 01 03 0C 60 3E 50 
F1 5E 00 77 00 0C 07 C2 FF DE 00 01 FF FB FF 10 0A E2 2A 4E 
F3 5F 00 7E 00 05 07 C6 FF E0 00 03 FF F9 00 39 04 DF 68 38 
F1 60 00 7F 00 0C 07 BA FF DD 00 02 FF FC 01 03 08 BC BB 27 
F1 61 00 88 00 09 07 E5 FF DF 00 00 FF FC FF 10 0B F4 B9 FD 
F3 62 00 89 00 15 07 F5 FF DF 00 02 FF FB 00 3F 0A 5A 1A 6C 
F1 63 00 87 00 02 07 D5 FF DF 00 03 FF FB 00 FC 04 48 AB 9F 
F1 64 00 78 00 07 07 E1 FF DD 00 03 FF FB FF 0F 09 AE 19 DA 
F3 65 00 7D 00 14 07 EA FF DF 00 02 FF FB 00 40 0B A7 3C 22 
F1 66 00 74 00 12 07 E8 FF DF 00 02 FF FB 00 F7 0A 06 B6 B3 
F1 67 00 82 00 0D 07 EA FF E0 00 02 FF FB FF 0F 08 75 EF 7A 
F3 68 00 7E 00 07 07 CB FF DE 00 02 FF FA 00 39 0A 24 35 6E 
F1 69 00 8A 00 04 07 BF FF DE 00 03 FF FB 00 FD 0B 09 E8 71 
F1 6A 00 99 00 0B 07 EF FF E0 00 03 FF FB FF 11 0B 5B C7 73 
F3 6B 00 7A 00 04 07 D8 FF E1 00 03 FF FC 00 40 04 F3 BA 26 
F1 6C 00 8C 00 16 07 DA FF E0 00 03 FF FB 00 FF 04 D0 35 DC 
F1 6D 00 79 00 0B 07 E4 FF E0 00 02 FF FC FF 0D 08 5C 40 A5 
F3 6E 00 70 00 0D 07 DA FF DF 00 01 FF FC 00 40 09 D4 A8 15 
F1 6F 00 82 00 15 07 D4 FF DF 00 01 FF FB 00 FA 09 39 94 15 
F1 70 00 84 00 09 07 C4 FF E0 00 04 FF FB FF 10 05 E2 E2 66 
F3 71 00 86 00 03 07 ED FF DE 00 03 FF F9 00 3D 06 E2 1E EA 
F1 72 00 8F 00 1B 07 F2 FF E1 00 01 FF FC 00 FE 06 E1 F5 F0 
F1 73 00 70 00 1E 07 CF FF DD 00 04 FF FB FF 11 0E 37 39 9C 
F3 74 00 74 00 16 07 E7 FF E0 00 03 FF FB 00 44 04 38 70 A1 
F1 75 00 7A 00 11 07 CF FF DD 00 04 FF FC 00 F6 06 C0 EF 99 
F1 76 00 85 00 15 07 DF FF DE 00 01 FF FA FF 17 08 9A E1 0C 
F3 77 00 89 00 22 08 03 FF DF 00 03 FF FC 00 3B 0A 56 B4 05 
F1 78 00 85 00 29 07 B3 FF E0 00 01 FF FB 00 FF 08 85 A0 D4 
F1 79 00 8C 00 0E 07 D9 FF DE 00 02 FF FB FF 12 06 F4 89 F0 
F3 7A 00 81 FF FE 07 C6 FF E0 00 03 FF FC 00 43 00 54 89 79 
F1 7B 00 7B 00 0D 07 E7 FF DF 00 03 FF FB 00 FA 0A 3C 12 E6 
F1 7C 00 68 00 0E 07 F3 FF E1 00 04 FF FC FF 0B 06 44 DA EE 
F3 7D 00 7B 00 12 07 B0 FF E2 00 02 FF FB 00 42 06 4A 71 68 
F1 7E 00 7A 00 0F 07 E0 FF DE 00 04 FF FC 01 02 03 F1 57 86 
F1 7F 00 8B FF FE 07 E5 FF DE 00 02 FF FB FF 0E 02 65 9E C3 
F3 80 00 7B 00 20 07 C3 FF DD 00 03 FF FB 00 40 0A AA 7F 7B 
F1 81 00 91 00 11 07 DC FF DF 00 01 FF F9 00 FF 03 43 50 AE 
F1 82 00 76 00 02 07 FC FF DF 00 03 FF FA FF 0D 04 6A ED 07 
F3 83 00 93 00 0B 07 EB FF DD 00 03 FF F9 00 42 0A 85 94 1A 
F1 84 00 7B 00 11 07 D8 FF E0 00 01 FF FB 01 07 05 F7 82 7B 
F1 85 00 70 00 10 08 02 FF E0 00 01 FF FB FF 0D 0C F6 CA 69 
F3 86 00 76 00 15 07 DF FF DF 00 04 FF FA 00 3C FF 07 82 B2 
F1 87 00 86 00 0E 07 F4 FF DF 00 02 FF FD 00 FE 05 55 65 08 
F1 88 00 7D 00 02 07 F2 FF DF 00 04 FF FB FF 0E 07 C7 07 98 
F3 89 00 95 00 1C 07 DB FF DF 00 02 FF FB 00 39 02 D6 36 1D 
F1 8A 00 89 00 0A 07 DA FF E1 FF FF FF FA 01 00 07 0B F0 CF 
F1 8B 00 8F 00 0E 07 CE FF DF 00 02 FF FA FF 11 02 D7 5D 79 
F3 8C 00 77 00 17 07 E0 FF DE 00 03 FF FC 00 43 04 F4 AF B4 
F1 8D 00 79 00 10 07 D0 FF E1 00 03 FF FC 01 06 08 E4 30 97 
F1 8E 00 7D 00 0E 07 D0 FF E0 00 04 FF FC FF 11 01 4B FF 98 
F3 8F 00 86 00 20 07 E4 FF DF 00 04 FF FA 00 44 04 2A AD B9 
F1 90 00 97 00 08 07 CE FF DF 00 01 FF FA 01 06 07 22 70 C3 
F1 91 00 93 00 04 07 F3 FF E2 00 03 FF FC FF 11 00 B6 87 BA 
F3 92 00 70 00 09 07 C2 FF E0 00 02 FF FA 00 40 0C F2 F6 9C 
F1 93 00 5C FF FF 07 D1 FF E0 00 02 FF FB 01 0A 02 FA 59 C4 
F1 94 00 82 00 18 07 DF FF E0 00 03 FF FB FF 13 04 56 8B 6F 
F3 95 00 8B 00 19 07 ED FF DF 00 04 FF FB 00 40 06 67 81 DF 
F1 96 00 9A 00 12 07 FD FF E0 00 04 FF FA 00 FC 03 9F ED 75 
F1 97 00 A1 00 0D 07 FD FF E0 00 03 FF FC FF 0F 08 C1 7F 2E 
F3 98 00 82 00 05 07 DA FF E0 00 02 FF FC 00 3B 04 C8 B2 9C 
F1 99 00 69 00 05 07 DD FF DF 00 01 FF FA 00 FD 04 F6 66 74 
F1 9A 00 6A 00 12 07 B8 FF E0 00 01 FF FD FF 11 06 C1 BA CD 
F3 9B 00 6C 00 0E 07 C2 FF E0 00 02 FF FA 00 37 01 42 D5 04 
F1 9C 00 81 00 15 07 D9 FF DF 00 04 FF FC 00 FE 09 44 AA 10 
F1 9D 00 95 00 15 07 CE FF DF 00 04 FF FA FF 0E 02 11 A0 94 
F3 9E 00 94 00 17 07 FE FF DE 00 03 FF FA 00 3C 05 2E F6 A6 
F1 9F 00 7A 00 14 07 DD FF DF 00 02 FF FC 00 FB 08 F7 08 AB 
F1 A0 00 73 00 18 07 E6 FF E0 00 05 FF FC FF 0F 02 CC 14 BB 
F3 A1 00 6E 00 0B 07 DF FF DE 00 02 FF FB 00 3E 04 3C F1 60 
F1 A2 00 7A 00 0B 07 CE FF E0 00 02 FF FC 00 FD 05 56 09 92 
F1 A3 00 6F 00 0E 07 BE FF E0 00 01 FF FC FF 14 05 9D 5C 4E 
F3 A4 00 81 00 0F 07 C7 FF E0 00 04 FF FC 00 39 09 2F 7C D3 
F1 A5 00 8B 00 07 07 ED FF E1 00 03 FF FB 01 0A 03 02 30 05 
F1 A6 00 77 00 16 07 DF FF DF 00 02 FF FB FF 11 02 2E 7B 3C 
F3 A7 00 81 00 04 07 E5 FF DE 00 03 FF FB 00 39 0A 9B C8 2A 
F1 A8 00 6E 00 08 07 E9 FF DF 00 03 FF FB 01 05 09 B3 51 5E 
F1 A9 00 7D 00 16 07 D1 FF E1 00 02 FF FD FF 0E 09 90 08 29 
F3 AA 00 77 00 1C 07 E7 FF E0 00 04 FF FC 00 3B 04 6D E1 B0 
F1 AB 00 7D 00 0F 07 D1 FF E0 00 02 FF FA 00 FB 03 2B 47 ED 
F1 AC 00 8A 00 11 07 DB FF DF 00 03 FF FA FF 11 0B 50 CE D8 
F3 AD 00 86 00 19 07 EF FF DF 00 03 FF FA 00 43 07 E8 2F 67 
F1 AE 00 7C 00 0E 07 E1 FF DE 00 01 FF FA 01 02 09 1F CD C3 
F1 AF 00 67 00 04 07 C2 FF E0 00 03 FF FC FF 11 01 33 65 A7 
F3 B0 00 6A 00 15 07 D1 FF DF 00 03 FF FA 00 39 08 78 94 60 
F1 B1 00 6A 00 1A 07 DB FF DE 00 03 FF FC 00 FD 09 79 48 2F 
F1 B2 00 90 00 16 07 C2 FF DD 00 03 FF FB FF 0E 07 8A D8 5F 
F3 B3 00 83 00 0C 07 D0 FF E0 00 01 FF FC 00 3A 06 99 19 54 
F1 B4 00 7E 00 0F 07 E8 FF E0 00 02 FF FB 00 FC 06 67 93 8B 
F1 B5 00 76 00 11 07 CE FF DF 00 03 FF FD FF 11 09 B0 76 F2 
F3 B6 00 77 00 11 07 B6 FF DF 00 01 FF FB 00 45 06 F3 0C 25 
F1 B7 00 7E 00 1C 07 DF FF E0 00 02 FF FA 01 02 03 4E C3 4E 
F1 B8 00 7A 00 06 07 F2 FF E0 00 03 FF FA FF 10 04 6B FE B5 
F3 B9 00 6B 00 0F 07 E1 FF DF 00 03 FF FC 00 3D 07 52 41 52 
F1 BA 00 8C 00 19 07 EC FF DF 00 00 FF FB 00 FA 0B 9F F8 4D 
F1 BB 00 82 00 19 07 E1 FF E0 00 03 FF FB FF 0D 07 D2 77 B0 
F3 BC 00 6F 00 0C 07 E0 FF DF 00 02 FF FB 00 42 07 90 4C E4 
F1 BD 00 7D 00 1B 07 DF FF DF 00 02 FF FD 00 FC 02 02 73 AB 
F1 BE 00 74 00 03 07 D3 FF DF 00 02 FF FB FF 11 09 8D FD C8 
F3 BF 00 7B 00 1F 07 DC FF E1 00 02 FF FC 00 3C 07 CA A5 72 
F1 C0 00 8C 00 0B 07 EA FF DF 00 02 FF FA 00 FC 07 C8 7E 75 
F1 C1 00 73 00 0D 07 D2 FF DF 00 04 FF FB FF 0F 04 AF FD A5 
F3 C2 00 84 00 20 07 C1 FF DF 00 03 FF FC 00 3C 07 09 8B 50 
F1 C3 00 70 00 19 07 DC FF E0 00 01 FF FA 00 FB 07 91 36 78 
F1 C4 00 77 00 19 07 EC FF E0 00 02 FF FA FF 11 06 F9 E9 48 
F3 C5 00 6C 00 1A 07 D2 FF E2 00 02 FF FC 00 40 04 D4 5A 89 
F1 C6 00 88 00 04 07 DD FF DF 00 03 FF FC 00 F5 02 05 8C 42 
F1 C7 00 95 00 08 07 CB FF DF 00 02 FF FB FF 0F 06 41 1E 1E 
F3 C8 00 7B 00 0E 07 BF FF DF 00 02 FF FA 00 43 04 F2 14 98 
F1 C9 00 85 00 20 07 C1 FF DF 00 02 FF FB 00 F8 06 15 A6 D7 
F1 CA 00 7B 00 16 07 E0 FF DF 00 01 FF FB FF 10 07 91 75 52 
F3 CB 00 86 00 1F 07 BF FF DF 00 03 FF FB 00 3C FF EF 23 49 
F1 CC 00 97 00 14 07 C8 FF E0 00 04 FF FB 00 FF 0A 5B 16 DC 
F1 CD 00 7F 00 03 07 C4 FF DF 00 03 FF FC FF 14 05 FD 21 B6 
F3 CE 00 85 00 03 07 CF FF E1 00 02 FF F9 00 40 02 93 3C AF 
F1 CF 00 67 00 08 07 E5 FF DF 00 02 FF FC 01 00 07 14 CF C1 
F1 D0 00 6A 00 0F 07 D1 FF E1 00 04 FF FA FF 0E 05 71 C5 DF 
F3 D1 00 7C 00 05 07 BC FF E1 00 01 FF FA 00 40 09 57 CC 4D 
F1 D2 00 7D 00 15 07 C5 FF DF 00 03 FF FC 01 03 00 75 D2 D7 
F1 D3 00 87 00 16 07 ED FF DF 00 03 FF FB FF 15 02 02 01 6F 
F3 D4 00 8B 00 06 07 D9 FF DE 00 02 FF FB 00 3F 08 E7 9C 67 
F1 D5 00 84 FF FE 07 E8 FF DF 00 02 FF FC 01 02 04 09 43 42 
F1 D6 00 89 00 09 07 E9 FF E0 00 01 FF FA FF 11 06 E5 1E A3 
F3 D7 00 79 00 0D 07 C6 FF E0 00 03 FF FC 00 3B 01 3F 23 01 
F1 D8 00 75 00 08 07 E0 FF DE 00 03 FF FB 01 01 01 CA AA 80 
F1 D9 00 6B 00 14 07 E1 FF DE 00 01 FF FA FF 0F 05 CE A5 28 
F3 DA 00 6E 00 12 07 E4 FF E0 00 02 FF FA 00 40 03 A0 55 60 
F1 DB 00 84 00 15 07 CE FF E0 00 01 FF FB 01 08 03 11 59 8C 
F1 DC 00 89 00 12 07 D6 FF DE 00 02 FF FC FF 12 05 A3 A8 3B 
F3 DD 00 81 00 0F 07 D5 FF E0 00 01 FF FB 00 3D 02 D4 04 95 
F1 DE 00 73 00 12 07 C8 FF DE 00 02 FF FC 01 00 09 26 DC F5 
F1 DF 00 82 00 11 07 DD FF DF 00 02 FF FA FF 13 01 FA 5E 22 
F3 E0 00 8C 00 10 07 D8 FF DE 00 02 FF FB 00 3C 03 85 0D A3 
F1 E1 00 93 00 17 07 CF FF DE 00 01 FF FB 01 03 07 9F 72 CF 
F1 E2 00 6B 00 17 07 CE FF DE 00 03 FF FA FF 11 FF D4 A8 01 
F3 E3 00 61 FF FD 07 C4 FF E0 00 01 FF FD 00 3D 0A 5D 0B C2 
F1 E4 00 81 00 14 07 E1 FF DF 00 02 FF FC 01 0D 07 41 71 94 
F1 E5 00 85 00 12 07 DE FF DE 00 01 FF FB FF 10 06 64 2E 7D 
F3 E6 00 75 00 08 07 D5 FF DE 00 01 FF FB 00 40 09 25 52 77 
F1 E7 00 89 00 0E 07 C7 FF E1 00 03 FF FB 01 06 00 E4 7F B8 
F1 E8 00 78 00 11 07 E1 FF DF 00 02 FF FB FF 0F 0B 40 B0 11 
F3 E9 00 78 00 11 07 E5 FF E1 00 01 FF FA 00 39 04 38 27 56 
F1 EA 00 7E 00 15 07 F8 FF E0 00 03 FF FC 00 FB 03 BD 1D 20 
F1 EB 00 86 00 1D 07 E1 FF DF 00 02 FF FC FF 10 08 8E B6 3C 
F3 EC 00 7E 00 10 07 C8 FF DF 00 02 FF FB 00 3C 00 F1 FC 39 
F1 ED 00 7D 00 0D 07 DA FF DF 00 02 FF FB 00 FE 07 01 69 0C 
F1 EE 00 87 00 10 07 DC FF DE 00 03 FF FC FF 10 02 63 44 F3 
F3 EF 00 86 00 07 07 BF FF DE 00 00 FF FB 00 3C 02 A3 9E 59 
F1 F0 00 6E 00 0F 07 DD FF E0 00 03 FF FD 01 08 08 32 85 59 
F1 F1 00 8C 00 15 07 BF FF DF 00 01 FF FB FF 12 04 5F 62 BA 
F3 F2 00 8A 00 0B 07 DE FF E0 00 03 FF FB 00 3F 05 30 FC 2E 
F1 F3 00 7E 00 0B 07 D1 FF DF 00 02 FF FC 00 FA 09 0B 1D 3A 
F1 F4 00 79 00 1C 07 BC FF DE 00 03 FF FB FF 12 05 2B 19 3A 
F3 F5 00 79 00 10 07 D8 FF DE 00 02 FF FD 00 3E 0B D7 88 F8 
F1 F6 00 73 00 1E 07 D8 FF E1 00 02 FF FB 00 FF 04 81 3D 29 
F1 F7 00 7B 00 0A 07 F4 FF DF 00 03 FF FB FF 0D 04 1E CB F7 
F3 F8 00 7D 00 08 07 C1 FF E0 00 03 FF FB 00 40 05 CB 34 0E 
F1 F9 00 7A 00 14 07 E0 FF E0 00 02 FF FA 01 03 07 36 BE E1 
F1 FA 00 7B 00 03 07 DE FF DF 00 02 FF FB FF 13 08 6F 32 2B 
F3 FB 00 87 00 15 07 E0 FF DF 00 01 FF FB 00 3D 03 DE 93 FC 
F1 FC 00 81 00 0C 07 B4 FF E0 00 03 FF FC 01 00 03 2F BA 47 
F1 FD 00 7A 00 18 07 C5 FF E0 00 03 FF FC FF 11 0A C7 3C 78 
F3 FE 00 81 00 11 07 DF FF DC 00 04 FF FC 00 46 07 EE 86 7D 
F1 FF 00 81 00 0B 07 DF FF DE 00 01 FF FB 01 03 0A 00 C3 B5 
F1 00 00 8F 00 0E 07 D0 FF E0 00 03 FF FC FF 14 03 C1 AE 84 
F3 01 00 8C 00 09 07 E2 FF E0 00 01 FF FA 00 40 0A C4 B6 0A 
F1 02 00 7F 00 11 07 CD FF E0 00 04 FF FD 00 FD 06 B9 4D E2 
F1 03 00 74 00 0D 07 D9 FF E0 00 02 FF FC FF 10 04 71 19 C8 
F3 04 00 7C 00 09 07 CD FF DE 00 03 FF FC 00 3A 03 BB 69 96 
F1 05 00 85 00 15 07 E7 FF DD 00 03 FF FC 00 FE 07 95 C3 14 
F1 06 00 75 00 0D 07 DF FF DE 00 00 FF FB FF 11 0A 01 FF 40 
F3 07 00 7A 00 0D 07 DF FF DF 00 01 FF F9 00 3F 09 31 E2 96 
F1 08 00 7D 00 1D 07 C3 FF DF 00 02 FF FB 01 02 02 9D EA 61 
F1 09 00 73 FF FC 07 E5 FF E0 00 04 FF FB FF 14 06 0D 25 16 
F3 0A 00 89 00 01 07 E8 FF E1 00 03 FF FD 00 3A 07 1E D3 A3 
F1 0B 00 88 00 06 07 E9 FF E0 00 02 FF FC 01 02 08 25 FB 1A 
F1 0C 00 8D 00 0B 07 F6 FF DE 00 03 FF FB FF 10 05 CC 7B EF 
F3 0D 00 6F 00 23 07 E0 FF E0 00 02 FF FB 00 43 04 7E 70 E2 
F1 0E 00 73 00 15 07 DD FF E0 00 02 FF FB 00 FF 05 AB 00 FD 
F1 0F 00 7D 00 11 07 EA FF DE 00 02 FF FA FF 12 08 D4 4F A5 
F3 10 00 7B 00 06 07 D8 FF DF 00 04 FF FB 00 3B 06 10 08 1E 
F1 11 00 77 00 11 07 D3 FF DF 00 01 FF FB 01 08 04 AC C1 53 
F1 12 00 74 00 05 07 C9 FF E0 00 04 FF FA FF 0E 02 B9 8F 6C 
F3 13 00 64 00 06 07 D8 FF DF 00 01 FF FB 00 42 08 13 04 32 
F1 14 00 6F 00 15 07 C2 FF DF 00 02 FF FC 01 00 06 55 7D 8C 
F1 15 00 84 00 0F 07 CB FF DF 00 00 FF FA FF 0F 04 B8 51 4F 
F3 16 00 7B 00 12 07 DC FF DD 00 02 FF FC 00 40 04 3E A3 AD 
F1 17 00 83 00 0C 07 E0 FF DF 00 03 FF FB 00 FD 02 FC A1 13 
F1 18 00 8A 00 04 07 BE FF E0 00 01 FF FB FF 0B 07 EC 6F FC 
F3 19 00 88 00 0A 07 B6 FF DF 00 03 FF FB 00 3F 04 32 C5 A8 
F1 1A 00 6E 00 0F 07 E1 FF E0 00 03 FF FC 00 FE 04 06 25 A0 
F1 1B 00 78 00 0D 07 D3 FF DF 00 01 FF FB FF 0D 06 CB 8C D2 
F3 1C 00 6C 00 17 07 B9 FF E0 00 02 FF FB 00 3C 07 42 9E CF 
F1 1D 00 7B 00 19 07 CA FF DE 00 04 FF FC 00 FA 09 52 EB C7 
F1 1E 00 81 00 05 07 C7 FF DF 00 03 FF FB FF 0D 04 5D 11 5A 
F3 1F 00 88 00 0D 07 D6 FF DE 00 02 FF FB 00 44 02 F5 FB F5 
F1 20 00 74 00 1B 07 DC FF DE 00 01 FF FC 01 03 06 74 4A 29 
F1 21 00 7D 00 1B 07 D6 FF DF 00 02 FF FC FF 14 06 27 73 9C 
F3 22 00 8C 00 11 07 B8 FF E2 00 02 FF FC 00 3F 07 B1 CA 22 
F1 23 00 76 00 06 07 AE FF E0 00 03 FF FA 00 F7 01 18 27 5F 
F1 24 00 7B 00 17 07 D8 FF E0 00 03 FF FA FF 11 04 88 7B 35 
F3 25 00 85 00 1C 07 F5 FF DF 00 02 FF FC 00 40 06 7B 00 CB 
F1 26 00 8C 00 0C 07 D6 FF E0 00 02 FF FA 01 0B 05 85 ED 9A 
F1 27 00 7B 00 0E 07 DE FF DF 00 03 FF FB FF 0D 03 F7 05 80 
F3 28 00 74 00 07 07 D5 FF E1 00 03 FF FB 00 40 04 9C 1C 92 
F1 29 00 76 FF FF 07 EA FF DE 00 03 FF FB 00 F6 01 38 8C 6E 
F1 2A 00 86 00 10 07 B3 FF DE 00 02 FF FB FF 10 07 6A F5 7E 
F3 2B 00 73 00 07 07 FD FF E0 00 03 FF FC 00 40 03 CB 62 A5 
F1 2C 00 74 00 07 07 EB FF DE 00 01 FF FB 00 FE 01 F2 98 B2 
F1 2D 00 6B 00 20 07 B8 FF E0 00 03 FF FB FF 0D 08 4F CD A3 
F3 2E 00 70 00 04 07 E5 FF DF 00 01 FF FD 00 41 01 6D C8 66 
F1 2F 00 84 00 06 07 C7 FF E0 00 01 FF FB 01 03 07 CA 55 FE 
F1 30 00 82 00 06 07 E0 FF DE 00 02 FF FB FF 14 00 19 2D 77 
F3 31 00 8A 00 0B 07 CA FF DF 00 01 FF FA 00 35 04 E5 88 B2 
F1 32 00 7B FF FF 07 F2 FF E0 00 03 FF FB 00 FD 08 45 A3 C7 
F1 33 00 75 00 11 07 DC FF DF 00 04 FF FB FF 13 00 81 D4 56 
F3 34 00 84 FF FE 07 E7 FF DF 00 02 FF FC 00 43 07 ED 28 0E 
F1 35 00 73 00 08 07 E4 FF DF 00 03 FF FB 00 F8 03 42 DB 6E 
F1 36 00 70 00 07 07 C6 FF DF 00 01 FF FB FF 0F 05 50 17 A1 
F3 37 00 82 00 07 07 D8 FF DF 00 02 FF FB 00 40 05 BC 8F 04 
F1 38 00 72 00 09 07 E5 FF DF 00 01 FF FD 00 FD 02 F0 CE FC 
F1 39 00 78 00 0E 07 A3 FF DE 00 04 FF FC FF 11 04 48 E1 F8 
F3 3A 00 85 00 0E 07 EC FF DE 00 02 FF FC 00 3C 06 F1 2E 74 
F1 3B 00 8C 00 16 07 F3 FF DE 00 03 FF FB 00 FD 01 CC 34 97 
F1 3C 00 7A FF F9 07 C7 FF E0 00 03 FF FC FF 10 06 84 35 30 
F3 3D 00 77 00 05 07 DD FF DE 00 02 FF FC 00 44 03 74 10 06 
F1 3E 00 88 00 15 07 E1 FF DF 00 02 FF FA 01 01 02 BB 84 D3 
F1 3F 00 77 FF F4 07 E5 FF E0 00 04 FF FC FF 13 06 25 B2 9F 
F3 40 00 6E 00 0B 07 BA FF DF 00 02 FF FB 00 42 05 DE 9A 3A 
F1 41 00 89 00 11 07 E6 FF DF 00 02 FF FD 01 00 0A 59 AD A7 
F1 42 00 7E 00 10 07 F8 FF DE 00 01 FF FB FF 0E 02 A8 A4 12 
F3 43 00 78 00 0B 07 DB FF E0 00 03 FF FA 00 3D 01 02 49 71 
F1 44 00 75 00 05 07 E4 FF E0 00 01 FF FB 01 00 09 98 B9 7A 
F1 45 00 70 00 1A 07 FA FF DE 00 04 FF FD FF 14 04 22 AC 59 
F3 46 00 91 00 08 07 EB FF DE 00 02 FF FC 00 3D 0A 24 2A 80 
F1 47 00 76 00 11 07 D8 FF DF 00 02 FF FB 00 FC 01 FB F5 D1 
F1 48 00 7E 00 03 07 CD FF DE 00 03 FF FB FF 13 06 92 97 92 
F3 49 00 79 00 23 07 F3 FF DF 00 04 FF FB 00 39 0A 7E 0F FD 
F1 4A 00 86 00 0B 07 B4 FF DF 00 02 FF FC 01 06 03 E1 E6 8A 
F1 4B 00 72 00 0C 07 E6 FF DF 00 03 FF FA FF 10 07 8B 03 14 
F3 4C 00 7A 00 16 07 D8 FF DF 00 01 FF FB 00 39 01 AD EA ED 
F1 4D 00 73 00 10 07 AE FF DF 00 03 FF FC 01 07 06 A9 30 CC 
F1 4E 00 89 00 09 07 BB FF E2 00 03 FF FB FF 0E 09 56 22 E0 
F3 4F 00 7C 00 10 07 F2 FF DF 00 04 FF FC 00 40 02 E2 9E 1E 
F1 50 00 7E 00 0C 07 F5 FF DE 00 01 FF FB 01 00 02 A1 1F 2B 
F1 51 00 81 00 0D 07 E6 FF E0 00 02 FF FC FF 10 07 4E 20 59 
F3 52 00 8C 00 19 07 F0 FF DF 00 02 FF FC 00 43 0C 05 41 D9 
F1 53 00 79 00 14 07 CD FF DE 00 02 FF FA 01 01 0A 90 FC 85 
F1 54 00 81 00 0E 07 C2 FF E1 00 04 FF FA FF 10 01 51 89 50 
F3 55 00 7D 00 0D 07 E8 FF E1 00 04 FF FB 00 3D 03 C3 FF 9D 
F1 56 00 73 00 15 07 E0 FF DE 00 03 FF FE 00 FE 05 3E CD 40 
F1 57 00 7C 00 0E 07 EC FF DE 00 04 FF FB FF 11 06 7E 43 D5 
F3 58 00 8B FF FC 08 09 FF E0 00 03 FF FB 00 39 07 5A 21 0E 
F1 59 00 77 00 10 07 DF FF DE 00 02 FF FC 01 02 02 FC EB 0A 
F1 5A 00 90 00 0D 07 C3 FF DF 00 04 FF FC FF 12 07 C6 E6 FE 
F3 5B 00 86 00 0A 07 D2 FF DF 00 02 FF FA 00 40 08 48 AE 17 
F1 5C 00 96 00 0B 07 E4 FF DD 00 01 FF FC 01 02 09 36 53 D1 
F1 5D 00 82 00 0A 07 CA FF DF 00 03 FF FA FF 17 07 54 BB 06 
F3 5E 00 74 00 15 07 CD FF DF 00 03 FF FC 00 3E 01 1F 32 AE 
F1 5F 00 92 00 1A 07 DA FF DF 00 01 FF FB 00 FB 09 04 BA 7A 
F1 60 00 7C 00 03 07 DB FF DE 00 03 FF FA FF 11 05 92 54 F2 
F3 61 00 89 00 10 07 D9 FF DF 00 03 FF FB 00 42 04 23 DC BE 
F1 62 00 7D 00 03 07 F2 FF E0 00 02 FF FD 01 02 03 8B 5D 2D 
F1 63 00 83 00 05 07 D8 FF E0 00 03 FF FB FF 0D 03 74 4C 7A 
F3 64 00 7B 00 16 07 D1 FF E0 00 02 FF FA 00 40 08 C2 FA 09 
F1 65 00 87 00 04 07 F6 FF E0 00 03 FF FB 01 08 06 5D 95 BE 
F1 66 00 79 00 07 07 DF FF DF 00 02 FF F9 FF 0E 02 4F 06 9F 
F3 67 00 73 00 1C 07 B4 FF DE 00 03 FF FB 00 40 07 24 12 C4 
F1 68 00 86 00 16 07 E6 FF E1 00 03 FF FC 00 FF 06 C3 D8 81 
F1 69 00 7A 00 0E 07 D4 FF DE 00 03 FF FB FF 14 0B A3 91 10 
F3 6A 00 7B 00 16 07 F3 FF E0 00 04 FF FB 00 3D 06 37 18 04 
F1 6B 00 86 00 05 07 D0 FF DF 00 03 FF FB 01 00 04 E3 25 73 
F1 6C 00 81 00 15 07 E2 FF DE 00 03 FF FA FF 0E 04 87 2D 4C 
F3 6D 00 6C 00 11 07 EF FF E0 00 04 FF FB 00 40 03 2E D6 FF 
F1 6E 00 8F 00 10 07 D3 FF E0 00 03 FF FD 00 FB 08 F1 62 FA 
F1 6F 00 92 FF FC 07 BD FF E0 00 01 FF FC FF 11 02 B5 E2 5D 
F3 70 00 74 00 0C 07 F1 FF DE 00 02 FF FC 00 40 01 A8 F8 84 
F1 71 00 86 00 04 07 D2 FF E0 00 03 FF FC 00 FE 06 D7 ED A6 
F1 72 00 7D 00 17 07 ED FF DF 00 04 FF FB FF 13 06 35 7E 69 
F3 73 00 84 00 04 07 A4 FF DF 00 03 FF FA 00 40 06 B7 13 15 
F1 74 00 7A 00 1D 07 CE FF DF 00 02 FF FC 00 F8 06 68 61 64 
F1 75 00 8D 00 05 07 D5 FF DF 00 02 FF FC FF 12 01 3A F9 40 
F3 76 00 8A 00 17 07 F0 FF E0 00 02 FF FB 00 39 08 E1 09 2C 
F1 77 00 79 00 07 07 CE FF E0 00 03 FF FA 01 01 04 E9 D1 41 
F1 78 00 88 00 0C 07 DB FF DF 00 03 FF FB FF 13 03 3B 9B F1 
F3 79 00 85 00 0F 07 D9 FF E0 00 01 FF F9 00 3A 05 61 4C 96 
F1 7A 00 7C 00 12 07 D0 FF DF 00 02 FF FB 01 00 03 EC E0 2C 
F1 7B 00 7F 00 0B 07 C9 FF E1 00 03 FF FC FF 11 0A 19 70 3A 
F3 7C 00 85 00 0F 07 BB FF E0 00 04 FF FB 00 37 02 A7 0E 88 
F1 7D 00 7E 00 09 07 D2 FF DF 00 03 FF FC 01 00 03 A3 CB 3D 
F1 7E 00 7E 00 10 07 C4 FF DE 00 03 FF FB FF 11 0A E8 80 DB 
F3 7F 00 83 FF FF 07 C9 FF DF 00 01 FF FB 00 43 04 74 DA 5D 
F1 80 00 7D 00 1B 07 CF FF E1 00 03 FF FB 00 FC 0A D6 20 2E 
F1 81 00 81 00 15 07 CB FF E0 00 02 FF FA FF 0B 02 36 54 3D 
F3 82 00 69 00 18 07 EA FF DF 00 03 FF FA 00 3C 04 AF 0F 22 
F1 83 00 7A 00 10 07 E7 FF E0 00 01 FF FB 00 F6 0A 05 12 8B 
F1 84 00 7A 00 0A 07 DB FF DF 00 03 FF FD FF 10 04 F3 CF 57 
F3 85 00 87 00 11 07 C4 FF E0 00 03 FF FC 00 3D 0B B8 3C 9F 
F1 86 00 91 00 1A 07 E0 FF DE 00 02 FF FC 01 07 0A 67 18 BE 
F1 87 00 8A 00 1E 07 DD FF DE 00 03 FF FD FF 10 03 37 5A 65 
F3 88 00 95 00 18 07 D9 FF E0 00 04 FF FC 00 40 0E C2 78 07 
F1 89 00 7B 00 08 07 FB FF E0 00 03 FF FB 00 FE 04 4F A2 7A 
F1 8A 00 76 00 1B 07 D4 FF DF 00 04 FF FC FF 11 09 C1 AA 70 
F3 8B 00 75 00 02 07 C5 FF DE 00 03 FF FA 00 46 06 FA 44 14 
F1 8C 00 8F 00 15 07 C7 FF DF 00 02 FF FA 01 01 FE D4 9F E0 
F1 8D 00 8D 00 1C 07 C7 FF DE 00 02 FF FA FF 15 0B 09 33 91 
F3 8E 00 79 FF FE 07 D2 FF DF 00 03 FF FC 00 40 05 FA 70 93 
F1 8F 00 6D 00 06 07 D4 FF DE 00 00 FF FA 00 FA 04 FA 23 B7 
F1 90 00 61 00 07 07 C9 FF E0 00 03 FF FC FF 14 09 A0 A0 23 
F3 91 00 81 00 15 07 BD FF DE 00 05 FF FB 00 3E 00 10 83 49 
F1 92 00 8B 00 18 07 C7 FF DF 00 02 FF FB 00 F8 08 88 37 A3 
F1 93 00 91 00 19 07 F5 FF DF 00 02 FF FC FF 12 03 52 E4 8A 
F3 94 00 94 00 0C 08 1A FF DF 00 02 FF FB 00 40 06 86 92 53 
F1 95 00 65 00 0D 07 D1 FF DF 00 02 FF F9 00 FF 09 61 3B BA 
F1 96 00 6F 00 10 07 AA FF E0 00 02 FF FA FF 0D 06 6F E9 23 
F3 97 00 66 FF FA 07 D4 FF DF 00 03 FF FA 00 43 0F EE 35 CA 
F1 98 00 6F 00 04 07 C3 FF DF 00 03 FF FB 01 03 05 E1 F6 6B 
F1 99 00 87 00 20 07 E6 FF DE 00 01 FF FB FF 14 04 84 56 64 
F3 9A 00 84 00 15 07 DD FF DF 00 01 FF FB 00 3D 08 05 56 16 
F1 9B 00 84 00 15 07 DD FF DF 00 05 FF F9 01 00 04 69 2A F5 
F1 9C 00 84 00 07 07 CD FF DF 00 03 FF FC FF 10 03 8E 79 4C 
F3 9D 00 70 00 21 07 E1 FF E0 00 03 FF FA 00 41 0A 58 C6 C7 
F1 9E 00 93 00 0F 07 D4 FF E1 00 02 FF FB 00 FB 05 E0 2E 58 
F1 9F 00 87 00 23 07 D9 FF E0 00 02 FF FC FF 16 0E 6B 3A B0 
F3 A0 00 8B 00 17 07 C9 FF DF 00 03 FF FC 00 3F 04 9B 4D E2 
F1 A1 00 89 00 20 07 D0 FF E1 00 04 FF FB 00 FE 03 E4 C0 79 
F1 A2 00 7C 00 03 07 B3 FF DE 00 02 FF FC FF 12 06 5E D0 3C 
F3 A3 00 6F 00 06 07 E9 FF E0 00 02 FF FB 00 41 05 9A AE 2E 
