F3 1F 00 7A 00 1F 07 CF FF DF 00 01 FF F6 00 44 06 CE F1 06 
F1 20 00 77 00 0F 07 CE FF DD 00 04 FF F6 00 F4 02 B6 78 6A 
F1 21 00 68 00 1A 07 E2 FF DF 00 00 FF F6 FF 24 08 1C A4 E4 
F3 22 00 73 00 0C 07 C9 FF DE 00 02 FF F6 00 42 07 9B 1E 43 
F1 23 00 6A 00 21 07 E6 FF DF 00 02 FF F6 00 F3 09 B6 8A 48 
F1 24 00 66 00 0B 07 CE FF DF 00 03 FF F5 FF 29 04 AC 9A 73 
F3 25 00 66 00 1A 07 BF FF E0 00 02 FF F6 00 44 07 38 74 CC 
F1 26 00 5B 00 14 07 DE FF DE 00 02 FF F7 00 F2 05 53 1C 3F 
F1 27 00 74 00 0C 07 B9 FF DE 00 02 FF F7 FF 26 04 C3 56 98 
F3 28 00 6D 00 17 07 F5 FF DF 00 01 FF F7 00 4B 09 A7 0A 47 
F1 29 00 5D 00 12 07 D0 FF DE 00 00 FF F6 00 FD 06 BC 5C EA 
F1 2A 00 75 00 12 07 DF FF DF 00 03 FF F7 FF 27 01 DC D9 99 
F3 2B 00 77 00 11 07 DF FF DE 00 04 FF F6 00 47 07 4F 2A C6 
F1 2C 00 74 00 12 07 E1 FF DF 00 03 FF F6 00 FC 05 25 7F 71 
F1 2D 00 6D 00 08 07 D1 FF DE 00 02 FF F7 FF 26 09 6A 2C 6C 
F3 2E 00 6B 00 17 07 D1 FF DF 00 02 FF F5 00 47 03 C5 0F 12 
F1 2F 00 76 00 0A 07 C5 FF DE 00 04 FF F7 00 F8 01 C8 81 EC 
F1 30 00 65 FF FC 07 C8 FF DE 00 02 FF F6 FF 27 09 38 64 EB 
F3 31 00 6C FF FB 07 EC FF DD 00 01 FF F6 00 43 06 E8 1E 4B 
F1 32 00 70 00 16 07 CB FF DF 00 02 FF F6 00 F6 01 D3 8E C9 
F1 33 00 69 00 0D 07 D0 FF E0 00 05 FF F7 FF 2A 0A 87 46 84 
F3 34 00 76 00 14 07 D4 FF DC 00 02 FF F6 00 46 06 5B C4 C9 
F1 35 00 74 00 1E 07 E2 FF DD 00 03 FF F6 00 FB 0A 77 A9 F1 
F1 36 00 61 00 0F 07 C2 FF DD 00 02 FF F8 FF 29 03 A8 AD 2A 
F3 37 00 75 00 20 07 BB FF DF 00 02 FF F6 00 46 01 97 E1 34 
F1 38 00 62 00 1C 07 DF FF DF 00 03 FF F7 00 FB 07 C8 F7 35 
F1 39 00 7C 00 15 07 BA FF DE 00 02 FF F6 FF 28 03 9E 09 68 
F3 3A 00 76 00 1F 07 ED FF E0 00 02 FF F6 00 44 0C 47 73 EE 
F1 3B 00 6B 00 09 07 C1 FF E0 00 03 FF F7 01 01 00 6D 5D 3E 
F1 3C 00 6C 00 22 07 BA FF E0 00 04 FF F5 FF 27 08 72 E1 B7 
F3 3D 00 5E 00 1B 07 DC FF DD 00 02 FF F7 00 4A 08 65 4A 37 
F1 3E 00 79 FF FF 07 E7 FF DE 00 02 FF F7 00 FA 04 60 F6 B0 
F1 3F 00 7A 00 20 07 BD FF DE 00 04 FF F7 FF 26 0A 9C 65 4F 
F3 40 00 6A 00 23 07 C9 FF DE 00 03 FF F6 00 4B 04 A2 84 51 
F1 41 00 72 00 1E 07 E9 FF DF 00 01 FF F7 00 F8 01 89 3B CF 
F1 42 00 65 00 07 07 D0 FF DF 00 03 FF F6 FF 25 0A FA D5 23 
F3 43 00 73 00 0D 07 CE FF DE 00 04 FF F6 00 45 02 30 F9 B8 
F1 44 00 69 00 1D 07 C8 FF DE 00 02 FF F5 00 F7 08 1D 7D 6F 
F1 45 00 66 00 05 07 E2 FF DF 00 03 FF F6 FF 28 04 22 BA B1 
F3 46 00 75 00 11 07 C8 FF DE 00 03 FF F6 00 49 03 78 03 D6 
F1 47 00 61 00 0E 08 02 FF DF 00 03 FF F7 00 F6 09 60 D2 46 
F1 48 00 69 00 0E 07 D1 FF DE 00 03 FF F7 FF 24 06 9F 56 5C 
F3 49 00 84 00 15 07 DE FF DF 00 03 FF F7 00 40 07 24 DC 2B 
F1 4A 00 6E 00 14 07 D3 FF E0 00 02 FF F8 00 FD 09 D8 FA C2 
F1 4B 00 77 00 11 07 DC FF DE 00 02 FF F7 FF 24 FF 20 63 B4 
F3 4C 00 73 00 1B 07 D6 FF DF 00 03 FF F7 00 43 0B AF 40 32 
F1 4D 00 6A 00 02 07 CA FF DF 00 03 FF F7 00 F7 01 C8 48 6C 
F1 4E 00 66 00 09 07 CB FF DE 00 02 FF F6 FF 25 03 4B A7 C6 
F3 4F 00 76 00 1E 07 E0 FF DF 00 03 FF F7 00 45 08 8C F9 D5 
F1 50 00 72 00 03 07 DB FF E0 00 04 FF F6 00 FE 01 D5 A1 81 
F1 51 00 6A 00 09 07 EB FF DE 00 02 FF F6 FF 28 07 76 33 9F 
F3 52 00 79 00 2C 07 C4 FF DE 00 03 FF F7 00 47 06 03 E0 70 
F1 53 00 7B 00 10 07 EB FF DE 00 02 FF F6 00 F3 05 86 FD 1B 
F1 54 00 7D 00 09 07 D4 FF DF 00 01 FF F4 FF 29 09 6D E2 DB 
F3 55 00 6E 00 0B 07 CD FF DE 00 02 FF F6 00 44 01 6F 46 B9 
F1 56 00 6F 00 21 07 DF FF DE 00 04 FF F7 00 FB 07 98 9C BE 
F1 57 00 77 00 08 07 E0 FF DE 00 02 FF F6 FF 28 07 65 B0 17 
F3 58 00 78 00 15 07 E9 FF DF 00 03 FF F6 00 47 08 E6 D3 B1 
F1 59 00 6C 00 1C 07 CF FF DE 00 03 FF F8 00 F6 0C 92 EC 0C 
F1 5A 00 72 00 0F 07 F1 FF DE 00 03 FF F6 FF 28 07 90 11 84 
F3 5B 00 6F 00 19 07 D3 FF DF 00 02 FF F5 00 45 07 6A 5F EE 
F1 5C 00 6F FF FC 07 CF FF DF 00 01 FF F6 00 FC 07 46 F6 65 
F1 5D 00 77 00 0B 07 B8 FF DE 00 02 FF F7 FF 26 08 1C 24 D0 
F3 5E 00 84 00 15 07 DD FF E0 00 02 FF F6 00 48 0D 3E 43 09 
F1 5F 00 77 00 12 07 D3 FF DE 00 02 FF F7 00 FC 03 29 3A B8 
F1 60 00 6C 00 12 07 D6 FF DF 00 01 FF F7 FF 2A 04 4B 94 A4 
F3 61 00 6A 00 0C 07 C8 FF E1 00 03 FF F7 00 43 0F 17 D8 E0 
F1 62 00 7B 00 14 07 CD FF DF 00 02 FF F7 00 F7 0B 4B 27 85 
F1 63 00 72 00 09 07 D8 FF DE 00 03 FF F7 FF 26 0D 4A CF 0F 
F3 64 00 66 00 11 07 D6 FF DE 00 01 FF F7 00 45 05 60 33 B4 
F1 65 00 70 00 10 07 BC FF DF 00 02 FF F7 00 F7 06 DC 72 3F 
F1 66 00 6B FF FE 07 C7 FF E1 00 01 FF F7 FF 28 07 A4 C3 F7 
F3 67 00 81 00 06 07 C3 FF DF 00 02 FF F5 00 45 03 B5 DF D9 
F1 68 00 67 00 2F 07 E1 FF DE 00 02 FF F6 00 FC 04 99 9F 3E 
F1 69 00 64 00 12 07 DD FF DF 00 04 FF F7 FF 26 05 BB 2E 8F 
F3 6A 00 82 FF FF 07 CE FF DE 00 03 FF F7 00 43 0A 25 79 47 
F1 6B 00 65 00 0F 07 B9 FF DE 00 02 FF F7 00 F7 0C 58 67 AB 
F1 6C 00 6D 00 17 07 DB FF DF 00 01 FF F6 FF 2A 06 61 DC 95 
F3 6D 00 74 00 0C 07 EF FF DE 00 03 FF F7 00 40 05 FB C6 74 
F1 6E 00 72 00 1B 07 D1 FF DE 00 03 FF F5 00 FE 07 38 8F CB 
F1 6F 00 78 00 1A 07 D0 FF DE 00 02 FF F6 FF 26 0A 25 0C 7A 
F3 70 00 87 00 2B 07 CA FF DD 00 03 FF F6 00 46 07 39 2C 62 
F1 71 00 6C 00 18 07 C2 FF DF 00 02 FF F7 01 06 05 52 B9 BA 
F1 72 00 5E 00 19 07 C6 FF DF 00 03 FF F6 FF 27 07 B7 57 C7 
F3 73 00 69 00 14 07 EA FF DF 00 02 FF F6 00 40 0A 81 C3 B8 
F1 74 00 76 00 0A 07 C6 FF E0 00 03 FF F5 00 FA 08 F9 01 1D 
F1 75 00 7B 00 09 07 C8 FF DD 00 02 FF F7 FF 26 08 D2 07 A7 
F3 76 00 62 00 26 07 CE FF DF 00 03 FF F6 00 44 05 AB EF 22 
F1 77 00 79 00 1D 07 E8 FF DE 00 03 FF F8 00 F8 09 42 A7 BB 
F1 78 00 62 00 0D 07 D4 FF DF 00 02 FF F6 FF 24 08 D7 E5 44 
F3 79 00 6E 00 15 07 F1 FF DE 00 02 FF F5 00 44 09 22 DE 3A 
F1 7A 00 6C 00 14 07 DB FF DF 00 03 FF F6 00 F4 07 4F 62 C9 
F1 7B 00 66 00 10 07 D3 FF DE 00 02 FF F6 FF 27 02 7E 42 36 
F3 7C 00 74 00 16 07 B8 FF DF 00 01 FF F7 00 42 06 6C 24 47 
F1 7D 00 76 00 0C 07 DD FF DE 00 03 FF F7 00 FA 04 81 EF C9 
F1 7E 00 76 00 19 07 DF FF DD 00 01 FF F6 FF 26 06 09 E2 64 
F3 7F 00 6C 00 17 07 CF FF DC 00 02 FF F6 00 3C 05 33 C9 35 
F1 80 00 7A 00 17 07 D6 FF DD 00 02 FF F7 01 02 05 90 BD 37 
F1 81 00 6C 00 0C 07 E6 FF DD 00 02 FF F7 FF 26 09 89 B9 5C 
F3 82 00 82 00 17 08 07 FF DE 00 01 FF F6 00 43 05 9A 17 6C 
F1 83 00 74 00 1A 07 DB FF DE 00 04 FF F7 00 F5 03 80 39 AB 
F1 84 00 77 00 10 07 C3 FF DE 00 02 FF F6 FF 26 07 EA A3 34 
F3 85 00 75 00 0E 07 DD FF DF 00 03 FF F6 00 4B 07 E0 FA 1F 
F1 86 00 6F 00 1B 07 BA FF DD 00 02 FF F6 00 F3 0B 5D 94 47 
F1 87 00 84 00 15 07 EC FF DE 00 04 FF F6 FF 24 00 C3 5E AC 
F3 88 00 6F 00 0F 07 B1 FF E1 00 02 FF F7 00 47 06 84 AD 41 
F1 89 00 70 00 21 07 E2 FF DF 00 01 FF F8 00 F3 09 07 35 17 
F1 8A 00 70 00 0C 07 E6 FF DE 00 02 FF F7 FF 29 08 D1 14 AE 
F3 8B 00 7C 00 1D 07 DC FF DF 00 03 FF F6 00 44 0D F5 16 CC 
F1 8C 00 73 00 0F 07 CF FF DF 00 02 FF F6 00 FB 02 5E 04 56 
F1 8D 00 5E 00 19 07 D1 FF DF 00 02 FF F6 FF 29 00 9B AB EF 
F3 8E 00 6A 00 11 07 CF FF DF 00 03 FF F6 00 49 0A 70 E4 9C 
F1 8F 00 81 00 09 07 EA FF DE 00 03 FF F8 00 F6 00 A8 4E 33 
F1 90 00 64 00 11 07 D0 FF DF 00 04 FF F7 FF 26 0B 3F 05 54 
F3 91 00 74 00 0C 07 CE FF DE 00 04 FF F7 00 43 02 B6 9A 3A 
F1 92 00 84 00 17 07 D6 FF DE 00 03 FF F6 00 FA 02 43 BF E3 
F1 93 00 6B 00 18 07 DE FF DD 00 03 FF F6 FF 22 07 A9 79 43 
F3 94 00 5D 00 1D 07 E9 FF DF 00 02 FF F6 00 49 07 87 F3 FC 
F1 95 00 65 00 15 07 EC FF DD 00 02 FF F7 00 F4 06 16 15 E3 
F1 96 00 5F 00 09 07 BF FF DF 00 03 FF F7 FF 24 04 B4 4F 6D 
F3 97 00 75 00 1B 07 B8 FF E0 00 04 FF F6 00 42 03 2A AB 40 
F1 98 00 82 00 15 07 C6 FF DF 00 03 FF F5 01 00 0D 03 1F 8B 
F1 99 00 7E 00 09 07 CA FF DF 00 03 FF F8 FF 27 02 28 6F 9D 
F3 9A 00 76 00 14 07 D9 FF DD 00 02 FF F7 00 43 03 DC 72 07 
F1 9B 00 65 00 08 07 CE FF DD 00 00 FF F6 01 05 05 89 E8 37 
F1 9C 00 67 00 10 07 C9 FF DD 00 02 FF F7 FF 24 02 15 7E E2 
F3 9D 00 74 00 11 07 C7 FF DF 00 03 FF F6 00 4A 0A 59 3A 8A 
F1 9E 00 6C 00 19 07 B9 FF E0 FF FF FF F6 01 00 FF B6 B8 55 
F1 9F 00 83 00 18 07 F5 FF E0 00 03 FF F8 FF 25 03 CB 69 B6 
F3 A0 00 6C 00 22 07 AF FF DD 00 03 FF F6 00 40 07 A0 14 A8 
F1 A1 00 6B 00 07 07 BB FF DF 00 02 FF F6 01 00 01 9D BD 05 
F1 A2 00 6F 00 17 07 E8 FF DF 00 01 FF F6 FF 26 09 18 F1 40 
F3 A3 00 5E 00 1D 07 C3 FF DE 00 03 FF F6 00 45 03 12 D1 C8 
F1 A4 00 77 00 0C 07 DD FF DE 00 01 FF F7 00 FA 02 E2 D6 4A 
F1 A5 00 7E 00 1A 07 DF FF DC 00 03 FF F7 FF 29 06 12 84 45 
F3 A6 00 79 00 14 07 E4 FF DE 00 04 FF F7 00 44 05 55 BC 7F 
F1 A7 00 62 00 18 07 C4 FF DD 00 02 FF F6 00 FD 06 A6 BE C8 
F1 A8 00 6F 00 03 07 CA FF DF 00 03 FF F6 FF 28 02 37 3C D1 
F3 A9 00 69 00 16 07 ED FF DF 00 03 FF F8 00 41 01 D3 B6 AE 
F1 AA 00 64 00 0D 07 CE FF E0 00 02 FF F6 00 F6 0A 18 B1 26 
F1 AB 00 5C 00 17 07 CF FF DE 00 02 FF F7 FF 24 02 F7 F2 65 
F3 AC 00 84 00 1E 07 E0 FF DE 00 05 FF F9 00 47 04 12 50 75 
F1 AD 00 7C 00 04 07 D6 FF E0 00 01 FF F6 00 F8 05 67 4F 08 
F1 AE 00 6F 00 04 07 DD FF E0 00 02 FF F7 FF 25 01 96 24 BA 
F3 AF 00 7C 00 0D 07 DC FF DF 00 03 FF F7 00 40 0A CF 07 ED 
F1 B0 00 76 00 10 07 E7 FF DF 00 03 FF F6 00 FB 05 3D 75 A2 
F1 B1 00 6F 00 1E 07 EA FF DF 00 02 FF F6 FF 28 05 8C 75 3E 
F3 B2 00 5C FF F0 07 CA FF DF 00 03 FF F6 00 40 06 9B 22 AA 
F1 B3 00 7B 00 09 07 B7 FF DE 00 02 FF F8 00 FE 00 48 B9 37 
F1 B4 00 83 00 16 07 E2 FF DD 00 04 FF F4 FF 28 07 74 FB CC 
F3 B5 00 81 00 21 07 E0 FF DD 00 02 FF F6 00 40 02 BE 1C EF 
F1 B6 00 7C 00 16 07 BD FF DF 00 02 FF F7 00 FA 07 C3 AC 7F 
F1 B7 00 65 00 1B 07 DF FF DF 00 02 FF F6 FF 27 06 C5 EB E6 
F3 B8 00 61 00 15 07 DC FF DF 00 04 FF F5 00 41 05 3D 9F B9 
F1 B9 00 6B 00 17 07 E4 FF DF 00 03 FF F8 01 03 07 40 36 94 
F1 BA 00 74 00 29 07 E0 FF DC 00 04 FF F7 FF 27 05 53 8A 98 
F3 BB 00 7D 00 11 07 E8 FF DF 00 02 FF F7 00 41 08 F8 ED 5C 
F1 BC 00 6C 00 17 07 DC FF DE 00 01 FF FA 00 FF 08 AA 23 3E 
F1 BD 00 5D 00 1B 07 D3 FF E0 00 04 FF F7 FF 29 03 2D B5 D0 
F3 BE 00 6D 00 17 07 DA FF DE 00 03 FF F5 00 46 02 7F BC D6 
F1 BF 00 77 00 14 07 CD FF DF 00 02 FF F6 01 03 06 41 ED 64 
F1 C0 00 79 00 11 07 E5 FF DE 00 02 FF F6 FF 22 08 B9 D1 13 
F3 C1 00 88 00 18 07 CB FF DF 00 03 FF F7 00 43 08 D3 56 F5 
F1 C2 00 7D 00 0F 07 CB FF DF 00 04 FF F6 00 FA 04 57 94 FD 
F1 C3 00 6A 00 17 07 DF FF DF 00 02 FF F7 FF 25 06 67 F2 D5 
F3 C4 00 5E 00 28 07 F8 FF DE 00 01 FF F6 00 44 08 9C 42 2E 
F1 C5 00 64 00 07 07 E9 FF DF 00 03 FF F6 00 FF 09 C4 17 C1 
F1 C6 00 73 00 06 07 D6 FF E0 00 02 FF F7 FF 27 07 FE 6C 0B 
F3 C7 00 89 00 24 07 D0 FF DF 00 02 FF F7 00 44 04 38 14 FE 
F1 C8 00 7B 00 1F 07 D0 FF DF 00 03 FF F5 00 F6 08 E3 5D 7A 
F1 C9 00 6F 00 09 07 DD FF E0 00 02 FF F6 FF 26 05 CE BD BE 
F3 CA 00 5D 00 0B 07 DA FF DE 00 03 FF F7 00 3F 05 B7 AD 4D 
F1 CB 00 65 00 11 07 E6 FF DE 00 04 FF F6 00 F7 04 27 AE 5A 
F1 CC 00 73 00 24 07 CB FF DC 00 04 FF F6 FF 27 01 00 FD DD 
F3 CD 00 73 00 18 07 D4 FF DF 00 01 FF F7 00 42 08 AE DD 6F 
F1 CE 00 7B 00 0A 07 E1 FF DE 00 02 FF F6 00 FE 06 03 84 52 
F1 CF 00 77 00 17 07 E5 FF DE 00 02 FF F7 FF 29 03 9B D8 92 
F3 D0 00 6E 00 0E 07 DE FF DD 00 02 FF F7 00 44 06 56 31 2A 
F1 D1 00 73 00 0E 07 C6 FF DF 00 02 FF F6 00 FD 04 C6 93 3A 
F1 D2 00 74 00 1D 07 EB FF DD 00 02 FF F6 FF 26 0C 04 EA 66 
F3 D3 00 67 00 16 07 CE FF DD 00 01 FF F7 00 49 01 51 B2 C5 
F1 D4 00 6D 00 11 07 BF FF E0 00 02 FF F7 01 01 06 6B 4D E2 
F1 D5 00 78 00 1D 07 F5 FF DE 00 01 FF F7 FF 25 05 30 E8 F0 
F3 D6 00 78 00 1A 07 DB FF DE 00 02 FF F6 00 3E 06 40 BB BB 
F1 D7 00 76 00 15 07 DF FF DF 00 02 FF F6 01 06 07 1D 73 DB 
F1 D8 00 5C 00 18 07 DD FF DF 00 02 FF F6 FF 28 05 86 6E AA 
F3 D9 00 77 00 05 07 D9 FF DE 00 02 FF F6 00 3F 01 3F 47 5D 
F1 DA 00 67 00 15 07 CF FF DE 00 04 FF F6 00 FA 08 F4 C4 52 
F1 DB 00 74 00 0F 07 B6 FF DD 00 03 FF F6 FF 25 05 67 DC E2 
F3 DC 00 6B 00 0C 07 E4 FF DE 00 02 FF F6 00 43 03 D0 BB 7E 
F1 DD 00 72 00 10 07 C8 FF DF 00 04 FF F7 00 F8 06 12 35 BE 
F1 DE 00 6F 00 17 07 C9 FF DE 00 03 FF F6 FF 24 00 50 8B 18 
F3 DF 00 68 00 10 07 E5 FF E0 00 02 FF F7 00 44 0B FE 4D C6 
F1 E0 00 82 FF FD 07 F1 FF DF 00 03 FF F6 00 FF 01 4E EA B1 
F1 E1 00 78 00 10 07 E2 FF DF 00 03 FF F6 FF 26 03 9F 28 0D 
F3 E2 00 79 FF FB 07 DF FF DF 00 03 FF F7 00 45 05 69 2F 96 
F1 E3 00 81 00 06 07 C9 FF DE 00 03 FF F6 01 00 00 FB 5F 07 
F1 E4 00 73 00 05 07 BD FF DE 00 04 FF F7 FF 24 07 97 08 3C 
F3 E5 00 68 00 17 07 E8 FF DE 00 02 FF F6 00 42 03 88 20 E5 
F1 E6 00 7B 00 17 07 E2 FF DE 00 03 FF F5 00 F5 06 45 94 DA 
F1 E7 00 7F 00 14 07 FA FF DE 00 03 FF F6 FF 24 08 8C BB 23 
F3 E8 00 77 00 0A 07 E6 FF DD 00 03 FF F7 00 42 00 2F 44 B7 
F1 E9 00 78 00 16 07 D8 FF DE 00 03 FF F6 01 05 09 4B B0 9C 
F1 EA 00 6C 00 0A 07 F0 FF DE 00 03 FF F6 FF 2A 03 CB AD 96 
F3 EB 00 77 00 24 07 D1 FF DF 00 02 FF F6 00 41 07 3A 5C 36 
F1 EC 00 77 00 0A 07 CF FF DE 00 02 FF F8 00 F8 05 9D 96 4F 
F1 ED 00 56 00 1F 07 F5 FF DF 00 04 FF F8 FF 26 03 AC ED A1 
F3 EE 00 73 00 1F 07 F8 FF DF 00 01 FF F6 00 41 05 98 90 38 
F1 EF 00 69 00 0D 07 EA FF DF 00 02 FF F7 00 FF 03 D4 89 B0 
F1 F0 00 84 00 09 07 F4 FF DF 00 02 FF F7 FF 28 02 B4 64 D1 
F3 F1 00 69 00 1C 07 E1 FF DF 00 03 FF F6 00 4B 09 B9 69 C2 
F1 F2 00 62 00 0E 07 DD FF DC 00 01 FF F5 00 FF 04 35 5B 29 
F1 F3 00 75 00 06 07 CF FF DD 00 02 FF F6 FF 28 04 11 91 30 
F3 F4 00 5A 00 15 07 E5 FF DE 00 03 FF F6 00 45 07 89 F0 13 
F1 F5 00 72 00 04 07 AB FF DE 00 01 FF F6 01 00 03 79 2D 4A 
F1 F6 00 6A 00 1A 07 BA FF DE 00 02 FF F5 FF 24 0A 26 2A 91 
F3 F7 00 67 00 0A 07 C2 FF DE 00 02 FF F6 00 45 05 79 65 9D 
F1 F8 00 77 00 03 07 DA FF DE 00 04 FF F6 00 FC 04 3B 0D 9C 
F1 F9 00 7F 00 12 07 C3 FF DF 00 03 FF F7 FF 2B 09 89 44 42 
F3 FA 00 6D 00 0D 07 D6 FF DF 00 03 FF F6 00 43 01 B8 F1 42 
F1 FB 00 62 00 1E 07 CD FF E1 00 02 FF F5 00 FA 0A 4B AA 47 
F1 FC 00 74 FF FB 07 E8 FF DF 00 03 FF F8 FF 28 01 A2 B3 FA 
F3 FD 00 75 00 24 07 E0 FF DF 00 02 FF F6 00 4B 04 7A 90 FA 
F1 FE 00 61 00 0D 07 B3 FF DF 00 03 FF F5 00 FB 06 93 2C CD 
F1 FF 00 79 00 1A 07 C1 FF DE 00 04 FF F7 FF 27 07 52 85 93 
F3 00 00 70 00 10 07 D8 FF DE 00 03 FF F7 00 45 0A 0A 07 F3 
F1 01 00 72 00 14 07 F7 FF DF 00 04 FF F6 00 F7 03 BC 3B 43 
F1 02 00 61 00 08 07 C2 FF DE 00 04 FF F6 FF 25 01 FD 5C 33 
F3 03 00 66 00 18 07 B9 FF DF 00 03 FF F6 00 3E 0B 0E 89 B6 
F1 04 00 69 00 14 07 E7 FF DF 00 03 FF F6 00 F6 04 C4 FF 82 
F1 05 00 6E 00 10 07 D9 FF DE 00 03 FF F7 FF 29 05 1B 74 B0 
F3 06 00 6E 00 16 07 D5 FF E0 00 03 FF F6 00 45 05 62 AE 44 
F1 07 00 66 00 0E 07 E7 FF DF 00 03 FF F6 00 FC 09 41 76 EE 
F1 08 00 76 00 20 07 C2 FF E1 00 02 FF F7 FF 27 0D 01 88 74 
F3 09 00 6B 00 19 07 E8 FF DF 00 02 FF F5 00 3C 03 43 99 B8 
F1 0A 00 74 00 0A 07 DA FF E0 00 02 FF F6 00 F5 01 E6 76 AF 
F1 0B 00 68 00 0D 07 C6 FF DE 00 01 FF F6 FF 23 07 9D 5E F6 
F3 0C 00 6C 00 17 07 D8 FF DF 00 01 FF F6 00 3F 0A 51 2E D8 
F1 0D 00 82 00 12 07 C8 FF E0 00 01 FF F7 00 F7 0A 2A 4F 06 
F1 0E 00 65 FF FF 07 E4 FF DF 00 03 FF F5 FF 27 02 E8 9F B5 
F3 0F 00 6C 00 19 07 C8 FF E0 00 03 FF F6 00 45 04 FA FA 00 
F1 10 00 77 FF FE 07 EA FF E0 00 02 FF F7 00 FA 09 73 63 58 
F1 11 00 76 FF FE 07 DC FF DE 00 02 FF F7 FF 28 09 FE 54 F2 
F3 12 00 7F 00 18 08 06 FF DC 00 03 FF F7 00 42 0A 0B E7 B3 
F1 13 00 75 00 24 07 B1 FF E0 00 01 FF F5 00 F7 01 A3 8C 73 
F1 14 00 64 00 18 07 DA FF DF 00 02 FF F6 FF 28 07 34 1E A3 
F3 15 00 5B 00 0E 07 D1 FF DF 00 02 FF F6 00 40 09 B8 3B 87 
F1 16 00 66 00 2B 07 C1 FF E0 00 00 FF F6 00 F1 04 ED BA 9A 
F1 17 00 7D 00 03 07 D0 FF DF 00 03 FF F5 FF 26 04 78 A9 69 
F3 18 00 77 00 0F 07 C6 FF DF 00 03 FF F8 00 3C 02 CF FF D7 
F1 19 00 6F 00 17 07 C6 FF E0 00 02 FF F7 01 01 09 8A EF 42 
F1 1A 00 4B 00 0D 07 D1 FF DD 00 02 FF F6 FF 25 07 BB 51 66 
F3 1B 00 6D 00 0B 07 C4 FF DE 00 01 FF F7 00 47 03 9C D0 9E 
F1 1C 00 64 00 0B 07 C7 FF E0 00 02 FF F6 00 F7 06 CD 1D 48 
F1 1D 00 73 00 1D 07 C9 FF DE 00 03 FF F5 FF 27 05 F9 2D 67 
F3 1E 00 6F 00 1D 07 D5 FF DF 00 02 FF F6 00 42 0F E7 22 17 
F1 1F 00 7C 00 1E 07 F1 FF DF 00 01 FF F7 00 FC 06 D4 70 04 
F1 20 00 76 00 18 07 D0 FF E0 00 01 FF F6 FF 26 06 AD F0 32 
F3 21 00 73 00 1D 07 E0 FF E0 00 03 FF F6 00 47 07 25 3E FE 
F1 22 00 9A 00 16 07 CE FF DF 00 04 FF F7 00 FD 09 9B 2B B5 
F1 23 00 64 00 04 07 F8 FF DE 00 02 FF F8 FF 2B 0B 89 12 44 
F3 24 00 75 00 10 07 DE FF DF 00 03 FF F6 00 45 06 DA 73 A1 
F1 25 00 6A 00 18 07 B4 FF DF 00 04 FF F5 01 05 00 2B AC 87 
F1 26 00 62 00 24 07 C4 FF DE 00 02 FF F7 FF 24 0A 9A EE 08 
F3 27 00 6C 00 12 07 C5 FF DD 00 02 FF F8 00 46 09 7E 8D 95 
F1 28 00 7A 00 1B 07 EC FF DD 00 03 FF F7 00 F4 0A ED 25 83 
F1 29 00 67 00 12 07 CA FF DE 00 02 FF F5 FF 26 05 17 B3 CD 
F3 2A 00 79 00 0E 07 CF FF E0 00 03 FF F7 00 41 03 D0 71 83 
F1 2B 00 73 00 20 07 D5 FF DF 00 02 FF F7 00 F8 0A 6A 0D B7 
F1 2C 00 73 00 10 07 E2 FF DF 00 01 FF F6 FF 25 04 15 20 FD 
F3 2D 00 68 00 0C 07 EC FF DE 00 03 FF F6 00 45 06 80 EF F9 
F1 2E 00 78 00 01 07 E4 FF DD 00 03 FF F6 00 FA 07 A9 F0 FC 
F1 2F 00 79 00 1C 07 CE FF DE 00 02 FF F6 FF 23 07 F9 C4 F3 
F3 30 00 84 00 0A 07 DB FF DE 00 03 FF F6 00 42 0C 5E 63 03 
F1 31 00 76 00 17 07 CD FF DD 00 03 FF F7 00 F3 01 68 F4 04 
F1 32 00 67 00 21 07 D6 FF DF 00 01 FF F7 FF 28 04 44 7C F3 
F3 33 00 6A 00 20 07 E7 FF DE 00 03 FF F7 00 44 09 76 A2 10 
F1 34 00 76 00 12 07 D8 FF E0 00 02 FF F6 00 FF 06 79 6D 74 
F1 35 00 7C 00 19 07 DD FF DF 00 02 FF F7 FF 2C 10 AE F9 D4 
F3 36 00 7B 00 08 07 BC FF E0 00 00 FF F8 00 48 00 B6 D0 19 
F1 37 00 6F 00 0E 07 EC FF DE 00 02 FF F7 01 00 07 23 71 5F 
F1 38 00 6E 00 0A 07 D5 FF DE 00 03 FF F7 FF 29 04 92 D5 B8 
F3 39 00 5A 00 11 08 02 FF DF 00 01 FF F6 00 43 03 13 23 C4 
F1 3A 00 6D 00 10 07 C8 FF DF 00 02 FF F7 00 F6 0A 7C 90 67 
F1 3B 00 74 00 15 07 F1 FF DE 00 03 FF F5 FF 25 02 0A 75 A6 
F3 3C 00 6C 00 1C 07 C7 FF DE 00 02 FF F6 00 42 FE E1 C7 0C 
F1 3D 00 58 00 21 07 BC FF DF 00 04 FF F7 00 FA 0C 21 65 C9 
F1 3E 00 78 00 15 07 D2 FF DF 00 02 FF F6 FF 27 04 9A B2 54 
F3 3F 00 75 00 1D 07 E2 FF DF 00 01 FF F6 00 43 05 2D 84 64 
F1 40 00 6F 00 1E 07 D8 FF DD 00 02 FF F6 00 F1 03 EA 40 20 
F1 41 00 74 00 0C 07 C8 FF DE 00 03 FF F8 FF 27 00 F7 43 B2 
F3 42 00 7A 00 06 07 E9 FF DF 00 02 FF F6 00 42 0B 61 18 01 
F1 43 00 7A 00 0C 07 B9 FF DF 00 02 FF F7 00 FA 04 79 16 DC 
F1 44 00 6C 00 15 07 D4 FF DE 00 00 FF F6 FF 27 05 CB 98 6E 
F3 45 00 64 00 09 07 D9 FF DF 00 02 FF F5 00 46 09 7D 6C D3 
F1 46 00 78 00 18 07 DF FF DF 00 02 FF F6 00 F8 FF F4 4F 02 
F1 47 00 7C 00 1B 07 C1 FF DE 00 02 FF F6 FF 2A 0D 75 52 CE 
F3 48 00 7B 00 11 07 D6 FF DD 00 02 FF F6 00 45 02 95 EE 15 
F1 49 00 7D 00 18 07 DE FF DF 00 01 FF F8 00 FC 02 F4 F9 CC 
F1 4A 00 6C 00 05 07 C1 FF DD 00 01 FF F5 FF 2C 09 74 2F EA 
F3 4B 00 65 00 0F 07 D5 FF DD 00 01 FF F6 00 43 00 23 41 B5 
F1 4C 00 70 00 10 07 BD FF DE 00 02 FF F7 00 FB 09 DC 8F FA 
F1 4D 00 74 00 06 07 DA FF DF 00 01 FF F5 FF 26 05 9A 2C 4C 
F3 4E 00 69 00 15 07 D1 FF DE 00 03 FF F7 00 43 05 98 66 F4 
F1 4F 00 62 00 18 07 D5 FF DE 00 01 FF F7 01 00 0B 07 5B 15 
F1 50 00 68 FF FE 07 B7 FF DF 00 03 FF F6 FF 27 FE 18 75 F7 
F3 51 00 79 00 0E 07 BC FF E0 00 04 FF F5 00 41 0A 76 6C A9 
F1 52 00 69 00 1C 07 D6 FF E0 00 01 FF F6 01 01 02 F5 47 88 
F1 53 07 45 FF E0 06 92 00 73 00 58 FF 94 FF 26 08 D0 FB 7B 
F3 54 FD 72 FF 10 09 07 00 2B FF 78 FE A8 00 46 0F 1D AC 58 
F1 55 FD 0A FF C6 0C 70 01 9A FF D1 00 5C 00 FB 02 31 D1 4C 
F1 56 00 F9 FF AF 04 4E 03 35 FE 13 00 B5 FF 24 06 A0 39 75 
F3 57 FD 45 00 0B 0A BA 04 EC 00 C8 01 70 00 42 06 F7 C1 D8 
F1 58 FB 06 00 49 0C BA 06 6E 01 4C 03 C7 01 00 05 B8 B7 82 
F1 59 FE E5 01 6A 03 96 06 98 01 61 06 A2 FF 25 0D B5 E7 F2 
F3 5A FE 1A 02 FE 04 44 FF B6 05 D4 06 17 00 36 06 C5 7F 7A 
F1 5B FC BC FF C0 06 87 F8 56 0B 5B 04 D3 00 F0 01 C0 0E FC 
F1 5C FA 9E FD 5A 08 B6 F4 3E 0E D7 04 D0 FF 1C 09 0E C9 74 
F3 5D F9 EC FC F2 09 30 F3 B4 10 FD 05 97 00 34 09 A5 C7 9A 
F1 5E FA 1C FC CE 06 F1 F5 12 13 7C 05 66 00 FC 13 D5 12 23 
F1 5F FB 3A FC 64 08 17 F5 83 12 37 04 25 FF 1C 05 70 B5 C4 
F3 60 F9 95 FC AA 04 4E F4 F1 11 BC 02 71 00 47 06 CE 9F C0 
F1 61 F9 C0 FB 85 01 58 F3 A6 13 48 01 B0 01 16 08 D5 10 60 
F1 62 F8 BD FC 0C 04 17 F2 73 13 B7 01 E1 FF 1C 0A 1E 6D BB 
F3 63 F3 5E FC FD 06 34 F4 2E 12 2C 03 E6 00 4C 03 F4 9F 8D 
F1 64 F8 17 FC E4 07 84 F8 2D 0D 4B 0A 7D 01 34 11 20 85 7D 
F1 65 FD 11 FD 08 03 B2 FB E4 06 F4 0D 07 FF 14 0A E2 EC 9E 
F3 66 FB C9 FE 54 03 11 FB B1 FA 02 0B DF 00 54 11 44 23 67 
F1 67 FB 7C FD 84 01 0F FA 44 F7 CD 0A 95 01 4C 00 89 15 05 
F1 68 F9 6A FC D3 01 D8 F7 CC FE 4F 0A E8 FF 0D 07 EF 46 25 
F3 69 F7 A7 FD 42 04 5D F5 2C 02 7B 0C F2 00 4B 01 88 48 89 
F1 6A F7 C6 FD F8 04 9C F5 57 03 CC 10 04 01 34 08 57 68 6B 
F1 6B F9 3B FE 7D 03 99 F6 18 02 71 11 90 FF 19 07 E5 42 55 
F3 6C FA 25 FE CC 03 59 F6 81 02 FD 11 05 00 51 01 BE FD 79 
F1 6D F9 FE 00 16 05 0C F7 86 03 B3 0F 8E 01 22 07 BE 52 0A 
F1 6E F9 B1 01 52 06 39 F9 CC 00 36 0E A3 FF 21 04 DC C3 3D 
F3 6F FA C1 01 D6 03 83 FB 57 FC FC 0E 16 00 53 09 7E 04 70 
F1 70 FA C4 02 2C 02 16 FA 4B FE 46 0C C8 01 07 05 EF F2 CF 
F1 71 FB 15 02 D2 05 1C F9 69 FF E2 0B 2E FF 23 02 EF DD 8F 
F3 72 FC 1A 03 E7 06 67 FB BA FC 79 0A 20 00 60 08 75 58 40 
F1 73 FC 6E 04 36 02 C5 FD 96 F9 58 09 60 00 FA 09 93 A9 01 
F1 74 FC FE 04 91 02 BA FC 6E FC B5 08 C6 FF 29 08 19 9D 07 
F3 75 FD 1D 05 4B 06 E0 FC D7 FD 72 08 52 00 65 06 75 6B B8 
F1 76 FD D4 05 61 04 CE FF 21 FA D2 08 26 00 E2 01 1C BD 0A 
F1 77 FD C9 05 7F 03 90 FF 3B FC 07 07 B4 FF 2B 0A 8A 46 1B 
F3 78 FD E2 05 BA 05 05 FF 1A FD 90 06 FD 00 72 04 1E F2 3B 
F1 79 FE 1C 05 B7 05 32 FF EF FE 02 06 0B 00 C9 06 DF 3F 71 
F1 7A FE 73 06 31 04 F0 00 75 FD 43 04 B6 FF 2B 03 26 7C 54 
F3 7B FE 40 06 5A 03 FF FF FF FC DD 03 72 00 71 03 34 DA A6 
F1 7C FE C8 06 5D 05 B8 FF 8C FE 18 02 81 00 C0 0B 3F E4 E0 
F1 7D FE D0 06 9D 05 BB 00 48 FD 95 01 D2 FF 2B 04 D8 21 D5 
F3 7E FE C4 06 B8 04 E8 FF F5 FD A4 02 1F 00 79 04 3A D1 61 
F1 7F FE E5 06 C8 05 E4 FF 47 FD D5 02 EA 00 B6 07 F5 49 78 
F1 80 FE 81 06 C9 05 9A FF 4C FD D9 03 D9 FF 2D 03 F2 19 E9 
F3 81 FE 45 06 B0 05 A0 FF 5F FE 63 05 02 00 6F 09 D1 EC 03 
F1 82 FE 0F 06 C8 05 8E FF 7B FE 5F 06 15 00 A8 01 C2 6B A2 
F1 83 FE 26 07 D1 04 78 FF 4C FE 8F 06 A1 FF 2B 07 11 57 56 
F3 84 FF 7C 0A F6 02 A2 FD D2 FC 44 04 A3 00 7A 0A 0A A3 BB 
F1 85 00 AC 15 9F FA 6A FA 59 F9 E7 FC 4E 00 A4 08 0B A9 1B 
F1 86 0A 47 0E 25 FF B8 F1 8F 07 DC DE EA FF 28 0A CB 03 0A 
F3 87 08 50 F0 E6 0E 82 0B 97 1E D6 A5 44 00 82 F3 B4 94 4A 
F1 88 E1 90 E1 B4 03 2E 1C 69 14 D5 80 00 00 9D 15 E6 CD 7E 
F1 89 BB 1F EA 31 08 92 0A 3E D2 1D 80 00 FF 2B 1C 64 18 0E 
F3 8A D2 A4 20 1C E0 68 14 86 33 C3 94 60 00 74 31 9C 75 4B 
F1 8B EE 4E 26 DD 13 48 1B 19 1E 26 CF 53 01 02 13 11 CB E6 
F1 8C FA EB 16 78 09 E2 0B 0D 07 3B 00 F9 FF 2B 29 07 26 42 
F3 8D 08 5A 00 51 01 19 EC DE FE 7B 11 9E 00 8A 1C 09 0C 75 
F1 8E 08 E6 F6 1C 0B A2 DF 2F 05 75 0A 5F 01 4B 25 28 9C 2C 
F1 8F 06 CF F6 EF 13 99 E9 FF 01 13 03 2A FF 17 09 C5 24 FF 
F3 90 04 AA F7 05 0C A5 FE E3 FB 72 01 7B 00 8B F9 85 7D 34 
F1 91 03 8E F7 7F 06 B1 0A 7B F9 75 00 3B 01 54 0F BD AA 30 
F1 92 02 3C F9 6C 03 D6 0C 37 F9 9A FD 6C FF 0E 0D AE 4F 84 
F3 93 00 7B FB A7 05 18 08 8E FB 6A FC 63 00 92 03 81 E1 E3 
F1 94 FF FC FC EE 06 97 04 FD FC 7A FE 49 01 51 FF 7C 81 EA 
F1 95 00 14 FD 78 06 CA 02 B3 FC 9F 01 50 FF 11 04 25 42 F8 
F3 96 01 04 FD 6F 06 47 01 01 FC 4B 03 32 00 89 04 C3 76 D9 
F1 97 01 38 FD 08 07 49 00 2C FD C8 03 78 01 3D 04 71 32 58 
F1 98 01 4E FD 0F 07 AC 00 9C FE 05 03 5E FF 18 0D DE B8 4E 
F3 99 01 25 FD DE 07 3B 01 DC FE 25 04 03 00 84 04 1A A5 D7 
F1 9A 00 44 FE 82 07 91 03 6D FF 53 05 83 01 32 04 33 CF F4 
F1 9B 00 6C 00 5F 05 D1 04 0D FF D0 06 82 FF 1B 09 C0 2D A8 
F3 9C 00 BC 00 CE 04 5B 02 AA FF 0B 07 2D 00 77 03 66 B4 29 
F1 9D FF A1 FF 85 05 A5 01 90 00 A3 08 6D 01 31 07 3F B2 AA 
F1 9E FD F0 FF D9 06 21 01 7A 03 84 0B 36 FF 1E 08 AF B2 F9 
F3 9F FE EF 00 AD 05 8B 01 04 05 76 0E 3E 00 6B 0B 0C A9 BB 
F1 A0 00 EF FF 85 07 08 FF C4 02 80 0E 8C 01 2D 0B 06 6A E1 
F1 A1 FE AB FD 6C 07 8D FF F4 FF FF 0E 37 FF 1C 00 E7 5C 53 
F3 A2 FE 93 FE 12 07 7A 00 B4 00 FD 0F 6A 00 60 07 16 2D 0C 
F1 A3 FE 61 FD 77 08 69 01 29 02 30 0E D9 01 31 0A 95 2A 32 
F1 A4 FB 83 FB 04 08 93 01 B3 FF 54 0E BB FF 17 01 F9 04 68 
F3 A5 FF BD FC 32 07 3B 02 02 FB 9A 0D 7B 00 4B 08 4F AA DA 
F1 A6 00 EB FD 45 08 AC 02 4D FB 2C 08 AF 01 25 03 A5 68 DF 
F1 A7 FB 72 FD 68 0A 3E 04 8C FC C6 05 F4 FF 1C 01 62 A5 87 
F3 A8 F9 72 FB D3 08 95 06 A1 FA 6B 08 21 00 4B FF 16 12 E4 
F1 A9 FD 57 FC C1 06 E2 06 73 F7 DB 08 4B 01 1A 05 73 E5 D3 
F1 AA FF A4 FD 25 06 59 04 F0 F9 52 04 B5 FF 18 09 F7 A4 22 
F3 AB FC 1A FE 20 09 86 04 7C FD A0 01 E4 00 40 05 1C 14 A1 
F1 AC FB C4 FD 83 08 E5 04 F6 FD 81 01 B8 01 0A 08 A0 D4 F5 
F1 AD FD 07 FE 25 07 68 04 87 FA 99 01 70 FF 16 0A 1B DB 3F 
F3 AE FC B8 FF 12 06 20 03 33 FB 20 00 00 00 38 07 CB 63 16 
F1 AF FD 08 FF 3B 06 A5 01 57 FE 38 FE C3 00 E9 07 BD 19 42 
F1 B0 FD E3 FF 65 08 20 FF FC 00 29 FD 87 FF 1A 03 D0 99 27 
F3 B1 FD 78 FF 5C 08 99 FF DB FF 58 FC D9 00 30 0B 50 ED 16 
F1 B2 FD EA 00 17 08 70 00 0C FD 4F FC D8 00 E9 0C 30 2E 8D 
F1 B3 FE CB 00 DA 08 06 00 05 FF 0E FC 0F FF 16 03 6E 5C 4C 
F3 B4 FD DB 00 B8 08 0B FF F5 01 D6 FB 34 00 31 04 D8 E8 85 
F1 B5 FD 86 FF F0 08 C6 FF E5 00 B4 FB ED 00 F7 07 5A 5D C9 
F1 B6 FD 33 00 04 07 F8 00 2F FF 74 FD 87 FF 1B 0C 05 B7 4B 
F3 B7 FF 2D 01 0C 06 C5 00 5E 00 14 FE 2A 00 31 0C 74 C9 EF 
F1 B8 FF 15 00 C6 08 70 00 AB 01 AD FD 40 01 05 00 A7 7F CF 
F1 B9 FF 47 00 D1 0A 1B 02 48 00 5C FC D4 FF 19 09 35 34 D3 
F3 BA FF 51 01 00 09 97 04 60 FF 2F FC 62 00 2E 09 75 40 94 
F1 BB FE 76 01 6B 07 CD 05 6A FE 58 FC AB 01 0A 0B 88 E8 1B 
F1 BC FF BE FF 94 09 0B FF 53 FA 89 FD EE FF 19 35 20 B8 D2 
F3 BD FF AD 00 75 0F ED FE 1A FF F9 FE C6 00 26 0B C4 90 1D 
F1 BE FF F8 00 5A 0B B7 FC C7 02 35 FF 1E 01 00 0F E1 74 8B 
F1 BF FF DA 00 CF 0C 06 FF 56 FF 43 FE D0 FF 16 0A B7 C9 3E 
F3 C0 FF 97 00 BD 06 78 00 BD FA D9 FE BB 00 30 06 F9 DF 7D 
F1 C1 FF 1D 00 CB 05 EA FF EE FC 71 FF 05 01 13 08 44 54 ED 
F1 C2 FF C7 01 5C 07 FC FF 51 01 0A FF 93 FF 19 05 B2 60 87 
F3 C3 00 90 00 D7 08 42 FF 82 02 36 FF 95 00 2F 0E A3 4A AE 
F1 C4 01 08 00 D5 07 4C FF CB 00 4A FF 27 01 05 09 20 36 3E 
F1 C5 00 4C 01 0B 07 77 FF 9C FE E2 FE B7 FF 19 09 14 3A BE 
F3 C6 FF 88 01 3F 07 6E FF 49 00 D4 FE AD 00 2E 02 E1 52 EB 
F1 C7 FE 5A 01 80 09 87 FE CB 03 3B FE AC 01 06 06 09 2A D3 
F1 C8 FF AA 00 12 08 38 FF E5 01 73 FE ED FF 1A 08 E7 83 3E 
F3 C9 FF FE 01 04 06 B4 00 6E FE B4 FE CF 00 39 04 A8 1D B2 
F1 CA FF 40 01 3A 07 AE 00 44 FE 14 FE D3 01 10 02 2D 46 9F 
F1 CB FF C4 00 79 06 FF FF EB FF 48 FF 03 FF 18 0A C9 7D DB 
F3 CC 00 04 00 D8 07 2E FF 6A 00 DE FF 13 00 36 09 39 12 AE 
F1 CD FF D7 01 96 08 80 FF 1B 01 78 FE DD 01 13 0B 25 0B C3 
F1 CE FF FD 00 EC 08 E4 FF 81 00 BE FE BB FF 19 FD 20 BD 0E 
F3 CF 00 1B 01 20 03 F0 00 0A FE B8 FE 50 00 3C 0E 63 1B DA 
F1 D0 FE 5A 01 52 06 D3 FF 57 FC 0B FE 5A 01 18 05 EB BF 67 
F1 D1 FE 0F FF D8 09 19 FE D9 FC 93 FF 80 FF 1B 0A 50 2B AA 
F3 D2 00 F4 00 50 08 09 FE ED FE F2 00 55 00 39 02 99 29 86 
F1 D3 02 0E 00 32 06 78 FE BA FF 09 FF BC 01 1A 09 37 B8 BF 
F1 D4 01 F3 00 D5 07 0A FE 4F FF 94 FF 07 FF 18 08 B2 FB 11 
F3 D5 01 6E 01 7F 08 99 FE 0D 01 0B FE 48 00 37 0A 99 B9 DF 
F1 D6 00 33 00 84 07 66 FE 2B FF AF FD A5 01 16 07 18 A9 CC 
F1 D7 FD C7 FF 03 05 BF FD BE FD 6B FE 43 FF 1E 07 ED 71 21 
F3 D8 FD 3A 00 30 09 BF FD 3F FF 84 FF C9 00 3D 06 E9 1A A0 
F1 D9 01 C6 FF 91 09 D3 FF 64 FF 0D 00 32 01 07 03 C4 48 E5 
F1 DA 00 E9 00 46 07 DD FF E1 FF FD 00 03 FF 23 08 9D EE FB 
F3 DB 00 95 00 20 07 F4 FF DF 00 01 FF F7 00 40 0A 3A C5 85 
F1 DC 00 7E 00 23 07 BC FF E6 00 06 FF FC 01 07 06 98 B4 D0 
F1 DD FF BF 00 24 07 B7 FF EB 00 0A FF FF FF 22 0B 1B 99 E8 
F3 DE 00 EA FF F9 07 BF FF DE FF FC 00 0C 00 44 07 33 A3 3F 
F1 DF 00 76 00 16 08 1B FF E0 00 04 FF FA 01 11 0F D3 85 35 
F1 E0 00 60 00 1D 07 EA FF E5 00 05 FF FA FF 23 03 1A A3 73 
F3 E1 FF EE 00 22 07 7E FF EA 00 08 00 05 00 45 05 C9 46 73 
F1 E2 01 75 00 08 07 A0 FF E2 FF FE 00 45 01 12 05 9F BB E7 
F1 E3 00 A6 00 17 07 B9 FF D6 FF FA FF F8 FF 20 02 95 74 56 
F3 E4 00 6B 00 18 07 DF FF D8 FF FE FF F0 00 44 0A 63 FE 46 
F1 E5 00 73 00 28 07 F1 FF E1 00 03 FF F2 01 0A FF 8C 06 99 
F1 E6 00 66 00 05 07 DA FF DF 00 02 FF F7 FF 23 06 69 67 58 
F3 E7 00 6E 00 04 07 D6 FF E1 00 01 FF F6 00 39 09 FD FF B2 
F1 E8 00 76 00 15 07 DD FF E0 00 03 FF F8 01 0D 00 B5 42 CE 
F1 E9 00 74 00 1B 07 C3 FF E0 00 02 FF F8 FF 25 08 7B 86 B9 
F3 EA 00 74 00 16 07 D8 FF DF 00 02 FF F8 00 46 01 EB 5F EE 
F1 EB 00 6B 00 1C 07 E6 FF E0 00 03 FF F7 01 0A 03 85 C7 0A 
F1 EC 00 64 00 1C 07 DE FF DF 00 02 FF F7 FF 1F 08 DB 91 CD 
F3 ED 00 78 00 0B 07 DA FF E0 00 01 FF F6 00 41 05 F9 6C 7F 
F1 EE 00 6B 00 1E 07 B7 FF DF 00 01 FF F7 01 03 05 97 DD F6 
F1 EF 00 7D 00 07 07 D4 FF E0 00 02 FF F7 FF 24 06 34 C1 62 
F3 F0 00 6E 00 1F 07 ED FF E0 00 02 FF F7 00 3C 06 14 6A 5C 
F1 F1 00 72 00 14 07 C7 FF E0 00 00 FF F7 01 11 0D BE 0E A2 
F1 F2 00 67 00 07 07 DF FF DF 00 01 FF F7 FF 21 07 03 DF DA 
F3 F3 00 70 00 08 07 CD FF E0 00 03 FF F7 00 42 05 67 F2 D7 
F1 F4 00 5B 00 12 07 BB FF E1 00 02 FF F8 01 10 0E 40 0C DE 
F1 F5 00 7E 00 1C 07 CE FF E1 00 02 FF F9 FF 20 02 0F AC 6E 
F3 F6 00 6C 00 0B 07 B9 FF E1 00 03 FF F7 00 42 0B 26 E6 79 
F1 F7 00 74 00 11 07 F2 FF DF 00 03 FF F8 01 09 02 B5 16 B8 
F1 F8 00 67 00 0F 07 E5 FF E0 00 02 FF F7 FF 1E 04 00 B7 5E 
F3 F9 00 73 00 22 07 D4 FF DF 00 03 FF F6 00 43 0E 4D 9C CD 
F1 FA 00 66 00 05 07 DE FF E1 00 00 FF F7 01 0E 04 E9 05 7A 
F1 FB 00 76 FF F9 07 E5 FF E0 00 02 FF F6 FF 21 0C 6B 96 FC 
F3 FC 00 6B 00 0E 07 D4 FF E0 00 00 FF F7 00 44 06 E1 E3 2D 
F1 FD 00 74 00 18 07 E9 FF E0 00 02 FF F8 01 03 05 D7 B7 99 
F1 FE 00 5C 00 11 07 C2 FF E0 00 03 FF F7 FF 23 08 DB D3 40 
F3 FF 00 68 00 18 07 B3 FF E0 00 04 FF F6 00 44 03 20 32 EC 
F1 00 00 7A 00 15 07 DB FF DE 00 03 FF F8 01 11 05 FA CB 7A 
F1 01 00 73 00 19 07 EB FF E0 00 03 FF F8 FF 22 08 D7 06 95 
F3 02 00 60 00 1A 07 DB FF DF 00 01 FF F7 00 4A 09 9B F0 E1 
F1 03 00 77 00 18 07 AF FF DF 00 03 FF F6 01 0D 08 88 73 16 
F1 04 00 6A 00 0D 07 89 FF E4 00 03 FF F7 FF 20 03 14 6D 6A 
F3 05 00 76 00 1E 07 98 FF E0 00 03 FF F8 00 44 04 89 15 4E 
F1 06 00 7C 00 11 07 EC FF DF 00 02 FF F7 01 0A 09 BE 64 0E 
F1 07 00 82 00 0F 07 E6 FF DE 00 01 FF F6 FF 21 05 E8 15 71 
F3 08 00 72 00 12 07 F1 FF DD 00 02 FF F9 00 49 09 D5 D7 6C 
F1 09 00 5A 00 10 07 BF FF E1 00 00 FF F8 01 11 03 19 ED 85 
F1 0A 00 5B 00 08 07 C3 FF E0 00 03 FF F6 FF 20 04 A9 2A 2D 
F3 0B 00 78 00 17 07 BF FF E1 00 03 FF F7 00 4C 0C 04 22 35 
F1 0C 00 78 00 17 07 E0 FF E1 00 01 FF F6 01 0C 08 F2 D8 B5 
F1 0D 00 8B 00 11 07 E5 FF DF 00 04 FF F7 FF 1F 0B 53 03 AD 
F3 0E 00 70 00 1B 07 EA FF DE 00 03 FF F8 00 43 06 8D 0A FF 
F1 0F 00 79 00 06 07 D8 FF E1 00 03 FF F7 01 0A 04 08 3A 5B 
F1 10 00 54 FF F9 07 AE FF E0 00 04 FF F6 FF 22 08 C5 BA 3D 
F3 11 00 65 00 0D 07 CD FF E0 00 03 FF F6 00 41 06 99 F4 94 
F1 12 00 8C FF F7 07 FB FF E0 00 03 FF F6 01 11 04 DE CE 6B 
F1 13 00 7F 00 1A 07 F2 FF E0 00 01 FF F7 FF 20 05 83 62 AF 
F3 14 00 6F 00 1B 07 DB FF DF 00 01 FF F7 00 48 07 BF BF 94 
F1 15 00 6E 00 01 07 B8 FF E1 00 03 FF F9 01 12 07 35 07 F3 
F1 16 00 58 00 20 07 B9 FF E0 00 03 FF F7 FF 24 04 26 9A FA 
F3 17 00 7A 00 06 07 FF FF DF 00 01 FF F6 00 3F 05 3C 63 2B 
F1 18 00 77 00 18 07 EA FF E0 00 02 FF F6 01 12 03 97 92 BB 
F1 19 00 82 00 1C 07 D5 FF E0 00 03 FF F7 FF 20 05 E3 7B 1C 
F3 1A 00 70 00 16 07 D5 FF DF 00 02 FF F6 00 44 06 F2 FE 94 
F1 1B 00 72 00 02 07 BB FF E0 00 03 FF F7 01 08 02 E2 43 CB 
F1 1C 00 68 00 1B 07 F4 FF E0 00 02 FF F6 FF 24 05 87 FB 0C 
F3 1D 00 69 00 16 07 D9 FF E1 00 03 FF F7 00 42 06 11 52 68 
F1 1E 00 65 00 0C 07 EB FF E0 00 04 FF F7 01 0D 0C 00 BF B2 
F1 1F 00 6B 00 1C 07 DA FF DE 00 03 FF F7 FF 1E 08 B6 DD 08 
F3 20 00 73 00 15 07 DF FF DF 00 02 FF F5 00 3D 02 2E 3A 80 
F1 21 00 79 00 11 07 FC FF DE 00 03 FF F6 01 0B 08 23 E5 D7 
F1 22 00 6A 00 2F 07 FE FF DE 00 03 FF F6 FF 23 06 28 E6 14 
F3 23 00 5A 00 11 07 C2 FF E0 00 03 FF F7 00 42 08 07 5A 16 
F1 24 00 66 00 12 07 CA FF E0 00 02 FF F8 01 12 05 90 AA 59 
F1 25 00 6F 00 11 07 DC FF DF 00 03 FF F7 FF 1E 03 AC FC AF 
F3 26 00 70 00 03 07 E7 FF E0 00 02 FF F6 00 46 0B 79 45 08 
F1 27 00 72 00 21 07 C9 FF E0 00 01 FF F7 01 13 05 31 ED 44 
F1 28 00 70 00 10 07 BA FF DE 00 02 FF F7 FF 1D 09 14 A0 BF 
F3 29 00 6F 00 1B 07 DA FF DF 00 01 FF F8 00 49 0A F9 9D 33 
F1 2A 00 66 00 1B 07 F2 FF E1 00 02 FF F7 01 0E 08 64 3D EA 
F1 2B 00 6E 00 0F 07 DA FF E0 00 01 FF F8 FF 23 0F 0D DA 60 
F3 2C 00 67 00 17 07 D1 FF E1 00 03 FF F7 00 48 0C 22 58 70 
F1 2D 00 73 00 0B 07 BF FF DF 00 03 FF F7 01 0D 09 0C F5 BA 
F1 2E 00 68 00 11 07 EF FF E0 00 02 FF F9 FF 22 0B B5 14 59 
F3 2F 00 65 00 12 07 F2 FF E0 00 03 FF F5 00 46 04 28 2A 83 
F1 30 00 67 00 15 07 D3 FF DE 00 03 FF F6 01 15 0B 34 1F 93 
F1 31 00 5F 00 0F 07 C5 FF E0 00 02 FF F8 FF 23 04 80 85 84 
F3 32 00 70 00 12 07 DA FF DF 00 02 FF F8 00 47 09 C2 7B 8D 
F1 33 00 62 00 0F 07 E1 FF E0 00 03 FF F8 01 13 0A EA 30 D8 
F1 34 00 6B 00 10 07 DE FF E0 00 03 FF F6 FF 21 03 FA 99 8E 
F3 35 00 6E 00 1B 07 CB FF DE 00 02 FF F6 00 40 0B C8 13 F9 
F1 36 00 76 00 16 07 B8 FF DF 00 01 FF F6 01 10 06 11 04 7C 
F1 37 00 6F 00 0B 07 E7 FF DF 00 01 FF F6 FF 21 06 3C 2E 1B 
F3 38 00 6E 00 19 07 E4 FF E1 00 00 FF F6 00 47 0A 06 EE 9A 
F1 39 00 67 00 22 07 C3 FF E0 00 01 FF F8 01 14 05 A1 C3 95 
F1 3A 00 6D FF FF 07 D1 FF E1 00 03 FF F7 FF 1F 08 01 83 0C 
F3 3B 00 6E 00 12 07 E8 FF E1 00 01 FF F8 00 40 0D 83 42 69 
F1 3C 00 5F 00 0C 07 C7 FF E1 00 02 FF F6 01 10 02 FD BE 1D 
F1 3D 00 6E 00 1A 07 C9 FF E2 00 02 FF F7 FF 21 0B 8A E5 47 
F3 3E 00 62 00 0A 07 FA FF DF 00 02 FF F8 00 43 05 36 3D E4 
F1 3F 00 77 00 10 07 C7 FF DF 00 01 FF F8 01 12 08 66 0E 0F 
F1 40 00 8A 00 12 07 F1 FF E0 00 02 FF F7 FF 20 0A 6E 3A D8 
F3 41 00 65 00 11 07 F6 FF DF 00 03 FF F7 00 47 05 93 2F 5F 
F1 42 00 69 00 11 07 C4 FF E2 00 03 FF F7 01 16 0A 13 39 F4 
F1 43 00 69 FF FF 07 FB FF E0 00 03 FF F7 FF 21 04 9F 6F 91 
F3 44 00 6B 00 0E 07 D6 FF E0 00 03 FF F7 00 41 04 06 CE 5C 
F1 45 00 67 00 14 07 DD FF E1 00 03 FF F4 01 08 08 ED 26 07 
F1 46 00 72 00 05 07 D3 FF E0 00 03 FF F6 FF 22 00 DA 70 E5 
F3 47 00 6C 00 0C 07 D1 FF E0 00 02 FF F7 00 45 05 E7 9E 09 
F1 48 00 68 FF F6 07 E8 FF E0 00 04 FF F7 01 0B 05 30 06 C5 
F1 49 00 6D 00 0F 07 E5 FF DF 00 02 FF F8 FF 23 05 66 AE 21 
F3 4A 00 68 00 12 07 E4 FF E0 00 02 FF F6 00 43 06 A5 10 29 
F1 4B 00 72 00 0D 07 F0 FF DF 00 01 FF F7 01 0A 04 E6 F2 CA 
F1 4C 00 68 00 0A 07 EA FF E0 00 01 FF F7 FF 22 03 10 51 12 
F3 4D 00 66 00 0D 07 E6 FF DE 00 02 FF F8 00 48 07 3F 4D 12 
F1 4E 00 6D 00 0F 07 D9 FF DE 00 02 FF F7 01 12 05 4A 74 B7 
F1 4F 00 69 00 19 07 E7 FF E1 00 01 FF F7 FF 22 0A B2 F8 4A 
F3 50 00 69 00 0C 07 DF FF E0 00 01 FF F7 00 40 02 DD A9 6E 
F1 51 00 75 00 0B 07 CE FF E0 00 01 FF F8 01 11 02 3A 0B B4 
F1 52 00 6C 00 0C 07 EF FF DE 00 01 FF F8 FF 22 05 5A 96 3C 
F3 53 00 83 00 0E 07 D6 FF DE 00 03 FF F8 00 47 06 89 30 90 
F1 54 00 76 00 10 07 F5 FF E0 00 02 FF F7 01 12 06 7C 4C 6E 
F1 55 00 6E 00 05 07 E4 FF DF 00 02 FF F7 FF 21 01 47 3D 56 
F3 56 00 7C 00 15 07 CE FF E0 00 01 FF F7 00 47 06 1E C5 64 
F1 57 00 61 00 03 07 E8 FF DF 00 00 FF F6 01 12 06 35 93 F0 
F1 58 00 61 00 03 07 DA FF E0 00 01 FF F7 FF 25 05 7B C6 A7 
F3 59 00 6D 00 19 07 D1 FF DF 00 03 FF F8 00 45 06 A3 71 0F 
F1 5A 00 6C 00 01 07 C8 FF E1 00 02 FF F6 01 14 03 9A 9B FB 
F1 5B 00 7B 00 0F 07 DE FF E0 00 03 FF F8 FF 21 06 44 C7 12 
F3 5C 00 7A 00 19 07 C5 FF E1 00 04 FF F7 00 40 09 0A 34 C7 
F1 5D 00 7A 00 10 07 CF FF E0 00 03 FF F7 01 14 04 02 69 EB 
F1 5E 00 72 00 14 07 C2 FF DF 00 02 FF F8 FF 25 01 9A D2 AD 
F3 5F 00 66 00 1D 07 D3 FF E0 00 03 FF F8 00 47 06 19 76 9A 
F1 60 00 6F 00 09 07 CA FF E1 00 02 FF F8 01 12 0A 54 A8 F2 
F1 61 00 66 00 1E 07 F3 FF E0 00 03 FF F7 FF 21 08 B3 14 67 
F3 62 00 77 00 0B 07 CF FF DF 00 02 FF F6 00 43 03 C1 2D 61 
F1 63 00 5E 00 16 07 D4 FF E0 00 01 FF F7 01 12 05 21 5D 43 
F1 64 00 61 00 16 07 DF FF E1 00 01 FF F7 FF 1F 07 7D 10 AB 
F3 65 00 72 00 16 07 F5 FF DF 00 01 FF F6 00 45 09 C8 DE 1B 
F1 66 00 70 00 01 07 D8 FF E2 00 04 FF F8 01 09 07 B7 A1 D0 
F1 67 00 68 00 09 07 CD FF E0 00 02 FF F7 FF 23 05 09 51 48 
F3 68 00 76 00 26 07 F3 FF DF 00 01 FF F7 00 46 04 AC F2 84 
F1 69 00 6E 00 09 07 DF FF E0 00 03 FF F8 01 0C 06 A6 CC DF 
F1 6A 00 5D 00 15 07 DE FF DF 00 03 FF F6 FF 1F 0B 77 24 92 
F3 6B 00 5D 00 0F 07 CA FF DF 00 02 FF F7 00 4A 07 F7 6F 29 
F1 6C 00 69 00 10 07 BE FF DF 00 03 FF F9 01 09 05 5E 9F FA 
F1 6D 00 5E 00 1C 07 CF FF E0 00 01 FF F6 FF 1F 06 09 93 E4 
F3 6E 00 73 00 17 07 EC FF E1 00 03 FF F7 00 3E 07 1B 11 67 
F1 6F 00 7A 00 06 07 E8 FF E0 00 01 FF F6 01 0E 07 A8 7F D7 
F1 70 00 7C 00 17 07 F5 FF E0 00 02 FF F7 FF 20 05 80 7E 62 
F3 71 00 65 FF F9 07 EA FF DF 00 01 FF F5 00 41 02 13 40 A1 
F1 72 00 53 00 1C 07 CD FF DF 00 04 FF F7 01 0C 08 C1 29 2C 
F1 73 00 70 00 09 07 F7 FF DE 00 01 FF F9 FF 24 06 5B A2 5F 
F3 74 00 7B 00 0F 07 F2 FF DF 00 02 FF F6 00 47 06 95 05 F5 
F1 75 00 6C 00 05 07 E0 FF E1 00 01 FF F6 01 10 08 B0 02 8E 
F1 76 00 6D 00 16 07 F5 FF E1 00 01 FF F8 FF 20 08 C4 91 7F 
F3 77 00 62 00 19 07 E2 FF E0 00 03 FF F8 00 43 09 F9 45 49 
F1 78 00 69 00 19 07 BE FF E1 00 03 FF F6 01 15 04 DF EA 5C 
F1 79 00 5D 00 18 07 DF FF DF 00 04 FF F6 FF 1D 02 FB 05 D0 
F3 7A 00 7D 00 09 08 08 FF E0 00 02 FF F6 00 43 05 89 AC 37 
F1 7B 00 78 00 1B 07 DB FF E0 00 02 FF F7 01 09 04 B9 15 1A 
F1 7C 00 52 00 0C 07 C9 FF E1 00 01 FF F7 FF 21 0A AD E9 65 
F3 7D 00 6C 00 12 07 D6 FF E1 00 02 FF F8 00 46 03 47 69 20 
F1 7E 00 6C 00 23 07 CE FF E0 00 01 FF F7 01 15 04 AE F3 AB 
F1 7F 00 6D FF F9 07 E0 FF E0 00 02 FF F7 FF 1C 0A 60 10 F0 
F3 80 00 65 00 0F 07 CE FF DE 00 03 FF F7 00 47 08 E0 AB 76 
F1 81 00 75 00 18 07 E8 FF DE 00 03 FF F7 01 15 06 F2 D5 09 
F1 82 00 6D 00 0C 07 E0 FF E0 00 03 FF F7 FF 24 03 9E 26 5F 
F3 83 00 53 00 0F 07 D4 FF DF 00 03 FF F8 00 43 02 FD B6 E8 
F1 84 00 75 00 26 07 DD FF DF 00 03 FF F8 01 0C 08 23 E4 BC 
F1 85 00 76 00 14 07 D9 FF DE 00 01 FF F6 FF 21 06 1E 8E 3F 
F3 86 00 7A 00 10 07 E0 FF E0 00 03 FF F7 00 47 03 E1 BD 2A 
F1 87 00 64 00 1C 07 CB FF E1 00 03 FF F6 01 10 07 AB 55 04 
F1 88 00 6D 00 1E 07 E5 FF E1 00 03 FF F7 FF 1F 03 B3 BE 4F 
F3 89 00 74 00 18 07 E1 FF DF 00 01 FF F7 00 44 09 69 C0 07 
F1 8A 00 6D 00 0C 07 D5 FF DF 00 02 FF F7 01 0A FF B8 B1 E9 
F1 8B 00 85 00 0D 07 D9 FF DF 00 02 FF F7 FF 23 02 FB EB 91 
F3 8C 00 81 00 0A 07 E8 FF DE 00 02 FF F6 00 46 0A 83 13 B4 
F1 8D 00 61 00 0C 07 B0 FF DF 00 02 FF F7 01 11 01 2A 38 B6 
F1 8E 00 6C 00 16 07 C3 FF E0 00 04 FF F7 FF 1F 0C 73 19 3E 
F3 8F 00 69 00 0D 07 DB FF DE 00 03 FF F9 00 43 02 23 A1 46 
F1 90 00 73 00 1D 07 FD FF DF 00 02 FF F7 01 10 04 28 25 9B 
F1 91 00 67 00 16 07 F0 FF E0 00 03 FF F7 FF 1F 07 B3 AD AE 
F3 92 00 68 00 1F 07 D1 FF E0 00 02 FF F7 00 4C 00 E2 28 0C 
F1 93 00 84 00 19 07 CB FF DF 00 01 FF F8 01 0C 09 35 F4 08 
F1 94 00 7D 00 20 07 D0 FF E1 00 03 FF F8 FF 1F 05 02 9B 5D 
F3 95 00 5C FF FD 07 EB FF E1 00 02 FF F8 00 49 02 BB D3 2A 
F1 96 00 6A 00 0C 07 C3 FF E1 00 01 FF F7 01 15 0A 27 19 E9 
F1 97 00 66 00 11 07 E9 FF E1 00 02 FF F7 FF 20 00 7B FF E9 
F3 98 00 68 00 1A 07 EC FF DE 00 02 FF F7 00 44 03 38 0B 61 
F1 99 00 6B 00 06 07 DA FF E0 00 02 FF F7 01 0E 07 E3 83 6A 
F1 9A 00 6B 00 0E 07 DD FF E1 00 02 FF F8 FF 24 04 87 1B 10 
F3 9B 00 65 00 0B 07 E2 FF E0 00 03 FF F6 00 49 0B 74 FF 14 
F1 9C 00 6B 00 21 07 ED FF E0 00 02 FF F6 01 11 05 BD F9 C0 
F1 9D 00 5F 00 1F 07 F8 FF E0 00 01 FF F6 FF 22 07 32 BD B5 
F3 9E 00 77 00 17 07 D0 FF DF 00 02 FF F8 00 44 04 6E 12 11 
F1 9F 00 77 00 12 07 BE FF E1 00 02 FF F7 01 0C 03 C9 73 05 
F1 A0 00 6C 00 05 07 BC FF DF 00 03 FF F9 FF 22 0A BF A6 F8 
F3 A1 00 6C 00 0A 07 E1 FF DF 00 02 FF FA 00 43 04 C6 C0 99 
F1 A2 00 75 00 0E 07 E1 FF E0 00 02 FF F7 01 03 00 75 BE 2B 
F1 A3 00 66 00 11 07 D0 FF DF 00 04 FF F7 FF 23 08 87 C3 D8 
F3 A4 00 65 00 15 07 B7 FF E1 00 02 FF F8 00 3E 06 8E DB B1 
F1 A5 00 64 00 07 07 E7 FF E0 00 01 FF F7 01 0C 09 79 1C 99 
F1 A6 00 6C 00 15 07 D9 FF E0 00 02 FF F7 FF 24 05 23 4E 95 
F3 A7 00 78 00 01 07 CF FF E1 00 02 FF F6 00 43 09 55 83 CA 
F1 A8 00 7B 00 08 07 D1 FF E1 00 03 FF F7 01 0E 0A 82 F8 DD 
F1 A9 00 70 00 09 07 C8 FF E0 00 03 FF F8 FF 1F 03 B2 0D 93 
F3 AA 00 65 00 09 07 DD FF E0 00 01 FF F5 00 47 05 D1 60 37 
F1 AB 00 64 00 04 07 D1 FF E0 00 02 FF F7 01 05 06 81 00 E9 
F1 AC 00 75 00 0B 07 BE FF E0 00 04 FF F8 FF 26 08 4A 5B 8A 
F3 AD 00 6E 00 09 07 D3 FF DF 00 03 FF F7 00 40 08 C5 6C CC 
F1 AE 00 60 FF F9 07 D5 FF DF 00 01 FF F7 01 0C 03 6C 43 E9 
F1 AF 00 6B 00 0D 07 CE FF DF 00 02 FF F8 FF 22 03 A8 F1 D4 
F3 B0 00 64 FF FD 07 DE FF E0 00 01 FF F8 00 40 07 A1 DF 6E 
F1 B1 00 6A 00 06 07 EA FF E0 00 04 FF F7 01 0B 0C 58 E9 5C 
F1 B2 00 72 00 0E 07 E4 FF DF 00 02 FF F7 FF 24 0D 37 1D 7E 
F3 B3 00 74 00 20 07 DF FF DF 00 02 FF F9 00 46 03 F1 4C 5B 
F1 B4 00 66 00 0F 07 EC FF DF 00 05 FF F8 01 0A 04 47 55 85 
F1 B5 00 6D 00 1E 07 E8 FF E1 00 04 FF F7 FF 21 05 73 D7 BC 
F3 B6 00 7E 00 29 07 D3 FF E0 00 02 FF F6 00 46 08 BF B4 02 
F1 B7 00 6E 00 09 07 E4 FF DF 00 01 FF F7 01 13 09 72 07 64 
F1 B8 00 6F 00 05 07 BD FF E0 00 01 FF F8 FF 21 01 EE 6D 1F 
F3 B9 00 68 00 0A 07 BB FF E0 00 02 FF F7 00 47 0A 4D 43 EF 
F1 BA 00 75 00 0C 07 F1 FF E0 00 04 FF F7 01 09 09 F8 64 98 
F1 BB 00 76 00 15 07 E0 FF E0 00 03 FF F7 FF 1F 06 33 EF 2F 
F3 BC 00 74 00 0B 07 EA FF E0 00 01 FF F6 00 47 06 E6 5D 05 
F1 BD 00 6C 00 1B 07 BC FF DF 00 01 FF F8 01 12 02 00 13 9B 
F1 BE 00 69 00 1B 07 CE FF E0 00 03 FF F8 FF 21 09 D4 F6 86 
F3 BF 00 75 00 0E 07 D0 FF DF 00 03 FF F7 00 47 06 19 C7 7F 
F1 C0 00 81 00 0F 07 DC FF E0 00 02 FF F8 01 12 05 FD 82 A5 
F1 C1 00 75 00 0C 07 C6 FF DF 00 03 FF F7 FF 22 06 EB 52 0D 
F3 C2 00 69 00 0F 07 D1 FF DF 00 02 FF F5 00 46 08 CA 35 96 
F1 C3 00 65 00 14 07 BF FF E0 00 03 FF F8 01 0E 08 A9 6D 6E 
F1 C4 00 64 00 0D 07 E7 FF E0 00 02 FF F9 FF 23 04 20 F4 AB 
F3 C5 00 74 00 0F 07 DC FF E2 00 02 FF F8 00 40 06 6A 9F 37 
F1 C6 00 6E 00 1E 07 DD FF DF 00 02 FF F8 01 0E 07 34 A3 F9 
F1 C7 00 65 00 10 07 CB FF DD 00 02 FF F7 FF 26 07 E4 2D 10 
F3 C8 00 66 00 10 07 E6 FF E0 00 03 FF F7 00 43 08 58 15 33 
F1 C9 00 6A 00 0C 07 C2 FF E0 00 02 FF F8 01 0A 03 E5 28 87 
F1 CA 00 7B 00 0E 07 D0 FF E0 00 02 FF F7 FF 21 06 BC 9C 6F 
F3 CB 00 7C 00 0B 07 D1 FF DE 00 02 FF F7 00 43 06 41 9B B1 
F1 CC 00 72 00 15 07 E1 FF E1 00 02 FF F8 01 11 05 F7 58 4B 
F1 CD 00 79 00 0C 07 C1 FF E0 00 02 FF F8 FF 21 06 67 BB 45 
F3 CE 00 65 00 1A 07 CE FF E0 00 03 FF F7 00 43 04 ED AF 21 
F1 CF 00 66 00 0A 07 DE FF E1 00 04 FF F6 01 09 02 E0 60 C9 
F1 D0 00 67 00 20 07 E5 FF E0 00 02 FF F5 FF 20 07 54 35 73 
F3 D1 00 6B 00 18 07 F0 FF DF 00 03 FF F7 00 43 04 1A 60 E5 
F1 D2 00 6F 00 19 07 CE FF E0 00 01 FF F6 01 0C 04 CB E9 FC 
F1 D3 00 6F 00 16 07 DE FF E2 00 01 FF F8 FF 21 05 FA 88 7D 
F3 D4 00 6F 00 03 07 CF FF DF 00 01 FF F9 00 43 04 3A 85 2B 
F1 D5 00 6C 00 1C 07 EC FF E1 00 00 FF F7 01 1C 03 91 EA 28 
F1 D6 00 6E 00 08 07 C9 FF DF 00 01 FF F7 FF 23 02 CA 95 82 
F3 D7 00 66 00 0C 07 CE FF E0 00 03 FF F6 00 4A 03 AB D9 7D 
F1 D8 00 78 00 07 07 E2 FF DF 00 02 FF F7 01 14 0A 2F D8 E1 
F1 D9 00 7C 00 06 07 F3 FF E0 00 02 FF F8 FF 20 05 63 2F 0D 
F3 DA 00 67 00 09 07 D0 FF DF 00 03 FF F7 00 3F 0B 0D 4C 08 
F1 DB 00 68 00 11 07 C2 FF DF 00 01 FF F6 01 10 FF 7A DC 9F 
F1 DC 00 72 FF FB 07 C6 FF E0 00 02 FF F6 FF 23 05 6B CF 5C 
F3 DD 00 6A 00 19 07 C5 FF E0 00 03 FF F6 00 44 06 3C 58 FA 
F1 DE 00 73 00 17 07 D4 FF DE 00 02 FF F7 01 17 00 40 A6 3B 
F1 DF 00 5E 00 17 07 ED FF DE 00 01 FF F7 FF 20 08 AC AC ED 
F3 E0 00 66 00 0C 07 CD FF DF 00 04 FF F6 00 41 03 61 0C CF 
F1 E1 00 7A 00 0B 07 ED FF DF 00 02 FF F9 01 0E 04 02 38 C7 
F1 E2 00 6F 00 28 07 E2 FF DF 00 03 FF F7 FF 25 0A 32 32 6E 
F3 E3 00 6F 00 1B 07 DF FF DF 00 02 FF F8 00 45 08 D3 74 4C 
F1 E4 00 6C 00 1A 07 D6 FF E0 00 04 FF F7 01 0B 06 B4 CD FC 
F1 E5 00 6D FF FC 07 F1 FF DF 00 01 FF F8 FF 1F 05 D5 FA AA 
F3 E6 00 6A 00 05 07 F6 FF E0 00 02 FF F6 00 47 01 37 9A FC 
F1 E7 00 68 00 2C 07 E2 FF DF 00 01 FF F7 01 12 08 5E CA B7 
F1 E8 00 84 00 08 07 E5 FF DF 00 03 FF F8 FF 24 02 EE 66 91 
F3 E9 00 67 00 0B 07 D5 FF E0 00 03 FF F8 00 3F 01 B4 8C 73 
F1 EA 00 72 00 10 07 CE FF DF 00 01 FF F8 01 0D 08 32 F1 C2 
F1 EB 00 72 00 22 07 EF FF DF 00 02 FF F7 FF 1F FF 75 3D 13 
F3 EC 00 6B 00 15 07 DC FF E0 00 03 FF F6 00 44 08 EA 6D 5E 
F1 ED 00 6C 00 1A 07 E2 FF E1 00 05 FF F8 01 0E 03 42 59 69 
F1 EE 00 57 00 0D 07 D2 FF DF 00 02 FF F7 FF 21 02 B7 BC E9 
F3 EF 00 5F 00 0B 07 D3 FF E0 00 01 FF F8 00 43 09 E9 24 6B 
F1 F0 00 72 00 07 07 E1 FF E1 00 04 FF F7 01 0E FD A7 49 B1 
F1 F1 00 75 00 17 07 D6 FF DF 00 03 FF F7 FF 21 07 28 74 36 
F3 F2 00 76 00 0F 07 EC FF DF 00 03 FF F8 00 3F 03 38 1E 2F 
F1 F3 00 5F 00 0C 07 DE FF DE 00 03 FF F7 01 10 05 FD 0B A4 
F1 F4 00 69 00 0E 07 E2 FF DF 00 02 FF F8 FF 1F 08 45 8D A5 
F3 F5 00 69 00 0E 07 CA FF E0 00 03 FF F7 00 48 02 7D 1C 53 
F1 F6 00 75 00 0B 07 DC FF DF 00 02 FF F8 01 12 06 A2 63 6F 
F1 F7 00 7F FF FA 07 D5 FF E1 00 01 FF F8 FF 23 06 7F C4 28 
F3 F8 00 77 00 0F 07 D3 FF E0 00 02 FF F8 00 3D 07 34 D5 6C 
F1 F9 00 6E 00 1B 07 D3 FF DF 00 04 FF F7 01 1B 09 E6 C3 8F 
F1 FA 00 68 00 06 07 DA FF E1 00 02 FF F7 FF 21 04 02 D1 F0 
F3 FB 00 73 00 02 07 BA FF DF 00 01 FF F7 00 43 03 00 08 33 
F1 FC 00 74 00 1A 07 DB FF E0 00 04 FF F6 01 11 04 ED 95 EF 
F1 FD 00 79 FF FD 07 CF FF E0 00 02 FF F6 FF 21 09 33 22 80 
F3 FE 00 6D 00 0C 07 DB FF DE 00 01 FF F8 00 41 0C 43 DE 09 
F1 FF 00 67 00 1E 07 CF FF DF 00 01 FF F8 01 11 04 9F 8C 3D 
F1 00 00 7B 00 10 07 DE FF DF 00 01 FF F6 FF 20 04 35 3C 3E 
F3 01 00 72 00 14 07 BB FF E0 00 03 FF F7 00 47 07 F8 99 24 
F1 02 00 7F 00 0E 07 EA FF DF 00 03 FF F7 01 0D 07 44 B2 1A 
F1 03 00 75 00 11 07 D9 FF E1 00 01 FF F7 FF 21 0C DD 7F 73 
F3 04 00 69 00 0E 07 EF FF E0 00 01 FF F7 00 42 00 83 4A 5B 
F1 05 00 6F 00 06 07 B2 FF E0 00 02 FF F7 01 0B 06 62 27 00 
F1 06 00 5D 00 16 07 F8 FF E0 00 02 FF F7 FF 21 0A 13 8F F6 
F3 07 00 6E 00 17 07 C5 FF E1 00 01 FF F6 00 40 06 B5 20 01 
F1 08 00 65 00 18 07 FB FF E1 00 02 FF F7 01 11 08 18 A6 22 
F1 09 00 60 00 1F 07 D5 FF DF 00 04 FF F7 FF 23 02 EE 60 16 
F3 0A 00 70 FF F8 07 D3 FF DF FF FE FF F8 00 40 0A 16 E9 CF 
F1 0B 00 7F 00 0F 07 D5 FF E1 00 01 FF F7 01 0D 09 B1 6F DC 
F1 0C 00 84 00 0C 07 E0 FF E1 00 02 FF F8 FF 20 05 89 7B B6 
F3 0D 00 66 00 0C 07 D5 FF DF 00 03 FF F8 00 3F 03 5B 19 F4 
F1 0E 00 65 00 09 07 E4 FF E0 00 03 FF F8 01 10 05 07 DD BE 
F1 0F 00 6F FF FE 07 EA FF DE 00 03 FF F9 FF 23 0D 8A 13 C0 
F3 10 00 68 00 18 07 DF FF E0 00 01 FF F8 00 43 0C 1A DA 82 
F1 11 00 7E 00 14 07 E7 FF E0 00 03 FF F8 01 0D 03 5C D9 3B 
F1 12 00 6F 00 03 07 D4 FF E1 00 03 FF F7 FF 21 06 36 21 19 
F3 13 00 64 00 0B 07 EB FF DF 00 02 FF F7 00 44 08 87 EA 2F 
F1 14 00 5F 00 10 07 ED FF E1 00 02 FF F8 01 11 0D AE 37 3B 
F1 15 00 68 00 12 07 D4 FF DF 00 03 FF F7 FF 22 09 2C 05 97 
F3 16 00 82 00 14 07 CE FF DD 00 03 FF F8 00 43 04 6B 9F 13 
F1 17 00 7D 00 1D 07 B6 FF E0 00 01 FF F7 01 0D 07 14 DF D8 
F1 18 00 59 00 0B 07 F6 FF DF 00 02 FF F7 FF 22 06 C9 FB 1F 
F3 19 00 69 00 05 07 E1 FF E0 00 03 FF F9 00 41 07 2E 1C 6E 
F1 1A 00 6F 00 09 07 F3 FF E1 00 01 FF F8 01 0C 07 0F CC 83 
F1 1B 00 70 00 17 07 F6 FF E1 00 03 FF F7 FF 20 02 72 4D D7 
F3 1C 00 73 00 0C 07 C8 FF DF 00 01 FF F8 00 41 0B 30 E5 E0 
F1 1D 00 73 00 18 07 D5 FF DE 00 03 FF F7 01 01 06 50 F7 3F 
F1 1E 00 6C 00 17 07 C9 FF E0 00 02 FF F8 FF 23 06 FA 2B 1B 
F3 1F 00 64 00 0B 07 E9 FF E0 00 01 FF F8 00 43 05 9F 3F DC 
F1 20 00 6F 00 17 07 D1 FF E0 00 01 FF F7 01 0E 02 D7 85 22 
F1 21 00 6B 00 19 07 C9 FF E0 00 01 FF F8 FF 24 08 BE 76 5D 
F3 22 00 7B 00 11 07 E4 FF DE 00 01 FF F7 00 40 04 4E 37 E4 
F1 23 00 70 00 1B 07 E0 FF DE 00 02 FF F8 01 13 03 F4 90 A9 
F1 24 00 6A 00 09 07 DC FF DE 00 03 FF F7 FF 22 05 0A E0 80 
F3 25 00 83 00 08 07 BA FF E1 00 02 FF F6 00 42 05 B6 F8 56 
F1 26 00 73 FF F8 07 DB FF E0 00 02 FF F7 01 09 09 97 61 DC 
F1 27 00 61 00 0E 07 CF FF E1 00 02 FF F6 FF 22 03 2F 52 0E 
F3 28 00 73 00 11 07 C8 FF E0 00 02 FF F7 00 40 02 E0 4E B3 
F1 29 00 74 00 0B 07 E8 FF E2 00 04 FF F7 01 09 07 7A A4 1B 
F1 2A 00 73 00 16 07 D4 FF E0 00 03 FF F8 FF 20 07 3C 0B 9C 
F3 2B 00 74 00 0F 07 C7 FF DF 00 00 FF F8 00 41 05 E4 99 DB 
F1 2C 00 6B 00 11 07 DF FF E0 00 01 FF F7 01 15 03 54 27 51 
F1 2D 00 6F 00 0F 07 C1 FF E0 00 02 FF F7 FF 21 02 7B 22 8F 
F3 2E 00 6C 00 1D 07 E7 FF E1 00 03 FF F7 00 45 06 75 B5 73 
F1 2F 00 74 00 02 07 E7 FF DF 00 02 FF F8 01 09 05 EE C8 EF 
F1 30 00 69 00 1B 07 C7 FF E2 00 04 FF F8 FF 21 05 EC B4 00 
F3 31 00 74 00 10 07 DD FF E1 00 03 FF F5 00 41 05 38 D5 94 
F1 32 00 6E 00 0F 07 D2 FF DF 00 03 FF F7 01 11 02 1C 7A CF 
F1 33 00 72 00 21 07 E0 FF DF 00 02 FF F7 FF 26 09 75 8A CB 
F3 34 00 66 00 03 07 CD FF E0 00 04 FF F8 00 3C 03 9E 3F 4F 
F1 35 00 60 00 1A 07 DA FF DF 00 03 FF F7 01 07 02 48 E6 09 
F1 36 00 6A 00 1B 07 CE FF DF 00 02 FF F7 FF 1F 08 94 76 24 
F3 37 00 6E 00 11 07 BE FF DF 00 01 FF F7 00 4A 05 86 55 09 
F1 38 00 72 00 12 07 D1 FF E0 00 02 FF F9 01 10 0C A3 52 28 
F1 39 00 70 00 24 07 C3 FF E0 00 03 FF F8 FF 21 07 4C 43 A3 
F3 3A 00 72 00 0D 07 C2 FF E0 00 02 FF F8 00 47 03 F2 24 DF 
F1 3B 00 76 00 0D 07 D6 FF DE 00 01 FF F8 01 10 0A C7 75 C5 
F1 3C 00 6A 00 08 07 BD FF E1 00 02 FF F7 FF 1E 04 44 F4 DC 
F3 3D 00 6F 00 18 07 CA FF E0 00 03 FF F7 00 46 0A D2 8A 56 
F1 3E 00 6C 00 1C 07 ED FF DE 00 03 FF F9 01 0C 03 44 93 9E 
F1 3F 00 5D 00 15 07 F0 FF E0 00 02 FF F7 FF 22 04 6C A2 0B 
F3 40 00 81 00 06 07 C2 FF E0 00 00 FF F7 00 43 08 5D 13 76 
F1 41 00 76 00 0A 07 D8 FF DE 00 01 FF F8 01 0E 04 38 75 F9 
F1 42 00 5E 00 12 07 C3 FF E0 00 02 FF FA FF 1D 06 89 81 E1 
F3 43 00 64 00 08 07 FE FF DE 00 02 FF F8 00 44 06 4F 6A 2D 
F1 44 00 78 00 1C 07 F1 FF DF 00 02 FF F6 01 0E 01 AB 2E F9 
F1 45 00 7C 00 1C 07 CF FF DE 00 04 FF F8 FF 22 08 A7 39 9E 
F3 46 00 69 00 12 07 CF FF DF 00 01 FF F7 00 43 05 F0 4B C5 
F1 47 00 76 00 11 07 DB FF DF 00 01 FF F7 01 16 05 D0 96 0B 
F1 48 00 74 00 0A 07 D5 FF DF 00 02 FF F7 FF 21 08 52 CD 6B 
F3 49 00 72 FF FC 07 E2 FF DF 00 02 FF F7 00 44 02 E2 B9 20 
F1 4A 00 5D 00 10 07 D8 FF E0 00 02 FF F8 01 0C 0B D8 D1 14 
F1 4B 00 65 00 0A 07 DE FF E0 00 00 FF F7 FF 24 05 0C EC 6D 
F3 4C 00 7B 00 10 07 D1 FF DF 00 01 FF F9 00 3D 05 23 95 7C 
F1 4D 00 6B 00 04 07 EA FF E0 00 01 FF F7 01 10 07 4E C7 C9 
F1 4E 00 7A 00 0B 07 C9 FF E1 00 00 FF F7 FF 21 04 2E A0 7E 
F3 4F 00 73 00 24 07 BB FF DF 00 01 FF F8 00 41 07 EC 18 05 
F1 50 00 70 00 15 07 F3 FF DF 00 02 FF F7 01 0E 02 46 69 3E 
F1 51 00 6A 00 12 07 D3 FF E0 00 02 FF F6 FF 21 02 D3 BF 43 
F3 52 00 73 00 15 07 B6 FF E0 00 02 FF F7 00 46 09 78 33 CE 
F1 53 00 73 00 23 07 D6 FF DF 00 02 FF F7 01 11 04 63 9D CD 
F1 54 00 77 00 1A 07 D9 FF E0 00 01 FF F8 FF 23 08 A9 F0 93 
F3 55 00 6D 00 07 07 E1 FF E0 00 02 FF F7 00 3E 03 3B BC 26 
F1 56 00 62 00 06 07 CB FF DF 00 01 FF F8 01 0C 08 8B B8 C8 
F1 57 00 6B 00 08 07 BC FF E0 00 03 FF F7 FF 25 09 73 26 A7 
F3 58 00 81 00 02 07 BE FF E1 00 03 FF F8 00 45 05 3D 39 93 
F1 59 00 68 00 0A 07 D5 FF E0 00 01 FF F7 01 0B 03 91 CC E4 
F1 5A 00 6D 00 11 07 D1 FF E0 00 01 FF F7 FF 20 07 2B CA F5 
F3 5B 00 6E 00 1F 07 EC FF E0 00 02 FF F8 00 44 08 F9 D3 F5 
F1 5C 00 78 00 15 07 EC FF DF 00 03 FF F7 01 11 0A 75 0C 47 
F1 5D 00 6A 00 06 07 E7 FF E0 00 00 FF F8 FF 1F 03 B1 C8 F8 
F3 5E 00 7C 00 20 07 DF FF E0 00 02 FF F7 00 43 04 98 27 7C 
F1 5F 00 6E 00 04 07 C4 FF DE 00 03 FF F8 01 0D 08 12 3C 58 
F1 60 00 6E 00 1E 07 DB FF E0 00 03 FF F7 FF 22 0E 23 5B 7B 
F3 61 00 6D 00 10 07 ED FF E0 00 02 FF F7 00 41 0F 1A 77 CF 
F1 62 00 6F 00 0D 07 D5 FF E1 00 02 FF F7 01 06 07 71 AA 54 
F1 63 00 67 00 0E 07 E1 FF E1 00 02 FF F7 FF 1E 05 49 FA BA 
F3 64 00 65 00 19 07 CF FF E0 00 03 FF F8 00 41 05 18 55 01 
F1 65 00 60 00 0E 07 D9 FF DF 00 04 FF F7 01 08 07 EC D4 01 
F1 66 00 74 00 1B 07 DB FF DE 00 02 FF F6 FF 23 07 B8 77 D0 
F3 67 00 79 FF FE 07 A4 FF E0 00 00 FF F8 00 48 02 56 60 8B 
F1 68 00 6C 00 23 07 D0 FF DF 00 03 FF F7 01 0B 09 78 00 91 
F1 69 00 72 00 17 07 EF FF E1 00 02 FF F8 FF 22 07 C8 1E AB 
F3 6A 00 65 00 0C 07 C3 FF E0 00 01 FF F7 00 3F 05 D3 BB DA 
F1 6B 00 7F 00 0D 07 DA FF E0 00 02 FF F7 01 10 03 29 F5 C6 
F1 6C 00 6B 00 12 07 D5 FF E0 00 02 FF F8 FF 21 07 3A 4A 68 
F3 6D 00 74 00 12 07 F8 FF E0 00 03 FF F8 00 47 0B D3 C9 08 
F1 6E 00 74 00 0F 07 DC FF DF 00 03 FF F7 01 11 0A 14 A7 9F 
F1 6F 00 62 00 1A 07 D2 FF DF 00 01 FF F7 FF 20 06 FB CC 51 
F3 70 00 64 00 17 07 E7 FF E1 00 03 FF F8 00 43 06 B5 9E E6 
F1 71 00 7C 00 0E 07 D1 FF E0 00 04 FF F8 01 15 06 B8 F8 A6 
F1 72 00 6C 00 0A 07 E7 FF E0 00 01 FF F8 FF 1F 0D CA 8D 4A 
F3 73 00 70 00 12 07 DB FF E2 00 02 FF F8 00 43 08 A7 B2 E1 
F1 74 00 6E 00 17 07 DD FF E0 00 03 FF F7 01 06 06 8C 13 82 
F1 75 00 6B 00 0B 07 D9 FF DF 00 02 FF F7 FF 21 0A 36 D6 A0 
F3 76 00 87 00 11 07 F5 FF E0 00 01 FF F8 00 40 0B 46 FD D5 
F1 77 00 7A 00 16 07 D6 FF DF 00 03 FF F9 01 16 09 86 39 62 
F1 78 00 6B 00 17 07 C9 FF E0 00 02 FF F6 FF 20 02 9F 13 F9 
F3 79 00 6C 00 0B 07 CE FF E0 00 02 FF F7 00 42 04 5D FD 60 
F1 7A 00 62 00 1B 07 EF FF E0 00 02 FF F7 01 10 08 81 A0 2A 
F1 7B 00 6D 00 09 07 E4 FF DF 00 02 FF F6 FF 21 09 CF 3A A2 
F3 7C 00 62 00 24 07 CD FF E2 00 02 FF F7 00 43 06 91 44 11 
F1 7D 00 6B 00 20 07 DE FF E0 00 02 FF F7 01 0B 07 73 EF E1 
F1 7E 00 66 00 12 07 CF FF E0 00 02 FF F8 FF 24 04 07 69 FB 
F3 7F 00 73 00 19 07 F4 FF DF 00 03 FF F7 00 43 0C 50 54 7F 
F1 80 00 7E 00 05 07 DC FF E0 00 01 FF F7 01 0C 08 5C BF E4 
F1 81 00 67 00 0C 07 E1 FF DF 00 04 FF F8 FF 1F 06 E7 90 58 
F3 82 00 72 00 11 07 E1 FF E2 00 02 FF F7 00 46 03 77 EE 84 
F1 83 00 74 00 0E 07 DE FF DF 00 02 FF F6 01 0E 01 3A 46 0F 
F1 84 00 5F 00 0B 07 C1 FF E0 00 04 FF F9 FF 24 08 F4 A5 95 
F3 85 00 6A 00 10 07 CD FF E0 00 02 FF F8 00 45 02 80 BF 32 
F1 86 00 6E 00 0F 07 E9 FF DE 00 01 FF F7 01 14 04 59 1C 88 
F1 87 00 5C 00 06 07 C2 FF E0 00 02 FF F8 FF 20 09 0A AE AC 
F3 88 00 67 00 05 07 DF FF E0 00 02 FF F8 00 3E 07 64 B0 11 
F1 89 00 70 00 01 07 D9 FF E1 00 03 FF F7 01 13 0A 28 E9 78 
F1 8A 00 78 00 10 07 DA FF E2 00 02 FF F7 FF 22 02 B9 94 A0 
F3 8B 00 69 00 0D 07 BF FF E2 00 05 FF F8 00 42 02 F8 5A 66 
F1 8C 00 74 00 09 07 EA FF E0 00 01 FF F6 01 12 07 EE 74 30 
F1 8D 00 64 00 19 07 E6 FF DF 00 03 FF F7 FF 1E 06 5C 95 1F 
F3 8E 00 7B 00 22 07 E7 FF DF 00 03 FF F7 00 43 0A C4 72 A8 
F1 8F 00 74 00 18 07 CF FF E0 00 01 FF F8 01 12 01 8C 1C 5F 
F1 90 00 6C 00 1C 07 C8 FF DE 00 02 FF F8 FF 22 01 F4 EA E5 
F3 91 00 70 00 08 07 D1 FF DE 00 02 FF F8 00 45 08 C8 DC C5 
F1 92 00 7F 00 06 07 D6 FF E2 00 02 FF F7 01 16 01 A4 AD 8D 
F1 93 00 6D FF FD 07 D6 FF E0 00 02 FF F5 FF 20 03 05 19 A4 
F3 94 00 62 00 0D 07 DD FF DE 00 01 FF F7 00 46 07 CA EB AC 
F1 95 00 72 00 0F 07 EC FF DF 00 02 FF F7 01 0E FF DE D1 8B 
F1 96 00 85 FF FB 07 E1 FF E0 00 02 FF F7 FF 1F 0B 4B 5A A1 
F3 97 00 73 00 05 07 CF FF E0 00 02 FF F6 00 44 00 05 EE DA 
F1 98 00 7D 00 0F 07 DC FF DF 00 01 FF F6 01 0A 01 8A 21 C8 
F1 99 00 64 00 0B 07 DB FF E1 00 03 FF F5 FF 27 08 02 80 D5 
F3 9A 00 62 00 03 07 E6 FF DE 00 02 FF F7 00 40 02 AE 16 07 
F1 9B 00 77 00 1B 07 EF FF E1 00 03 FF F7 01 13 07 19 67 9F 
F1 9C 00 6F 00 22 07 D9 FF E0 00 02 FF F8 FF 1F 03 DA 5C 8E 
F3 9D 00 5E 00 0E 07 DE FF DE 00 02 FF F7 00 47 02 AB C8 A8 
F1 9E 00 69 00 16 07 C7 FF E2 00 02 FF F8 01 0D 09 27 94 1D 
F1 9F 00 72 00 0A 07 D0 FF E0 00 02 FF F6 FF 22 FD D2 94 46 
F3 A0 00 5F 00 10 07 CE FF E1 00 00 FF F7 00 47 09 0E 62 95 
F1 A1 00 60 00 17 07 D6 FF E0 00 02 FF F8 01 0E 04 2C 5A 0E 
F1 A2 00 76 00 17 07 EB FF DF 00 02 FF F6 FF 21 03 D7 D4 F3 
F3 A3 00 64 00 0E 07 D1 FF DE 00 02 FF F7 00 45 09 C3 62 F2 
F1 A4 00 69 00 0B 07 D5 FF E1 00 03 FF F7 01 10 07 98 3C B1 
F1 A5 00 60 00 14 07 D8 FF E0 00 04 FF F7 FF 20 07 D2 BA D7 
F3 A6 00 60 FF FF 07 F7 FF E0 00 02 FF F8 00 43 05 0F D1 7E 
F1 A7 00 5B 00 0C 07 D2 FF E0 00 02 FF F7 01 13 07 29 CD 8D 
F1 A8 00 6B 00 08 07 DA FF E1 00 02 FF F7 FF 1F 0A 3D CB 32 
F3 A9 00 88 00 15 07 CB FF DF 00 03 FF F9 00 44 06 6F D1 17 
F1 AA 00 6C 00 20 07 DD FF E1 00 02 FF F9 01 11 01 B9 79 A6 
F1 AB 00 6A 00 15 07 C6 FF DF 00 03 FF F7 FF 24 09 8A 27 13 
F3 AC 00 70 00 0B 07 C3 FF E0 00 03 FF F6 00 40 06 68 9D 3E 
F1 AD 00 75 00 1C 07 E5 FF E0 00 03 FF F7 01 0B 09 B5 F4 B4 
F1 AE 00 6E 00 0F 07 E0 FF E0 00 03 FF F9 FF 21 04 CF 05 5E 
F3 AF 00 79 00 18 07 D5 FF DF 00 00 FF F8 00 41 05 77 A2 B8 
F1 B0 00 72 00 1D 07 BA FF E0 00 01 FF F7 01 11 0A F8 B1 9B 
F1 B1 00 7A 00 03 07 DC FF DE 00 02 FF F9 FF 23 07 48 DC E8 
F3 B2 00 70 00 01 07 EA FF DF 00 03 FF F7 00 44 09 9C 92 20 
F1 B3 00 65 00 08 07 DF FF DF 00 03 FF F7 01 13 03 F3 EE 5D 
F1 B4 00 6A 00 20 07 E6 FF E1 00 02 FF F8 FF 1E 04 D3 F8 CD 
F3 B5 00 75 00 07 07 CE FF E0 00 02 FF F6 00 45 0A 9B CD 74 
F1 B6 00 73 00 16 07 DE FF DE 00 02 FF F6 01 07 06 84 F8 2F 
F1 B7 00 75 00 11 07 ED FF E0 00 04 FF F8 FF 22 07 69 D5 78 
F3 B8 00 73 00 0D 07 CD FF DF 00 02 FF F6 00 48 03 86 61 00 
F1 B9 00 6F 00 05 07 DA FF E0 00 04 FF F9 01 09 0A 6C 16 59 
F1 BA 00 74 00 11 07 E7 FF E1 00 00 FF F8 FF 22 08 B5 9D E9 
F3 BB 00 62 00 0D 07 D4 FF DF 00 03 FF F7 00 3D 04 CF FE 18 
F1 BC 00 6F 00 24 07 D9 FF DF 00 04 FF F7 01 10 02 A5 EA 02 
F1 BD 00 72 00 19 07 D2 FF DF 00 01 FF F8 FF 22 08 20 A8 37 
F3 BE 00 67 00 10 07 D8 FF E0 00 01 FF F7 00 45 0B EA 2F 30 
F1 BF 00 6D 00 2C 07 D9 FF DF 00 02 FF F7 01 0D 0B 5B 89 F9 
F1 C0 00 57 00 1D 07 D3 FF DE 00 02 FF F8 FF 21 05 A2 FE 93 
F3 C1 00 67 FF FC 07 D2 FF E0 00 03 FF F8 00 46 0A C2 38 DE 
F1 C2 00 70 00 12 07 E6 FF DF 00 02 FF F9 01 13 0C FA 3B 0A 
F1 C3 00 72 00 1D 07 F5 FF DF 00 03 FF F7 FF 25 0A 3D B4 72 
F3 C4 00 67 00 1B 07 C7 FF E0 00 01 FF F7 00 45 04 15 C7 DC 
F1 C5 00 6D 00 0F 07 C3 FF E2 00 02 FF F7 01 0B 04 7D 8C EC 
F1 C6 00 6B 00 0D 07 F5 FF DF 00 01 FF F7 FF 1F 0A 79 5C 58 
F3 C7 00 73 00 0F 07 D3 FF E1 00 03 FF F7 00 43 0B 31 79 19 
F1 C8 00 6E 00 08 07 D9 FF DF 00 03 FF F7 01 07 04 BC 88 E7 
F1 C9 00 70 00 12 07 E4 FF DF 00 02 FF F6 FF 23 05 84 95 05 
F3 CA 00 66 00 16 07 C8 FF DF 00 03 FF F8 00 44 05 21 57 41 
F1 CB 00 70 00 0F 07 CE FF E0 00 04 FF F9 01 0C 0A 67 A3 BF 
F1 CC 00 7A FF FB 07 DC FF DF 00 02 FF F7 FF 22 09 71 A6 39 
F3 CD 00 79 00 14 07 CF FF DF 00 00 FF F5 00 47 08 8E 05 3D 
F1 CE 00 7D 00 10 07 E8 FF DF 00 03 FF F6 01 0C 08 DA 6E 49 
F1 CF 00 6D 00 06 07 F0 FF E0 00 03 FF F8 FF 22 07 72 79 BF 
F3 D0 00 76 00 0D 07 E8 FF E0 00 02 FF F7 00 47 0C 1D 7C F6 
F1 D1 00 53 00 10 07 BD FF DF 00 03 FF F7 01 09 05 6C 81 CA 
F1 D2 00 77 00 07 07 E0 FF E0 00 01 FF F8 FF 1E 07 D5 92 A6 
F3 D3 00 74 00 0A 07 E8 FF DE 00 02 FF F8 00 41 10 1F FC 71 
F1 D4 00 7F 00 11 07 D9 FF DF 00 02 FF F8 01 06 0D 88 CC 62 
F1 D5 00 6D 00 14 07 EF FF E0 00 03 FF F9 FF 23 09 7A BC 70 
F3 D6 00 77 00 0A 07 EB FF E1 00 01 FF F6 00 41 02 58 12 8A 
F1 D7 00 6A 00 16 07 F5 FF DE 00 02 FF F7 01 0C 02 21 68 DD 
F1 D8 00 6F 00 16 07 C3 FF E0 00 01 FF F7 FF 25 0E 9A 8F F4 
F3 D9 00 65 00 05 07 DC FF DE 00 01 FF F9 00 41 03 D8 58 D9 
F1 DA 00 66 00 0B 07 C8 FF DF 00 03 FF F5 01 11 16 7D CB 8A 
F1 DB 00 7E 00 0A 07 C7 FF DF 00 03 FF F7 FF 21 08 88 5F 00 
F3 DC 00 79 00 19 07 DD FF DF 00 02 FF F6 00 41 0C EB 79 92 
F1 DD 00 72 00 0C 07 E2 FF DF 00 02 FF F7 01 0C 0A 98 18 16 
F1 DE 00 67 00 0D 07 F4 FF E0 00 01 FF F7 FF 22 03 AB 1B F2 
F3 DF 00 6C 00 0F 07 C8 FF DF 00 01 FF F7 00 44 07 8F 1F 67 
F1 E0 00 6A 00 09 07 E2 FF DF 00 02 FF F8 01 0E 08 CE 90 A6 
F1 E1 00 72 00 24 07 C3 FF DF 00 01 FF F8 FF 21 04 97 3C 97 
F3 E2 00 7B 00 18 07 BA FF DF 00 02 FF F7 00 43 0D E2 17 4C 
F1 E3 00 8D 00 0F 07 D6 FF DF 00 02 FF F9 01 10 00 D1 83 37 
F1 E4 00 6C 00 05 07 C3 FF E0 00 02 FF F7 FF 26 04 07 6F 56 
F3 E5 00 61 00 1A 07 DF FF DE 00 01 FF F8 00 48 0B 0C BC 7C 
F1 E6 00 69 00 1A 07 C7 FF E1 00 02 FF F7 01 12 FE 39 19 BB 
F1 E7 00 6D 00 0B 07 DF FF E1 00 02 FF F7 FF 1F 0A F5 8E 0C 
F3 E8 00 66 00 10 07 E8 FF E0 00 01 FF F8 00 40 03 FE 2F D7 
F1 E9 00 81 00 10 07 E6 FF DF 00 02 FF F8 01 14 07 2C 60 01 
F1 EA 00 83 00 04 07 E8 FF E0 00 03 FF F6 FF 1E 0C A2 11 68 
F3 EB 00 6F 00 0D 07 E1 FF DE 00 03 FF F8 00 43 03 5B EB 26 
F1 EC 00 6F 00 17 07 DC FF E1 00 04 FF F7 01 11 0E D6 4A AC 
F1 ED 00 6F 00 17 07 CE FF DF 00 01 FF F7 FF 1E 07 32 47 06 
F3 EE 00 6C 00 08 07 CA FF DF 00 03 FF F6 00 40 02 D8 84 A8 
F1 EF 00 5A 00 11 07 D4 FF E0 00 03 FF F5 01 0A 0B AB E5 06 
F1 F0 00 6B 00 16 07 D2 FF E1 00 02 FF F8 FF 23 03 38 25 2C 
F3 F1 00 74 00 0F 07 D5 FF E0 00 01 FF F7 00 47 09 6C 0A 0F 
F1 F2 00 62 00 11 07 C2 FF DF 00 02 FF F6 01 13 08 FD F7 18 
F1 F3 00 6D 00 15 07 D8 FF E1 00 00 FF F6 FF 23 04 9E EC 09 
F3 F4 00 7D 00 09 07 D5 FF E0 00 04 FF F7 00 3E 09 00 CD A3 
F1 F5 00 78 00 18 07 D6 FF DF 00 00 FF F8 01 06 05 C6 1D 5F 
F1 F6 00 65 00 18 07 E5 FF E1 00 02 FF F6 FF 23 0B 68 F8 71 
F3 F7 00 5F 00 0F 07 F1 FF DF 00 01 FF F8 00 43 19 D4 3A C5 
F1 F8 00 72 00 1A 07 D1 FF DF 00 00 FF F7 01 14 10 EA 51 50 
F1 F9 00 5D 00 09 07 D9 FF E2 00 02 FF F8 FF 23 12 80 81 6C 
F3 FA 00 61 00 1D 07 E2 FF DF 00 02 FF F7 00 3D 0D A2 D2 2E 
F1 FB 00 7E 00 15 07 E7 FF E1 00 03 FF F6 01 10 0B CA C1 ED 
F1 FC 00 6B 00 0F 07 D6 FF E0 00 02 FF F6 FF 22 17 81 02 80 
F3 FD 00 70 00 17 07 D0 FF E0 00 01 FF F7 00 41 10 32 71 B5 
F1 FE 00 7E 00 22 07 D1 FF DD 00 03 FF F8 01 0C 10 E8 0E F1 
F1 FF 00 72 00 15 07 DA FF E0 00 03 FF F7 FF 22 0C A5 39 2B 
F3 00 00 66 00 14 07 D8 FF DF 00 03 FF F9 00 3F 08 93 D5 0F 
F1 01 00 74 00 0D 07 D2 FF E0 00 01 FF F7 01 10 0C A6 D9 21 
F1 02 00 70 00 14 07 E0 FF DF 00 02 FF F8 FF 22 0A D9 16 ED 
F3 03 00 6F 00 06 07 F3 FF DF 00 02 FF F8 00 45 08 96 DC B0 
F1 04 00 6F 00 23 07 C3 FF DF 00 03 FF F7 01 12 09 64 40 A2 
F1 05 00 62 FF FF 07 DF FF E0 00 04 FF F6 FF 24 0A 64 6F 1A 
F3 06 00 7D 00 10 07 C7 FF DF 00 01 FF F9 00 40 0D B8 18 2C 
F1 07 00 64 00 14 07 F0 FF E0 00 01 FF F7 01 13 09 A2 41 82 
F1 08 00 6C 00 1B 07 DF FF E0 00 04 FF F8 FF 21 0D C1 69 EF 
F3 09 00 73 00 11 07 D8 FF E0 00 01 FF F7 00 40 17 EE F2 A4 
F1 0A 00 78 00 07 07 D9 FF E0 00 03 FF F8 01 12 16 59 11 3A 
F1 0B 00 67 00 08 07 DB FF E0 00 01 FF F8 FF 22 13 60 B1 BF 
F3 0C 00 65 00 1E 07 DC FF E1 00 03 FF F6 00 46 0B FB 3E 81 
F1 0D 00 51 00 16 07 D9 FF E0 00 02 FF F8 01 0A 04 1E 2B 7F 
F1 0E 00 6B 00 04 07 DC FF E1 00 02 FF F8 FF 28 10 F9 CA CB 
F3 0F 00 76 00 28 07 CD FF DD 00 00 FF F8 00 43 0C F5 5E 5A 
F1 10 00 76 00 03 07 D9 FF DF 00 02 FF F6 01 17 0D FA F7 03 
F1 11 00 76 00 0B 07 BC FF E0 00 03 FF F7 FF 21 06 C8 75 85 
F3 12 00 75 00 07 07 C6 FF DF 00 03 FF F6 00 47 0A FF 47 2B 
F1 13 00 65 00 18 07 D1 FF DF 00 02 FF F7 01 0D 0B 5B 3A D1 
F1 14 00 7D FF F9 07 E0 FF E0 00 02 FF F7 FF 23 07 93 EC FE 
F3 15 00 75 00 17 07 C5 FF E0 00 01 FF F6 00 44 07 D6 CD 39 
F1 16 00 68 00 11 07 C7 FF E0 00 03 FF F7 01 0E 0A 09 55 A1 
F1 17 00 6A 00 19 07 B3 FF E0 00 01 FF F7 FF 26 10 AE B2 33 
F3 18 00 67 00 03 07 CA FF E0 00 01 FF F7 00 43 10 B4 7B FB 
F1 19 00 86 00 10 07 DA FF DF 00 02 FF F8 01 0B 04 F5 DE 42 
F1 1A 00 72 00 0E 07 E4 FF E0 00 02 FF F7 FF 1E 06 F1 5D 26 
F3 1B 00 76 00 0E 07 E0 FF E0 00 03 FF F7 00 43 05 73 7C B6 
F1 1C 00 66 00 0A 07 D6 FF E0 00 00 FF F8 01 10 12 17 C1 58 
F1 1D 00 6A 00 04 07 E4 FF E0 00 02 FF F5 FF 20 0E 6B F6 A6 
F3 1E 00 72 00 0C 07 C4 FF DE 00 04 FF F8 00 3F 0B 25 8A 08 
F1 1F 00 5D 00 0A 07 EC FF DE 00 00 FF F8 01 14 08 6A 02 CD 
F1 20 00 74 00 16 07 E9 FF DE 00 00 FF F7 FF 22 10 9D 6A 59 
F3 21 00 72 00 1D 07 E0 FF E1 00 01 FF F8 00 46 17 06 F4 28 
F1 22 00 72 00 10 07 DB FF DE 00 02 FF F6 01 0C 0B 2C 4F 78 
F1 23 00 72 00 1D 07 DF FF DE 00 02 FF F8 FF 1F 05 B5 9C 5A 
F3 24 00 59 00 1E 07 DB FF DF 00 01 FF F8 00 43 07 EA 47 F4 
F1 25 00 78 00 08 07 BE FF E0 00 03 FF F7 01 0D 07 00 2F F3 
F1 26 00 6B 00 16 07 CE FF E0 00 03 FF F7 FF 20 0C E2 62 7B 
F3 27 00 7F 00 1E 07 C6 FF DE 00 02 FF F8 00 46 08 B8 F1 C8 
F1 28 00 6A 00 23 07 AF FF DE 00 03 FF F5 01 0C 09 E7 C6 39 
F1 29 00 64 00 1C 07 E0 FF E1 00 03 FF F8 FF 22 0B 5C 8F B3 
F3 2A 00 69 00 10 07 EF FF E0 00 03 FF F8 00 43 0B 56 74 88 
F1 2B 00 81 00 0B 07 DF FF E0 00 01 FF F7 01 0E 08 F6 B1 84 
F1 2C 00 79 00 16 07 CB FF DF 00 03 FF F9 FF 22 0C A6 8B 2C 
F3 2D 00 67 00 19 07 E6 FF E0 00 03 FF F8 00 46 10 12 FF CF 
F1 2E 00 76 00 18 07 E4 FF E0 00 03 FF F7 01 11 10 B8 E7 BF 
F1 2F 00 6E FF FF 07 E5 FF E0 00 01 FF F7 FF 24 05 81 DA 02 
F3 30 00 6D 00 1B 07 CE FF DF 00 01 FF F6 00 46 05 B2 57 6B 
F1 31 00 6F 00 06 07 DB FF E0 00 00 FF F7 01 11 0D 79 49 02 
F1 32 00 70 00 1B 07 C6 FF E2 00 02 FF F7 FF 20 06 9C 52 96 
F3 33 00 76 00 11 07 C7 FF E0 00 03 FF F7 00 42 0C E2 8D B5 
F1 34 00 7D 00 1A 07 EF FF E1 00 03 FF F7 01 14 05 3F D6 82 
F1 35 00 6C 00 07 07 D2 FF DE 00 03 FF F8 FF 1D 13 F3 B4 CD 
F3 36 00 77 00 0B 07 D9 FF E0 00 02 FF F8 00 46 15 C3 6D BC 
F1 37 00 64 00 15 07 DC FF DF 00 03 FF F8 01 11 10 05 04 9B 
F1 38 00 7A 00 14 07 DD FF E0 00 03 FF F8 FF 22 0B 80 00 BB 
F3 39 00 7E 00 11 07 C7 FF DE 00 01 FF F6 00 41 03 B8 F3 32 
F1 3A 00 6F 00 0F 07 C8 FF DF 00 02 FF F7 01 0C 03 18 CE C5 
F1 3B 00 6B 00 16 07 D1 FF E1 00 03 FF F8 FF 21 09 28 48 17 
F3 3C 00 7E 00 06 07 CF FF DF 00 03 FF F8 00 47 01 BD 1E 65 
F1 3D 00 70 00 14 07 D4 FF E0 00 02 FF F6 01 09 0C AB 73 FD 
F1 3E 00 74 00 19 07 E7 FF DF 00 04 FF F6 FF 23 05 3A 8D 23 
F3 3F 00 84 00 1A 07 DF FF E1 00 02 FF F6 00 4A 04 9C DC 7F 
F1 40 00 7B 00 06 07 C5 FF E2 00 02 FF F8 01 10 09 B0 A0 74 
F1 41 00 78 00 15 07 CD FF DF 00 01 FF F7 FF 24 04 FE C4 42 
F3 42 00 5D 00 07 07 C3 FF E0 00 01 FF F7 00 3E 03 98 54 D5 
F1 43 00 7F 00 0B 07 DA FF E1 00 03 FF F8 01 0C 0A 30 F8 86 
F1 44 00 6C 00 1C 07 D3 FF DF 00 03 FF F8 FF 21 00 28 83 FB 
F3 45 00 6C 00 0B 07 EA FF DF 00 03 FF F7 00 47 0B 81 C5 CE 
F1 46 00 75 00 1B 07 E9 FF E0 00 02 FF F8 01 0C 04 B7 C1 5B 
F1 47 00 6D 00 16 07 D0 FF E0 00 01 FF F8 FF 21 07 94 16 32 
F3 48 00 76 00 19 07 DF FF E1 00 03 FF F8 00 41 0C 0E 76 45 
F1 49 00 7D 00 0F 07 C6 FF E1 00 02 FF F7 01 0C 00 04 F4 56 
F1 4A 00 70 00 15 07 CD FF E0 00 02 FF F7 FF 23 09 47 24 DB 
F3 4B 00 65 00 07 07 EA FF DF 00 03 FF F7 00 3E 06 CE 2E 32 
F1 4C 00 77 00 16 07 C7 FF E0 00 01 FF F7 01 0E 08 AB DD 09 
F1 4D 00 6C 00 06 07 C8 FF E0 00 03 FF F7 FF 21 0B 56 46 64 
F3 4E 00 6E 00 17 07 BD FF DE 00 03 FF F8 00 41 03 EC 16 EF 
F1 4F 00 5E 00 0A 07 F3 FF DE 00 03 FF F8 01 08 09 DE 63 0D 
F1 50 00 77 00 12 07 B7 FF E0 00 02 FF F7 FF 22 07 21 8F 61 
F3 51 00 79 00 0B 07 E7 FF DF 00 02 FF F8 00 3F 07 7B 6F 0A 
F1 52 00 7B 00 0D 07 D6 FF DF 00 02 FF F8 01 0D 0C 5F 2E BE 
F1 53 00 77 00 11 07 D6 FF E0 00 03 FF F8 FF 1D 07 5D CC 13 
F3 54 00 58 00 1C 07 F5 FF DF 00 01 FF F7 00 44 09 30 69 98 
F1 55 00 67 00 16 07 CE FF E0 00 03 FF F7 01 15 02 E3 95 C1 
F1 56 00 7F 00 14 07 DB FF E0 00 02 FF F8 FF 23 05 70 26 1A 
F3 57 00 79 00 1C 07 D0 FF DF 00 03 FF F8 00 47 06 5A C9 BA 
F1 58 00 70 00 14 07 DF FF E0 00 02 FF F9 01 0C 07 4E 41 9D 
F1 59 00 77 00 0E 07 D4 FF E0 00 03 FF F8 FF 21 00 CE 87 1B 
F3 5A 00 68 00 04 07 C5 FF DF 00 03 FF F8 00 44 0D 86 B3 30 
F1 5B 00 5D 00 1A 07 D4 FF DE 00 02 FF F7 01 15 09 DD A4 1B 
F1 5C 00 74 FF FA 07 EC FF DF 00 02 FF F7 FF 22 0F B0 60 F1 
F3 5D 00 75 00 1A 07 EA FF E0 00 02 FF F8 00 41 06 87 DD CF 
F1 5E 00 8A 00 29 07 CF FF E1 00 03 FF F7 01 0A 08 BF 00 F7 
F1 5F 00 7B 00 01 07 D5 FF E1 00 01 FF F8 FF 1F 06 9C C5 CE 
F3 60 00 78 00 16 07 DE FF E0 00 02 FF F7 00 43 05 2C C3 01 
F1 61 00 5D 00 09 07 E0 FF E0 00 03 FF F7 01 0C 04 F4 76 2C 
F1 62 00 62 00 02 07 D3 FF E0 00 03 FF F8 FF 20 05 E3 72 AA 
F3 63 00 69 00 1E 08 09 FF DF 00 00 FF F7 00 43 05 91 C1 D4 
F1 64 00 6A 00 11 07 C5 FF E0 00 02 FF F9 01 0D 08 AD 7E 9D 
F1 65 00 74 00 17 07 C8 FF E0 00 00 FF F7 FF 24 05 42 85 A6 
F3 66 00 78 00 1E 07 E9 FF DF 00 03 FF F7 00 43 07 B0 8C 8D 
F1 67 00 7C 00 20 07 CB FF DF 00 02 FF F7 01 16 05 69 05 67 
F1 68 00 7E 00 0A 07 E5 FF E0 00 02 FF F8 FF 21 0A 5A 8A 77 
F3 69 00 59 00 03 07 E8 FF DF 00 02 FF F7 00 40 09 26 EE F3 
F1 6A 00 5F 00 03 07 DF FF E0 00 03 FF F8 01 09 07 DA 66 DD 
F1 6B 00 5F 00 0A 07 DB FF DE 00 02 FF F6 FF 1F 04 8B 4A AE 
F3 6C 00 8A 00 05 07 EF FF E0 00 01 FF F7 00 43 0B 9A 25 4A 
F1 6D 00 8A 00 14 07 BE FF E0 00 03 FF F6 01 11 09 B8 B1 77 
F1 6E 00 64 00 0E 07 D5 FF E0 00 01 FF F6 FF 1F 09 3A C6 BC 
F3 6F 00 5B 00 11 07 D9 FF DE 00 02 FF FA 00 47 05 9D 66 0E 
F1 70 00 5B 00 1E 07 DD FF E0 00 01 FF F7 01 10 09 B3 BE 41 
F1 71 00 69 00 01 07 CD FF E1 00 01 FF F8 FF 1E 0B 27 BF AC 
F3 72 00 7A 00 18 07 D4 FF DF 00 01 FF F8 00 40 09 26 5B 4B 
F1 73 00 6B 00 16 07 F1 FF DF 00 03 FF F8 01 13 06 3F 7E 36 
F1 74 00 7E 00 08 07 E9 FF DF 00 03 FF F8 FF 1F 07 CD A6 70 
F3 75 00 76 00 06 07 C1 FF DF 00 02 FF F6 00 46 08 2D FC 74 
F1 76 00 66 00 1B 07 E4 FF DE 00 01 FF F7 01 13 08 0C 63 F6 
F1 77 00 57 FF F8 07 DA FF E0 00 01 FF F7 FF 22 03 C5 CF 0A 
F3 78 00 72 00 0C 07 D5 FF DE 00 02 FF F7 00 47 08 18 26 EE 
F1 79 00 73 00 18 07 D6 FF DE 00 01 FF F7 01 13 07 7F 23 17 
F1 7A 00 82 00 17 07 F1 FF E1 00 02 FF F8 FF 21 0D 80 E5 19 
F3 7B 00 8B 00 0A 07 D0 FF E1 00 02 FF F8 00 41 0F 28 21 5A 
F1 7C 00 7A 00 0C 07 E7 FF DF 00 01 FF F7 01 11 06 A1 51 12 
F1 7D 00 7F 00 02 07 CD FF E1 00 03 FF F8 FF 22 07 7B 22 43 
F3 7E 00 61 00 23 07 E8 FF DF 00 03 FF F8 00 45 07 15 48 B8 
F1 7F 00 4B 00 0D 07 DD FF DF 00 01 FF F8 01 14 0C 8D 21 63 
F1 80 00 64 FF FF 07 BE FF DF 00 01 FF F8 FF 20 0B 4B CC D0 
F3 81 00 61 00 11 07 DB FF DF 00 03 FF F8 00 43 07 D1 0A C6 
F1 82 00 87 00 1B 07 D4 FF DE 00 04 FF F7 01 0B 0C DC AC 19 
F1 83 00 92 00 0B 07 CD FF DF 00 01 FF F8 FF 20 0E 57 04 AD 
F3 84 00 79 00 16 07 D5 FF E0 00 01 FF F7 00 43 0B 4A B7 E2 
F1 85 00 4F 00 0B 07 EB FF E0 00 03 FF F8 01 15 08 AB 84 37 
F1 86 00 64 00 12 07 F7 FF DE 00 00 FF F8 FF 19 08 70 7F 8B 
F3 87 00 66 FF FF 07 DE FF DE 00 02 FF F8 00 45 0D 08 37 D3 
F1 88 00 81 00 14 07 DD FF DF 00 03 FF F5 01 0D 03 05 29 1D 
F1 89 00 7E 00 15 07 E9 FF E1 00 02 FF F6 FF 20 0B 0F 20 6E 
F3 8A 00 6C 00 01 07 DD FF DF 00 02 FF F9 00 48 07 1B D3 7C 
F1 8B 00 61 00 09 07 EC FF E0 00 02 FF F7 01 14 03 52 E6 4E 
F1 8C 00 66 00 14 08 17 FF DF 00 04 FF F7 FF 22 0C DA CD 27 
F3 8D 00 64 00 16 08 02 FF E0 00 03 FF F7 00 43 05 AC 00 89 
F1 8E 00 69 00 11 07 D5 FF E0 00 01 FF F7 01 0B 05 D4 E6 37 
F1 8F 00 67 00 01 07 C6 FF E0 00 02 FF F7 FF 20 0F 68 26 B6 
F3 90 00 76 00 1B 07 DC FF E1 00 01 FF F5 00 44 03 E4 73 57 
F1 91 00 5B 00 1A 07 C2 FF E0 00 03 FF F7 01 0A 10 8E 7B 5A 
F1 92 00 68 00 05 07 E8 FF E1 00 01 FF F6 FF 24 01 EA 98 47 
F3 93 00 74 00 15 07 E7 FF E0 00 02 FF F8 00 39 04 9A 20 E6 
F1 94 00 70 00 07 07 E9 FF DF 00 01 FF F6 01 11 0A FC FB 71 
F1 95 00 67 00 14 07 B2 FF DE 00 01 FF F7 FF 22 00 5D 65 93 
F3 96 00 5F 00 10 07 BA FF E0 00 01 FF F8 00 43 0B EB E9 9D 
F1 97 00 6B 00 0A 07 D1 FF DF 00 03 FF F8 01 0A 05 7A AB 49 
F1 98 00 7A 00 1C 07 EB FF DF 00 02 FF F8 FF 21 04 25 B1 4E 
F3 99 00 6E 00 10 07 D0 FF DE 00 03 FF F6 00 44 09 E7 87 93 
F1 9A 00 77 00 1C 07 E7 FF DE 00 03 FF F8 01 08 03 60 86 BC 
F1 9B 00 69 00 20 07 E4 FF DE 00 03 FF F7 FF 21 08 B7 43 F2 
F3 9C 00 79 00 10 07 CF FF E0 00 02 FF F6 00 3E 04 C3 0E 8D 
F1 9D 00 76 00 11 07 E7 FF DE 00 02 FF F8 01 17 04 0D E2 D5 
F1 9E 00 74 00 1D 07 EB FF E0 00 04 FF F9 FF 23 0C D1 48 3F 
F3 9F 00 5E 00 0F 07 C9 FF E1 00 02 FF F6 00 42 03 82 7B 02 
F1 A0 00 76 FF FE 07 F8 FF DF 00 00 FF F7 01 09 05 34 57 6C 
F1 A1 00 83 00 1C 07 B6 FF E0 00 01 FF F7 FF 1D 09 0E 98 57 
F3 A2 00 6F 00 0F 07 CD FF E0 00 02 FF F6 00 40 05 62 73 95 
F1 A3 00 7C 00 28 07 D6 FF DF 00 02 FF F5 01 0B 0B 10 32 04 
F1 A4 00 7D 00 0A 07 C7 FF E0 00 02 FF F6 FF 1E 06 45 AF 80 
F3 A5 00 74 FF F9 07 CE FF E0 00 01 FF F9 00 42 08 72 A3 0E 
F1 A6 00 74 00 12 07 D5 FF E2 00 03 FF F8 01 10 0F C9 92 B9 
F1 A7 00 6C 00 0F 07 C9 FF E0 00 01 FF F6 FF 1F 06 E9 F6 B0 
F3 A8 00 69 00 0D 07 D6 FF E0 00 00 FF F7 00 48 0E 09 64 81 
F1 A9 00 76 00 17 07 EF FF E0 00 02 FF F8 01 10 07 CD 20 41 
F1 AA 00 7F 00 0B 07 F2 FF E0 00 01 FF F9 FF 23 0E 0A 3E 22 
F3 AB 00 6F 00 12 07 DF FF DF 00 03 FF F8 00 47 13 E8 4B D1 
F1 AC 00 74 00 1E 07 B4 FF E1 00 02 FF F5 01 11 0D 50 FB E1 
F1 AD 00 6D 00 0E 07 D2 FF DE 00 03 FF F7 FF 26 0C 29 14 C6 
F3 AE 00 70 00 1A 07 BC FF E0 00 02 FF F8 00 43 0C 65 CF 73 
F1 AF 00 65 00 11 07 CE FF DE 00 01 FF F7 01 0C 0D 3B 7E E4 
F1 B0 00 73 00 08 07 FC FF E0 00 02 FF F8 FF 22 0C EA 78 70 
F3 B1 00 50 00 26 07 C9 FF DF 00 01 FF F7 00 43 07 AF CB BE 
F1 B2 00 74 00 17 07 BE FF DE 00 02 FF F9 01 0A 06 73 D0 AC 
F1 B3 00 6C 00 10 07 F8 FF DE 00 03 FF F6 FF 20 0B 97 BC D6 
F3 B4 00 88 00 27 07 B6 FF DF 00 02 FF F7 00 47 13 76 6B 63 
F1 B5 00 7A 00 06 07 B0 FF E0 00 02 FF F7 01 10 0F B0 CC 49 
F1 B6 00 72 00 02 07 F5 FF E0 00 00 FF F8 FF 22 0D E2 9D 41 
F3 B7 00 64 00 32 07 D2 FF E2 00 01 FF F8 00 43 07 8F 96 24 
F1 B8 00 57 00 1D 07 BB FF E1 00 01 FF F6 01 12 0F 35 A9 AE 
F1 B9 00 66 00 06 07 DA FF E1 00 02 FF F8 FF 1E 14 C6 7F 2A 
F3 BA 00 5E 00 10 07 EB FF E0 00 01 FF F8 00 3C 13 07 34 1B 
F1 BB 00 84 00 11 07 A4 FF E0 00 02 FF F5 01 0E 08 46 A7 D7 
F1 BC 00 82 00 15 07 E8 FF DF 00 01 FF F7 FF 22 05 ED FD 99 
F3 BD 00 8A 00 0F 07 CD FF DF 00 04 FF F7 00 3C 09 17 EF 7F 
F1 BE 00 5C 00 03 07 C7 FF E1 00 03 FF F7 01 17 0E 6F 3C 90 
F1 BF 00 5F 00 22 07 C5 FF E2 00 03 FF F7 FF 23 0B 0D BD C8 
F3 C0 00 56 00 0C 07 DB FF E0 00 02 FF F7 00 46 07 46 3D 69 
F1 C1 00 52 00 11 07 D5 FF E1 00 02 FF F7 01 08 0B 9D EC 60 
F1 C2 00 73 00 1B 07 D4 FF DF 00 03 FF F7 FF 21 0D 80 C4 15 
F3 C3 00 6D 00 0A 07 DF FF DE 00 02 FF F6 00 47 09 67 C8 C5 
F1 C4 00 6E 00 16 07 B7 FF E0 00 01 FF F7 01 16 03 4B 1D A6 
F1 C5 00 6A 00 08 07 C4 FF E1 00 01 FF F6 FF 20 05 A6 4A 5E 
F3 C6 00 6C 00 19 07 C3 FF E0 00 03 FF F6 00 45 09 E5 AA 08 
F1 C7 00 6D 00 21 07 D4 FF DF 00 03 FF F7 01 12 0B 1B AB 0D 
F1 C8 00 74 00 0E 07 E9 FF DF 00 02 FF F8 FF 20 06 4E 96 3B 
F3 C9 00 78 00 03 07 BD FF DE 00 03 FF F8 00 41 0B 9D F8 AE 
F1 CA 00 60 00 19 07 EB FF DF 00 01 FF F7 01 11 0D 48 D0 0D 
F1 CB 00 75 00 0C 07 ED FF DF 00 02 FF F8 FF 1D 12 39 94 53 
F3 CC 00 6C FF FC 07 B3 FF DF 00 01 FF F7 00 3D 0E DF 50 CF 
F1 CD 00 67 00 1C 07 B7 FF E0 00 03 FF F9 01 07 08 6F E1 75 
F1 CE 00 6B 00 1C 07 EB FF DE 00 03 FF F7 FF 23 06 93 AC D5 
F3 CF 00 74 00 07 07 C6 FF DF 00 00 FF F8 00 48 0B 6D 00 71 
F1 D0 00 7D 00 18 07 F3 FF E0 00 02 FF F8 01 12 0F 83 00 B1 
F1 D1 00 6A 00 11 07 D5 FF E1 00 02 FF F8 FF 21 08 FC 6F D7 
F3 D2 00 68 00 18 07 CB FF DF 00 03 FF F6 00 3E 09 DC 68 0B 
F1 D3 00 61 00 1D 07 D2 FF DD 00 01 FF F6 01 0A 0E 60 58 B2 
F1 D4 00 54 FF FF 07 F2 FF DE 00 02 FF F8 FF 1E 08 3B 4B 1E 
F3 D5 00 74 00 09 07 F5 FF DF 00 02 FF F7 00 40 0B 81 2B 31 
F1 D6 00 7B 00 10 07 D4 FF DF 00 04 FF F5 01 0B 0A 38 E4 B5 
F1 D7 00 8B 00 1F 07 DC FF DF 00 03 FF F7 FF 20 06 F5 61 65 
F3 D8 00 74 00 28 07 E2 FF DE 00 02 FF F8 00 43 0B 4D 24 8A 
F1 D9 00 66 00 0C 07 E0 FF E0 00 02 FF F7 01 0A 07 A5 61 41 
F1 DA 00 6F 00 14 07 E7 FF DF 00 01 FF F7 FF 1F 05 50 15 05 
F3 DB 00 6F 00 0D 07 F5 FF DE 00 02 FF F7 00 41 0A 39 88 DB 
F1 DC 00 69 00 0F 07 FC FF E0 00 02 FF F7 01 0E 04 D2 83 4B 
F1 DD 00 73 00 08 07 C5 FF E0 00 02 FF F5 FF 23 10 55 6B EC 
F3 DE 00 77 00 10 07 E1 FF DE 00 02 FF F8 00 44 02 ED 67 7D 
F1 DF 00 91 00 0E 07 F5 FF DE 00 02 FF F8 01 06 09 B4 36 18 
F1 E0 00 6F 00 0E 07 E1 FF DF 00 03 FF F8 FF 22 08 34 2F 9E 
F3 E1 00 5C 00 1E 07 E0 FF E1 00 03 FF F7 00 40 07 91 98 2C 
F1 E2 00 62 00 19 07 D5 FF E2 00 02 FF F8 01 11 09 A8 AC 5B 
F1 E3 00 5B 00 07 07 E6 FF DF 00 04 FF F6 FF 22 04 E3 19 0B 
F3 E4 00 7C 00 0F 07 C7 FF E0 00 02 FF F7 00 42 04 FA 33 FE 
F1 E5 00 91 00 26 07 C7 FF DF 00 01 FF F8 01 10 0A F9 C5 51 
F1 E6 00 88 00 06 07 CA FF E0 00 02 FF F7 FF 24 03 B0 A3 86 
F3 E7 00 74 00 18 07 F2 FF E0 00 02 FF F7 00 3B 08 78 3D 56 
F1 E8 00 5E 00 18 07 D0 FF DF 00 02 FF F8 01 11 07 95 C7 4B 
F1 E9 00 57 00 0F 07 DE FF DE 00 02 FF F7 FF 1C 05 E2 48 58 
F3 EA 00 5B 00 23 07 DB FF E0 00 02 FF F7 00 45 0B B3 FA 09 
F1 EB 00 79 00 01 07 DC FF DE 00 03 FF F6 01 0D 03 C3 E4 B5 
F1 EC 00 84 00 1E 07 D2 FF E0 00 01 FF F6 FF 1C 07 BF 70 04 
F3 ED 00 6A 00 0F 07 DF FF E1 00 03 FF F7 00 42 09 D7 1B 8F 
F1 EE 00 6C 00 1C 07 E7 FF DE 00 02 FF F7 01 0B 02 55 C4 D6 
F1 EF 00 6C 00 20 07 DD FF E1 00 03 FF F8 FF 1E 0C 79 FE CE 
F3 F0 00 69 00 14 07 FB FF E0 00 03 FF F7 00 40 06 1B 96 1A 
F1 F1 00 66 00 1C 07 DA FF DE 00 02 FF F8 01 0D 05 4E 7C A6 
F1 F2 00 6A 00 0D 07 E7 FF DE 00 01 FF F9 FF 1D 08 25 D1 51 
F3 F3 00 79 00 1A 07 CA FF E0 00 00 FF F6 00 47 FF FD 89 7B 
F1 F4 00 84 00 28 07 E6 FF DF 00 03 FF F7 01 10 0D 55 AE 9F 
F1 F5 00 7E 00 1C 07 D1 FF E0 00 02 FF F9 FF 21 0C 4A 95 1D 
F3 F6 00 66 00 17 07 C1 FF DE FF FF FF F7 00 42 0D BD 90 24 
F1 F7 00 5D 00 04 07 CA FF E3 00 01 FF F6 01 12 15 40 71 33 
F1 F8 00 6F 00 12 07 D4 FF DF 00 01 FF F9 FF 1F 06 BD B6 6D 
F3 F9 00 6F 00 10 07 DE FF E1 00 02 FF F7 00 42 0B 6C B4 54 
F1 FA 00 6E 00 19 07 DE FF E1 00 02 FF F7 01 07 05 EC A7 9A 
F1 FB 00 7A 00 0D 07 C6 FF E0 00 01 FF F9 FF 23 03 61 F7 71 
F3 FC 00 6D 00 14 07 C5 FF E0 00 01 FF F5 00 47 0D 24 DF BB 
F1 FD 00 61 00 0F 07 C6 FF DE 00 03 FF F7 01 12 06 BB E7 6F 
F1 FE 00 5F 00 1C 07 E5 FF E0 00 02 FF F8 FF 23 0B F2 C5 B6 
F3 FF 00 73 00 12 07 D5 FF E0 00 02 FF F8 00 42 08 FD 3C C6 
F1 00 00 6F 00 19 07 B8 FF E0 00 03 FF F9 01 0D 07 6B C6 C0 
F1 01 00 76 00 19 07 D9 FF E0 00 02 FF F8 FF 23 0D B5 50 6F 
F3 02 00 75 00 03 07 DD FF E0 00 03 FF F6 00 43 09 5F 83 E1 
F1 03 00 6C 00 15 07 E2 FF DF 00 02 FF F8 01 16 0D 4F 4F 38 
F1 04 00 64 00 14 07 CB FF E1 00 02 FF F7 FF 20 0C B5 5A F7 
F3 05 00 64 00 18 07 E0 FF E1 00 02 FF F6 00 40 09 02 96 FF 
F1 06 00 6D 00 09 07 DE FF DE 00 02 FF F7 01 13 13 52 20 A9 
F1 07 00 67 00 1C 07 CD FF E0 00 01 FF F8 FF 20 07 43 77 21 
F3 08 00 79 00 21 07 E6 FF E1 00 03 FF F7 00 45 07 96 83 E7 
F1 09 00 7E 00 0B 07 BB FF DF 00 02 FF F7 01 0B 0C B7 2A F8 
F1 0A 00 7D 00 15 07 DC FF DF 00 04 FF F6 FF 21 04 56 BE AE 
F3 0B 00 6A 00 0E 07 DA FF DE 00 02 FF F7 00 41 0D 5A 00 26 
F1 0C 00 72 00 09 07 B9 FF E1 00 02 FF F8 01 13 08 43 84 01 
F1 0D 00 5F 00 15 07 D6 FF DF 00 02 FF F8 FF 1E 09 CA AD 80 
F3 0E 00 7A 00 1D 07 D9 FF DF 00 02 FF F7 00 47 0C CA 55 26 
F1 0F 00 66 00 09 07 D0 FF DF 00 02 FF F8 01 0A 09 F0 0A 79 
F1 10 00 6F 00 11 07 DE FF E0 00 03 FF F7 FF 20 09 BA 02 BB 
F3 11 00 6E 00 0E 07 A6 FF E2 00 01 FF F7 00 47 07 34 22 89 
F1 12 00 7C 00 1A 07 C3 FF DF 00 01 FF F7 01 13 0B 35 9F C0 
F1 13 00 5F 00 14 07 D3 FF E1 00 01 FF F8 FF 22 0B 10 79 D6 
F3 14 00 59 00 18 07 E2 FF E0 00 02 FF F8 00 40 06 13 CF 9F 
F1 15 00 5E 00 05 07 CE FF E1 00 02 FF F8 01 13 04 23 99 02 
F1 16 00 75 00 10 07 D5 FF DF 00 03 FF F6 FF 23 07 4C E8 77 
F3 17 00 6C 00 12 07 D0 FF DE 00 02 FF F7 00 40 0C E4 54 BE 
F1 18 00 7A 00 22 07 DB FF E0 00 01 FF F8 01 0B 09 E5 66 38 
F1 19 00 73 00 10 07 DB FF E0 00 02 FF F8 FF 20 04 A5 E3 43 
F3 1A 00 6A 00 05 07 E2 FF DF 00 03 FF F8 00 3E 07 06 21 C3 
F1 1B 00 6B 00 1D 07 DF FF DE 00 02 FF FA 01 13 07 9E 01 E4 
F1 1C 00 72 00 1A 07 DB FF DF 00 03 FF F8 FF 23 0D 3C BA 26 
F3 1D 00 70 00 14 08 11 FF E0 00 02 FF F8 00 43 09 B8 56 F9 
F1 1E 00 7B 00 23 07 D4 FF E0 00 02 FF F7 01 03 04 86 5A 9B 
F1 1F 00 75 00 1B 07 B9 FF E1 00 03 FF F7 FF 22 09 A0 A3 A5 
F3 20 00 66 00 0D 07 DD FF DF 00 03 FF F7 00 3E 0B 83 87 74 
F1 21 00 72 00 0B 07 E5 FF DF 00 02 FF F9 01 0C 09 D5 96 A6 
F1 22 00 75 00 03 07 B3 FF E0 00 02 FF F7 FF 20 09 8A F2 05 
F3 23 00 67 00 05 07 D5 FF E0 00 03 FF F6 00 44 07 55 86 62 
F1 24 00 73 00 28 07 DD FF DE 00 04 FF F7 01 11 0A D9 C4 77 
F1 25 00 62 00 0E 07 C8 FF E0 00 03 FF F7 FF 1F 09 7D 52 C9 
F3 26 00 6E 00 1B 07 E2 FF DE 00 03 FF F7 00 3F 05 95 A2 3D 
F1 27 00 72 00 0D 07 D2 FF DF 00 01 FF F6 01 16 06 3E C8 D9 
F1 28 00 5E 00 0C 07 D2 FF E0 00 02 FF F7 FF 22 05 AE B5 FA 
F3 29 00 74 FF FF 07 CD FF DF 00 04 FF F8 00 3C 09 6D CC 49 
F1 2A 00 66 00 06 07 BA FF E0 00 03 FF F7 01 14 02 7E 0D C1 
F1 2B 00 7D FF FE 07 DB FF DF 00 03 FF F7 FF 20 06 67 C5 B5 
F3 2C 00 7E FF FE 07 D0 FF E1 00 02 FF F7 00 47 06 7E 97 5D 
F1 2D 00 69 00 1A 07 DA FF DF 00 02 FF F8 01 06 06 DB 63 17 
F1 2E 00 75 00 1E 07 E4 FF E0 00 02 FF F7 FF 20 0C 4F 25 F4 
F3 2F 00 69 00 15 07 BE FF E1 00 02 FF F6 00 42 00 77 ED EE 
F1 30 00 6B 00 11 07 BE FF E1 00 02 FF F8 01 05 04 E8 21 D5 
F1 31 00 64 00 0D 07 CE FF E0 00 05 FF F6 FF 23 08 BF 96 F5 
F3 32 00 6A 00 1A 07 E1 FF E2 00 02 FF F7 00 41 05 BE F6 EC 
F1 33 00 81 00 0D 07 BD FF DD 00 02 FF F7 01 0E 06 0A 96 CD 
F1 34 00 62 00 07 07 F4 FF DE 00 02 FF F6 FF 1F 03 CA B3 2F 
F3 35 00 69 00 04 07 E0 FF E1 00 02 FF F8 00 40 03 0E 5F 5B 
F1 36 00 62 00 17 07 CB FF E0 00 03 FF F9 01 0D 09 90 AE A6 
F1 37 00 69 00 02 07 D0 FF E1 00 03 FF F6 FF 20 04 DB 5B BE 
F3 38 00 74 00 1D 07 E7 FF E1 00 02 FF F5 00 3C 02 96 1B 03 
F1 39 00 75 00 06 07 DF FF E0 00 01 FF F8 01 0D 06 95 B0 81 
F1 3A 00 69 FF F8 07 DC FF E1 00 01 FF F6 FF 22 02 9E 29 ED 
F3 3B 00 77 00 09 07 EC FF E0 00 02 FF F7 00 43 07 FD 79 CC 
F1 3C 00 77 00 11 07 E8 FF E1 00 02 FF F7 01 08 02 0C C7 88 
F1 3D 00 74 00 0A 07 E0 FF E0 00 02 FF F8 FF 1F 05 6B B4 62 
F3 3E 00 5C 00 0F 07 DB FF E1 00 03 FF F7 00 40 0D 62 BD CC 
F1 3F 00 81 00 17 07 CF FF DF 00 02 FF F6 01 10 02 4A 6E 08 
F1 40 00 7C 00 12 07 DB FF DE 00 02 FF F8 FF 21 0D 76 36 63 
F3 41 00 6A 00 11 07 E1 FF E1 00 03 FF F7 00 43 01 90 AB 1F 
F1 42 00 82 00 17 07 CA FF E0 00 02 FF F8 01 15 05 61 CE CE 
F1 43 00 6C 00 22 07 F7 FF E2 00 01 FF F7 FF 21 0D B4 2E C7 
F3 44 00 6C 00 17 07 C5 FF E1 00 02 FF F8 00 47 05 20 30 0F 
F1 45 00 79 00 14 07 CE FF E0 00 02 FF F6 01 12 09 1C EB 08 
F1 46 00 7A 00 15 07 F1 FF E0 00 03 FF F9 FF 1F 07 41 02 95 
F3 47 00 7D 00 08 07 BB FF E1 00 02 FF F8 00 44 09 A6 33 22 
F1 48 00 5F 00 22 07 D1 FF DF 00 00 FF F9 01 17 0D EB CF 34 
F1 49 00 62 00 06 07 C4 FF E0 00 03 FF F8 FF 21 04 F3 97 83 
F3 4A 00 65 00 12 07 E6 FF E0 00 02 FF F8 00 43 06 ED A4 F5 
F1 4B 00 69 00 19 07 F3 FF E0 00 03 FF F7 01 0D 08 7B 8D 9F 
F1 4C 00 72 00 0D 07 BF FF DF 00 03 FF F7 FF 1F 01 E3 15 B5 
F3 4D 00 67 00 11 07 CE FF E1 00 02 FF F6 00 47 0A F9 B3 40 
F1 4E 00 6A 00 1F 07 E1 FF DE 00 02 FF F8 01 0E 06 D2 43 44 
F1 4F 00 68 00 16 08 01 FF DE 00 02 FF F7 FF 24 05 50 D9 D0 
F3 50 00 5F 00 0F 07 AC FF E0 00 02 FF F8 00 47 09 0D 8F 3A 
F1 51 00 7A 00 16 07 B9 FF E1 00 02 FF F7 01 1B 06 E2 8C 41 
F1 52 00 73 00 0B 07 DC FF DE 00 02 FF F8 FF 21 0C 98 08 95 
F3 53 00 6C 00 20 07 C5 FF E0 00 03 FF F8 00 45 07 54 C8 27 
F1 54 00 6F 00 0A 07 DB FF E0 00 01 FF F6 01 07 05 3F 12 C1 
F1 55 00 73 00 23 07 E0 FF E2 00 02 FF F7 FF 21 0C 45 6E BC 
F3 56 00 64 00 01 07 D5 FF DF 00 01 FF F8 00 45 05 C3 18 B7 
F1 57 00 6F 00 17 07 D9 FF E0 00 01 FF F8 01 0D 08 DB 1D EB 
F1 58 00 7D 00 11 07 FB FF DF 00 01 FF F7 FF 20 06 40 8F 56 
F3 59 00 75 00 1D 07 EC FF E0 00 03 FF F7 00 3E 06 9E 0F 02 
F1 5A 00 6E 00 07 07 E4 FF E0 00 02 FF F8 01 0E 0B 50 51 7C 
F1 5B 00 61 00 18 07 CA FF E1 00 02 FF F9 FF 1F 07 3E F0 99 
F3 5C 00 7C 00 06 07 DC FF DF 00 02 FF F6 00 47 03 FB 03 D4 
F1 5D 00 72 00 0E 07 CE FF DF 00 03 FF F6 01 11 05 D5 A1 3E 
F1 5E 00 69 00 08 07 D2 FF E1 00 03 FF F7 FF 1F 09 D2 0D D5 
F3 5F 00 5D 00 11 07 E2 FF E0 00 01 FF F7 00 43 0D 48 07 69 
F1 60 00 5A 00 06 07 D4 FF DF 00 03 FF F6 01 09 02 8F 39 A6 
F1 61 00 69 00 20 07 D9 FF DF 00 02 FF F7 FF 22 02 C3 40 24 
F3 62 00 88 00 12 07 D5 FF E1 00 04 FF F9 00 44 0C 34 B9 06 
F1 63 00 70 00 17 07 B9 FF E0 00 01 FF F8 01 0C 06 5C 76 C7 
F1 64 00 67 00 12 07 E1 FF E0 00 02 FF F7 FF 21 07 69 D0 E0 
F3 65 00 6A 00 0C 07 C6 FF E0 00 03 FF F7 00 43 06 3D 1C 81 
F1 66 00 79 00 12 07 DD FF E1 00 04 FF F6 01 07 02 B0 0E 89 
F1 67 00 72 00 12 07 D2 FF DF 00 02 FF F6 FF 27 0C 21 7C 2E 
F3 68 00 6A 00 06 07 D3 FF DE 00 01 FF F7 00 47 07 C9 32 A8 
F1 69 00 77 FF F9 07 CA FF E0 00 02 FF F7 01 0A 07 EE 2A 22 
F1 6A 00 65 00 2A 07 D0 FF E0 00 02 FF F9 FF 21 03 A2 04 A6 
F3 6B 00 68 00 15 07 F3 FF E0 00 02 FF F8 00 42 0A 64 FE D9 
F1 6C 00 64 00 1F 07 F1 FF E0 00 02 FF F7 01 07 0B F3 C4 93 
F1 6D 00 61 00 02 07 DC FF E0 00 03 FF F8 FF 1F 05 41 93 3E 
F3 6E 00 67 00 22 08 00 FF E0 00 04 FF F8 00 43 04 A6 16 80 
F1 6F 00 70 00 18 07 D4 FF DF 00 03 FF FA 01 15 06 2B 2D 96 
F1 70 00 70 00 10 07 DE FF DF 00 03 FF F8 FF 20 0B 36 2D 4F 
F3 71 00 73 FF FF 07 D4 FF E1 00 00 FF F6 00 46 09 50 0B 1D 
F1 72 00 6E 00 17 07 C6 FF DF 00 02 FF F6 01 11 05 85 82 68 
F1 73 00 6A 00 05 07 E6 FF DD 00 04 FF F7 FF 20 0B 6C 72 A9 
F3 74 00 79 00 1E 07 D3 FF E1 00 03 FF F7 00 46 0D 7E 5B 02 
F1 75 00 76 00 1A 07 CB FF E1 00 02 FF F8 01 0E 0A 06 6F 47 
F1 76 00 7C 00 0C 07 DD FF DF 00 02 FF F7 FF 24 06 17 D0 0A 
F3 77 00 69 FF FD 07 D5 FF DF 00 01 FF F7 00 43 06 83 8A 5D 
F1 78 00 6A 00 1A 07 E4 FF DE 00 04 FF F8 01 0C 08 19 4E A6 
F1 79 00 64 00 10 07 D3 FF DF 00 03 FF F7 FF 20 0C 0A 4F B4 
F3 7A 00 67 00 16 07 DE FF DF 00 04 FF F8 00 41 08 AE 6B F0 
F1 7B 00 68 00 0C 07 E5 FF E0 00 02 FF F7 01 0C 05 31 E3 50 
F1 7C 00 6F 00 1B 07 C6 FF DE 00 01 FF F8 FF 20 05 E2 E8 F5 
F3 7D 00 7E 00 0D 07 D1 FF E1 00 02 FF F8 00 47 0A 89 21 02 
F1 7E 00 6D 00 08 07 E2 FF E1 00 00 FF F7 01 14 0B 39 6A 61 
F1 7F 00 74 00 1F 07 D2 FF E1 00 00 FF F7 FF 1E 09 CA DD 83 
F3 80 00 69 00 08 07 D1 FF E1 00 04 FF F7 00 3E 03 74 2F CB 
F1 81 00 66 00 15 07 DD FF DF 00 01 FF F7 01 0C 03 E9 4F E6 
F1 82 00 6F 00 1D 07 EC FF DE 00 01 FF F7 FF 21 08 32 6F 62 
F3 83 00 82 00 21 07 F2 FF E0 00 01 FF F7 00 40 05 02 6D 29 
F1 84 00 73 00 12 07 DA FF E0 00 01 FF F8 01 0B 06 7F 14 48 
F1 85 00 6A 00 11 07 D3 FF E0 00 04 FF F9 FF 1D 0A 19 20 D4 
F3 86 00 62 00 14 07 CE FF DE 00 00 FF F7 00 45 06 33 0D 15 
F1 87 00 5F 00 11 07 D1 FF E0 00 01 FF F6 01 0B 0C 42 D6 C1 
F1 88 00 65 00 06 07 DF FF E0 00 02 FF F6 FF 22 02 2A 26 D8 
F3 89 00 6B 00 01 07 D4 FF E0 00 00 FF F6 00 43 06 07 99 3B 
F1 8A 00 68 00 1E 07 E0 FF E0 00 02 FF F7 01 11 0B 4E E1 84 
F1 8B 00 6C 00 18 07 E0 FF E0 00 02 FF F8 FF 22 06 AD 9A B5 
F3 8C 00 69 00 1F 07 B3 FF E1 00 03 FF F8 00 46 0F 9C 4D AC 
F1 8D 00 74 FF FE 07 CA FF E0 00 00 FF F9 01 0E 02 C5 ED FE 
F1 8E 00 62 00 29 07 CB FF DF 00 01 FF F7 FF 20 06 49 34 A7 
F3 8F 00 60 FF F9 07 B1 FF DF 00 03 FF F8 00 48 0B B4 51 BD 
F1 90 00 6E 00 18 07 C6 FF E0 00 03 FF F6 01 10 04 1E 34 14 
F1 91 00 7C 00 09 07 DF FF DE 00 02 FF F8 FF 1D 0C 25 DA E3 
F3 92 00 6A 00 03 07 CB FF E0 00 04 FF F7 00 3C 01 8E CD A0 
F1 93 00 69 00 10 07 D4 FF DF 00 02 FF F7 01 0A 04 84 5B 46 
F1 94 00 72 00 0B 07 CD FF DF 00 02 FF F7 FF 23 0A 36 DF 65 
F3 95 00 76 00 09 07 C2 FF E0 00 03 FF F8 00 43 03 4E 81 82 
F1 96 00 7C 00 05 07 D1 FF DF 00 02 FF F6 01 13 07 09 CE 49 
F1 97 00 7A 00 14 07 F5 FF E0 00 02 FF F8 FF 25 06 99 F9 4E 
F3 98 00 7D 00 16 07 CB FF DF 00 01 FF F7 00 48 02 F9 41 09 
F1 99 00 65 00 12 07 FC FF E1 00 03 FF F6 01 14 0D 19 E6 FC 
F1 9A 00 60 FF FD 07 D9 FF E0 00 02 FF F7 FF 1F 07 51 6C CC 
F3 9B 00 6B FF F3 07 DD FF E0 00 01 FF F7 00 45 09 BE B8 9B 
F1 9C 00 74 FF FD 07 E9 FF E1 00 02 FF F7 01 0D 0E F1 D0 BA 
F1 9D 00 62 00 09 07 C7 FF E0 00 03 FF F9 FF 21 05 B0 1A 69 
F3 9E 00 61 00 0D 07 DF FF E0 00 03 FF F7 00 3F 0E 31 4B 0D 
F1 9F 00 65 00 09 07 F5 FF DF 00 01 FF F8 01 0B 07 4D 9E EA 
F1 A0 00 64 00 12 07 DD FF DF 00 03 FF F8 FF 22 06 93 61 35 
F3 A1 00 70 FF FD 07 EF FF E0 00 01 FF F6 00 42 0A 10 43 D5 
F1 A2 00 81 00 16 07 BE FF DF 00 02 FF F7 01 10 01 22 60 6F 
F1 A3 00 74 00 11 07 D5 FF E1 00 02 FF F6 FF 20 0C 17 D3 A9 
F3 A4 00 74 00 0E 07 F6 FF DE 00 02 FF F7 00 45 06 FB 7A 74 
F1 A5 00 61 FF FA 07 F7 FF DF 00 03 FF F7 01 09 06 F4 E8 18 
F1 A6 00 72 00 0A 07 EB FF DE 00 03 FF F9 FF 20 0A 65 6D 63 
F3 A7 00 58 00 1D 07 D6 FF DF 00 01 FF F9 00 43 06 76 17 56 
F1 A8 00 57 00 09 07 E8 FF E2 00 01 FF F8 01 10 09 D8 C7 0D 
F1 A9 00 5A 00 0A 07 CF FF DF 00 02 FF F7 FF 1F 04 08 32 CB 
F3 AA 00 7C 00 07 07 D8 FF DE 00 02 FF F8 00 40 03 FA 6E 89 
F1 AB 00 83 00 0C 07 C4 FF DE 00 01 FF F6 01 15 09 35 0D BC 
F1 AC 00 77 00 03 07 D4 FF E2 00 02 FF F8 FF 21 0D AD 61 75 
F3 AD 00 77 00 06 07 F4 FF DE 00 02 FF F6 00 3C 0F 4A 44 E0 
F1 AE 00 60 00 09 07 D4 FF E0 00 01 FF F6 01 0D 0D 95 5F 96 
F1 AF 00 5D 00 0D 07 E7 FF E0 00 03 FF F8 FF 1D 04 F9 CA 7C 
F3 B0 00 6C 00 0E 07 DA FF E0 00 02 FF F8 00 3D 0E D8 19 0C 
F1 B1 00 77 00 16 07 D8 FF E0 00 02 FF F8 01 12 10 EF 74 91 
F1 B2 00 70 00 16 07 C6 FF E2 00 01 FF F8 FF 21 0A ED 48 9A 
F3 B3 00 6C 00 07 07 C8 FF DE 00 02 FF F6 00 41 10 95 CF 3C 
F1 B4 00 6B 00 22 07 C3 FF DF 00 02 FF F7 01 0E 09 CC F6 F9 
F1 B5 00 64 00 03 07 DB FF E2 00 03 FF F8 FF 22 0F 6D 90 05 
F3 B6 00 57 00 11 07 D6 FF E0 00 02 FF F8 00 4E 0A 32 59 69 
F1 B7 00 70 00 1C 07 E9 FF E0 00 01 FF F6 01 0D 08 23 22 BA 
F1 B8 00 7E 00 06 07 CF FF DF 00 01 FF F7 FF 1F 09 2F CE 22 
F3 B9 00 6E 00 03 07 D1 FF DF 00 01 FF F7 00 42 02 71 16 7D 
F1 BA 00 6C 00 12 07 D1 FF DF 00 02 FF F8 01 16 06 F1 DD 9B 
F1 BB 00 62 00 0F 07 CD FF E0 00 03 FF F8 FF 1E 05 1D EE F3 
F3 BC 00 5B 00 1F 07 E4 FF E1 00 01 FF F8 00 41 08 0E 16 A2 
F1 BD 00 72 00 08 07 D5 FF E1 00 02 FF F6 01 0C 09 FD CB 33 
F1 BE 00 76 00 11 07 C7 FF E2 00 01 FF F8 FF 21 04 59 8C 78 
F3 BF 00 79 00 17 07 E9 FF DF 00 02 FF F6 00 40 07 FF 9F FC 
F1 C0 00 73 00 1F 07 E1 FF E0 00 01 FF F8 01 0B 08 75 C3 26 
F1 C1 00 6D FF FF 07 E4 FF E1 00 01 FF F8 FF 24 08 6F 54 5A 
F3 C2 00 74 00 18 07 DA FF DF 00 03 FF F7 00 43 07 23 04 F4 
F1 C3 00 6D 00 09 07 C4 FF E1 00 01 FF F7 01 0B 09 D0 AF AB 
F1 C4 00 68 00 11 07 D2 FF DE 00 01 FF F7 FF 1E 03 C3 65 27 
F3 C5 00 6D 00 18 07 B8 FF E0 00 03 FF F7 00 46 06 D7 E4 79 
F1 C6 00 5F 00 19 07 CA FF E0 00 02 FF F8 01 0C 09 86 CE B3 
F1 C7 00 73 00 0B 07 E7 FF E1 00 02 FF F7 FF 22 06 B7 FA 7C 
F3 C8 00 77 00 23 07 AE FF E0 00 02 FF F7 00 41 06 7C 76 8F 
F1 C9 00 60 00 0F 07 D4 FF E0 00 03 FF F8 01 0E 08 1B 9F FD 
F1 CA 00 72 00 0C 07 F1 FF DF 00 00 FF F8 FF 1F 0A 9C 3B C4 
F3 CB 00 6C 00 1D 07 DE FF DE 00 01 FF F7 00 49 09 A2 05 E7 
F1 CC 00 61 00 17 07 D6 FF DF 00 02 FF F9 01 0C 06 12 7D 16 
F1 CD 00 61 00 10 07 DB FF E0 00 04 FF F7 FF 20 01 7F 64 8B 
F3 CE 00 78 00 07 07 F5 FF E0 00 03 FF F8 00 41 0B AF F8 92 
F1 CF 00 59 00 12 07 F3 FF E0 00 02 FF F7 01 11 06 2D BE 21 
F1 D0 00 81 00 12 07 EC FF DF 00 02 FF F7 FF 21 05 B7 7F 00 
F3 D1 00 6C 00 0B 07 E5 FF E1 00 03 FF F7 00 49 0A 7F 42 E8 
F1 D2 00 74 00 17 07 CD FF E0 00 03 FF F6 01 11 07 40 8B BC 
F1 D3 00 62 00 1A 07 E0 FF DF 00 01 FF F7 FF 20 09 5C 50 05 
F3 D4 00 6E 00 15 07 D2 FF E1 00 02 FF F7 00 44 03 C3 3E DB 
F1 D5 00 6E 00 0A 07 E6 FF DE 00 03 FF F8 01 13 01 D7 8F 6F 
F1 D6 00 7A 00 0D 07 E0 FF DE 00 02 FF F8 FF 1E 06 FD 8B 15 
F3 D7 00 8A 00 18 07 D3 FF DF 00 03 FF F8 00 47 05 F5 1B 13 
F1 D8 00 6C 00 14 07 CF FF DE 00 00 FF F7 01 12 08 88 CF 3D 
F1 D9 00 73 00 19 07 C8 FF E0 00 02 FF F8 FF 21 06 5B 57 32 
F3 DA 00 76 00 0F 07 C7 FF E0 00 03 FF F8 00 45 03 05 41 52 
F1 DB 00 64 00 1C 07 D3 FF DF 00 02 FF F8 01 0B 09 FE 6A 5B 
F1 DC 00 6A 00 0E 07 C7 FF E1 00 02 FF F8 FF 1F 08 3B EE CA 
F3 DD 00 64 00 11 07 B1 FF E1 00 02 FF F7 00 48 08 63 4C 3C 
F1 DE 00 7F 00 22 07 E2 FF E1 00 03 FF F8 01 05 01 27 DC D0 
F1 DF 00 69 00 0F 07 D9 FF DE 00 02 FF F7 FF 21 03 53 99 B2 
F3 E0 00 70 00 17 07 E7 FF E0 00 00 FF F6 00 44 07 66 14 61 
F1 E1 00 6C 00 0B 07 E6 FF DF 00 03 FF F7 01 0C 05 E0 8D A6 
F1 E2 00 57 00 18 07 E9 FF E0 00 02 FF F7 FF 1F 07 B7 46 3F 
F3 E3 00 74 00 07 07 FC FF DF 00 02 FF F9 00 40 06 FB F3 A1 
F1 E4 00 77 00 09 07 C2 FF E0 00 02 FF F7 01 10 00 5D 4E 6B 
F1 E5 00 7F 00 22 07 D6 FF E0 00 01 FF F7 FF 20 0A F5 6F 38 
F3 E6 00 6C 00 0A 07 F1 FF E1 00 03 FF F7 00 3F 05 D9 FC E6 
F1 E7 00 72 00 11 07 BF FF DF 00 02 FF F7 01 0D 0A 41 96 ED 
F1 E8 00 68 00 18 07 BA FF DF 00 02 FF F7 FF 23 0E 00 B4 83 
F3 E9 00 76 00 15 07 E1 FF E0 00 01 FF F8 00 40 02 9C 34 63 
F1 EA 00 72 00 19 07 DB FF DF 00 01 FF F6 01 08 10 FB 85 2F 
F1 EB 00 7C 00 1B 07 D0 FF E0 00 00 FF F9 FF 20 0D 2F 69 39 
F3 EC 00 8A 00 0E 07 D0 FF DE 00 02 FF F6 00 44 02 B3 1A 2C 
F1 ED 00 78 00 16 07 E8 FF E2 00 03 FF F7 01 0E 0A 1A 08 66 
F1 EE 00 62 00 0C 07 C5 FF E0 00 03 FF F7 FF 1E 05 78 EF 4D 
F3 EF 00 62 00 0A 07 C8 FF E1 00 03 FF F7 00 43 0A AC 8C DF 
F1 F0 00 81 00 0C 07 D2 FF E0 00 04 FF F7 01 12 0B CF CD BB 
F1 F1 00 7B 00 15 07 CF FF DF 00 02 FF F6 FF 23 04 61 D0 CA 
F3 F2 00 77 00 03 07 C2 FF E0 00 03 FF F7 00 46 0B 29 83 AB 
F1 F3 00 6D 00 14 07 F3 FF DF 00 02 FF F7 01 11 08 94 E6 56 
F1 F4 00 75 00 09 07 D6 FF DE 00 03 FF F8 FF 22 09 41 BC D3 
F3 F5 00 6F FF F2 07 E9 FF E1 00 02 FF F7 00 46 0C D1 61 5D 
F1 F6 00 6D 00 20 07 EA FF E0 00 00 FF F7 01 0E 02 63 B7 63 
F1 F7 00 6C 00 14 07 E2 FF DF 00 04 FF F9 FF 1E 0A 26 18 06 
F3 F8 00 6F 00 0B 07 D4 FF DF 00 01 FF F7 00 48 03 BA CE E4 
F1 F9 00 75 00 11 07 C3 FF E0 00 03 FF F8 01 0B 06 A1 E6 51 
F1 FA 00 70 00 0A 07 CF FF DF 00 03 FF F9 FF 20 0A 88 BE BA 
F3 FB 00 61 00 0F 07 EC FF E1 00 01 FF F8 00 46 03 0B 18 FF 
F1 FC 00 6A 00 08 07 F0 FF DE 00 02 FF F9 01 0E 0C 4F F6 CD 
F1 FD 00 65 00 18 07 C1 FF DF 00 01 FF F6 FF 27 06 4D 34 D6 
F3 FE 00 7F FF F8 07 DF FF E1 00 02 FF F9 00 49 04 D3 5C BC 
F1 FF 00 74 FF FB 07 F8 FF DF 00 04 FF F7 01 0C 09 9E B2 3B 
F1 00 00 6E 00 1A 07 E6 FF E1 00 02 FF F7 FF 22 05 CD 5D 4F 
F3 01 00 76 00 1A 07 D2 FF E2 00 04 FF F8 00 49 0A 32 BD 4E 
F1 02 00 78 FF FF 07 E8 FF E0 00 05 FF F7 01 17 03 EA 96 54 
F1 03 00 52 00 19 07 D8 FF E0 00 04 FF F8 FF 1E 07 7F 1E 58 
F3 04 00 69 00 0D 07 DC FF E0 00 03 FF F8 00 40 0B CF 3C 8B 
F1 05 00 7B 00 0B 07 BB FF DF 00 02 FF F8 01 10 03 35 AC B1 
F1 06 00 74 00 04 07 DB FF E0 00 01 FF F8 FF 25 08 F3 2F 5E 
F3 07 00 6B 00 0D 07 E9 FF DE 00 02 FF F8 00 45 06 D1 67 7A 
F1 08 00 72 00 0B 07 D5 FF E1 00 02 FF F6 01 10 09 ED A1 C4 
F1 09 00 5E 00 16 07 E7 FF DE 00 03 FF F7 FF 21 0C 44 F8 C3 
F3 0A 00 66 00 1D 07 BF FF DF 00 01 FF F7 00 40 06 46 19 55 
F1 0B 00 6E 00 1F 07 D8 FF E0 00 02 FF F6 01 10 03 0B C3 06 
F1 0C 00 60 00 0B 07 DB FF DF 00 02 FF F7 FF 21 06 43 14 D9 
F3 0D 00 68 00 11 07 DA FF E1 00 01 FF F8 00 43 06 FB 3E 29 
F1 0E 00 65 00 0E 07 D0 FF E0 00 03 FF F7 01 10 09 3B 6E FD 
F1 0F 00 6E 00 15 07 D4 FF E1 00 01 FF F9 FF 1D 01 09 9D E5 
F3 10 00 6C 00 1A 07 D9 FF E1 00 02 FF F7 00 44 08 3C 61 AA 
F1 11 00 60 00 0E 07 D1 FF E0 00 02 FF F6 01 0E 0B C9 8B 28 
F1 12 00 72 00 1E 07 D6 FF E0 00 01 FF F7 FF 20 0D 03 86 F7 
F3 13 00 70 00 27 07 E9 FF DF 00 02 FF F8 00 43 0D A1 E7 03 
F1 14 00 72 FF FF 07 EC FF DF 00 03 FF F7 01 0D 09 72 75 69 
F1 15 00 5A 00 16 07 E0 FF DF 00 03 FF F8 FF 22 09 26 F4 CE 
F3 16 00 6C 00 14 07 DC FF E1 00 04 FF F9 00 43 06 E9 5D 13 
F1 17 00 72 00 0D 07 D3 FF DF 00 03 FF F8 01 0A 05 2B BC 1D 
F1 18 00 6F 00 0F 07 CE FF E2 00 01 FF F8 FF 20 08 27 E0 4B 
F3 19 00 68 00 08 07 CB FF E0 00 02 FF F7 00 47 06 2E A7 19 
F1 1A 00 84 00 11 07 C2 FF E1 00 03 FF F7 01 10 0C 4B 36 AE 
F1 1B 00 77 00 17 07 D2 FF DF 00 01 FF F7 FF 24 0A B6 E5 4A 
F3 1C 00 5E 00 05 07 DC FF E0 00 03 FF F7 00 40 05 8D 2B B9 
F1 1D 00 5F FF F5 07 DD FF DF 00 01 FF F6 01 18 05 51 F8 5B 
F1 1E 00 6D 00 02 07 EB FF DF 00 03 FF F7 FF 1E 09 4F 08 2E 
F3 1F 00 6A 00 19 07 D8 FF DF 00 04 FF F8 00 44 0A 6C 2A AD 
F1 20 00 68 00 0E 07 EF FF DF 00 02 FF F7 01 0E 04 EE B0 0D 
F1 21 00 93 00 17 07 EC FF E0 00 04 FF F9 FF 20 05 A4 91 C9 
F3 22 00 73 00 1C 07 D3 FF E2 00 03 FF F8 00 41 07 4B FB 01 
F1 23 00 65 00 14 07 E4 FF DF 00 01 FF F8 01 0E 0A 47 64 CB 
F1 24 00 54 00 16 07 C5 FF DE 00 03 FF F8 FF 25 0B 1B FB 5A 
F3 25 00 66 00 0E 07 F0 FF E0 00 01 FF F8 00 46 06 52 2F A4 
F1 26 00 76 00 10 07 CE FF E0 00 02 FF F7 01 1A 07 01 27 34 
F1 27 00 77 00 15 07 ED FF E1 00 02 FF F8 FF 24 0B 36 65 D4 
F3 28 00 7B 00 0F 07 ED FF E1 00 01 FF F9 00 46 0C 0D 99 22 
F1 29 00 76 00 17 07 D0 FF E2 00 03 FF F7 01 0E 09 71 A2 F8 
F1 2A 00 6B 00 23 07 D6 FF E0 00 04 FF F7 FF 22 05 FC 14 01 
F3 2B 00 68 00 0C 07 E6 FF E0 00 02 FF F7 00 47 08 55 CC 7A 
F1 2C 00 66 00 04 07 DB FF DF 00 01 FF F7 01 15 0E A6 E7 30 
F1 2D 00 72 00 19 07 D3 FF E1 00 02 FF F7 FF 20 0C 7E BD E6 
F3 2E 00 75 00 15 07 C5 FF E1 00 03 FF F6 00 42 05 ED 0B F0 
F1 2F 00 81 00 11 07 EA FF DF 00 03 FF F8 01 0B 0A 06 18 AC 
F1 30 00 89 00 20 07 DE FF E1 00 01 FF F7 FF 1F 08 CF 0A 35 
F3 31 00 70 FF FF 07 C5 FF E0 00 02 FF F7 00 41 0A 0A 17 A5 
F1 32 00 6D 00 12 07 A6 FF E1 00 02 FF F7 01 0C 06 A0 BA AA 
F1 33 00 6A 00 19 07 D9 FF DF 00 02 FF F8 FF 1E 05 10 26 91 
F3 34 00 78 00 19 07 DD FF E0 00 03 FF F8 00 43 0C 08 5C C2 
F1 35 00 84 00 1C 07 FA FF E0 00 03 FF F6 01 0B 08 DB 54 D2 
