F3 59 FF DD FF CA 07 E8 FF E2 00 03 FF FC 00 64 0D 54 B0 68 
F1 5A FF E2 FF CD 07 D0 FF E3 00 01 FF FB 00 D4 09 F5 11 64 
F1 5B FF DE FF DE 07 AB FF E2 00 02 FF FB FF 4E 03 C9 09 F6 
F3 5C FF DD FF DC 07 C6 FF E2 00 03 FF FB 00 68 0A 29 A7 C5 
F1 5D FF DE FF D1 07 CD FF E3 00 01 FF FB 00 D5 0A 26 F3 20 
F1 5E FF D0 FF D2 07 A5 FF E2 00 02 FF FB FF 4E 03 AF FA 5F 
F3 5F FF D5 FF C5 07 B8 FF E2 00 01 FF FB 00 6A 05 61 D6 B2 
F1 60 FF D5 FF E3 07 D1 FF E4 00 02 FF FB 00 D3 04 C7 C3 5E 
F1 61 FF DD FF D4 07 D8 FF E2 00 01 FF FD FF 4E 0A 4D 52 63 
F3 62 FF EB FF D6 07 DE FF E4 00 02 FF FB 00 68 05 AA 40 7C 
F1 63 FF E2 FF E0 07 DC FF E5 00 01 FF FB 00 D3 04 22 23 7E 
F1 64 FF CE FF D0 07 CE FF E3 00 01 FF F9 FF 4C 08 B1 49 76 
F3 65 FF D2 FF D4 07 D3 FF E2 00 02 FF FB 00 68 08 65 CD C4 
F1 66 FF D9 FF BB 07 C2 FF E3 00 01 FF FC 00 CF 0C D4 E4 18 
F1 67 FF D9 FF C1 07 BE FF E2 00 01 FF FC FF 4E 07 11 A5 C8 
F3 68 FF D7 FF D0 07 CD FF E3 00 01 FF FC 00 70 06 2A 0B 89 
F1 69 FF D0 FF C3 07 BA FF E3 00 03 FF FA 00 CC 0A B0 99 E7 
F1 6A FF F0 FF E5 07 E6 FF E5 00 01 FF FC FF 52 0A 03 3D 3A 
F3 6B FF DF FF C3 07 C6 FF E3 00 03 FF FD 00 69 09 92 3F 22 
F1 6C FF E8 FF D0 07 CA FF E3 00 01 FF FD 00 D6 01 E6 39 89 
F1 6D FF E2 FF BF 07 D4 FF E1 00 01 FF FB FF 50 06 6A F3 72 
F3 6E FF DD FF D9 07 E7 FF E1 00 01 FF FB 00 69 0C 5A 08 3A 
F1 6F FF DE FF D2 07 CA FF E2 00 02 FF FB 00 D0 0C 9C 62 99 
F1 70 FF E8 FF DF 07 CA FF E2 00 01 FF FB FF 4E 08 06 D9 69 
F3 71 FF E1 FF D5 07 E7 FF E2 00 03 FF FB 00 64 07 1D 69 34 
F1 72 FF D0 FF C4 07 DC FF E3 00 02 FF FB 00 CF FC 7C 0E 44 
F1 73 FF D0 FF D5 07 D1 FF E2 00 01 FF FB FF 4D 0B 6B A3 49 
F3 74 FF E5 FF D1 07 EC FF E2 00 00 FF FB 00 69 02 C4 41 47 
F1 75 FF D7 FF D2 07 E4 FF E4 00 02 FF FB 00 D6 05 18 29 49 
F1 76 FF DA FF CB 07 D2 FF E1 00 03 FF FC FF 4B 05 F5 A9 6B 
F3 77 FF E5 FF CB 07 D3 FF E4 00 02 FF FC 00 66 02 E8 07 5D 
F1 78 FF DD FF D6 07 D0 FF E5 00 02 FF FB 00 CB 0C D9 A5 E6 
F1 79 FF C4 FF D1 07 CD FF E4 00 02 FF FB FF 4F 02 B3 6F 7B 
F3 7A FF D9 FF D3 07 C5 FF E4 00 01 FF FB 00 67 02 1E 02 D6 
F1 7B FF D9 FF D3 07 D0 FF E3 00 01 FF FB 00 DC 07 96 6E 94 
F1 7C FF D4 FF D1 07 F0 FF E2 00 02 FF FA FF 4A 03 8C 49 F8 
F3 7D FF D8 FF C6 07 AE FF E3 00 02 FF FC 00 65 0A 36 F0 7B 
F1 7E FF DC FF C5 07 D4 FF E1 00 01 FF F9 00 D3 01 33 21 14 
F1 7F FF D7 FF EA 07 C2 FF E4 00 01 FF FA FF 4E 01 FC 7D 13 
F3 80 FF E3 FF C3 08 13 FF E2 00 01 FF FB 00 60 09 AD 4F B4 
F1 81 FF DE FF D9 07 D5 FF E2 00 02 FF FD 00 D5 FF A0 BE 02 
F1 82 FF C4 FF DE 07 C8 FF E3 00 02 FF F9 FF 4E 0A 7F 68 6F 
F3 83 FF D9 FF D5 07 BD FF E3 00 02 FF FC 00 64 00 55 61 3C 
F1 84 FF D2 FF D1 07 C2 FF E2 00 04 FF FB 00 DE 02 F3 B5 1F 
F1 85 FF D4 FF C9 07 C1 FF E3 00 00 FF FA FF 4D 08 21 F8 08 
F3 86 FF E0 FF D6 07 C1 FF E4 00 03 FF FB 00 67 07 91 D8 9E 
F1 87 FF E5 FF D6 07 ED FF E1 00 01 FF FC 00 DC 08 7C 16 8A 
F1 88 FF DE FF D4 07 E5 FF E2 00 03 FF FB FF 4F 05 36 03 E9 
F3 89 FF DE FF D2 07 DA FF E3 00 00 FF FB 00 6F 02 4A C0 1F 
F1 8A FF EA FF D1 07 D1 FF E1 00 02 FF FB 00 C5 0A D6 4B C2 
F1 8B FF D9 FF D9 07 E1 FF E3 00 02 FF FC FF 4B 03 FA 0A BB 
F3 8C FF E2 FF DA 07 CB FF E3 00 02 FF FB 00 67 03 46 41 CD 
F1 8D FF C3 FF BB 07 D2 FF E4 00 02 FF FA 00 D2 08 BC 13 FF 
F1 8E FF E0 FF CD 07 C8 FF E3 00 02 FF FC FF 4D FF 03 5A 68 
F3 8F FF D3 FF D1 07 C9 FF E5 00 01 FF FA 00 6A 0B F9 DC 52 
F1 90 FF E3 FF CD 07 DE FF E3 00 01 FF FC 00 D1 06 D8 AB EF 
F1 91 FF DC FF CE 07 BF FF E3 00 01 FF FB FF 4D 05 DE DA B8 
F3 92 FF E3 FF CA 07 BD FF E2 00 02 FF FB 00 67 07 82 F6 91 
F1 93 FF D9 FF D9 07 C5 FF E3 00 01 FF FB 00 D2 04 EB E1 4D 
F1 94 FF DA FF D3 07 CE FF E1 00 01 FF FB FF 4E 08 47 9A B9 
F3 95 FF DC FF DD 07 CE FF E1 00 03 FF FD 00 64 07 CB CF BA 
F1 96 FF D3 FF C7 07 CA FF E2 00 02 FF FC 00 D4 05 C7 F1 07 
F1 97 FF D2 FF C5 07 E5 FF E1 00 02 FF FB FF 51 0A FA C2 CF 
F3 98 FF DF FF D5 07 E8 FF E3 00 01 FF FB 00 64 07 42 C3 91 
F1 99 FF E1 FF BA 07 CF FF E2 00 02 FF FB 00 D0 09 52 14 0D 
F1 9A FF E9 FF CE 07 DE FF E2 00 01 FF FC FF 4B 09 6F 70 78 
F3 9B FF D3 FF D6 07 DF FF E3 00 02 FF FB 00 67 01 69 E9 62 
F1 9C FF DA FF C9 07 CD FF E2 00 01 FF FC 00 D3 0A EF 9B A0 
F1 9D FF CF FF E8 07 E1 FF E3 00 01 FF FB FF 51 06 3D FD 02 
F3 9E FF E5 FF D1 07 E5 FF E3 00 01 FF FB 00 64 07 42 36 F2 
F1 9F FF C7 FF D5 07 CF FF E2 00 02 FF FC 00 D9 0A DC 57 84 
F1 A0 FF CB FF CD 07 E2 FF E2 00 01 FF FC FF 4E 09 A2 04 58 
F3 A1 FF D5 FF E2 07 D9 FF E3 00 02 FF FB 00 66 0F 3A 0A F2 
F1 A2 FF D5 FF CA 07 CB FF E3 00 01 FF FA 00 D6 06 58 62 7B 
F1 A3 FF D7 FF D6 07 D2 FF E3 00 01 FF FD FF 4E 04 2C AD 67 
F3 A4 FF B7 FF D0 07 EB FF E1 00 02 FF FD 00 68 09 0E 81 20 
F1 A5 FF E5 FF D7 07 E1 FF E1 00 01 FF FE 00 DA 06 6A 1A 3D 
F1 A6 FF E7 FF DF 07 56 FF E7 FF FE FF FA FF 4E 0A 4A 5E 2D 
F3 A7 FF DC FF CE 07 91 FF E5 00 02 FF F8 00 66 04 B3 4C C2 
F1 A8 FF D2 FF E4 07 EB FF E8 00 01 FF FB 00 CB 09 29 6E 4B 
F1 A9 FF D4 FF D9 07 C8 FF FD 00 0B FF FA FF 4A 0D 7A 96 BC 
F3 AA FF DD FF D1 07 F3 FF ED 00 05 FF FD 00 61 02 9C 46 E9 
F1 AB FF D1 FF D4 07 A5 FF E0 FF FE FF FD 00 D2 06 3F FA 44 
F1 AC FF D5 FF CF 07 A3 FF DD FF FC FF FB FF 4E 09 73 E8 3D 
F3 AD FF 9E FF E5 07 C1 FF DC FF FB 00 03 00 66 12 37 2C B3 
F1 AE 00 22 FF C3 07 8A FF F0 00 09 FF FD 00 D0 12 60 79 86 
F1 AF FF D1 FF DE 07 BF FF E3 00 01 FF FC FF 4A 06 D2 6F C3 
F3 B0 FF CB FF E0 07 88 FF DF 00 01 FF F8 00 67 03 3D 8D 2A 
F1 B1 FF E8 FF DA 07 CE FF DD FF FF FF FB 00 D6 08 3D A8 04 
F1 B2 FF B4 FF D0 07 9C FF DD 00 00 00 00 FF 47 0D B5 2C 66 
F3 B3 FF B5 FF C2 07 6D FF E4 00 01 FF FC 00 6B 0A AC D8 CE 
F1 B4 FF C7 00 07 08 11 FF E4 00 06 FF FD 00 DD 08 33 4D 81 
F1 B5 FF ED 00 03 08 08 FF E8 00 08 FF FD FF 4B 07 A0 25 FA 
F3 B6 00 03 FF E3 07 6E FF EB 00 07 FF EF 00 5C 0A CC AD 85 
F1 B7 FF ED 00 07 07 CB FF CD FF FA 00 00 00 E4 0D 1D A5 D1 
F1 B8 FF B1 FF DC 07 96 FF E1 00 05 FF F7 FF 3B 0B 46 5F 0D 
F3 B9 00 10 FF B0 07 F2 FF DD 00 03 FF DF 00 3D 09 AF 9F 64 
F1 BA FF E7 FF E7 08 1B FF E0 00 00 FF FD 00 F1 0A CF CF E4 
F1 BB FF E9 FF DA 07 F5 FF D5 00 01 FF FA FF 28 0C A6 C2 08 
F3 BC FF D5 FF C6 08 18 FF BE 00 04 FF E9 00 44 0D FC 6A 3F 
F1 BD FF D4 FF BF 07 FD FF BB 00 12 00 03 00 F2 0A 92 66 90 
F1 BE 00 11 FF EE 08 15 00 5C 00 79 FF B9 FF 29 07 CD 07 73 
F3 BF FF 6B FF E4 08 0B 00 0B 00 18 FF DA 00 45 09 17 C6 37 
F1 C0 00 1F FF B6 07 61 00 12 FF FC 00 24 00 FA 04 9B D6 F9 
F1 C1 FF BB 00 12 07 C5 FF D4 00 01 FF D2 FF 26 07 DE 69 A6 
F3 C2 FF 51 FF AF 07 CF FF F0 00 20 00 0B 00 49 0F 9E 41 20 
F1 C3 00 0A 00 08 07 3E 00 00 00 12 00 2E 00 F2 10 23 9D CF 
F1 C4 00 1C 00 2D 07 03 FF C4 00 0A 00 01 FF 21 0E 57 7F F2 
F3 C5 FF 91 FF AA 07 C5 00 04 FF FE FF CA 00 51 10 CB 33 C4 
F1 C6 FF 67 FF DF 07 29 FF E4 FF F9 FF FD 00 D7 04 1C 99 7B 
F1 C7 FF BB FF B1 07 A8 FF D6 00 03 FF FC FF 28 08 38 D2 73 
F3 C8 FF CA FF A5 07 98 FF EE FF FB 00 15 00 54 09 6F A1 1A 
F1 C9 FF E5 FF E7 07 FC FF CE 00 08 00 03 00 D7 0C 60 8D E5 
F1 CA FF B5 FF C4 07 D1 FF E2 00 04 FF F5 FF 26 06 C7 E8 9B 
F3 CB FF 99 FF 54 07 3C 00 29 FF EC 00 0D 00 57 0F D4 05 08 
F1 CC FF 87 FF BB 07 E6 FF ED 00 06 FF FB 00 DA 0A 0F 95 92 
F1 CD FF E0 FF DC 07 EB FF DD 00 00 00 04 FF 25 09 7A 78 5C 
F3 CE FF EB FF E1 07 BC FF E6 FF FD 00 14 00 57 0B F8 BA 19 
F1 CF FF F4 FF DD 07 FC FF DB 00 05 00 03 00 D7 04 EC A2 0A 
F1 D0 FF D2 FF EE 07 DF FF D9 00 0C FF F2 FF 27 06 B9 CC E3 
F3 D1 FF FC FF 66 09 3B FF F3 00 01 FF F2 00 52 07 F0 E8 BF 
F1 D2 FF C5 FF EA 07 FC FF F3 00 0A FF F6 00 D0 05 11 20 80 
F1 D3 FF C0 FF EB 07 CB FF FA FF FE FF FC FF 25 06 F6 F3 4D 
F3 D4 00 0F FF 50 08 2D 00 02 00 1F FF E8 00 55 0C 6F 80 56 
F1 D5 FF CA FF B1 07 B9 00 1A 00 0E FF F1 00 D7 09 50 9E F9 
F1 D6 FF 8D FF B4 08 7E FF EB 00 08 FF F8 FF 29 0B 43 26 79 
F3 D7 FF C2 FF E6 07 E5 FF D8 00 14 FF E7 00 4F 09 CA B9 FF 
F1 D8 FF A9 FF F6 08 18 FF D6 00 05 FF DE 00 E2 03 1C 30 D2 
F1 D9 00 0B 00 01 07 A4 FF DE 00 0B 00 14 FF 2E 10 40 E7 F7 
F3 DA FF C2 FF 92 07 F3 00 1A 00 80 FF DD 00 52 12 A3 D2 D5 
F1 DB FF 78 FF CF 08 29 FF CF 00 1F FF D2 00 CF 0C 1A A7 21 
F1 DC FF B5 FF A9 07 FA FF DB 00 18 00 19 FF 2C 04 15 25 3E 
F3 DD FF 09 01 22 09 21 00 8E 00 BF FF FE 00 52 11 D7 55 0F 
F1 DE FF B1 FF E9 07 07 00 33 00 3E FF 9F 00 D6 0D 09 AD 60 
F1 DF FF 24 00 22 07 7A 00 13 00 1A FF F2 FF 1D 06 1A C6 3A 
F3 E0 00 22 FF FF 08 0B FF E7 FF F8 00 09 00 48 04 9A 56 A2 
F1 E1 FF 91 FF F8 07 E4 FF F4 00 04 00 07 00 DF 03 0E 80 87 
F1 E2 FE 9E FF C7 07 D6 FF DE FF E4 00 1D FF 10 05 A5 8A 53 
F3 E3 FF 59 FF E8 08 A1 FF 9D FF 35 00 47 00 4A 08 DB 4A 0B 
F1 E4 FF 48 FF DA 07 8C FE BC FE 70 00 73 00 E1 0B 96 CF 2E 
F1 E5 00 3C FF A0 07 C4 00 11 00 49 00 9B FF 21 12 73 86 8B 
F3 E6 01 71 00 47 08 6F 00 BF 00 CC 00 3D 00 52 09 77 82 7B 
F1 E7 00 84 00 16 08 8B 00 AB 00 A3 FF A1 00 E5 05 86 A3 B0 
F1 E8 FF 5E 00 5E 07 D6 00 EC 00 6A FF 64 FF 21 09 4A A3 22 
F3 E9 FF 8E 00 0C 07 72 01 1C 00 C6 FF 97 00 4D 05 61 8F 26 
F1 EA FF DE 00 14 08 9D 01 3F 01 09 FF A9 00 DF 04 BF 35 F1 
F1 EB FF 67 00 47 08 8C 01 1E 00 3B FF 8C FF 16 01 CC 7E D6 
F3 EC FF 2E 00 4C 07 7E 01 2A FF 49 FF 9E 00 3F F8 43 D8 2F 
F1 ED 00 7B FF EB 08 F1 01 18 FE E4 FF 71 00 EF 04 6C EC C3 
F1 EE FF C0 00 2C 09 43 01 44 FD 91 FF 3B FE F7 16 4C 07 77 
F3 EF FF E2 00 88 09 D8 01 C9 FD F4 FE D1 00 47 1E C7 D5 01 
F1 F0 00 56 FF C3 06 77 00 E1 FD 93 FE 91 00 E0 3C C5 F1 9F 
F1 F1 FD 9D 00 20 01 AC 01 B0 FE D8 FE 51 FF 15 22 9E 15 CA 
F3 F2 00 EF 01 41 06 CE 01 04 00 55 FE 67 00 4B 29 7C 3C 99 
F1 F3 FF DF 01 85 06 E9 00 8F 02 91 FE F1 00 E2 17 44 4B 1B 
F1 F4 FE E2 02 07 06 E5 00 49 01 79 FF 11 FF 11 14 B6 FD D3 
F3 F5 FD F4 01 28 06 EF 01 32 01 D9 FF 5E 00 50 05 10 FB 91 
F1 F6 FE 63 01 13 08 90 01 2F 00 FB 00 0D 00 E6 07 BC DA AD 
F1 F7 FF 9A 00 AD 08 F6 00 09 FE A4 00 86 FF 33 08 5C EF 0B 
F3 F8 01 B0 01 15 09 BD 00 08 FD 49 00 2C 00 37 F9 23 CB 0A 
F1 F9 01 7B 00 3D 08 F8 00 F1 FD 12 FE F8 00 FE 07 73 08 86 
F1 FA 02 F4 01 19 07 FD 01 3A FD 05 FD D8 FF 02 0A DA FF 95 
F3 FB 02 7F 01 92 07 99 01 97 FD C5 FC 23 00 39 19 B4 42 2F 
F1 FC FE 3E 01 58 05 AF 01 2F FF 1E FC 25 00 F3 19 2E BB 7A 
F1 FD FD C9 01 33 05 F5 00 79 02 F0 FE ED FF 27 14 5E 7E D4 
F3 FE FE 38 00 FE 07 9A 00 1C 02 FF 00 3E 00 42 18 28 45 5D 
F1 FF FE 99 01 AF 09 B2 00 3A 01 94 00 A3 00 F1 1C 46 84 C5 
F1 00 FD 5F 01 3F 08 5E 00 05 00 C5 01 52 FF 34 02 C5 01 03 
F3 01 FC CE 03 00 07 0E 00 15 FE D1 01 AB 00 2C FD B2 BE BE 
F1 02 03 43 02 44 08 C8 FF D2 FC EB 01 EB 01 0B 1B C2 13 43 
F1 03 03 E2 01 2B 09 D4 00 86 FC 54 FF 35 FF 0E 06 C3 25 7E 
F3 04 01 1E FE 65 06 E4 01 30 FE BA FD 96 00 23 11 94 D3 DD 
F1 05 02 57 02 5A 06 C7 00 88 00 71 FE 5B 01 01 0E E6 8D BC 
F1 06 02 DA 01 7E 08 68 00 64 FE 0D FD 3B FF 18 12 42 94 28 
F3 07 01 4E 00 E2 08 51 00 CE FF 80 FC 80 00 27 10 BC F2 FF 
F1 08 07 EA FF 37 04 5B 00 EF FF CF FC 17 01 13 73 DA 13 9E 
F1 09 FE 29 00 BC 09 28 00 D7 FB 00 FA 8D FF 30 37 1B F4 43 
F3 0A F9 04 01 37 02 F8 00 A8 FC BA FC 41 00 26 FD 8F 1E F0 
F1 0B FB B4 03 E7 07 89 00 55 00 54 FF A6 01 16 05 3D 5B 1B 
F1 0C FE B8 03 64 07 73 00 AB 04 36 02 10 FF 28 0B 8B 77 DB 
F3 0D 00 3A 02 50 06 D4 00 6E 02 FC 02 BD 00 25 09 C9 6C FF 
F1 0E 00 31 02 32 05 4D FF 96 00 6A 02 C1 01 11 0D 01 B8 24 
F1 0F 00 12 01 00 04 75 FE 22 FE 6F 02 B4 FF 33 09 5C 0A 2F 
F3 10 FD B1 02 67 05 B6 FD 0C 01 95 03 81 00 26 0C C2 5C 51 
F1 11 FF FE 01 76 06 85 FC 58 03 CE 04 6C 01 1D 08 87 41 F5 
F1 12 02 0D 00 A5 07 7F FB A6 02 5B 04 40 FF 34 08 35 60 63 
F3 13 01 48 FF B7 08 5B FB 42 FF 6A 03 64 00 25 08 7B 41 84 
F1 14 00 BF FF 5B 09 30 FB C9 01 1E 03 50 01 13 0C B7 38 71 
F1 15 01 39 00 22 09 B9 FC A7 03 2D 03 26 FF 2E 0A 86 1D 37 
F3 16 02 56 FD E5 08 79 FD 1B 01 C9 02 29 00 2E 0A 1E D3 D9 
F1 17 00 FB FD 90 07 D0 FD 0E 00 49 01 30 01 03 08 E7 C3 83 
F1 18 FF 94 FC 48 06 E0 FD 23 00 92 00 E3 FF 39 0B 37 FD 21 
F3 19 FD A2 FF F0 07 1D FD 8A 04 CB 01 6F 00 3B 10 07 7E B2 
F1 1A 03 A1 FF 4F 01 F7 FC AB FF 11 00 7F 01 08 76 CF 15 48 
F1 1B FF 41 01 DC 0D 4A FE 0E FD 32 FE A1 FF 41 22 FA 0D C9 
F3 1C FE 11 02 06 07 93 01 5C FD 7A FE BE 00 40 0F AA 97 C5 
F1 1D 00 24 00 6E 06 E5 02 3C 06 67 FF B9 00 FF 35 44 6B 43 
F1 1E 00 DC 02 16 09 36 FF F1 FF 6C 00 B8 FF 45 2D 62 AF 1A 
F3 1F 00 9E 01 82 0B 07 00 C6 FE F1 00 B5 00 36 0C 8B 89 32 
F1 20 01 03 01 52 06 D5 00 C6 01 AA 00 CC 01 06 09 4C BF 05 
F1 21 FF B6 FF BB 07 88 00 56 FE FA 00 32 FF 3C 06 BB 8D 4A 
F3 22 FE D6 FF EE 07 48 00 3E 00 C4 00 A6 00 34 0D 04 3C C0 
F1 23 FE EC 01 08 07 AC 00 13 FF 90 01 1B 01 05 08 2D 1B 0D 
F1 24 00 04 00 45 07 18 00 09 FF CF 01 26 FF 37 03 DE B4 C7 
F3 25 FF 4C FF 3F 06 9F FF C8 00 63 01 51 00 2C 0B B7 AD 33 
F1 26 FF FA 00 E7 07 E6 FF 8F 00 03 01 9C 01 05 0A 53 1E 49 
F1 27 00 E8 00 2D 08 88 FF A5 00 19 01 45 FF 34 0C 41 11 E7 
F3 28 00 E7 FF B6 06 E3 FF 89 00 1B 00 BA 00 2E 02 87 8C 7E 
F1 29 00 19 FE B3 06 FD FF 10 00 23 00 6F 01 0A 0C 58 C8 B6 
F1 2A 00 89 FE 92 07 6E FE B0 00 84 00 66 FF 32 0E DB B9 BD 
F3 2B 01 42 FE 6D 07 AA FE 80 00 44 FF E9 00 2D 10 29 98 D4 
F1 2C 00 E6 FF 71 08 42 FE 76 00 1A FF 53 01 03 08 C5 F6 86 
F1 2D FE 27 F8 D3 0D 37 FE A9 FF 80 FE C3 FF 39 02 B3 25 4E 
F3 2E 00 28 00 0C 07 18 FE EE 00 38 FF 4B 00 3C 0B 5E 0B 7E 
F1 2F FF 82 FE FD 07 A7 FE C5 00 15 FF 13 01 0C 08 DC 1C D0 
F1 30 FF 0B FF 89 07 F0 FE AD 00 08 FF F6 FF 38 08 20 13 40 
F3 31 FF 31 FF 86 08 52 FE C5 FF EF 00 9C 00 3F 06 4B 64 3F 
F1 32 00 3C FF 59 08 92 FF 9C FF DD 00 EC 01 0B 07 05 AA 59 
F1 33 00 68 FF 1C 07 C4 00 25 FF FA 00 41 FF 39 07 51 B8 0C 
F3 34 FF A1 FF 75 07 BC 00 08 00 07 FF E6 00 35 0B 3A 62 FC 
F1 35 FF 71 FF 74 08 53 FF ED FF F3 00 54 01 0B 03 60 CB 30 
F1 36 00 34 FF 55 08 48 00 87 FF F7 00 86 FF 3B 04 4D C6 BA 
F3 37 00 31 FF 88 07 F7 00 F8 00 01 00 02 00 36 06 BF 6D 5E 
F1 38 FF A5 FF 94 07 9A 01 02 00 04 FF CC 01 0E 05 BC 96 84 
F1 39 FF 88 FF BB 07 B8 00 AE FF FA 00 01 FF 3E 0A 41 34 8D 
F3 3A FF FA FF B1 07 CE 00 6A FF F3 00 21 00 35 01 5B 01 73 
F1 3B 00 1F FF AA 07 79 00 2B 00 01 FF FA 01 08 08 C5 EB 16 
F1 3C FF CE FF C5 07 E7 FF D7 00 00 FF FD FF 3F 08 FB 1F F8 
F3 3D FF DA FF B3 07 F0 FF D3 00 00 00 0D 00 33 06 9E 6E 4E 
F1 3E FF D2 FF C0 07 FB FF D7 00 07 FF FD 01 0E 0B 36 A1 0F 
F1 3F FF BF FF B8 07 A4 FF D6 00 01 FF F3 FF 3E 02 2E B0 CB 
F3 40 FE 4C FE BE 0A 3A FF D3 00 06 00 3D 00 3B 04 FB 30 51 
F1 41 FA 2B FD 53 07 35 02 BC 00 34 01 9F 01 0A 2B 2A 8D CE 
F1 42 FF F4 FF C7 07 67 00 56 00 0A 00 3E FF 3A 4A 40 CF 2D 
F3 43 FF C0 FF D8 07 A2 FF D8 FF FD FF FF 00 30 09 3A 31 13 
F1 44 FF BC 00 06 08 93 FF D7 00 02 00 1F 01 0C 03 0B CA 02 
F1 45 FF DE FF FA 07 80 FF EF 00 04 00 0B FF 2E 02 DE F4 13 
F3 46 FF D1 FF FC 07 A2 FF F1 00 08 FF FD 00 26 08 42 74 74 
F1 47 FF 96 FF F1 07 DC FF EB 00 0B FF EE 01 0D 01 45 21 A7 
F1 48 FF EE FF D4 07 41 FF D1 FF F0 FF FD FF 32 09 DA BE EC 
F3 49 FF C4 FF F9 07 D5 FF E2 00 00 FF FA 00 24 04 31 C7 D5 
F1 4A FF BF FF F1 07 BB FF E2 00 02 FF FB 01 0B 01 56 78 8D 
F1 4B FF B9 FF F7 07 E5 FF E1 00 02 FF F9 FF 37 0A 38 C6 7B 
F3 4C FF BC FF E6 07 DF FF E2 00 00 FF FB 00 2A 02 A5 47 7D 
F1 4D FF C0 00 07 07 BE FF E1 00 02 FF FB 01 0A 03 5C 1F 67 
F1 4E FF BE FF F5 07 D0 FF E1 00 01 FF FB FF 36 09 BD 2E 46 
F3 4F FF D1 FF E9 07 C9 FF E3 00 03 FF FB 00 2E 02 7F 33 80 
F1 50 FF C6 FF F2 07 A8 FF E1 00 01 FF FC 01 0D 0A 55 9E 3F 
F1 51 FF C6 FF F1 07 C6 FF E3 00 00 FF FB FF 34 05 F9 E7 04 
F3 52 FF D0 FF FB 07 EB FF E3 00 03 FF FA 00 22 07 6D D3 0A 
F1 53 FF BF FF EB 07 DF FF E2 00 03 FF FB 01 15 09 6B 57 EA 
F1 54 FF C9 FF F2 07 C2 FF E2 00 03 FF FB FF 32 01 63 1A 68 
F3 55 FF C9 FF E3 07 C5 FF E3 00 01 FF FC 00 2A 0A 6C E0 C3 
F1 56 FF C1 FF F9 07 C8 FF E2 00 03 FF FB 01 0E 05 8E B7 BF 
F1 57 FF D7 00 0B 07 D1 FF E2 00 00 FF FC FF 37 02 9F B0 4A 
F3 58 FF C6 FF F9 07 CD FF E3 00 00 FF FB 00 23 0B BF D7 C6 
F1 59 FF BC FF EE 07 D6 FF E2 00 02 FF F9 01 09 FF DB FC 4E 
F1 5A FF C6 FF EC 07 BD FF E2 00 03 FF FB FF 34 08 2C B3 D1 
F3 5B FF C0 FF F3 07 DE FF E3 00 03 FF FB 00 26 05 D6 71 22 
F1 5C FF CB FF EA 07 E8 FF E2 00 01 FF FB 01 07 06 9C 91 CE 
F1 5D FF CD FF EF 07 C4 FF E2 00 02 FF FA FF 33 0A 09 8E EA 
F3 5E FF C9 00 03 07 DC FF E3 00 01 FF FC 00 2A 07 5F 77 EF 
F1 5F FF C5 00 02 07 D9 FF E2 00 01 FF FA 01 07 04 30 BB 4B 
F1 60 FF D8 FF FD 07 CB FF E1 00 02 FF FD FF 33 0C 4A 8C 87 
F3 61 FF CB FF F2 07 DA FF E3 00 02 FF FD 00 27 06 20 BD EF 
F1 62 FF C5 FF F4 07 D8 FF E2 00 02 FF FA 01 05 0C 96 98 4F 
F1 63 FF B9 FF F7 07 DA FF E2 00 02 FF FA FF 33 04 D6 29 A4 
F3 64 FF C7 FF F3 07 C5 FF E2 00 03 FF FB 00 23 04 62 85 FC 
F1 65 FF C5 FF FF 07 C6 FF E3 00 03 FF FB 01 11 0B 03 04 62 
F1 66 FF CE FF FE 07 C8 FF E1 00 02 FF FA FF 32 08 CE 8C 59 
F3 67 FF B1 FF F9 07 CB FF E1 00 02 FF FA 00 25 0B EE 84 2E 
F1 68 FF BC 00 06 07 CD FF E1 00 02 FF FD 01 13 03 B7 EF 56 
F1 69 FF D0 FF F3 07 B0 FF E2 00 02 FF FA FF 30 04 89 AA A1 
F3 6A FF D7 FF E6 07 C1 FF E2 00 02 FF FB 00 2C 08 CC AC 0E 
F1 6B FF BF FF FE 07 B2 FF E2 00 01 FF FC 01 09 06 7D 32 50 
F1 6C FF BF FF F6 07 E0 FF E3 00 02 FF FC FF 39 09 3A 19 F1 
F3 6D FF DD FF FD 07 B3 FF E4 00 02 FF FA 00 28 02 67 BA 05 
F1 6E FF D3 FF F2 07 E8 FF E1 00 02 FF FB 01 0E 07 36 AA EE 
F1 6F FF BF FF F4 07 BF FF E3 00 01 FF FB FF 33 09 D0 1C 39 
F3 70 FF D0 FF F9 07 CB FF E2 00 03 FF FC 00 2C 07 33 68 EC 
F1 71 FF D3 00 01 07 C9 FF E2 00 02 FF FA 01 0D 07 8B 3C CC 
F1 72 FF C2 00 03 07 C7 FF E3 00 04 FF FB FF 33 0C AA DF 7D 
F3 73 FF BD FF F6 07 E8 FF E2 00 01 FF FC 00 27 0E 36 95 21 
F1 74 FF CA FF F9 07 D8 FF E3 00 01 FF FB 01 13 11 7D A1 1D 
F1 75 FF CE 00 0A 07 B6 FF E3 00 02 FF FB FF 31 0B 09 EF 9D 
F3 76 FF CF FF F6 07 BF FF E2 00 02 FF FB 00 29 03 E8 B2 E8 
F1 77 FF BC FF FD 07 CB FF E2 00 01 FF FB 01 09 0A 58 53 62 
F1 78 FF C4 00 11 07 CF FF E3 00 02 FF FC FF 35 0C 57 DB DD 
F3 79 FF D2 FF FC 07 E4 FF E2 00 01 FF FA 00 2A 0C 39 B1 36 
F1 7A FF C7 FF F4 07 C5 FF E3 00 02 FF FC 01 0E 05 D4 36 73 
F1 7B FF C6 FF EA 07 D8 FF E3 00 01 FF FB FF 32 04 B1 59 E2 
F3 7C FF C0 FF E9 07 D3 FF E3 00 02 FF FC 00 23 0A 25 78 21 
F1 7D FF A7 FF EE 07 D2 FF E3 00 02 FF FA 01 0C 0E D1 37 D2 
F1 7E FF D0 FF EF 07 B3 FF E1 00 01 FF FB FF 33 0B 8A 80 2D 
F3 7F FF D0 FF EE 07 D6 FF E1 00 03 FF FA 00 2A 08 98 79 8D 
F1 80 FF C3 FF F0 07 B9 FF E3 00 00 FF FC 01 11 0B 4E E2 A1 
F1 81 FF C5 FF EC 07 E5 FF E1 00 03 FF FD FF 37 0B DA A0 B2 
F3 82 FF B9 00 0C 07 EA FF E2 00 02 FF FB 00 28 05 70 9A F6 
F1 83 FF C0 FF F1 07 DA FF E2 00 01 FF FB 01 08 05 FE 8E 24 
F1 84 FF C0 00 05 07 D2 FF E2 00 02 FF FB FF 32 0A FF D4 7F 
F3 85 FF BF FF F0 07 CD FF E2 00 00 FF FC 00 2C 0A 43 16 C2 
F1 86 FF C7 FF FA 07 D5 FF E3 00 00 FF FA 01 09 08 18 CF 82 
F1 87 FF BF FF F6 07 C9 FF E3 00 02 FF FB FF 33 0C FF 1D 7D 
F3 88 FF C5 FF FE 07 B1 FF E2 00 02 FF FC 00 26 0C 50 B2 0F 
F1 89 FF C9 FF FD 07 CE FF E1 00 01 FF FC 01 10 11 30 FC A3 
F1 8A FF B8 FF FA 07 BE FF E1 00 01 FF FC FF 34 09 49 E9 01 
F3 8B FF B7 FF FB 07 E5 FF E2 00 02 FF FC 00 2B 08 49 3A 8B 
F1 8C FF CF FF F5 07 D2 FF E3 00 00 FF FB 01 17 06 16 96 0E 
F1 8D FF C3 FF E9 07 BE FF E1 00 02 FF FB FF 34 09 F6 96 2B 
F3 8E FF C0 FF F8 07 C5 FF E2 00 01 FF FC 00 27 0C 38 82 AF 
F1 8F FF C5 FF F7 07 E0 FF E3 00 02 FF FA 01 17 0D 40 34 FD 
F1 90 FF C5 FF FB 07 E9 FF E2 00 01 FF FB FF 32 0B 5B 6B 5F 
F3 91 FF B4 FF FB 07 BB FF E1 00 03 FF FC 00 2A 05 27 7A C8 
F1 92 FF C0 FF FB 07 DB FF E3 00 02 FF FB 01 07 0B 2E 2E F0 
F1 93 FF BE FF EF 07 FB FF E1 00 03 FF FB FF 33 0A C0 FA 6D 
F3 94 FF CE FF FD 07 D2 FF E1 00 02 FF FC 00 24 06 74 3D 0F 
F1 95 FF C6 FF FC 07 D8 FF E3 00 01 FF FC 01 0B 07 D9 28 65 
F1 96 FF C7 FF EC 07 C3 FF E2 00 03 FF FD FF 35 05 3A 47 4F 
F3 97 FF CC FF F4 07 E4 FF E3 00 03 FF FC 00 2A 07 1F 8A 81 
F1 98 FF D0 FF FA 07 D4 FF E3 00 02 FF FB 01 0B 06 19 4D 77 
F1 99 FF BD FF F1 07 C2 FF E1 00 01 FF FC FF 2F 05 04 10 5A 
F3 9A FF B9 FF EB 07 DB FF E2 00 01 FF FA 00 2A 07 CE AC A9 
F1 9B FF BF FF F4 07 CE FF E1 00 02 FF FB 01 10 05 EF E8 D0 
F1 9C FF CD FF EB 07 C3 FF E2 00 02 FF FD FF 31 09 41 AF 3F 
F3 9D FF CA FF F6 07 C3 FF E1 00 03 FF FB 00 27 02 20 28 94 
F1 9E FF C2 FF F8 07 D2 FF E3 00 03 FF FB 01 0B 06 C3 85 0C 
F1 9F FF CA FF F7 07 D2 FF E1 00 02 FF FB FF 35 08 0E C5 A2 
F3 A0 FF C2 FF EC 07 B2 FF E2 00 02 FF FC 00 2A 0B 91 B0 99 
F1 A1 FF D2 FF F8 07 E7 FF E2 00 02 FF FC 01 0A 0B FF E8 57 
F1 A2 FF D4 FF E9 07 D6 FF E2 00 01 FF FC FF 33 04 88 DB 2C 
F3 A3 FF CC FF EC 07 E5 FF E3 00 03 FF FB 00 28 03 94 CB 3E 
F1 A4 FF BF FF F3 07 D8 FF E1 00 03 FF FC 01 13 07 77 B3 9A 
F1 A5 FF B9 FF F4 07 C5 FF E2 00 02 FF FB FF 36 03 52 DB 75 
F3 A6 FF DE FF F1 07 B3 FF E3 00 02 FF FB 00 2B 04 61 E1 27 
F1 A7 FF D7 FF F3 07 DB FF E1 00 00 FF FB 01 0C 03 42 10 28 
F1 A8 FF C9 FF F6 07 CB FF E2 00 02 FF FB FF 34 00 F9 10 96 
F3 A9 FF C9 FF F5 07 DF FF E1 00 01 FF FC 00 29 07 8D 44 EF 
F1 AA FF CF FF FE 07 DC FF E0 00 00 FF FC 01 0B 04 A8 03 20 
F1 AB FF DA FF FC 07 DA FF E3 00 04 FF FC FF 36 01 DA E4 75 
F3 AC FF C9 FF EC 07 C5 FF E1 00 01 FF FB 00 25 07 46 62 9A 
F1 AD FF CA FF F7 07 D4 FF E4 00 01 FF FB 01 0C 03 51 89 1C 
F1 AE FF DC FF FF 07 DF FF E3 00 02 FF F9 FF 35 08 A1 89 99 
F3 AF FF C2 FF F3 07 D5 FF E3 00 02 FF FA 00 24 02 BB 57 C4 
F1 B0 FF C3 FF F3 07 DA FF E1 00 02 FF FC 01 0D 01 D4 C4 EC 
F1 B1 FF CB FF F9 07 C3 FF E2 00 01 FF FB FF 34 09 04 EB C8 
F3 B2 FF D9 FF FD 07 D0 FF E2 00 02 FF FC 00 2A 04 75 B5 E9 
F1 B3 FF D1 FF F0 07 E1 FF E1 00 01 FF FB 01 0E 08 F4 64 F3 
F1 B4 FF CE FF F5 07 DF FF E1 00 01 FF FE FF 36 04 77 7D 34 
F3 B5 FF C2 FF F8 07 EA FF E2 00 02 FF FD 00 29 08 2F BD CA 
F1 B6 FF CA FF FE 07 CB FF E2 00 01 FF FC 01 12 0B 10 05 6E 
F1 B7 FF B4 FF F3 07 C5 FF E2 00 01 FF FC FF 31 05 EA 8A 00 
F3 B8 FF CC 00 01 07 DC FF E1 00 03 FF FB 00 2A 0B C5 B8 EB 
F1 B9 FF C5 FF E8 07 CB FF E3 00 03 FF FC 01 09 0A 4C A6 C7 
F1 BA FF CD FF F2 07 C7 FF E1 00 02 FF FC FF 34 02 0E F1 8F 
F3 BB FF CA 00 09 07 BD FF E2 00 01 FF FB 00 23 09 98 5C 16 
F1 BC FF C2 00 02 07 D8 FF E1 00 02 FF FB 01 0E 04 7D C6 D2 
F1 BD FF D5 FF F8 07 C2 FF E1 00 03 FF FC FF 34 07 E2 99 4A 
F3 BE FF C4 FF F9 07 E0 FF E2 00 01 FF FD 00 23 09 0C A2 BA 
F1 BF FF D8 FF F1 07 C1 FF E1 00 03 FF FB 01 0C 00 76 F0 2B 
F1 C0 FF C4 FF F8 07 D8 FF E2 00 03 FF FC FF 32 0B B9 91 56 
F3 C1 FF C1 FF FA 07 BC FF E1 00 02 FF FB 00 27 08 33 05 C7 
F1 C2 FF C5 FF F1 07 D4 FF E1 00 02 FF FC 01 0D 06 F7 3D 6E 
F1 C3 FF C4 FF F6 07 E0 FF E2 00 01 FF FB FF 36 0A ED 8B 3F 
F3 C4 FF C4 FF F1 07 E1 FF E3 00 01 FF FD 00 26 05 7E 96 11 
F1 C5 FF B9 FF F2 07 C4 FF E2 00 02 FF FB 01 0D 0C B8 8C 48 
F1 C6 FF C6 FF F4 07 CB FF E1 00 03 FF FC FF 32 04 CD 9E 9A 
F3 C7 FF C4 FF FA 07 CD FF E2 00 04 FF FC 00 29 02 2C CD BF 
F1 C8 FF C6 FF EB 07 E2 FF E2 00 02 FF FB 01 05 07 D8 E4 89 
F1 C9 FF C5 FF F0 07 DA FF E1 00 03 FF FA FF 34 07 E3 EF 02 
F3 CA FF C7 FF FF 07 B2 FF E0 00 01 FF FC 00 2C 0A 58 69 05 
F1 CB FF CC FF F2 07 DC FF E2 00 00 FF FB 01 10 03 B2 82 DB 
F1 CC FF C7 FF F5 07 FB FF E2 00 03 FF FC FF 31 08 E2 C8 62 
F3 CD FF BD FF F8 07 E5 FF E2 00 00 FF FB 00 29 0A 8D 13 07 
F1 CE FF C5 FF F3 07 D6 FF E2 00 03 FF FC 01 10 08 3C 0C BC 
F1 CF FF D1 FF E8 07 B8 FF E4 00 02 FF FB FF 30 01 C6 6C D9 
F3 D0 FF C5 FF F1 07 C6 FF E2 00 02 FF FB 00 26 09 90 41 0A 
F1 D1 FF C1 FF F1 07 D1 FF E3 00 01 FF FC 01 10 0A 43 BD 10 
F1 D2 FF C7 FF F1 07 ED FF E4 00 00 FF FB FF 35 0D E9 E5 DB 
F3 D3 FF C1 FF E6 07 D6 FF E1 00 01 FF FB 00 27 04 4B AC A3 
F1 D4 FF C7 00 03 07 D6 FF E1 00 02 FF FD 01 0E 02 9E 8C FD 
F1 D5 FF CC FF F0 07 BC FF E1 00 01 FF FC FF 35 09 F3 08 11 
F3 D6 FF C0 00 03 07 E8 FF E1 00 02 FF FE 00 2B 0C BE 7B ED 
F1 D7 FF CB FF F8 07 C5 FF E3 00 02 FF FC 01 0C 0C 25 B7 C5 
F1 D8 FF BD FF F7 07 ED FF E3 00 01 FF FC FF 34 03 FB 17 3D 
F3 D9 FF D2 FF E7 07 D2 FF E1 00 01 FF FB 00 20 06 5C 32 D8 
F1 DA FF C9 FF F4 07 CA FF E1 00 02 FF FC 01 0E 0B BE A8 E0 
F1 DB FF C6 FF F0 07 CE FF E2 00 01 FF FC FF 31 08 73 CF CD 
F3 DC FF B7 FF FB 07 CF FF E1 00 02 FF FA 00 25 09 65 AB 78 
F1 DD FF C5 00 04 07 ED FF E2 00 01 FF FB 01 13 0C FB 9F 90 
F1 DE FF C9 00 09 07 AC FF E2 00 01 FF FB FF 31 0C A7 8B 81 
F3 DF FF C1 FF F1 07 F5 FF E2 00 02 FF FB 00 2C 0B D8 C0 D4 
F1 E0 FF C4 FF F8 07 CB FF E0 00 03 FF FB 01 16 08 0D F4 3D 
F1 E1 FF C4 FF E2 07 C5 FF E1 00 02 FF FA FF 2E 06 B4 9D 70 
F3 E2 FF C4 00 08 07 BF FF E2 00 01 FF FC 00 25 09 A3 EB 53 
F1 E3 FF D4 00 03 07 C4 FF E2 00 02 FF FC 01 0E 0C B2 C5 85 
F1 E4 FF C3 FF FB 07 CF FF E2 00 00 FF FB FF 34 0B 0D CF C7 
F3 E5 FF DE FF F9 07 C6 FF E1 00 02 FF FC 00 20 08 3C 0E B4 
F1 E6 FF D1 FF D7 07 CF FF E2 FF FF FF FB 01 14 06 AD 87 96 
F1 E7 FF C4 FF E7 07 D4 FF E2 00 02 FF FC FF 33 0A FE 7F 96 
F3 E8 FF DC FF F2 07 E6 FF E2 00 02 FF FD 00 29 0E 87 5C 00 
F1 E9 FF CC 00 11 07 66 FF E4 00 01 FF FC 01 0D 0C 3C BE 93 
F1 EA FF AF FF F7 07 BE FF E3 00 00 FF FC FF 31 05 7D 76 C2 
F3 EB FF CF FF E4 07 DF FF E3 00 02 FF FB 00 27 05 C2 25 EA 
F1 EC FF D1 FF F6 07 BC FF E2 00 03 FF FC 01 0E 08 97 34 FD 
F1 ED FF CD FF F7 07 B7 FF E4 00 03 FF FD FF 31 09 7F 22 38 
F3 EE FF CF FF EE 07 B9 FF E3 00 01 FF FC 00 2A 07 14 D8 99 
F1 EF FF BD FF F5 07 D1 FF E3 00 01 FF FB 01 07 05 58 28 C1 
F1 F0 FF BB FF F0 07 C9 FF E3 00 03 FF FC FF 34 09 0E 7B E3 
F3 F1 FF B8 FF E1 07 CF FF E2 00 01 FF FA 00 2A 09 AF 2A 0B 
F1 F2 FF D9 FF F2 07 DA FF E0 00 02 FF FB 01 15 04 B9 D8 92 
F1 F3 FF CB FF EB 07 DA FF E2 00 00 FF FB FF 34 05 BE FA 1D 
F3 F4 FF CD FF F0 07 B2 FF E3 00 01 FF FB 00 2A 04 DB 7F 40 
F1 F5 FF AB FF F0 07 C7 FF E1 00 04 FF FC 01 09 0B 0D 06 B8 
F1 F6 FF C6 00 07 07 DF FF E2 00 02 FF FC FF 36 08 5D 90 4F 
F3 F7 FF C5 FF E9 07 AB FF E2 00 02 FF FB 00 23 03 EE 4C 05 
F1 F8 FF D7 FF F4 07 CE FF E2 00 01 FF FA 01 12 08 67 5A 83 
F1 F9 FF CA FF F3 07 B0 FF E0 00 02 FF FD FF 34 0A 26 7A C7 
F3 FA FF C5 FF F6 07 D8 FF E1 00 02 FF FD 00 26 0A 87 C0 D7 
F1 FB FF C7 FF F8 07 D2 FF E2 00 01 FF FB 01 0B 07 1F 15 2E 
F1 FC FF CC FF EF 07 CD FF E1 00 02 FF FC FF 32 04 0F 12 01 
F3 FD FF CB FF F5 07 D8 FF E1 00 02 FF FB 00 27 09 6B 1F B6 
F1 FE FF D1 FF FF 07 D1 FF E3 00 01 FF FC 01 13 09 63 96 76 
F1 FF FF C6 FF FA 07 CE FF E3 00 02 FF FC FF 2F 08 33 12 DC 
F3 00 FF D7 FF F2 07 C4 FF E3 00 01 FF FC 00 2B 03 53 AB 82 
F1 01 FF CC FF F0 07 C2 FF E3 00 03 FF FD 01 06 05 65 3E 59 
F1 02 FF B4 FF F7 07 D4 FF E3 00 03 FF FB FF 35 08 18 0A 6D 
F3 03 FF CC FF F5 07 D8 FF E0 00 01 FF FD 00 28 07 2A 81 8D 
F1 04 FF D8 FF F7 07 DD FF E2 00 01 FF FB 01 06 06 CD 8B F9 
F1 05 FF D5 FF FA 07 C2 FF E3 00 03 FF FB FF 32 03 A7 81 21 
F3 06 FF D7 00 05 07 E2 FF E4 00 03 FF FB 00 2A 04 77 4C AD 
F1 07 FF C1 FF F1 07 B8 FF E3 FF FF FF FC 01 08 0B 43 8D 95 
F1 08 FF D1 FF F4 07 E1 FF E4 00 03 FF FB FF 34 06 A2 34 03 
F3 09 FF C4 FF EE 07 FA FF E2 00 00 FF FC 00 29 04 2F 3E 0F 
F1 0A FF BC 00 01 07 F0 FF E2 00 01 FF FC 01 0B 07 C9 72 93 
F1 0B FF D0 FF F4 07 C8 FF E2 00 02 FF FC FF 2E 04 E0 74 1F 
F3 0C FF C7 FF FE 07 D6 FF E1 00 02 FF FD 00 25 0C 88 1F 74 
F1 0D FF BE FF FC 07 B4 FF E2 00 01 FF FA 01 03 01 FF E3 CD 
F1 0E FF BE FF E6 07 D3 FF E2 00 02 FF FA FF 37 05 D3 57 0B 
F3 0F FF D7 FF FE 07 D4 FF E1 00 03 FF FB 00 2E 0D 2E A3 63 
F1 10 FF DE FF EB 07 D8 FF E3 00 00 FF FB 01 09 0B 74 AE 8B 
F1 11 FF CC FF EC 07 CE FF E1 00 01 FF FB FF 33 0C 58 EE F7 
F3 12 FF CB FF F8 07 C3 FF E1 00 02 FF FB 00 24 01 CA EF E9 
F1 13 FF B4 FF EE 07 CD FF E1 00 00 FF FB 01 05 03 51 90 B9 
F1 14 FF CA FF F7 07 D6 FF E2 00 03 FF FD FF 35 08 00 6B B5 
F3 15 FF C7 FF F7 07 E8 FF E2 00 02 FF FB 00 23 05 63 D0 3F 
F1 16 FF D0 FF F8 07 E2 FF E2 00 02 FF FD 01 13 0B 95 36 6A 
F1 17 FF C5 FF E5 07 C9 FF E2 00 01 FF FD FF 31 02 E0 E9 FB 
F3 18 FF D0 00 02 07 B8 FF E2 00 01 FF FB 00 2A 06 E7 C9 0A 
F1 19 FF D2 FF F3 07 E0 FF E3 00 02 FF FB 01 13 0A 9E 4E BD 
F1 1A FF CF FF F3 07 B2 FF E2 00 03 FF FC FF 35 05 23 C9 EE 
F3 1B FF B8 FF F6 07 D8 FF E2 00 02 FF FC 00 23 05 2B 87 1A 
F1 1C FF D5 FF E4 07 E5 FF E3 00 01 FF FC 01 07 07 EA 58 48 
F1 1D FF CE FF F0 07 E4 FF E1 00 02 FF FE FF 33 00 4A 5B 79 
F3 1E FF CC FF F3 07 D6 FF E1 00 03 FF FB 00 20 0C 6B FC 1C 
F1 1F FF D9 00 02 07 E6 FF E3 00 02 FF FC 01 15 02 55 00 C4 
F1 20 FF BE FF F6 07 B4 FF E1 00 03 FF FC FF 33 0A D1 EB EF 
F3 21 FF CB FF F1 07 BF FF E3 00 02 FF FD 00 2B 09 D5 B7 0A 
F1 22 FF D4 00 01 07 BA FF E1 00 02 FF FB 01 0C 05 46 0E B6 
F1 23 FF D3 FF EB 07 C6 FF E3 00 03 FF FD FF 31 0C F0 A5 6D 
F3 24 FF C1 FF FC 07 D4 FF E2 00 03 FF FB 00 27 05 F8 AA B7 
F1 25 FF D1 FF F7 07 BB FF E1 00 02 FF FD 01 11 05 75 BC CB 
F1 26 FF BF FF F1 07 CB FF E1 00 02 FF FB FF 34 09 D7 B2 46 
F3 27 FF C5 FF EF 07 C3 FF E1 00 01 FF FC 00 29 01 BA 30 82 
F1 28 FF D1 FF F4 07 C6 FF E2 00 01 FF FD 01 0D 08 94 6F 91 
F1 29 FF D4 FF FA 07 BD FF E2 00 03 FF FB FF 35 03 76 52 09 
F3 2A FF BF FF FB 07 CA FF E2 00 01 FF FA 00 24 03 A3 59 C7 
F1 2B FF BD FF E5 07 E7 FF E3 00 03 FF FC 01 10 09 02 84 54 
F1 2C FF C6 FF E9 07 D9 FF E1 00 02 FF FC FF 34 01 3A 4E 22 
F3 2D FF CB 00 09 07 C8 FF E3 00 02 FF FD 00 28 04 3F F1 B7 
F1 2E FF BB FF E3 07 CB FF E2 00 02 FF FC 01 13 03 8C 42 12 
F1 2F FF B7 FF F5 07 D0 FF E2 00 03 FF FC FF 34 03 D9 74 E1 
F3 30 FF C0 FF FC 07 D3 FF E3 00 02 FF FC 00 28 07 46 48 AF 
F1 31 FF C5 FF F9 07 C9 FF E3 00 00 FF FD 01 11 04 DE 3A 5E 
F1 32 FF CF FF F6 07 E8 FF E3 00 00 FF FC FF 38 04 AE 23 03 
F3 33 FF D9 FF F9 07 C3 FF E2 00 03 FF FC 00 27 0B 61 C5 D2 
F1 34 FF D4 FF F7 07 BB FF E2 00 04 FF FB 01 13 00 04 39 A1 
F1 35 FF CA FF FB 07 C2 FF E3 00 03 FF FC FF 36 0E 42 97 DA 
F3 36 FF CB FF E4 07 D4 FF E2 00 04 FF FC 00 23 06 FB 25 60 
F1 37 FF CE FF FB 07 BE FF E2 00 00 FF FB 01 09 04 5A 99 F3 
F1 38 FF E0 00 07 07 E8 FF E2 00 01 FF FB FF 31 07 09 50 13 
F3 39 FF CF FF EC 07 CE FF E2 00 02 FF FA 00 26 06 70 B0 85 
F1 3A FF C4 FF F8 07 E0 FF E2 00 02 FF FC 01 16 0C 1A 03 2A 
F1 3B FF DF 00 0A 07 C4 FF E2 00 02 FF FB FF 35 03 C7 0F 5A 
F3 3C FF B1 FF FA 07 D4 FF E2 00 01 FF FD 00 2E 05 0D C9 17 
F1 3D FF BC FF F3 07 CF FF E4 00 01 FF FB 01 10 08 C7 CB 8A 
F1 3E FF DF FF FC 07 BD FF E1 00 02 FF FC FF 30 03 1A C1 86 
F3 3F FF C6 FF FC 07 B3 FF E1 00 01 FF FB 00 2A 06 47 B1 94 
F1 40 FF D1 FF FB 07 D5 FF E1 00 02 FF FB 01 0C 07 3A 0B 7B 
F1 41 FF C3 FF E5 07 DE FF E0 00 01 FF FC FF 34 0B ED AB AA 
F3 42 FF CB FF F3 07 DA FF E2 00 01 FF FB 00 29 0D 6C 45 3F 
F1 43 FF CD FF FA 07 C7 FF E3 00 02 FF FB 01 10 09 0D ED 13 
F1 44 FF D8 00 03 07 C5 FF E2 00 03 FF FD FF 35 06 45 75 DF 
F3 45 FF BF FF E9 07 D6 FF E2 00 01 FF FB 00 26 08 28 EA D1 
F1 46 FF D5 FF E9 07 C9 FF E1 00 02 FF FB 01 0B 07 0E 3B 44 
F1 47 FF DB FF E3 07 EC FF E2 00 02 FF FB FF 35 0B 25 66 F3 
F3 48 FF CA FF E9 07 D2 FF E0 00 03 FF FB 00 26 01 8E 6A 05 
F1 49 FF B8 00 02 07 EB FF E1 00 01 FF FB 01 0D 03 C8 C4 3A 
F1 4A FF C5 FF FA 07 CE FF E2 00 02 FF FC FF 35 07 B8 2F C4 
F3 4B 00 23 FF DC 09 06 FF EE 00 03 FF FE 00 2A 09 9B E5 35 
F1 4C 00 7D FF 68 06 95 00 26 00 10 FF FE 01 0B 0A 93 96 5A 
F1 4D FD 79 00 11 14 3C 01 F9 FF F2 00 00 FF 33 05 FF DE BF 
F3 4E FE 5B 00 69 0E 2B 06 42 FE 40 01 15 00 24 03 BE 80 95 
F1 4F FE 00 FF CA 08 2E 09 03 02 A9 01 16 01 0D 06 EC 21 33 
F1 50 FD 15 04 4F 09 81 08 40 05 13 01 4C FF 2F 05 C6 CB 60 
F3 51 FE 5F 04 37 08 C8 06 28 04 F3 00 E7 00 19 05 3D 82 DF 
F1 52 FF 09 03 53 07 F4 03 C1 0A 2C FE 2F 01 12 03 10 AF 03 
F1 53 00 2D 03 99 03 DE 00 F7 0A 94 FA F1 FF 31 0A D7 9B A0 
F3 54 FE BA FF C3 06 11 FE A2 02 AC F8 CF 00 04 09 C9 D9 15 
F1 55 FC 9E FF EF 07 ED FF 86 00 33 FA 1B 01 2B 05 E6 2A FC 
F1 56 FB 03 FE CA 05 95 02 D6 02 60 FC D0 FF 21 0B 43 1E CD 
F3 57 FB 63 02 DD 04 D2 04 5B 04 5B FE E0 00 0C 0D 3D F7 D5 
F1 58 FA 47 04 8A 05 F9 05 B2 03 33 00 42 01 38 0B 1A 41 71 
F1 59 FB 8E 02 6F 02 42 07 76 01 7D 01 9A FF 1D 06 CB 6C F4 
F3 5A F9 F3 01 E1 FC DB 05 B1 09 15 02 48 00 03 07 25 12 37 
F1 5B 05 BF 04 1A 08 34 01 97 10 24 01 07 01 48 03 B3 96 2E 
F1 5C FE C7 05 61 0A A7 04 40 0E 67 F9 DC FF 1C 0A 57 C7 85 
F3 5D F8 23 02 D3 07 A2 07 A8 08 1D F7 55 FF F8 0B B3 A7 BF 
F1 5E F8 2F 02 38 02 CF 06 FB FF 5D F9 37 01 57 0A 89 DB 75 
F1 5F FC F9 02 7F 02 81 03 C7 FF DF FA 72 FF 01 FF 5F 08 99 
F3 60 FE B4 02 F5 03 78 02 97 07 B5 F8 2D 00 02 07 91 13 49 
F1 61 FB 60 01 96 FE 94 01 78 07 D8 F5 0A 01 71 07 F9 E6 2A 
F1 62 FA 7B 00 52 03 48 FF 10 08 BF F6 5D FE F8 07 42 D0 34 
F3 63 FA B1 01 AF 04 56 01 66 08 32 F8 79 00 0B 04 A7 02 7A 
F1 64 FB 1F FF 96 03 A0 06 0B 04 5C F8 B4 01 79 06 A1 97 7F 
F1 65 FD E8 FF 88 FE 62 08 D7 00 8B F7 E5 FE EF 0B 8F 76 F9 
F3 66 FD BC FF 36 FF C1 09 3B 00 1D F6 C1 00 27 0A E8 E3 F9 
F1 67 FA B8 FF 6C FE 6F 0A 01 02 1D F7 62 01 92 06 38 07 1C 
F1 68 F9 17 01 BA FF 39 0A 07 04 79 FA 94 FE DD 06 C4 9E AB 
F3 69 F7 20 02 B1 00 DA 09 9E 06 34 FE E5 00 39 08 E2 DF 48 
F1 6A F6 3A 03 8E FF 83 09 6E 08 FB 03 BD 01 9D 08 CA 49 CB 
F1 6B FB 70 04 64 FE 4C 07 05 06 79 06 5B FE D7 02 AD 11 D8 
F3 6C FB 9C 03 BD FF E3 03 E2 03 81 05 6C 00 44 09 39 A9 41 
F1 6D F9 A6 05 E8 01 47 04 F9 07 27 03 CD 01 9E 06 84 64 D3 
F1 6E F4 1C 06 21 FD 69 06 7D 06 2D 04 E5 FE CA 05 C9 E2 14 
F3 6F F5 55 05 E8 FE 3F 06 8C 03 01 07 A5 00 3E 1B 44 F6 75 
F1 70 F5 8C 06 70 FE 11 07 E6 02 A5 09 38 01 90 1F A6 F5 7C 
F1 71 F9 0A 05 25 FE AD 09 A3 00 FE 07 C3 FE BA 0D 1E D7 0E 
F3 72 F7 84 06 14 FE A5 0B 76 01 28 04 08 00 3D 18 E3 DE FE 
F1 73 F3 12 05 7D FE 1F 0C 53 02 1A 03 9F 01 80 0D AE A9 B7 
F1 74 F3 C7 06 60 FE 7D 0D 2C FE 5C 05 1B FE B3 0E 07 BC 91 
F3 75 F6 8D 06 4B FF 60 0D 63 F9 A5 04 D0 00 43 0A 5A A7 F3 
F1 76 F7 C0 07 30 FF 0B 0C 69 FA 27 02 6A 01 80 07 91 6D 52 
F1 77 FA 0E 08 02 FE F3 09 F2 00 1D FF B4 FE AE 07 72 12 6B 
F3 78 F5 E0 07 3E FE 6E 08 B4 FF 26 FD 21 00 54 01 BE EC 7A 
F1 79 F7 5B 07 0E FF 34 07 A6 FC A9 FB D5 01 8C 06 84 81 D1 
F1 7A F1 12 04 4F 02 C4 07 2C FE 2B F9 FD FE B4 06 06 4B EE 
F3 7B F9 25 05 3E 00 1C 06 85 00 BC F8 8F 00 61 07 9A 4F B4 
F1 7C F7 88 04 CA 01 83 04 D6 01 8B F8 99 01 94 0C 8E F8 AE 
F1 7D F8 82 04 A4 00 CE 02 F2 01 52 F9 71 FE B6 06 C0 DF 28 
F3 7E F7 F4 03 1A 00 96 01 34 02 82 F8 B5 00 80 03 84 41 08 
F1 7F F7 49 03 3A 00 83 00 3B 04 74 F7 78 01 95 0A B7 89 5C 
F1 80 F7 5A 02 07 01 6C FF 45 03 0B F6 A3 FE B5 07 70 6F 3F 
F3 81 F5 69 01 7D 00 D3 FE 9B 01 86 F6 B3 00 96 0A 0F 12 D9 
F1 82 F7 61 FE F3 01 A7 FD F8 FC FC F6 E6 01 79 FD D3 94 2B 
F1 83 F8 19 FC 01 03 ED FE A0 FB FA F6 13 FE B1 03 69 D7 2A 
F3 84 F5 5F FB 02 03 EF 01 06 FA B3 F7 24 00 9E 08 03 B9 9B 
F1 85 F6 96 F9 DB 06 8F 02 BE F5 86 FA DF 01 68 00 AE 9A CE 
F1 86 F9 6A F9 69 0C FE 04 1D F2 C0 FE A2 FE AC 05 12 56 AC 
F3 87 F6 CA FD 0E 18 38 05 D5 F8 5F 04 38 00 AF F7 F1 CA FE 
F1 88 EA 3F 19 EE 15 CD 03 EC FA 72 0D 4B 01 5C 20 85 1E 81 
F1 89 C2 7B 60 3D E4 E1 E0 97 FC AA 24 27 FE B2 7F BC 0F 83 
F3 8A 3A 2C 4A 2B FF D7 C1 12 EF 74 13 68 00 A3 FC C6 4F 42 
F1 8B 14 D7 1D B1 E4 D9 B9 33 2A 9F C5 0F 01 87 7F BC B7 38 
F1 8C E1 F9 25 38 C5 03 C4 45 0B FC C2 02 FE C2 7F BC 79 72 
F3 8D 18 8A 0E EC E2 2C CB C3 E4 1A F0 FE 00 5C 0D E2 A3 63 
F1 8E 13 6E 05 6B E4 8C E4 8B 04 8B F3 28 01 81 4A 72 ED A9 
F1 8F 04 E2 04 F0 E5 18 F6 09 00 AE F2 A9 FE B3 2A C9 D7 3C 
F3 90 FE 25 02 53 EB 60 FC 61 FD 91 FB A0 00 44 EB 91 E7 22 
F1 91 01 67 FE 20 F3 E2 FF A2 F6 FE 03 95 01 81 EF 42 CE E3 
F1 92 01 6F FC 55 FA DC 03 C0 F8 C6 02 92 FE B7 F7 27 A5 D3 
F3 93 FA 05 FE B1 FA 2E 06 26 FD F8 01 41 00 4B 0C 5F 53 04 
F1 94 F5 57 FE 55 F7 DF 02 DE FF 83 04 FA 01 90 04 2B BC 84 
F1 95 F5 D6 FC FC FB C6 FE 64 FD 30 09 2D FE C3 00 23 8D 0A 
F3 96 F9 16 FB DA FB AB FD C9 FC 09 09 50 00 49 19 74 18 A0 
F1 97 F8 2B FE 63 F8 E9 FD 5B FF BA 06 6E 01 88 00 A6 CD 82 
F1 98 F3 EF 00 D7 F8 DD FC ED 02 6E 06 1D FE C7 0B 7B 6C 04 
F3 99 F4 4C 01 68 FA 9B FD 77 FF 28 08 34 00 39 01 E7 0A FD 
F1 9A F7 13 01 C5 FD 05 FF CC F9 AC 08 AC 01 8B 04 D2 6C 84 
F1 9B FB 10 01 39 FB ED 01 72 F7 12 06 94 FE CA 0F 2D 53 C5 
F3 9C FB 48 01 29 FD 22 01 1F FB 8C 03 D3 00 1D 07 85 85 66 
F1 9D F8 85 01 8E FE 56 00 E0 FA 7F 03 D7 01 7A 11 D8 CC 65 
F1 9E F8 95 02 20 FF A6 01 42 F3 91 05 73 FE CB 0C 10 50 54 
F3 9F F8 5F 02 47 00 3C 02 B9 EC 96 06 59 00 1C 05 0F A2 1A 
F1 A0 F8 F4 02 2E 01 0A 03 C6 E8 D2 07 12 01 7F 0C 88 A4 07 
F1 A1 F9 74 01 DE 02 60 03 FF E9 5C 07 C2 FE D4 03 B0 86 E4 
F3 A2 FB 5A 01 56 01 E5 02 24 ED BB 08 1E 00 0C 0B F4 0F B3 
F1 A3 FE 34 01 97 05 19 00 EF EE DA 07 60 01 64 07 26 E3 B4 
F1 A4 FD 75 01 1F 08 48 02 27 ED 4C 05 96 FE EC 0D 65 4A 9B 
F3 A5 FB F6 00 CB 05 D0 03 B4 ED E4 05 00 00 08 10 76 34 D5 
F1 A6 FA 00 02 0C 07 13 02 B6 F2 25 06 39 01 5D 0A 55 94 CE 
F1 A7 FE B7 02 D0 08 34 02 96 F8 09 06 C9 FE FF 06 1F 9D 05 
F3 A8 FC B0 03 3E 06 AB 02 2C FB CB 04 95 00 02 08 08 68 43 
F1 A9 FA AE 02 6A 05 AC FF 83 FC 6D 03 84 01 44 05 A1 94 BD 
F1 AA FF DC 03 AD 0B AE FE 19 FA 18 03 2C FF 0D 0A A5 00 5B 
F3 AB FE 66 02 EF 07 3E 00 71 FA C6 00 3A FF FB 05 B3 50 2B 
F1 AC FC 88 02 ED 04 94 FF 73 FE EB FF 4B 01 25 02 32 B6 1C 
F1 AD FA A0 03 13 06 E4 FC B2 00 0B 00 07 FF 10 0C 6E 5E A0 
F3 AE FE C2 03 0A 09 8D FD 85 FF 6A 00 98 FF F9 07 5A 58 F3 
F1 AF FD 57 02 53 05 E5 FF 3E FE BC FF 67 01 22 09 8C 44 67 
F1 B0 FC EC 02 B0 06 45 FE 84 FF 08 FF 82 FF 14 04 C7 0D 54 
F3 B1 FC B6 03 BB 09 03 FE F7 FE AA 00 2A 00 00 07 8D 8A 3D 
F1 B2 FD 90 03 1F 06 D9 00 25 FD F3 00 F9 01 20 0A 50 87 A9 
F1 B3 FE DF 01 6E 05 ED FF 1B FD 1B 01 1A FF 19 03 82 B5 2A 
F3 B4 FD 36 02 87 05 E7 FE 05 F9 5A FF 3F 00 05 04 E0 01 81 
F1 B5 FB 92 03 31 09 33 FF 41 FC 82 FE 51 01 1B 07 B4 12 0E 
F1 B6 FD FA 02 C3 07 A4 00 13 FE 5E FF 76 FF 19 07 83 B7 98 
F3 B7 FF 24 02 76 07 1A FF 62 FD 60 FF 53 00 00 07 61 D3 98 
F1 B8 FE 80 03 7A 04 DC FD AE FB BD FE 51 01 21 05 ED 30 2E 
F1 B9 FE B9 02 6B 07 38 FC 46 FB 75 FD B8 FF 1B 04 A9 DC 87 
F3 BA FF 00 02 27 07 BA FB ED FB 5B FC A1 00 03 07 A1 06 00 
F1 BB FE 45 01 B9 07 D2 FB A1 F9 EC FC 5F 01 1F 0B 34 1F 03 
F1 BC FE F5 01 61 0A 0B FC 30 FA 1B FC 7E FF 1A 09 A3 EB 31 
F3 BD FD 97 01 3F 08 71 FD 1A FC FF FD 7D 00 13 06 C5 72 D8 
F1 BE FF FA 01 CB 0B 47 FD D4 FF 37 FE 2C 01 09 03 1B 64 ED 
F1 BF 00 D8 01 B6 09 A0 FF 61 02 25 FD AB FF 2A 07 BD 80 5F 
F3 C0 FD E3 01 94 08 89 00 42 04 A3 FD 72 00 0E 0A BB 91 03 
F1 C1 FC FD 01 9F 07 64 00 79 06 43 FE 93 01 15 0A 5E AD 57 
F1 C2 FF 54 02 B7 07 BF FE B6 06 F9 FF BC FF 31 04 82 C0 62 
F3 C3 00 3E 01 22 01 0A FD 42 03 D8 FF 58 00 16 08 24 32 65 
F1 C4 FE CC 00 FB 06 82 FB BA FF 35 FF D2 01 1B 07 EC 77 45 
F1 C5 FE C9 01 16 0A 19 FC EE FE 29 FF CC FF 27 08 D2 9F E8 
F3 C6 FE 5A 00 FB 07 4C FE 92 FE E7 FF AA 00 14 06 17 F5 07 
F1 C7 FB 55 00 DB 09 3B FF 18 FC AD 00 30 01 25 01 FF 06 33 
F1 C8 00 D3 01 0A 08 C2 00 7F FA 8F 00 8B FF 2A 08 69 C5 63 
F3 C9 FF 90 00 D3 0A B8 02 68 FA BE FF A9 00 20 05 A1 60 AB 
F1 CA FF CA 01 A2 09 4B FE 8C FE 53 FF 03 01 25 6E 27 92 A5 
F1 CB FF E7 02 26 01 65 FF F7 FC BB FE D8 FF 30 0E 31 64 77 
F3 CC 01 B7 04 76 F6 53 FE 8A FC 79 FE 90 00 20 15 49 6A 42 
F1 CD FE 10 FF C7 12 2F FC EF FC FE FE 18 01 12 15 1C 61 CD 
F1 CE FF 8C 00 8B 09 A4 FD C6 FD 5C FE 1D FF 30 0C 63 E4 85 
F3 CF FE 7B FF E3 09 2D FD DA FD FF FE D9 00 23 04 A0 3A C2 
F1 D0 00 A4 00 55 08 C6 FE 9B FF A5 FF 73 01 0E 07 D6 3E 82 
F1 D1 00 81 00 4F 08 AB FF 2B FF C3 FF 82 FF 34 07 10 F1 09 
F3 D2 00 E4 FF F8 07 A0 FF 68 FF AF FF 34 00 27 0A 55 CC B2 
F1 D3 01 33 00 5B 06 E1 FF 05 FF 2D FE 9F 01 03 08 17 74 40 
F1 D4 FF 74 FF 11 08 94 FE BA FF A6 FE 84 FF 33 07 48 D6 9F 
F3 D5 FD B4 00 C9 08 D2 FF 66 00 6B FE A6 00 2D 07 3D E3 33 
F1 D6 02 28 00 D2 07 FB 00 6A 03 05 FF C3 01 01 09 50 F8 BE 
F1 D7 FE 87 00 5A 07 4F 00 5E 01 C7 FF 39 FF 35 0B E1 EA 67 
F3 D8 FE EB 00 1B 07 25 00 47 02 69 FF D5 00 2A 0A 04 B3 ED 
F1 D9 FF 82 FF EF 05 7D FF 0D 02 6D 00 36 01 17 01 89 ED A8 
F1 DA FF C6 FF F0 09 77 FD E5 FE 0A FF B2 FF 35 0A D3 E5 89 
F3 DB FF F7 FF AF 09 BA FE 19 FE 76 FF E6 00 2B 06 D3 1F A7 
F1 DC 00 DF FF E4 03 91 FF FB 00 67 00 12 01 15 0E 50 9C AB 
F1 DD 00 B4 FF 9F 07 FC FF D6 00 16 FF E9 FF 33 04 92 CF 51 
F3 DE 00 4E FF F0 07 90 FF D3 00 09 FF 94 00 2A 01 CF 76 FF 
F1 DF FE DF FF E3 08 43 FF C1 00 65 FF 85 01 10 09 FF 29 C0 
F1 E0 FF 4A FF F9 08 1F FF DD 00 57 FF DC FF 37 04 C1 F1 C8 
F3 E1 FF CD 00 06 07 56 FF D6 00 83 FF FC 00 32 04 B7 8B D2 
F1 E2 FE BA FF C1 08 F4 FF BC 01 5B 00 01 01 12 07 51 9A 08 
F1 E3 FF 99 FF CB 07 98 FF E1 00 09 FF FF FF 32 06 D8 60 55 
F3 E4 FF 86 FF E3 08 3C FF E3 00 08 00 03 00 33 09 FF 12 4A 
F1 E5 FF 79 FF FD 07 CD FF E6 00 19 00 0C 01 11 01 03 CF AC 
F1 E6 FF 76 00 2C 07 E0 FF E4 00 0F 00 05 FF 33 04 E8 BE D5 
F3 E7 FF 90 FF D9 07 D5 FF DE FF F8 00 3A 00 2E 09 AB A1 DB 
F1 E8 00 21 FF DC 07 E2 FF E1 00 00 00 42 01 12 06 20 2E 15 
F1 E9 FF 93 FF F5 08 09 FF F0 00 22 00 3D FF 31 06 4D 30 01 
F3 EA FF CB 00 03 07 BA FF EC 00 1F 00 1B 00 32 05 09 97 BD 
F1 EB FF C6 00 04 07 D3 FF E7 00 16 00 16 01 0D 02 BE E4 F1 
F1 EC FF CC 00 06 07 A2 FF E5 00 16 00 26 FF 36 08 9E 1C BD 
F3 ED FE 30 FF D8 07 C3 FF CF FF DB 00 55 00 2C 03 D3 8B 3F 
F1 EE FF 69 FF E0 07 E0 FF C8 FF C4 01 4C 01 18 05 C2 CF 9A 
F1 EF 02 1A 00 A4 07 AD FF DD FF F8 00 D9 FF 36 08 33 D7 59 
F3 F0 FF FF 00 56 07 D3 FF E1 FF E9 00 05 00 36 FE F3 2D 1B 
F1 F1 05 C9 FF 68 13 56 FF B4 00 0A 00 71 01 0A 10 C4 49 81 
F1 F2 FF D8 FF C6 07 0F FF EB 00 12 FF EA FF 38 12 E8 DE 19 
F3 F3 00 2F 00 1B 07 49 FF E5 00 03 FF FD 00 2B 06 66 B9 90 
F1 F4 FF E7 FF F1 07 C9 FF DF 00 01 FF FE 01 15 02 F9 0F ED 
F1 F5 FF DE 00 08 07 C8 FF E3 00 02 FF FB FF 32 01 2C F1 6D 
F3 F6 FF D4 FF FD 07 BD FF E3 00 01 FF FB 00 2E 0C 0E 97 A1 
F1 F7 FF B9 FF FF 07 DA FF E3 00 02 FF FC 01 13 02 84 C2 19 
F1 F8 FF B4 00 0B 07 EB FF E2 FF FF FF FC FF 35 02 56 37 87 
F3 F9 FF C3 FF EF 07 B2 FF E1 00 03 FF FC 00 32 0B F0 23 57 
F1 FA FF CE 00 03 07 D6 FF E2 00 04 FF FC 01 0A FF D5 BA D8 
F1 FB FF C1 FF FD 07 D9 FF E0 00 04 FF FD FF 34 08 E1 E1 D6 
F3 FC FF D2 00 02 07 C8 FF E2 00 04 FF FC 00 2E 03 6E F5 20 
F1 FD FF CF FF FB 07 C3 FF E2 00 01 FF FA 01 18 05 1A 94 53 
F1 FE FF C1 FF F9 07 D9 FF DF 00 01 FF FB FF 34 09 55 BB 0B 
F3 FF FF C4 FF E9 07 C4 FF E3 00 03 FF FC 00 2B 03 86 70 EC 
F1 00 FF CF FF F9 07 D1 FF E2 00 02 FF FC 01 13 05 9D 91 F7 
F1 01 FF D0 FF F2 07 C7 FF E3 00 02 FF FC FF 32 07 F2 6C 92 
F3 02 FF C4 FF E5 07 D2 FF E0 00 02 FF FC 00 33 03 98 28 BF 
F1 03 FF C7 FF FB 07 A2 FF E2 00 03 FF FC 01 15 06 B9 F5 4E 
F1 04 FF D7 FF EC 07 DB FF E2 00 02 FF FB FF 31 03 B5 52 5E 
F3 05 FF C4 FF FE 07 DA FF E1 00 03 FF FB 00 26 04 3D CA 09 
F1 06 FF C9 FF FF 07 BD FF E2 00 02 FF FB 01 14 06 BB 44 6E 
F1 07 FF DC FF EB 07 DF FF E0 00 01 FF FC FF 35 04 78 08 D0 
F3 08 FF BD FF F5 07 D1 FF E0 00 01 FF FA 00 2A 0B 27 87 63 
F1 09 FF CA FF EC 07 E0 FF E2 00 00 FF FB 01 0A 05 1A 79 95 
F1 0A FF BE FF FD 07 E7 FF E1 00 03 FF FB FF 31 05 B5 E9 7C 
F3 0B FF CC FF F5 07 E2 FF E1 00 00 FF FB 00 2D 04 2D AB 64 
F1 0C FF DE FF F9 07 B8 FF E3 00 01 FF FA 01 0C 04 C3 38 0D 
F1 0D FF C4 FF E5 07 D6 FF E2 00 02 FF FA FF 37 09 1C DE 43 
F3 0E FF CE FF FC 07 CE FF E0 00 02 FF FC 00 2E 0D A0 ED A4 
F1 0F FF D8 FF EC 07 D9 FF E2 00 03 FF FA 01 10 0C 44 6A D8 
F1 10 FF D5 FF FA 07 AC FF E2 00 01 FF FC FF 36 11 66 ED 37 
F3 11 FF B1 00 02 07 D4 FF E1 00 01 FF FC 00 32 15 B8 07 17 
F1 12 FF E1 00 02 07 C6 FF E2 00 03 FF FB 01 12 0E FD 4A 96 
F1 13 FF C4 FF EB 07 D8 FF E1 00 02 FF FB FF 34 09 51 B5 79 
F3 14 FF E2 00 03 07 C7 FF E1 00 02 FF F9 00 34 0C B4 8A 6D 
F1 15 FF C4 FF F3 07 DB FF E1 00 02 FF FD 01 10 09 FB 0C 15 
F1 16 FF CE FF EF 07 DB FF E3 00 00 FF FC FF 34 04 00 0C 00 
F3 17 FF C3 FF E3 07 DB FF E2 00 01 FF FB 00 2A 02 BB 6B 1C 
F1 18 FF D9 FF EA 07 CE FF E1 00 01 FF FC 01 11 06 E3 C6 B4 
F1 19 FF DA FF E7 07 D8 FF E1 00 04 FF FB FF 32 0C 19 87 42 
F3 1A FF D9 FF FB 07 D2 FF E0 00 02 FF FB 00 2F 10 83 DB 06 
F1 1B FF D3 FF EE 07 C4 FF E2 00 01 FF FC 01 10 0B A5 DE B4 
F1 1C FF D7 FF FC 07 C9 FF E3 00 02 FF FB FF 36 07 77 73 0C 
F3 1D FF D0 FF EF 07 C5 FF E0 00 02 FF FB 00 2D 0B 2E 9A 26 
F1 1E FF CB FF F6 07 B6 FF E2 00 03 FF FB 01 1E 0C 73 CC C4 
F1 1F FF C7 FF F9 07 DB FF E2 00 01 FF FD FF 34 09 9D 56 CF 
F3 20 FF D0 FF EB 07 C7 FF E0 00 02 FF FC 00 27 05 73 C1 03 
F1 21 FF D8 FF F7 07 DF FF E2 00 01 FF FB 01 08 06 B6 90 DF 
F1 22 FF D8 FF F8 07 C9 FF DF 00 01 FF FC FF 37 06 E8 66 3F 
F3 23 FF C6 00 03 07 D6 FF E2 00 00 FF FC 00 2C 04 7C 04 CD 
F1 24 FF CB FF FA 07 CF FF E2 00 01 FF FB 01 14 13 1C AE 97 
F1 25 FF CD FF F5 07 D0 FF E1 00 03 FF FB FF 36 10 52 13 0D 
F3 26 FF C6 FF FB 07 C7 FF E0 00 03 FF FC 00 2E 1D FF D1 34 
F1 27 FF D8 FF FF 07 C8 FF E3 00 01 FF FB 01 0B 0F D9 10 EB 
F1 28 FF CF FF F1 07 BC FF E2 00 02 FF FC FF 36 13 EE 53 90 
F3 29 FF BE FF EA 07 E2 FF E2 00 03 FF FB 00 32 12 12 21 F7 
F1 2A FF C5 FF EE 07 F1 FF E3 00 01 FF FC 01 15 15 A1 62 D6 
F1 2B FF C7 FF F5 07 E9 FF DF 00 02 FF FB FF 39 14 B0 1B C0 
F3 2C FF D4 00 02 07 B2 FF E3 00 02 FF FD 00 2C 0B DA EC 28 
F1 2D FF D3 FF E3 07 D4 FF E3 00 02 FF FB 01 21 08 F1 69 90 
F1 2E FF D2 00 05 07 C7 FF E1 00 00 FF FC FF 36 0B F8 D4 A4 
F3 2F FF C9 FF FE 07 D6 FF E2 00 02 FF FC 00 2D 0D 50 B4 8E 
F1 30 FF D1 FF F6 07 D3 FF E0 00 02 FF FC 01 0E 18 7A 52 02 
F1 31 FF C5 FF F1 07 D8 FF E1 00 01 FF FC FF 33 15 53 CD F1 
F3 32 FF CA 00 01 07 DE FF E3 00 03 FF FC 00 2F 0D 32 E7 F2 
F1 33 FF C6 FF F6 07 B8 FF E2 00 02 FF FC 01 0D 11 55 91 C0 
F1 34 FF BD FF E9 07 D3 FF E1 00 01 FF FC FF 34 15 DF 52 47 
F3 35 FF CF 00 04 07 D9 FF DF 00 01 FF FD 00 28 14 CD 60 4A 
F1 36 FF BF FF F1 07 DE FF DE 00 02 FF FB 01 0C 16 B8 C3 35 
F1 37 FF BF FF E8 07 BE FF E0 00 02 FF FC FF 34 09 4C 68 91 
F3 38 FF D0 00 03 07 BF FF E1 00 02 FF FD 00 2D 0D C8 2D 72 
F1 39 FF D4 FF FE 07 C3 FF E2 00 01 FF FB 01 11 0B 7A EE 9A 
F1 3A FF CC FF F0 07 B8 FF E1 00 02 FF FC FF 39 09 C6 D3 F3 
F3 3B FF CB FF F5 07 DD FF E3 00 02 FF FB 00 2A 0B 64 6F 43 
F1 3C FF CE 00 0C 07 BE FF DF 00 02 FF FD 01 0B 08 C3 B3 3F 
F1 3D FF D5 00 04 07 CE FF E1 00 02 FF FB FF 37 0F 76 30 35 
F3 3E FF C2 FF F7 07 CB FF E2 00 02 FF FA 00 2D 08 20 02 6E 
F1 3F FF D1 FF F1 07 CA FF E2 00 02 FF FB 01 13 07 78 D1 C0 
F1 40 FF CA FF FD 07 CF FF E2 00 01 FF FB FF 33 06 A5 39 D8 
F3 41 FF D1 FF F7 07 CA FF E2 00 02 FF FD 00 2B 06 30 3C 7B 
F1 42 FF BF FF F4 07 D0 FF E1 00 02 FF FC 01 13 0C C4 FE 7D 
F1 43 FF D1 00 08 07 C7 FF E0 00 01 FF FC FF 39 04 D0 26 4E 
F3 44 FF E2 FF F0 07 B9 FF E2 00 02 FF FB 00 2F 05 D3 DF 91 
F1 45 FF B9 FF EE 07 D4 FF E2 00 02 FF FB 01 16 07 04 38 01 
F1 46 FF C4 FF DF 07 D6 FF E0 00 02 FF FA FF 32 04 EA 7E 23 
F3 47 FF CF FF F3 07 CA FF E1 00 01 FF FC 00 2B 0C 6E EF 59 
F1 48 FF CA FF EE 07 AF FF E2 00 03 FF FB 01 13 FF 15 5C C6 
F1 49 FF CF FF FB 07 E2 FF E0 00 01 FF FB FF 35 04 7C DD 04 
F3 4A FF D5 FF E6 07 E1 FF E2 00 02 FF FC 00 32 0F 49 10 A3 
F1 4B FF BB FF FC 07 D1 FF E2 00 00 FF FC 01 15 08 F5 34 9F 
F1 4C FF CC 00 04 07 E2 FF E2 00 02 FF FB FF 37 0D 25 C5 E0 
F3 4D FF CC FF EC 07 E0 FF E2 00 01 FF FB 00 31 08 4B A3 38 
F1 4E FF D0 FF EC 07 C9 FF E1 00 00 FF FC 01 0D 04 70 B6 49 
F1 4F FF B4 FF EE 07 DB FF E1 00 00 FF FC FF 32 0C A4 23 9F 
F3 50 FF E3 FF FA 07 E7 FF E2 00 03 FF FC 00 2B 03 CC A5 E7 
F1 51 FF D0 00 01 07 DB FF E2 00 01 FF FC 01 0E 03 FB E8 61 
F1 52 FF DB FF F4 07 BB FF E2 00 02 FF FC FF 31 08 F0 BA EE 
F3 53 FF D1 FF FA 07 D5 FF E2 00 02 FF FB 00 2A 02 77 98 76 
F1 54 FF DC FF FB 07 C9 FF E3 00 01 FF FB 01 15 0B 09 62 47 
F1 55 FF C9 FF F5 07 E2 FF E3 00 00 FF FD FF 35 0C 28 9E BF 
F3 56 FF CF FF EA 07 C3 FF E2 00 01 FF FC 00 30 0F 42 ED 9B 
F1 57 FF BB FF EF 07 D5 FF E3 00 01 FF FA 01 0E 15 39 26 EA 
F1 58 FF D4 FF F0 07 C7 FF E2 00 01 FF FC FF 34 08 21 E6 30 
F3 59 FF DA FF F1 07 B9 FF E2 00 01 FF FE 00 32 0F B8 6C B3 
F1 5A FF CF FF E9 07 CF FF E3 00 02 FF FC 01 16 07 D4 FE 89 
F1 5B FF C2 00 0C 07 BD FF E2 00 01 FF FE FF 37 07 3E 7E A4 
F3 5C FF C4 FF EB 07 E0 FF E1 00 01 FF FC 00 2C 0C D4 B5 A6 
F1 5D FF CC FF F7 07 D5 FF E2 00 03 FF FC 01 0B 01 7C 66 B3 
F1 5E FF CC FF F3 07 CB FF E3 00 01 FF FC FF 2F 0A 31 FD 3D 
F3 5F FF D9 FF F3 07 AA FF E2 00 03 FF FC 00 2E 04 34 D4 47 
F1 60 FF DE FF FC 07 DE FF E2 00 02 FF FC 01 09 08 D9 04 C4 
F1 61 FF D0 FF FC 07 D6 FF E3 00 02 FF FB FF 35 11 76 BB 4C 
F3 62 FF D4 FF EA 07 D1 FF E2 00 00 FF FC 00 31 07 F6 12 D3 
F1 63 FF D9 FF F3 07 C3 FF E1 00 01 FF FB 01 12 08 AD ED 09 
F1 64 FF CE FF FA 07 C8 FF E2 00 02 FF FB FF 31 08 D0 85 8A 
F3 65 FF CE FF EB 07 C3 FF E3 00 03 FF FC 00 2A 05 EA C1 6A 
F1 66 FF C5 00 04 07 D1 FF E0 00 01 FF FC 01 11 0F 79 DC 69 
F1 67 FF C9 FF E9 07 F0 FF E1 00 04 FF FC FF 36 07 AF B9 80 
F3 68 FF C6 FF F3 07 B9 FF E2 00 03 FF FC 00 34 06 FE 22 B3 
F1 69 FF CD FF FC 07 BB FF E1 00 02 FF FC 01 09 0B E6 E6 93 
F1 6A FF D1 FF F9 07 C2 FF E2 00 02 FF FC FF 35 05 56 80 10 
F3 6B FF C2 FF FE 07 DF FF E0 00 03 FF FC 00 27 0A B3 DC B8 
F1 6C FF D2 FF F4 07 EF FF E2 00 02 FF FD 01 0D 07 6F F1 4D 
F1 6D FF CF 00 02 07 DF FF E0 00 01 FF FD FF 35 05 78 EE 78 
F3 6E FF C6 00 02 07 B1 FF E2 00 02 FF FD 00 2C 08 49 C3 EB 
F1 6F FF B9 FF F8 07 CF FF E1 00 01 FF FC 01 14 05 DF 54 47 
F1 70 FF C9 FF E9 07 D2 FF E2 00 00 FF FC FF 33 0A 1C 39 70 
F3 71 FF C6 FF EA 07 C2 FF E1 00 01 FF FC 00 36 01 CD 2E 4B 
F1 72 FF CE FF F8 07 C6 FF E1 00 00 FF FC 01 15 04 E0 1E 27 
F1 73 FF CD FF F5 07 C4 FF E1 00 02 FF FC FF 39 09 14 71 53 
F3 74 FF DB FF F7 07 D1 FF E1 00 01 FF FB 00 2B 07 AC E1 80 
F1 75 FF C5 FF F4 07 D2 FF E2 00 01 FF FD 01 0A 06 4B 90 A1 
F1 76 FF D8 FF F6 07 DB FF E0 00 01 FF FC FF 32 05 90 1F 67 
F3 77 FF DE FF F1 07 D0 FF E2 00 01 FF FB 00 32 0B 3B F4 4F 
F1 78 FF CE FF F4 07 AB FF E2 00 01 FF FC 01 15 0A C7 91 84 
F1 79 FF D7 FF F6 07 E2 FF E4 00 01 FF FD FF 36 0A 13 6B 20 
F3 7A FF D8 FF F6 07 DC FF E1 00 00 FF FD 00 29 02 B4 FE 52 
F1 7B FF BD 00 06 07 CD FF E1 00 03 FF FC 01 14 08 91 61 73 
F1 7C FF CD FF FF 07 DC FF DF 00 02 FF FC FF 34 06 71 1B DB 
F3 7D FF CD FF FF 07 A7 FF E2 00 01 FF FD 00 31 08 C4 36 5C 
F1 7E FF BF FF F7 07 DB FF E2 00 03 FF FC 01 0D 04 F4 7F 8A 
F1 7F FF BB FF EF 07 DB FF E2 00 02 FF FC FF 33 02 4A 5E 55 
F3 80 FF C2 FF F6 07 BB FF E0 00 04 FF FB 00 2C 0A A5 96 A4 
F1 81 FF D2 FF E7 07 E6 FF E1 00 01 FF FC 01 1B 08 9C 53 F9 
F1 82 FF D8 FF EC 07 E6 FF E1 00 02 FF FC FF 34 08 FA 8F BE 
F3 83 FF D8 FF EE 07 D3 FF E2 00 02 FF FD 00 32 05 2F 00 02 
F1 84 FF C6 FF FD 07 C7 FF E1 00 03 FF FC 01 0E 06 AD FD BD 
F1 85 FF CE FF F8 07 D0 FF E2 00 01 FF FC FF 34 07 E7 5E 3F 
F3 86 FF C5 FF F6 07 CE FF E2 00 01 FF FC 00 2C 05 28 36 EC 
F1 87 FF D3 FF FF 07 C6 FF E1 00 02 FF FD 01 10 06 8E BB 83 
F1 88 FF D8 FF F5 07 C8 FF E0 00 00 FF FC FF 36 05 FA 1B 1B 
F3 89 FF CC FF E4 07 CB FF E1 00 03 FF FC 00 2C 08 EB 8D 43 
F1 8A FF D1 FF F3 07 CB FF E2 00 00 FF FC 01 10 0A 89 D5 2B 
F1 8B FF D0 FF FC 07 DD FF E1 00 03 FF FC FF 34 05 8A BC 24 
F3 8C FF C7 FF EF 07 D9 FF E1 00 01 FF FD 00 2C 03 56 4B 06 
F1 8D FF C1 FF F3 07 C4 FF E0 00 01 FF FD 01 12 04 08 7A AD 
F1 8E FF C5 FF F3 07 E2 FF E2 00 02 FF FA FF 33 0B 12 DD 22 
F3 8F FF E5 00 02 07 D5 FF E2 00 00 FF FB 00 2D 09 92 75 AF 
F1 90 FF E0 FF E5 07 D1 FF E2 00 01 FF FC 01 0C 05 24 24 59 
F1 91 FF CF FF EF 07 BB FF E1 00 01 FF FD FF 36 03 69 10 DA 
F3 92 FF E8 FF EE 07 D3 FF E1 00 01 FF FB 00 2C 09 02 0D FC 
F1 93 FF C5 00 07 07 C5 FF E1 00 02 FF FC 01 10 09 4D 36 33 
F1 94 FF B0 00 03 07 D8 FF E1 00 01 FF FC FF 35 09 79 0D 20 
F3 95 FF C4 FF E9 07 CD FF E1 00 02 FF FD 00 2A 04 9B 51 95 
F1 96 FF CE FF F1 07 CD FF E1 00 02 FF FA 01 12 08 E1 00 56 
F1 97 FF D2 FF EB 07 E0 FF E0 00 00 FF FD FF 34 09 25 BB 87 
F3 98 FF D1 FF F6 07 D5 FF E3 00 02 FF FD 00 2E 08 EA EF 02 
F1 99 FF C1 FF FC 07 CA FF E3 00 01 FF FC 01 0E 05 85 77 0F 
F1 9A FF BF FF FB 07 BC FF E0 00 03 FF FC FF 2C 04 B6 63 E9 
F3 9B FF CD FF EF 07 CB FF E0 00 02 FF FC 00 34 0A 78 B4 BD 
F1 9C FF D8 FF F4 07 CA FF E0 00 02 FF FC 01 16 08 86 B1 37 
F1 9D FF CD FF F2 07 C6 FF E1 00 01 FF FB FF 34 02 E0 C4 DC 
F3 9E FF B9 FF E6 07 CE FF E3 00 03 FF FB 00 2F 07 6A 47 89 
F1 9F FF D5 FF F1 07 DB FF E0 00 02 FF FC 01 16 07 61 C2 57 
F1 A0 FF D4 FF FC 07 CA FF E1 00 01 FF FB FF 36 0B F9 D5 8E 
F3 A1 FF D0 FF F0 07 E1 FF E1 00 01 FF FC 00 33 08 7B F3 7A 
F1 A2 FF D3 FF F5 07 DA FF E0 00 01 FF FB 01 0C 04 98 2F 30 
F1 A3 FF CE FF EE 07 D8 FF DF 00 03 FF FB FF 31 07 FF EE EF 
F3 A4 FF D3 FF FC 07 CD FF E1 00 01 FF FA 00 2E 07 8E 77 42 
F1 A5 FF B6 FF F5 07 C8 FF E1 00 01 FF FB 01 13 08 E6 74 06 
F1 A6 FF C0 FF EE 07 CB FF E2 00 02 FF FC FF 32 01 C1 30 83 
F3 A7 FF D1 FF F7 07 D4 FF E1 00 01 FF FC 00 2B 06 12 B7 C9 
F1 A8 FF C0 FF F6 07 D4 FF E1 00 02 FF FD 01 15 09 EC D3 0D 
F1 A9 FF CC FF FE 07 EC FF E1 00 02 FF FB FF 37 09 FE 03 CC 
F3 AA FF BB FF F8 07 E7 FF E2 00 03 FF FA 00 2E 09 3C 46 9D 
F1 AB FF C3 FF F7 07 D6 FF E2 00 02 FF FC 01 10 02 8B 48 80 
F1 AC FF CF 00 07 07 BB FF E3 00 02 FF FC FF 32 02 3D D2 41 
F3 AD FF CE 00 01 07 C3 FF E2 00 02 FF FB 00 2F 0A 1F 41 84 
F1 AE FF CC FF F4 07 C1 FF E5 00 01 FF FB 01 0B 03 B5 AE DE 
F1 AF FF CF FF F0 07 D1 FF E1 00 02 FF FC FF 32 07 82 C2 63 
F3 B0 FF C1 FF F5 07 D9 FF E1 00 01 FF FC 00 2F 03 D6 8E 57 
F1 B1 FF C6 00 01 07 C4 FF E1 00 00 FF FB 01 14 03 04 72 23 
F1 B2 FF BD FF F8 07 CF FF E2 00 01 FF FC FF 36 09 F9 74 BE 
F3 B3 FF CD FF F5 07 CD FF E1 00 02 FF FB 00 2F 03 F6 9C C8 
F1 B4 FF D7 FF FB 07 D2 FF E2 00 03 FF FC 01 10 06 B8 5B 22 
F1 B5 FF CC FF F4 07 BA FF E2 00 02 FF FC FF 32 09 56 2D 57 
F3 B6 FF C7 FF F3 07 BC FF E2 00 01 FF FC 00 2E 04 60 96 44 
F1 B7 FF D1 FF F2 07 D0 FF E2 00 02 FF FC 01 10 0C 98 21 2D 
F1 B8 FF CF FF FD 07 B8 FF E1 00 02 FF FB FF 31 01 17 36 0E 
F3 B9 FF C7 FF F6 07 DC FF E0 00 02 FF FC 00 30 06 D1 5A 84 
F1 BA FF CC FF F1 07 C6 FF E2 00 01 FF FD 01 0E 09 E2 C8 23 
F1 BB FF D9 FF EE 07 C8 FF E2 00 01 FF FB FF 38 08 02 6E 11 
F3 BC FF DC FF F6 07 DC FF E1 00 04 FF FD 00 2F 0A 31 B4 42 
F1 BD FF C5 FF F1 07 CD FF E3 00 01 FF FD 01 09 02 5E 3D 5E 
F1 BE FF D4 00 01 07 CA FF E2 00 02 FF FC FF 34 03 4C 8F DA 
F3 BF FF CF FF FF 07 CE FF E3 00 01 FF FD 00 2A 08 37 C1 E8 
F1 C0 FF DB 00 01 07 C8 FF E1 00 02 FF FA 01 0C 00 84 73 25 
F1 C1 FF C9 FF EA 07 B0 FF E1 00 02 FF FC FF 37 05 EA 74 A0 
F3 C2 FF DB FF F4 07 CE FF E0 00 02 FF FD 00 2A 05 93 28 A6 
F1 C3 FF CD FF FB 07 FC FF E2 00 02 FF FB 01 10 01 8D 8E 49 
F1 C4 FF D2 00 01 07 E6 FF E2 00 01 FF FD FF 37 0A 02 C4 C0 
F3 C5 FF CF 00 02 07 DA FF E2 00 00 FF FB 00 2E 02 E7 7C 5C 
F1 C6 FF C1 FF F7 07 C8 FF E1 00 01 FF FC 01 10 03 CF 5D D5 
F1 C7 FF C4 FF EB 07 D8 FF E4 00 01 FF FC FF 35 04 AD C7 99 
F3 C8 FF CB FF F0 07 BD FF E1 00 01 FF FB 00 30 04 83 5D BB 
F1 C9 FF CA FF F6 07 BE FF E3 00 02 FF FB 01 15 08 57 2F 84 
F1 CA FF B9 FF F0 07 C7 FF E2 00 02 FF FC FF 32 04 AF D3 E2 
F3 CB FF D4 FF F4 07 CB FF E3 00 02 FF FE 00 2E 05 14 97 B1 
F1 CC FF DF FF F5 07 D9 FF E2 00 03 FF FB 01 14 0A 61 5B 18 
F1 CD FF D3 FF E9 07 C6 FF E2 00 02 FF FD FF 38 FF 7A C5 7A 
F3 CE FF DC FF EA 07 D5 FF E1 00 01 FF FB 00 2D 07 1E D4 96 
F1 CF FF CC FF E3 07 E4 FF E0 00 00 FF FC 01 15 01 F8 0A E2 
F1 D0 FF D1 FF FB 07 D3 FF E2 00 02 FF FB FF 35 07 3C 3F 27 
F3 D1 FF CC FF F6 07 C9 FF E3 00 03 FF FB 00 31 08 8A 8C 91 
F1 D2 FF CF FF F6 07 C2 FF E2 00 01 FF FC 01 14 01 2C EC 87 
F1 D3 FF CD FF F1 07 D1 FF E2 00 01 FF FC FF 35 02 3B ED 17 
F3 D4 FF D0 FF F7 07 CE FF E5 00 01 FF FB 00 27 05 DB B6 78 
F1 D5 FF CC FF F3 07 E6 FF E1 00 00 FF FD 01 14 05 4E 79 AB 
F1 D6 FF DE FF E6 07 C9 FF E2 00 01 FF FB FF 33 0A 28 46 52 
F3 D7 FF D1 FF EE 07 DB FF E0 00 01 FF FC 00 2D 02 67 85 05 
F1 D8 FF CC 00 02 07 C7 FF E0 00 01 FF FB 01 0E 01 42 E5 94 
F1 D9 FF C5 FF E0 07 CD FF E1 00 02 FF FB FF 34 09 3A F0 5C 
F3 DA FF DA FF F0 07 C7 FF E2 00 04 FF FA 00 31 06 DD 2F 7C 
F1 DB FF D0 FF F3 07 E2 FF E2 00 01 FF FC 01 12 08 2D 98 80 
F1 DC FF CD FF F9 07 C9 FF E1 00 03 FF FB FF 35 03 D6 D1 81 
F3 DD FF BC FF F6 07 EF FF E3 00 01 FF FC 00 2D 04 2A 2B A2 
F1 DE FF D4 00 0A 07 D4 FF E1 00 02 FF FD 01 11 09 D5 23 0B 
F1 DF FF BD FF F6 07 D1 FF E3 00 02 FF FB FF 36 04 0D EB 06 
F3 E0 FF C7 FF EA 07 C9 FF E2 00 01 FF FC 00 2F 06 5A 3E 57 
F1 E1 FF C9 FF EF 07 E4 FF E2 00 01 FF FE 01 16 01 42 8D 41 
F1 E2 FF BB FF FA 07 DC FF E1 00 03 FF FC FF 34 05 F1 84 73 
F3 E3 FF CA FF F5 07 BC FF E2 00 02 FF FC 00 31 05 EF DA CD 
F1 E4 FF CB FF F1 07 D8 FF E1 00 01 FF FB 01 10 05 94 D6 35 
F1 E5 FF C6 FF FE 07 DC FF E0 00 03 FF FC FF 36 08 77 1A BD 
F3 E6 FF DB FF EB 07 CD FF E3 00 01 FF FC 00 2E 03 20 46 79 
F1 E7 FF D8 FF F8 07 EF FF E1 00 02 FF FD 01 1B 05 BB E2 04 
F1 E8 FF CB FF F4 07 CD FF E3 00 00 FF FB FF 34 05 3B D3 42 
F3 E9 FF BD FF E6 07 CF FF E1 00 01 FF FB 00 2F 01 47 D5 36 
F1 EA FF CD FF FA 07 AE FF E1 00 03 FF FB 01 12 05 AB A2 A4 
F1 EB FF C6 FF F6 07 D8 FF E0 00 02 FF FD FF 30 06 FD 16 A1 
F3 EC FF D4 FF F6 07 DB FF E2 00 02 FF FB 00 2A 0D 90 4A F7 
F1 ED FF CC FF EB 07 CB FF E3 00 02 FF FB 01 0C 0C E8 AE DB 
F1 EE FF D4 FF F3 07 D9 FF E2 00 01 FF FC FF 35 01 66 2A 1E 
F3 EF FF CF 00 01 07 CD FF E1 00 04 FF FB 00 2F 03 57 1A F7 
F1 F0 FF C3 FF F9 07 C2 FF E3 00 03 FF FA 01 18 03 8C 6C 48 
F1 F1 FF CC FF EF 07 DB FF E0 00 03 FF FC FF 33 08 B6 75 5F 
F3 F2 FF D3 FF F5 07 CA FF E1 00 01 FF FB 00 30 06 1A 16 B0 
F1 F3 FF C9 FF F3 07 C8 FF E3 00 04 FF FC 01 11 05 6B D9 6C 
F1 F4 FF DD 00 05 07 CA FF E2 00 01 FF FC FF 34 07 89 40 B1 
F3 F5 FF CB 00 0A 07 CB FF E3 00 01 FF FC 00 2E 08 24 71 B1 
F1 F6 FF C6 FF EA 07 E0 FF E1 00 02 FF FC 01 14 06 DB FB 97 
F1 F7 FF CA FF F7 07 B7 FF E2 00 01 FF FD FF 34 06 0C 6D 2B 
F3 F8 FF D0 FF EF 07 B1 FF E1 00 02 FF FC 00 28 03 03 8C F6 
F1 F9 FF CF FF FB 07 E4 FF E2 00 02 FF FB 01 0A 0B 74 A5 AB 
F1 FA FF C9 FF F1 07 DC FF E0 00 02 FF FC FF 37 04 C9 E3 AB 
F3 FB FF C4 FF F6 07 E9 FF E2 00 02 FF FD 00 34 07 99 DC 23 
F1 FC FF C6 FF EC 07 D6 FF E1 00 01 FF FC 01 0D 03 E7 D1 C1 
F1 FD FF DB 00 04 07 C7 FF E2 00 01 FF FC FF 36 03 D3 36 D0 
F3 FE FF D4 FF FD 07 F8 FF E0 00 03 FF F9 00 2F 0C 3E D5 2D 
F1 FF FF C0 FF F7 07 D1 FF E1 00 00 FF FC 01 18 02 C5 EA 99 
F1 00 FF CB FF FB 07 D1 FF E0 00 03 FF FD FF 34 06 7E F2 8B 
F3 01 FF DF FF E7 07 DE FF E3 00 02 FF FB 00 30 09 06 74 00 
F1 02 FF E6 FF E9 07 C4 FF E0 00 03 FF FC 01 0E 09 41 5E B1 
F1 03 FF C9 FF F5 07 C7 FF E2 00 02 FF FC FF 36 0C E4 D9 83 
F3 04 FF D5 FF F4 07 C2 FF E2 00 05 FF FC 00 35 02 C8 A8 28 
F1 05 FF C2 FF F2 07 C6 FF E1 00 03 FF FC 01 09 09 D4 E5 EE 
F1 06 FF C4 FF F7 07 B6 FF E2 00 01 FF FB FF 36 08 F6 30 1E 
F3 07 FF D9 FF EC 07 C1 FF E2 00 01 FF FB 00 2F 08 46 FD D0 
F1 08 FF C5 FF F5 07 CA FF E3 00 03 FF FC 01 0B 0A 05 56 CA 
F1 09 FF D1 FF F1 07 E0 FF E1 00 02 FF FC FF 33 03 74 C5 C1 
F3 0A FF DC FF EC 07 D0 FF E2 FF FF FF FC 00 32 05 6E AD 1F 
F1 0B FF D4 FF F5 07 EC FF E2 00 02 FF FD 01 13 0B E7 21 98 
F1 0C FF D0 FF EC 07 D4 FF E1 00 01 FF FC FF 33 08 F3 2E 60 
F3 0D FF BC FF F1 07 CB FF E2 00 04 FF FC 00 2E 07 2D 62 FA 
F1 0E FF C1 FF FE 07 CD FF E0 00 04 FF FA 01 18 08 1D 54 9B 
F1 0F FF D7 FF E7 07 B1 FF E2 00 02 FF FD FF 34 06 A4 17 95 
F3 10 FF CB 00 03 07 CE FF E3 00 02 FF FA 00 2E 09 BB 05 82 
F1 11 FF DC FF F8 07 CE FF E2 00 01 FF FD 01 11 02 F0 91 F9 
F1 12 FF D5 00 0C 07 DB FF E2 00 03 FF FC FF 32 05 CF EE D8 
F3 13 FF D3 00 11 07 ED FF E1 00 02 FF FB 00 29 09 84 3D 83 
F1 14 FF C2 FF F1 07 E7 FF E1 00 02 FF FB 01 10 04 6F 34 30 
F1 15 FF D2 00 01 07 C5 FF E3 00 02 FF FB FF 2E 0B FB FE 7E 
F3 16 FF CC FF FF 07 AF FF E3 00 03 FF FB 00 29 05 64 A7 2F 
F1 17 FF D5 FF E5 07 C1 FF E3 00 02 FF FB 01 12 07 E6 86 69 
F1 18 FF C9 00 02 07 CE FF E2 FF FF FF FB FF 36 0A 95 5B 5A 
F3 19 FF CF FF F1 07 C2 FF E2 00 01 FF FB 00 2E 06 31 A1 F9 
F1 1A FF DF FF EC 07 C4 FF E2 00 02 FF FB 01 09 0C ED CA 98 
F1 1B FF C5 00 02 07 D0 FF E3 00 02 FF FD FF 34 04 4C B0 8C 
F3 1C FF BB FF F4 07 E2 FF E1 00 02 FF FC 00 2C 06 3C 57 DD 
F1 1D FF C5 FF FA 07 C7 FF E1 00 02 FF FB 01 18 08 D7 7F CF 
F1 1E FF CB FF FB 07 B3 FF E0 00 02 FF FD FF 38 05 4D D9 A9 
F3 1F FF C3 FF FA 07 CE FF E1 00 01 FF FB 00 2D 05 B9 79 B3 
F1 20 FF C1 FF E8 07 B6 FF E2 00 01 FF FC 01 11 07 EB 06 CF 
F1 21 FF D3 FF FD 07 DD FF E0 00 02 FF FC FF 34 06 61 3A E8 
F3 22 FF E2 FF F1 07 B6 FF E2 00 02 FF FB 00 29 0D 50 AD 69 
F1 23 FF BE FF EE 07 D0 FF E1 00 01 FF FC 01 18 04 6F 36 16 
F1 24 FF D4 FF F8 07 C8 FF E3 00 03 FF FB FF 32 06 2C 54 D0 
F3 25 FF DC FF F3 07 D6 FF E3 00 02 FF FD 00 2E 05 B9 DF 86 
F1 26 FF C5 FF FC 07 E7 FF E2 00 03 FF FC 01 18 FF 8A 3D 14 
F1 27 FF D0 FF F6 07 C6 FF E1 00 01 FF FB FF 32 08 A2 DC C2 
F3 28 FF C0 FF FA 07 EB FF E2 00 02 FF FB 00 33 05 4A 9B 97 
F1 29 FF C0 FF F8 07 DB FF E2 00 02 FF FC 01 0A 04 83 3F B7 
F1 2A FF C3 FF F9 07 C9 FF E3 00 01 FF FB FF 35 0A D4 D4 B2 
F3 2B FF C9 00 05 07 D5 FF E1 00 00 FF FC 00 2D 04 B7 59 CD 
F1 2C FF CD 00 04 07 BF FF E1 00 00 FF FC 01 15 09 D9 08 E7 
F1 2D FF D2 FF F2 07 ED FF E1 00 02 FF FB FF 31 01 FB B2 FA 
F3 2E FF C6 FF F6 07 DD FF E2 00 01 FF FC 00 2B 04 ED 8C 5C 
F1 2F FF DD FF FA 07 DB FF E0 00 02 FF FC 01 0A 0A A4 3A 51 
F1 30 FF DD FF F0 07 C4 FF E2 00 02 FF FC FF 35 01 EA E9 68 
F3 31 FF CE FF F9 07 D6 FF E3 00 01 FF FB 00 2E 0A 62 7F EF 
F1 32 FF CC 00 06 07 B7 FF E0 00 02 FF FC 01 11 03 AD F3 D6 
F1 33 FF D1 FF F2 07 C1 FF E1 00 01 FF FB FF 32 05 70 9E C4 
F3 34 FF C7 FF F0 07 D9 FF E2 00 03 FF FA 00 2B 0B B9 E3 70 
F1 35 FF D4 FF F7 07 E5 FF E2 00 02 FF FC 01 1A 03 53 4C F0 
F1 36 FF CC 00 08 07 CE FF E2 00 00 FF FB FF 33 01 72 BD 2B 
F3 37 FF C6 FF EB 07 D2 FF E3 00 04 FF FB 00 27 06 11 1B 7C 
F1 38 FF D3 FF EF 07 CD FF E0 00 03 FF FA 01 10 06 E7 99 EF 
F1 39 FF CA FF EA 07 D0 FF E1 00 04 FF FD FF 34 0C 09 71 C4 
F3 3A FF DB FF F0 07 C8 FF E2 00 02 FF FD 00 32 06 19 B8 D4 
F1 3B FF C9 FF F2 07 CB FF DE 00 02 FF FB 01 0E 04 48 CF 4B 
F1 3C FF CF FF F0 07 D8 FF E3 00 02 FF FC FF 34 0A 12 E6 A9 
F3 3D FF CF FF FB 07 BE FF E1 00 01 FF FD 00 2A 04 1C B8 18 
F1 3E FF C7 FF FE 07 D2 FF E2 00 01 FF FD 01 10 0A 3A 3D AF 
F1 3F FF C7 FF FB 07 E2 FF E1 00 03 FF FB FF 34 03 CC 40 B6 
F3 40 FF D8 FF F9 07 E1 FF E2 00 03 FF FB 00 2E 04 D2 74 05 
F1 41 FF CD 00 01 07 E6 FF E2 00 00 FF FC 01 13 07 36 03 50 
F1 42 FF CB FF FE 07 D1 FF E2 00 01 FF FC FF 34 04 3E C9 F6 
F3 43 FF D2 FF E5 07 CE FF E1 00 03 FF FB 00 2B 09 BB 5B D2 
F1 44 FF CF FF FE 07 C3 FF E1 00 02 FF FC 01 13 04 7C 66 87 
F1 45 FF D0 FF FA 07 B9 FF E2 00 01 FF FC FF 34 07 4B 03 5F 
F3 46 FF C4 FF EC 07 BA FF E0 00 03 FF FC 00 2A 09 2E 5C 6E 
F1 47 FF CE FF F7 07 C3 FF E2 00 04 FF FC 01 17 04 F1 A7 E0 
F1 48 FF D3 FF F8 07 E5 FF E1 00 02 FF FD FF 34 04 32 B9 9D 
F3 49 FF CA FF F5 07 D9 FF E2 00 00 FF FC 00 32 06 12 85 E0 
F1 4A FF D3 00 0A 07 BD FF E1 00 02 FF FB 01 16 0B 70 A9 4D 
F1 4B FF D8 FF FC 07 D0 FF E2 00 01 FF FC FF 36 0A 9C 79 E3 
F3 4C FF D5 FF EA 07 C7 FF E2 00 01 FF FB 00 2F 06 84 2B 8B 
F1 4D FF D0 FF E7 07 B3 FF E2 00 00 FF FC 01 18 04 20 25 1D 
F1 4E FF C4 FF FA 07 D1 FF E1 00 01 FF FC FF 32 08 AE 0E 21 
F3 4F FF C6 FF F6 07 DF FF E2 00 01 FF FC 00 2E 0B A1 0A 8D 
F1 50 FF BB FF FB 07 D6 FF E1 00 01 FF FB 01 13 0C 98 4E 83 
F1 51 FF D3 FF F8 07 B4 FF E4 00 01 FF FD FF 36 06 4F F1 B9 
F3 52 FF CC FF E9 07 B8 FF E2 00 03 FF FB 00 2C 03 E0 02 85 
F1 53 FF D3 FF FC 07 CB FF E2 00 02 FF FA 01 09 0B 1C C8 E6 
F1 54 FF C7 FF E8 07 D9 FF E1 00 02 FF FB FF 36 09 F3 B0 D2 
F3 55 FF C5 FF F0 07 CA FF E0 00 02 FF FB 00 2B 0A 05 56 BB 
F1 56 FF DA FF F3 07 DC FF DF 00 03 FF FB 01 1A 04 45 D6 37 
F1 57 FF CC FF F8 07 E0 FF E3 00 00 FF FA FF 33 0A 55 B1 FA 
F3 58 FF DE FF EC 07 BE FF E0 00 02 FF FB 00 32 09 A3 A7 30 
F1 59 FF D2 FF F8 07 D9 FF E1 00 02 FF FA 01 13 06 3B BB D2 
F1 5A FF CD FF EC 07 D0 FF E1 00 03 FF FB FF 33 04 61 C6 4E 
F3 5B FF BE FF F2 07 B3 FF E1 00 04 FF FC 00 31 06 0F 88 D4 
F1 5C FF C6 FF F9 07 CF FF E2 00 02 FF FC 01 1B 09 7F 8D 34 
F1 5D FF C2 FF F6 07 B0 FF E3 00 02 FF FD FF 37 07 0A 75 68 
F3 5E FF DD 00 05 07 D2 FF E2 00 02 FF FA 00 2D 04 EF F7 FA 
F1 5F FF CC 00 0F 07 E1 FF E2 00 02 FF FA 01 11 05 83 A9 67 
F1 60 FF CE FF FC 07 DF FF E3 00 03 FF FC FF 36 0A 9F 5B A6 
F3 61 FF CA FF EB 07 E6 FF E3 00 01 FF FB 00 30 0C F3 80 31 
F1 62 FF D4 FF F7 07 CE FF E1 00 03 FF FC 01 06 0B 93 DB 97 
F1 63 FF C6 FF FC 07 BE FF E2 00 01 FF FC FF 36 07 72 AA 3C 
F3 64 FF C7 FF E8 07 D0 FF E0 00 01 FF FC 00 2F 0A 21 64 1D 
F1 65 FF D3 FF E7 07 D5 FF E2 00 03 FF FB 01 14 0B 5E 27 21 
F1 66 FF C6 FF F3 07 C7 FF E1 00 01 FF FB FF 35 0E 42 66 5A 
F3 67 FF C1 FF E5 07 B8 FF E3 00 02 FF FB 00 2D 0B 91 EC 7D 
F1 68 FF D1 FF E8 07 D0 FF E2 00 03 FF FD 01 0E 04 A2 81 54 
F1 69 FF D7 00 01 07 C9 FF E3 00 04 FF FC FF 37 09 27 D1 F6 
F3 6A FF DA FF EF 07 C6 FF E3 00 01 FF FC 00 2B 0A B7 A1 FA 
F1 6B FF C4 FF F6 07 E1 FF E1 00 02 FF FC 01 13 09 00 A3 8F 
F1 6C FF C9 FF F3 07 E7 FF E3 00 03 FF FC FF 31 05 5F 37 D0 
F3 6D FF D9 00 09 07 DA FF E3 00 03 FF FC 00 2F 03 13 94 B7 
F1 6E FF CB FF F6 07 B3 FF E1 00 01 FF FD 01 12 0B FA 73 B8 
F1 6F FF D2 FF F1 07 C1 FF E2 00 03 FF FC FF 35 0B FA AC F7 
F3 70 FF BD FF EF 07 DA FF E1 00 01 FF FD 00 35 04 81 31 9F 
F1 71 FF DD FF F8 07 D6 FF E3 00 00 FF FB 01 0B 05 67 FC 1C 
F1 72 FF D5 FF FE 07 C8 FF E0 00 00 FF FB FF 36 09 59 66 04 
F3 73 FF CF FF F6 07 EA FF E1 00 02 FF FB 00 2A 0C 11 63 78 
F1 74 FF CE FF F9 07 C2 FF E1 00 02 FF FB 01 10 04 E5 D4 2D 
F1 75 FF D3 00 11 07 CF FF E1 00 00 FF FD FF 36 07 0D 4B 7A 
F3 76 FF C7 FF F6 07 D1 FF E1 00 02 FF FB 00 32 08 4B EF DD 
F1 77 FF CC FF FB 07 D5 FF E1 00 02 FF FD 01 10 07 BA 6D 58 
F1 78 FF CF FF E8 07 B9 FF E1 00 02 FF FC FF 31 0A 3F 2E 75 
F3 79 FF D9 FF E9 07 DE FF E2 00 00 FF FB 00 2C 01 89 AF 41 
F1 7A FF D0 FF F5 07 D1 FF E2 00 02 FF FC 01 16 06 3D 79 C2 
F1 7B FF D7 FF F6 07 DA FF E2 00 02 FF FB FF 34 09 B2 C6 5A 
F3 7C FF CF 00 05 07 E0 FF E2 00 03 FF FB 00 2B 0B 14 58 41 
F1 7D FF CC FF EF 07 E5 FF E1 00 04 FF FC 01 17 07 E5 02 2C 
F1 7E FF D0 FF FF 07 D5 FF E0 00 01 FF FB FF 33 04 05 12 B8 
F3 7F FF CD FF FF 07 DB FF E2 00 01 FF FE 00 2D 02 F7 6E E8 
F1 80 FF D2 FF F9 07 E1 FF E1 00 01 FF FC 01 13 09 53 4A 10 
F1 81 FF DA FF EA 07 DE FF E2 00 01 FF FA FF 35 02 CE B7 8C 
F3 82 FF D4 FF EC 07 C2 FF E1 00 01 FF FC 00 2F 06 29 C0 95 
F1 83 FF C0 FF FD 07 C7 FF DF 00 01 FF FC 01 18 04 0A EC 42 
F1 84 FF CF FF F5 07 C5 FF E1 00 01 FF FB FF 33 03 A0 4C 61 
F3 85 FF CD FF F8 07 BF FF E2 00 01 FF FC 00 2D 09 92 B3 A9 
F1 86 FF C7 FF FF 07 CE FF E1 00 01 FF FB 01 08 07 38 D7 3E 
F1 87 FF CD FF F1 07 E6 FF E0 00 01 FF FD FF 37 09 51 0D 20 
